[0.126s] Invoking command in '/ros/build/velodyne_laserscan': CMAKE_PREFIX_PATH=/ros/install/debug_tools:/opt/ros/rolling /usr/bin/cmake --build /ros/build/velodyne_laserscan -- -j4 -l4
[0.318s] [ 50%] Built target velodyne_laserscan
[0.445s] [100%] Built target velodyne_laserscan_node
[0.515s] Invoked command in '/ros/build/velodyne_laserscan' returned '0': CMAKE_PREFIX_PATH=/ros/install/debug_tools:/opt/ros/rolling /usr/bin/cmake --build /ros/build/velodyne_laserscan -- -j4 -l4
[0.638s] Invoking command in '/ros/build/velodyne_laserscan': CMAKE_PREFIX_PATH=/ros/install/debug_tools:/opt/ros/rolling /usr/bin/cmake --install /ros/build/velodyne_laserscan
[0.661s] -- Install configuration: ""
[0.666s] -- Up-to-date: /ros/install/velodyne_laserscan/lib/libvelodyne_laserscan.so
[0.675s] -- Up-to-date: /ros/install/velodyne_laserscan/lib/velodyne_laserscan/velodyne_laserscan_node
[0.684s] -- Up-to-date: /ros/install/velodyne_laserscan/include/velodyne_laserscan
[0.690s] -- Up-to-date: /ros/install/velodyne_laserscan/include/velodyne_laserscan/velodyne_laserscan.hpp
[0.696s] -- Up-to-date: /ros/install/velodyne_laserscan/share/velodyne_laserscan/config
[0.700s] -- Up-to-date: /ros/install/velodyne_laserscan/share/velodyne_laserscan/config/default-velodyne_laserscan_node-params.yaml
[0.707s] -- Up-to-date: /ros/install/velodyne_laserscan/share/velodyne_laserscan/launch
[0.711s] -- Up-to-date: /ros/install/velodyne_laserscan/share/velodyne_laserscan/launch/velodyne_laserscan_node-composed-launch.py
[0.715s] -- Up-to-date: /ros/install/velodyne_laserscan/share/velodyne_laserscan/launch/velodyne_laserscan_node-launch.py
[0.722s] -- Up-to-date: /ros/install/velodyne_laserscan/share/ament_index/resource_index/package_run_dependencies/velodyne_laserscan
[0.728s] -- Up-to-date: /ros/install/velodyne_laserscan/share/ament_index/resource_index/parent_prefix_path/velodyne_laserscan
[0.733s] -- Up-to-date: /ros/install/velodyne_laserscan/share/velodyne_laserscan/environment/ament_prefix_path.sh
[0.738s] -- Up-to-date: /ros/install/velodyne_laserscan/share/velodyne_laserscan/environment/ament_prefix_path.dsv
[0.743s] -- Up-to-date: /ros/install/velodyne_laserscan/share/velodyne_laserscan/environment/path.sh
[0.747s] -- Up-to-date: /ros/install/velodyne_laserscan/share/velodyne_laserscan/environment/path.dsv
[0.758s] -- Up-to-date: /ros/install/velodyne_laserscan/share/velodyne_laserscan/local_setup.bash
[0.765s] -- Up-to-date: /ros/install/velodyne_laserscan/share/velodyne_laserscan/local_setup.sh
[0.771s] -- Up-to-date: /ros/install/velodyne_laserscan/share/velodyne_laserscan/local_setup.zsh
[0.778s] -- Up-to-date: /ros/install/velodyne_laserscan/share/velodyne_laserscan/local_setup.dsv
[0.789s] -- Installing: /ros/install/velodyne_laserscan/share/velodyne_laserscan/package.dsv
[0.794s] -- Up-to-date: /ros/install/velodyne_laserscan/share/ament_index/resource_index/packages/velodyne_laserscan
[0.802s] -- Up-to-date: /ros/install/velodyne_laserscan/share/ament_index/resource_index/rclcpp_components/velodyne_laserscan
[0.810s] -- Up-to-date: /ros/install/velodyne_laserscan/share/velodyne_laserscan/cmake/velodyne_laserscanExport.cmake
[0.814s] -- Up-to-date: /ros/install/velodyne_laserscan/share/velodyne_laserscan/cmake/velodyne_laserscanExport-noconfig.cmake
[0.819s] -- Up-to-date: /ros/install/velodyne_laserscan/share/velodyne_laserscan/cmake/ament_cmake_export_include_directories-extras.cmake
[0.825s] -- Up-to-date: /ros/install/velodyne_laserscan/share/velodyne_laserscan/cmake/ament_cmake_export_targets-extras.cmake
[0.831s] -- Up-to-date: /ros/install/velodyne_laserscan/share/velodyne_laserscan/cmake/ament_cmake_export_dependencies-extras.cmake
[0.835s] -- Up-to-date: /ros/install/velodyne_laserscan/share/velodyne_laserscan/cmake/velodyne_laserscanConfig.cmake
[0.839s] -- Up-to-date: /ros/install/velodyne_laserscan/share/velodyne_laserscan/cmake/velodyne_laserscanConfig-version.cmake
[0.845s] -- Up-to-date: /ros/install/velodyne_laserscan/share/velodyne_laserscan/package.xml
[0.848s] Invoked command in '/ros/build/velodyne_laserscan' returned '0': CMAKE_PREFIX_PATH=/ros/install/debug_tools:/opt/ros/rolling /usr/bin/cmake --install /ros/build/velodyne_laserscan
