[0.105s] DEBUG:colcon:Command line arguments: ['/usr/bin/colcon', 'build']
[0.108s] DEBUG:colcon:Parsed command line arguments: Namespace(log_base=None, log_level=None, verb_name='build', build_base='build', install_base='install', merge_install=False, symlink_install=False, test_result_base=None, continue_on_error=False, executor='parallel', parallel_workers=4, event_handlers=None, ignore_user_meta=False, metas=['./colcon.meta'], base_paths=['.'], packages_ignore=None, packages_ignore_regex=None, paths=None, packages_up_to=None, packages_up_to_regex=None, packages_above=None, packages_above_and_dependencies=None, packages_above_depth=None, packages_select_by_dep=None, packages_skip_by_dep=None, packages_skip_up_to=None, packages_select_build_failed=False, packages_skip_build_finished=False, packages_select_test_failures=False, packages_skip_test_passed=False, packages_select=None, packages_skip=None, packages_select_regex=None, packages_skip_regex=None, packages_start=None, packages_end=None, cmake_args=None, cmake_target=None, cmake_target_skip_unavailable=False, cmake_clean_cache=False, cmake_clean_first=False, cmake_force_configure=False, ament_cmake_args=None, catkin_cmake_args=None, catkin_skip_building_tests=False, mixin_files=None, mixin=None, verb_parser=<colcon_mixin.mixin.mixin_argument.MixinArgumentDecorator object at 0xffff8d2056a0>, verb_extension=<colcon_core.verb.build.BuildVerb object at 0xffff8dcb5910>, main=<bound method BuildVerb.main of <colcon_core.verb.build.BuildVerb object at 0xffff8dcb5910>>, mixin_verb=('build',))
[0.139s] Level 1:colcon.colcon_core.package_discovery:discover_packages(colcon_meta) check parameters
[0.140s] INFO:colcon.colcon_metadata.package_discovery.colcon_meta:Using configuration from '/root/.colcon/metadata/default/Gazebo.meta'
[0.141s] INFO:colcon.colcon_metadata.package_discovery.colcon_meta:Using configuration from '/root/.colcon/metadata/default/fastrtps.meta'
[0.143s] Level 1:colcon.colcon_core.package_discovery:discover_packages(recursive) check parameters
[0.144s] Level 1:colcon.colcon_core.package_discovery:discover_packages(ignore) check parameters
[0.145s] Level 1:colcon.colcon_core.package_discovery:discover_packages(path) check parameters
[0.146s] Level 1:colcon.colcon_core.package_discovery:discover_packages(colcon_meta) discover
[0.147s] Level 1:colcon.colcon_core.package_discovery:discover_packages(recursive) discover
[0.148s] INFO:colcon.colcon_core.package_discovery:Crawling recursively for packages in '/ros'
[0.151s] Level 1:colcon.colcon_core.package_identification:_identify(.) by extensions ['ignore', 'ignore_ament_install']
[0.152s] Level 1:colcon.colcon_core.package_identification:_identify(.) by extension 'ignore'
[0.154s] Level 1:colcon.colcon_core.package_identification:_identify(.) by extension 'ignore_ament_install'
[0.157s] Level 1:colcon.colcon_core.package_identification:_identify(.) by extensions ['colcon_pkg']
[0.158s] Level 1:colcon.colcon_core.package_identification:_identify(.) by extension 'colcon_pkg'
[0.160s] Level 1:colcon.colcon_core.package_identification:_identify(.) by extensions ['colcon_meta']
[0.161s] Level 1:colcon.colcon_core.package_identification:_identify(.) by extension 'colcon_meta'
[0.162s] Level 1:colcon.colcon_core.package_identification:_identify(.) by extensions ['ros']
[0.163s] Level 1:colcon.colcon_core.package_identification:_identify(.) by extension 'ros'
[0.188s] Level 1:colcon.colcon_core.package_identification:_identify(.) by extensions ['cmake', 'python']
[0.189s] Level 1:colcon.colcon_core.package_identification:_identify(.) by extension 'cmake'
[0.191s] Level 1:colcon.colcon_core.package_identification:_identify(.) by extension 'python'
[0.193s] Level 1:colcon.colcon_core.package_identification:_identify(.) by extensions ['python_setup_py']
[0.194s] Level 1:colcon.colcon_core.package_identification:_identify(.) by extension 'python_setup_py'
[0.197s] Level 1:colcon.colcon_core.package_identification:_identify(build) by extensions ['ignore', 'ignore_ament_install']
[0.198s] Level 1:colcon.colcon_core.package_identification:_identify(build) by extension 'ignore'
[0.199s] Level 1:colcon.colcon_core.package_identification:_identify(build) ignored
[0.200s] Level 1:colcon.colcon_core.package_identification:_identify(data) by extensions ['ignore', 'ignore_ament_install']
[0.201s] Level 1:colcon.colcon_core.package_identification:_identify(data) by extension 'ignore'
[0.203s] Level 1:colcon.colcon_core.package_identification:_identify(data) by extension 'ignore_ament_install'
[0.207s] Level 1:colcon.colcon_core.package_identification:_identify(data) by extensions ['colcon_pkg']
[0.208s] Level 1:colcon.colcon_core.package_identification:_identify(data) by extension 'colcon_pkg'
[0.210s] Level 1:colcon.colcon_core.package_identification:_identify(data) by extensions ['colcon_meta']
[0.210s] Level 1:colcon.colcon_core.package_identification:_identify(data) by extension 'colcon_meta'
[0.211s] Level 1:colcon.colcon_core.package_identification:_identify(data) by extensions ['ros']
[0.212s] Level 1:colcon.colcon_core.package_identification:_identify(data) by extension 'ros'
[0.217s] Level 1:colcon.colcon_core.package_identification:_identify(data) by extensions ['cmake', 'python']
[0.218s] Level 1:colcon.colcon_core.package_identification:_identify(data) by extension 'cmake'
[0.220s] Level 1:colcon.colcon_core.package_identification:_identify(data) by extension 'python'
[0.222s] Level 1:colcon.colcon_core.package_identification:_identify(data) by extensions ['python_setup_py']
[0.224s] Level 1:colcon.colcon_core.package_identification:_identify(data) by extension 'python_setup_py'
[0.226s] Level 1:colcon.colcon_core.package_identification:_identify(data/bags) by extensions ['ignore', 'ignore_ament_install']
[0.227s] Level 1:colcon.colcon_core.package_identification:_identify(data/bags) by extension 'ignore'
[0.228s] Level 1:colcon.colcon_core.package_identification:_identify(data/bags) by extension 'ignore_ament_install'
[0.231s] Level 1:colcon.colcon_core.package_identification:_identify(data/bags) by extensions ['colcon_pkg']
[0.232s] Level 1:colcon.colcon_core.package_identification:_identify(data/bags) by extension 'colcon_pkg'
[0.234s] Level 1:colcon.colcon_core.package_identification:_identify(data/bags) by extensions ['colcon_meta']
[0.235s] Level 1:colcon.colcon_core.package_identification:_identify(data/bags) by extension 'colcon_meta'
[0.236s] Level 1:colcon.colcon_core.package_identification:_identify(data/bags) by extensions ['ros']
[0.237s] Level 1:colcon.colcon_core.package_identification:_identify(data/bags) by extension 'ros'
[0.242s] Level 1:colcon.colcon_core.package_identification:_identify(data/bags) by extensions ['cmake', 'python']
[0.243s] Level 1:colcon.colcon_core.package_identification:_identify(data/bags) by extension 'cmake'
[0.245s] Level 1:colcon.colcon_core.package_identification:_identify(data/bags) by extension 'python'
[0.246s] Level 1:colcon.colcon_core.package_identification:_identify(data/bags) by extensions ['python_setup_py']
[0.248s] Level 1:colcon.colcon_core.package_identification:_identify(data/bags) by extension 'python_setup_py'
[0.250s] Level 1:colcon.colcon_core.package_identification:_identify(data/bags/bonirob_2016-04-20-15-43-50_10.bag_ros2) by extensions ['ignore', 'ignore_ament_install']
[0.251s] Level 1:colcon.colcon_core.package_identification:_identify(data/bags/bonirob_2016-04-20-15-43-50_10.bag_ros2) by extension 'ignore'
[0.252s] Level 1:colcon.colcon_core.package_identification:_identify(data/bags/bonirob_2016-04-20-15-43-50_10.bag_ros2) by extension 'ignore_ament_install'
[0.255s] Level 1:colcon.colcon_core.package_identification:_identify(data/bags/bonirob_2016-04-20-15-43-50_10.bag_ros2) by extensions ['colcon_pkg']
[0.256s] Level 1:colcon.colcon_core.package_identification:_identify(data/bags/bonirob_2016-04-20-15-43-50_10.bag_ros2) by extension 'colcon_pkg'
[0.258s] Level 1:colcon.colcon_core.package_identification:_identify(data/bags/bonirob_2016-04-20-15-43-50_10.bag_ros2) by extensions ['colcon_meta']
[0.260s] Level 1:colcon.colcon_core.package_identification:_identify(data/bags/bonirob_2016-04-20-15-43-50_10.bag_ros2) by extension 'colcon_meta'
[0.262s] Level 1:colcon.colcon_core.package_identification:_identify(data/bags/bonirob_2016-04-20-15-43-50_10.bag_ros2) by extensions ['ros']
[0.263s] Level 1:colcon.colcon_core.package_identification:_identify(data/bags/bonirob_2016-04-20-15-43-50_10.bag_ros2) by extension 'ros'
[0.268s] Level 1:colcon.colcon_core.package_identification:_identify(data/bags/bonirob_2016-04-20-15-43-50_10.bag_ros2) by extensions ['cmake', 'python']
[0.269s] Level 1:colcon.colcon_core.package_identification:_identify(data/bags/bonirob_2016-04-20-15-43-50_10.bag_ros2) by extension 'cmake'
[0.270s] Level 1:colcon.colcon_core.package_identification:_identify(data/bags/bonirob_2016-04-20-15-43-50_10.bag_ros2) by extension 'python'
[0.272s] Level 1:colcon.colcon_core.package_identification:_identify(data/bags/bonirob_2016-04-20-15-43-50_10.bag_ros2) by extensions ['python_setup_py']
[0.272s] Level 1:colcon.colcon_core.package_identification:_identify(data/bags/bonirob_2016-04-20-15-43-50_10.bag_ros2) by extension 'python_setup_py'
[0.274s] Level 1:colcon.colcon_core.package_identification:_identify(debug_tools) by extensions ['ignore', 'ignore_ament_install']
[0.275s] Level 1:colcon.colcon_core.package_identification:_identify(debug_tools) by extension 'ignore'
[0.278s] Level 1:colcon.colcon_core.package_identification:_identify(debug_tools) by extension 'ignore_ament_install'
[0.281s] Level 1:colcon.colcon_core.package_identification:_identify(debug_tools) by extensions ['colcon_pkg']
[0.282s] Level 1:colcon.colcon_core.package_identification:_identify(debug_tools) by extension 'colcon_pkg'
[0.284s] Level 1:colcon.colcon_core.package_identification:_identify(debug_tools) by extensions ['colcon_meta']
[0.285s] Level 1:colcon.colcon_core.package_identification:_identify(debug_tools) by extension 'colcon_meta'
[0.286s] Level 1:colcon.colcon_core.package_identification:_identify(debug_tools) by extensions ['ros']
[0.287s] Level 1:colcon.colcon_core.package_identification:_identify(debug_tools) by extension 'ros'
[0.292s] DEBUG:colcon.colcon_core.package_identification:Package 'debug_tools' with type 'ros.ament_python' and name 'debug_tools'
[0.293s] Level 1:colcon.colcon_core.package_identification:_identify(install) by extensions ['ignore', 'ignore_ament_install']
[0.294s] Level 1:colcon.colcon_core.package_identification:_identify(install) by extension 'ignore'
[0.295s] Level 1:colcon.colcon_core.package_identification:_identify(install) ignored
[0.304s] Level 1:colcon.colcon_core.package_identification:_identify(log) by extensions ['ignore', 'ignore_ament_install']
[0.305s] Level 1:colcon.colcon_core.package_identification:_identify(log) by extension 'ignore'
[0.305s] Level 1:colcon.colcon_core.package_identification:_identify(log) ignored
[0.306s] Level 1:colcon.colcon_core.package_identification:_identify(velodyne) by extensions ['ignore', 'ignore_ament_install']
[0.307s] Level 1:colcon.colcon_core.package_identification:_identify(velodyne) by extension 'ignore'
[0.309s] Level 1:colcon.colcon_core.package_identification:_identify(velodyne) by extension 'ignore_ament_install'
[0.311s] Level 1:colcon.colcon_core.package_identification:_identify(velodyne) by extensions ['colcon_pkg']
[0.312s] Level 1:colcon.colcon_core.package_identification:_identify(velodyne) by extension 'colcon_pkg'
[0.315s] Level 1:colcon.colcon_core.package_identification:_identify(velodyne) by extensions ['colcon_meta']
[0.316s] Level 1:colcon.colcon_core.package_identification:_identify(velodyne) by extension 'colcon_meta'
[0.317s] Level 1:colcon.colcon_core.package_identification:_identify(velodyne) by extensions ['ros']
[0.318s] Level 1:colcon.colcon_core.package_identification:_identify(velodyne) by extension 'ros'
[0.323s] Level 1:colcon.colcon_core.package_identification:_identify(velodyne) by extensions ['cmake', 'python']
[0.324s] Level 1:colcon.colcon_core.package_identification:_identify(velodyne) by extension 'cmake'
[0.325s] Level 1:colcon.colcon_core.package_identification:_identify(velodyne) by extension 'python'
[0.327s] Level 1:colcon.colcon_core.package_identification:_identify(velodyne) by extensions ['python_setup_py']
[0.328s] Level 1:colcon.colcon_core.package_identification:_identify(velodyne) by extension 'python_setup_py'
[0.330s] Level 1:colcon.colcon_core.package_identification:_identify(velodyne/velodyne) by extensions ['ignore', 'ignore_ament_install']
[0.331s] Level 1:colcon.colcon_core.package_identification:_identify(velodyne/velodyne) by extension 'ignore'
[0.334s] Level 1:colcon.colcon_core.package_identification:_identify(velodyne/velodyne) by extension 'ignore_ament_install'
[0.337s] Level 1:colcon.colcon_core.package_identification:_identify(velodyne/velodyne) by extensions ['colcon_pkg']
[0.338s] Level 1:colcon.colcon_core.package_identification:_identify(velodyne/velodyne) by extension 'colcon_pkg'
[0.340s] Level 1:colcon.colcon_core.package_identification:_identify(velodyne/velodyne) by extensions ['colcon_meta']
[0.341s] Level 1:colcon.colcon_core.package_identification:_identify(velodyne/velodyne) by extension 'colcon_meta'
[0.342s] Level 1:colcon.colcon_core.package_identification:_identify(velodyne/velodyne) by extensions ['ros']
[0.343s] Level 1:colcon.colcon_core.package_identification:_identify(velodyne/velodyne) by extension 'ros'
[0.347s] DEBUG:colcon.colcon_core.package_identification:Package 'velodyne/velodyne' with type 'ros.ament_cmake' and name 'velodyne'
[0.348s] Level 1:colcon.colcon_core.package_identification:_identify(velodyne/velodyne_driver) by extensions ['ignore', 'ignore_ament_install']
[0.349s] Level 1:colcon.colcon_core.package_identification:_identify(velodyne/velodyne_driver) by extension 'ignore'
[0.352s] Level 1:colcon.colcon_core.package_identification:_identify(velodyne/velodyne_driver) by extension 'ignore_ament_install'
[0.355s] Level 1:colcon.colcon_core.package_identification:_identify(velodyne/velodyne_driver) by extensions ['colcon_pkg']
[0.356s] Level 1:colcon.colcon_core.package_identification:_identify(velodyne/velodyne_driver) by extension 'colcon_pkg'
[0.358s] Level 1:colcon.colcon_core.package_identification:_identify(velodyne/velodyne_driver) by extensions ['colcon_meta']
[0.359s] Level 1:colcon.colcon_core.package_identification:_identify(velodyne/velodyne_driver) by extension 'colcon_meta'
[0.360s] Level 1:colcon.colcon_core.package_identification:_identify(velodyne/velodyne_driver) by extensions ['ros']
[0.361s] Level 1:colcon.colcon_core.package_identification:_identify(velodyne/velodyne_driver) by extension 'ros'
[0.365s] DEBUG:colcon.colcon_core.package_identification:Package 'velodyne/velodyne_driver' with type 'ros.ament_cmake' and name 'velodyne_driver'
[0.366s] Level 1:colcon.colcon_core.package_identification:_identify(velodyne/velodyne_laserscan) by extensions ['ignore', 'ignore_ament_install']
[0.367s] Level 1:colcon.colcon_core.package_identification:_identify(velodyne/velodyne_laserscan) by extension 'ignore'
[0.370s] Level 1:colcon.colcon_core.package_identification:_identify(velodyne/velodyne_laserscan) by extension 'ignore_ament_install'
[0.373s] Level 1:colcon.colcon_core.package_identification:_identify(velodyne/velodyne_laserscan) by extensions ['colcon_pkg']
[0.374s] Level 1:colcon.colcon_core.package_identification:_identify(velodyne/velodyne_laserscan) by extension 'colcon_pkg'
[0.376s] Level 1:colcon.colcon_core.package_identification:_identify(velodyne/velodyne_laserscan) by extensions ['colcon_meta']
[0.377s] Level 1:colcon.colcon_core.package_identification:_identify(velodyne/velodyne_laserscan) by extension 'colcon_meta'
[0.378s] Level 1:colcon.colcon_core.package_identification:_identify(velodyne/velodyne_laserscan) by extensions ['ros']
[0.378s] Level 1:colcon.colcon_core.package_identification:_identify(velodyne/velodyne_laserscan) by extension 'ros'
[0.382s] DEBUG:colcon.colcon_core.package_identification:Package 'velodyne/velodyne_laserscan' with type 'ros.ament_cmake' and name 'velodyne_laserscan'
[0.383s] Level 1:colcon.colcon_core.package_identification:_identify(velodyne/velodyne_msgs) by extensions ['ignore', 'ignore_ament_install']
[0.385s] Level 1:colcon.colcon_core.package_identification:_identify(velodyne/velodyne_msgs) by extension 'ignore'
[0.388s] Level 1:colcon.colcon_core.package_identification:_identify(velodyne/velodyne_msgs) by extension 'ignore_ament_install'
[0.391s] Level 1:colcon.colcon_core.package_identification:_identify(velodyne/velodyne_msgs) by extensions ['colcon_pkg']
[0.392s] Level 1:colcon.colcon_core.package_identification:_identify(velodyne/velodyne_msgs) by extension 'colcon_pkg'
[0.394s] Level 1:colcon.colcon_core.package_identification:_identify(velodyne/velodyne_msgs) by extensions ['colcon_meta']
[0.395s] Level 1:colcon.colcon_core.package_identification:_identify(velodyne/velodyne_msgs) by extension 'colcon_meta'
[0.396s] Level 1:colcon.colcon_core.package_identification:_identify(velodyne/velodyne_msgs) by extensions ['ros']
[0.397s] Level 1:colcon.colcon_core.package_identification:_identify(velodyne/velodyne_msgs) by extension 'ros'
[0.401s] DEBUG:colcon.colcon_core.package_identification:Package 'velodyne/velodyne_msgs' with type 'ros.ament_cmake' and name 'velodyne_msgs'
[0.402s] Level 1:colcon.colcon_core.package_identification:_identify(velodyne/velodyne_pointcloud) by extensions ['ignore', 'ignore_ament_install']
[0.403s] Level 1:colcon.colcon_core.package_identification:_identify(velodyne/velodyne_pointcloud) by extension 'ignore'
[0.406s] Level 1:colcon.colcon_core.package_identification:_identify(velodyne/velodyne_pointcloud) by extension 'ignore_ament_install'
[0.409s] Level 1:colcon.colcon_core.package_identification:_identify(velodyne/velodyne_pointcloud) by extensions ['colcon_pkg']
[0.410s] Level 1:colcon.colcon_core.package_identification:_identify(velodyne/velodyne_pointcloud) by extension 'colcon_pkg'
[0.412s] Level 1:colcon.colcon_core.package_identification:_identify(velodyne/velodyne_pointcloud) by extensions ['colcon_meta']
[0.413s] Level 1:colcon.colcon_core.package_identification:_identify(velodyne/velodyne_pointcloud) by extension 'colcon_meta'
[0.414s] Level 1:colcon.colcon_core.package_identification:_identify(velodyne/velodyne_pointcloud) by extensions ['ros']
[0.415s] Level 1:colcon.colcon_core.package_identification:_identify(velodyne/velodyne_pointcloud) by extension 'ros'
[0.419s] DEBUG:colcon.colcon_core.package_identification:Package 'velodyne/velodyne_pointcloud' with type 'ros.ament_cmake' and name 'velodyne_pointcloud'
[0.420s] Level 1:colcon.colcon_core.package_discovery:discover_packages(recursive) using defaults
[0.423s] Level 1:colcon.colcon_core.package_discovery:discover_packages(ignore) discover
[0.423s] Level 1:colcon.colcon_core.package_discovery:discover_packages(ignore) using defaults
[0.424s] Level 1:colcon.colcon_core.package_discovery:discover_packages(path) discover
[0.425s] Level 1:colcon.colcon_core.package_discovery:discover_packages(path) using defaults
[0.448s] Level 5:colcon.colcon_core.verb:set package 'debug_tools' build argument 'cmake_args' from command line to 'None'
[0.449s] Level 5:colcon.colcon_core.verb:set package 'debug_tools' build argument 'cmake_target' from command line to 'None'
[0.450s] Level 5:colcon.colcon_core.verb:set package 'debug_tools' build argument 'cmake_target_skip_unavailable' from command line to 'False'
[0.450s] Level 5:colcon.colcon_core.verb:set package 'debug_tools' build argument 'cmake_clean_cache' from command line to 'False'
[0.451s] Level 5:colcon.colcon_core.verb:set package 'debug_tools' build argument 'cmake_clean_first' from command line to 'False'
[0.452s] Level 5:colcon.colcon_core.verb:set package 'debug_tools' build argument 'cmake_force_configure' from command line to 'False'
[0.455s] Level 5:colcon.colcon_core.verb:set package 'debug_tools' build argument 'ament_cmake_args' from command line to 'None'
[0.455s] Level 5:colcon.colcon_core.verb:set package 'debug_tools' build argument 'catkin_cmake_args' from command line to 'None'
[0.456s] Level 5:colcon.colcon_core.verb:set package 'debug_tools' build argument 'catkin_skip_building_tests' from command line to 'False'
[0.457s] DEBUG:colcon.colcon_core.verb:Building package 'debug_tools' with the following arguments: {'ament_cmake_args': None, 'build_base': '/ros/build/debug_tools', 'catkin_cmake_args': None, 'catkin_skip_building_tests': False, 'cmake_args': None, 'cmake_clean_cache': False, 'cmake_clean_first': False, 'cmake_force_configure': False, 'cmake_target': None, 'cmake_target_skip_unavailable': False, 'install_base': '/ros/install/debug_tools', 'merge_install': False, 'path': '/ros/debug_tools', 'symlink_install': False, 'test_result_base': None}
[0.459s] Level 5:colcon.colcon_core.verb:set package 'velodyne_laserscan' build argument 'cmake_args' from command line to 'None'
[0.460s] Level 5:colcon.colcon_core.verb:set package 'velodyne_laserscan' build argument 'cmake_target' from command line to 'None'
[0.461s] Level 5:colcon.colcon_core.verb:set package 'velodyne_laserscan' build argument 'cmake_target_skip_unavailable' from command line to 'False'
[0.462s] Level 5:colcon.colcon_core.verb:set package 'velodyne_laserscan' build argument 'cmake_clean_cache' from command line to 'False'
[0.463s] Level 5:colcon.colcon_core.verb:set package 'velodyne_laserscan' build argument 'cmake_clean_first' from command line to 'False'
[0.464s] Level 5:colcon.colcon_core.verb:set package 'velodyne_laserscan' build argument 'cmake_force_configure' from command line to 'False'
[0.464s] Level 5:colcon.colcon_core.verb:set package 'velodyne_laserscan' build argument 'ament_cmake_args' from command line to 'None'
[0.465s] Level 5:colcon.colcon_core.verb:set package 'velodyne_laserscan' build argument 'catkin_cmake_args' from command line to 'None'
[0.466s] Level 5:colcon.colcon_core.verb:set package 'velodyne_laserscan' build argument 'catkin_skip_building_tests' from command line to 'False'
[0.466s] DEBUG:colcon.colcon_core.verb:Building package 'velodyne_laserscan' with the following arguments: {'ament_cmake_args': None, 'build_base': '/ros/build/velodyne_laserscan', 'catkin_cmake_args': None, 'catkin_skip_building_tests': False, 'cmake_args': None, 'cmake_clean_cache': False, 'cmake_clean_first': False, 'cmake_force_configure': False, 'cmake_target': None, 'cmake_target_skip_unavailable': False, 'install_base': '/ros/install/velodyne_laserscan', 'merge_install': False, 'path': '/ros/velodyne/velodyne_laserscan', 'symlink_install': False, 'test_result_base': None}
[0.467s] Level 5:colcon.colcon_core.verb:set package 'velodyne_msgs' build argument 'cmake_args' from command line to 'None'
[0.468s] Level 5:colcon.colcon_core.verb:set package 'velodyne_msgs' build argument 'cmake_target' from command line to 'None'
[0.469s] Level 5:colcon.colcon_core.verb:set package 'velodyne_msgs' build argument 'cmake_target_skip_unavailable' from command line to 'False'
[0.471s] Level 5:colcon.colcon_core.verb:set package 'velodyne_msgs' build argument 'cmake_clean_cache' from command line to 'False'
[0.471s] Level 5:colcon.colcon_core.verb:set package 'velodyne_msgs' build argument 'cmake_clean_first' from command line to 'False'
[0.472s] Level 5:colcon.colcon_core.verb:set package 'velodyne_msgs' build argument 'cmake_force_configure' from command line to 'False'
[0.473s] Level 5:colcon.colcon_core.verb:set package 'velodyne_msgs' build argument 'ament_cmake_args' from command line to 'None'
[0.474s] Level 5:colcon.colcon_core.verb:set package 'velodyne_msgs' build argument 'catkin_cmake_args' from command line to 'None'
[0.475s] Level 5:colcon.colcon_core.verb:set package 'velodyne_msgs' build argument 'catkin_skip_building_tests' from command line to 'False'
[0.476s] DEBUG:colcon.colcon_core.verb:Building package 'velodyne_msgs' with the following arguments: {'ament_cmake_args': None, 'build_base': '/ros/build/velodyne_msgs', 'catkin_cmake_args': None, 'catkin_skip_building_tests': False, 'cmake_args': None, 'cmake_clean_cache': False, 'cmake_clean_first': False, 'cmake_force_configure': False, 'cmake_target': None, 'cmake_target_skip_unavailable': False, 'install_base': '/ros/install/velodyne_msgs', 'merge_install': False, 'path': '/ros/velodyne/velodyne_msgs', 'symlink_install': False, 'test_result_base': None}
[0.477s] Level 5:colcon.colcon_core.verb:set package 'velodyne_driver' build argument 'cmake_args' from command line to 'None'
[0.478s] Level 5:colcon.colcon_core.verb:set package 'velodyne_driver' build argument 'cmake_target' from command line to 'None'
[0.479s] Level 5:colcon.colcon_core.verb:set package 'velodyne_driver' build argument 'cmake_target_skip_unavailable' from command line to 'False'
[0.480s] Level 5:colcon.colcon_core.verb:set package 'velodyne_driver' build argument 'cmake_clean_cache' from command line to 'False'
[0.480s] Level 5:colcon.colcon_core.verb:set package 'velodyne_driver' build argument 'cmake_clean_first' from command line to 'False'
[0.481s] Level 5:colcon.colcon_core.verb:set package 'velodyne_driver' build argument 'cmake_force_configure' from command line to 'False'
[0.482s] Level 5:colcon.colcon_core.verb:set package 'velodyne_driver' build argument 'ament_cmake_args' from command line to 'None'
[0.483s] Level 5:colcon.colcon_core.verb:set package 'velodyne_driver' build argument 'catkin_cmake_args' from command line to 'None'
[0.483s] Level 5:colcon.colcon_core.verb:set package 'velodyne_driver' build argument 'catkin_skip_building_tests' from command line to 'False'
[0.486s] DEBUG:colcon.colcon_core.verb:Building package 'velodyne_driver' with the following arguments: {'ament_cmake_args': None, 'build_base': '/ros/build/velodyne_driver', 'catkin_cmake_args': None, 'catkin_skip_building_tests': False, 'cmake_args': None, 'cmake_clean_cache': False, 'cmake_clean_first': False, 'cmake_force_configure': False, 'cmake_target': None, 'cmake_target_skip_unavailable': False, 'install_base': '/ros/install/velodyne_driver', 'merge_install': False, 'path': '/ros/velodyne/velodyne_driver', 'symlink_install': False, 'test_result_base': None}
[0.486s] Level 5:colcon.colcon_core.verb:set package 'velodyne_pointcloud' build argument 'cmake_args' from command line to 'None'
[0.487s] Level 5:colcon.colcon_core.verb:set package 'velodyne_pointcloud' build argument 'cmake_target' from command line to 'None'
[0.488s] Level 5:colcon.colcon_core.verb:set package 'velodyne_pointcloud' build argument 'cmake_target_skip_unavailable' from command line to 'False'
[0.489s] Level 5:colcon.colcon_core.verb:set package 'velodyne_pointcloud' build argument 'cmake_clean_cache' from command line to 'False'
[0.490s] Level 5:colcon.colcon_core.verb:set package 'velodyne_pointcloud' build argument 'cmake_clean_first' from command line to 'False'
[0.491s] Level 5:colcon.colcon_core.verb:set package 'velodyne_pointcloud' build argument 'cmake_force_configure' from command line to 'False'
[0.492s] Level 5:colcon.colcon_core.verb:set package 'velodyne_pointcloud' build argument 'ament_cmake_args' from command line to 'None'
[0.493s] Level 5:colcon.colcon_core.verb:set package 'velodyne_pointcloud' build argument 'catkin_cmake_args' from command line to 'None'
[0.494s] Level 5:colcon.colcon_core.verb:set package 'velodyne_pointcloud' build argument 'catkin_skip_building_tests' from command line to 'False'
[0.495s] DEBUG:colcon.colcon_core.verb:Building package 'velodyne_pointcloud' with the following arguments: {'ament_cmake_args': None, 'build_base': '/ros/build/velodyne_pointcloud', 'catkin_cmake_args': None, 'catkin_skip_building_tests': False, 'cmake_args': None, 'cmake_clean_cache': False, 'cmake_clean_first': False, 'cmake_force_configure': False, 'cmake_target': None, 'cmake_target_skip_unavailable': False, 'install_base': '/ros/install/velodyne_pointcloud', 'merge_install': False, 'path': '/ros/velodyne/velodyne_pointcloud', 'symlink_install': False, 'test_result_base': None}
[0.496s] Level 5:colcon.colcon_core.verb:set package 'velodyne' build argument 'cmake_args' from command line to 'None'
[0.496s] Level 5:colcon.colcon_core.verb:set package 'velodyne' build argument 'cmake_target' from command line to 'None'
[0.497s] Level 5:colcon.colcon_core.verb:set package 'velodyne' build argument 'cmake_target_skip_unavailable' from command line to 'False'
[0.498s] Level 5:colcon.colcon_core.verb:set package 'velodyne' build argument 'cmake_clean_cache' from command line to 'False'
[0.500s] Level 5:colcon.colcon_core.verb:set package 'velodyne' build argument 'cmake_clean_first' from command line to 'False'
[0.502s] Level 5:colcon.colcon_core.verb:set package 'velodyne' build argument 'cmake_force_configure' from command line to 'False'
[0.503s] Level 5:colcon.colcon_core.verb:set package 'velodyne' build argument 'ament_cmake_args' from command line to 'None'
[0.504s] Level 5:colcon.colcon_core.verb:set package 'velodyne' build argument 'catkin_cmake_args' from command line to 'None'
[0.505s] Level 5:colcon.colcon_core.verb:set package 'velodyne' build argument 'catkin_skip_building_tests' from command line to 'False'
[0.506s] DEBUG:colcon.colcon_core.verb:Building package 'velodyne' with the following arguments: {'ament_cmake_args': None, 'build_base': '/ros/build/velodyne', 'catkin_cmake_args': None, 'catkin_skip_building_tests': False, 'cmake_args': None, 'cmake_clean_cache': False, 'cmake_clean_first': False, 'cmake_force_configure': False, 'cmake_target': None, 'cmake_target_skip_unavailable': False, 'install_base': '/ros/install/velodyne', 'merge_install': False, 'path': '/ros/velodyne/velodyne', 'symlink_install': False, 'test_result_base': None}
[0.506s] INFO:colcon.colcon_core.executor:Executing jobs using 'parallel' executor
[0.508s] DEBUG:colcon.colcon_parallel_executor.executor.parallel:run_until_complete
[0.509s] INFO:colcon.colcon_ros.task.ament_cmake.build:Building ROS package in '/ros/velodyne/velodyne_msgs' with build type 'ament_cmake'
[0.510s] INFO:colcon.colcon_cmake.task.cmake.build:Building CMake package in '/ros/velodyne/velodyne_msgs'
[0.513s] INFO:colcon.colcon_core.plugin_system:Skipping extension 'colcon_core.shell.bat': Not used on non-Windows systems
[0.514s] INFO:colcon.colcon_core.shell:Skip shell extension 'powershell' for command environment: Not usable outside of PowerShell
[0.515s] DEBUG:colcon.colcon_core.shell:Skip shell extension 'dsv' for command environment
[0.529s] INFO:colcon.colcon_ros.task.ament_cmake.build:Building ROS package in '/ros/velodyne/velodyne_laserscan' with build type 'ament_cmake'
[0.529s] INFO:colcon.colcon_cmake.task.cmake.build:Building CMake package in '/ros/velodyne/velodyne_laserscan'
[0.530s] INFO:colcon.colcon_core.shell:Skip shell extension 'powershell' for command environment: Not usable outside of PowerShell
[0.531s] DEBUG:colcon.colcon_core.shell:Skip shell extension 'dsv' for command environment
[0.541s] INFO:colcon.colcon_ros.task.ament_python.build:Building ROS package in '/ros/debug_tools' with build type 'ament_python'
[0.542s] Level 1:colcon.colcon_core.shell:create_environment_hook('debug_tools', 'ament_prefix_path')
[0.543s] INFO:colcon.colcon_core.shell:Creating environment hook '/ros/install/debug_tools/share/debug_tools/hook/ament_prefix_path.ps1'
[0.552s] INFO:colcon.colcon_core.shell:Creating environment descriptor '/ros/install/debug_tools/share/debug_tools/hook/ament_prefix_path.dsv'
[0.559s] INFO:colcon.colcon_core.shell:Creating environment hook '/ros/install/debug_tools/share/debug_tools/hook/ament_prefix_path.sh'
[0.565s] INFO:colcon.colcon_core.shell:Skip shell extension 'powershell' for command environment: Not usable outside of PowerShell
[0.568s] DEBUG:colcon.colcon_core.shell:Skip shell extension 'dsv' for command environment
[0.621s] DEBUG:colcon.colcon_core.event_handler.log_command:Invoking command in '/ros/build/velodyne_msgs': CMAKE_PREFIX_PATH=/opt/ros/rolling /usr/bin/cmake --build /ros/build/velodyne_msgs -- -j4 -l4
[0.660s] DEBUG:colcon.colcon_core.event_handler.log_command:Invoking command in '/ros/build/velodyne_laserscan': CMAKE_PREFIX_PATH=/opt/ros/rolling /usr/bin/cmake --build /ros/build/velodyne_laserscan -- -j4 -l4
[0.809s] INFO:colcon.colcon_core.task.python.build:Building Python package in '/ros/debug_tools'
[0.812s] INFO:colcon.colcon_core.shell:Skip shell extension 'powershell' for command environment: Not usable outside of PowerShell
[0.814s] DEBUG:colcon.colcon_core.shell:Skip shell extension 'dsv' for command environment
[0.968s] DEBUG:colcon.colcon_core.event_handler.log_command:Invoked command in '/ros/build/velodyne_laserscan' returned '0': CMAKE_PREFIX_PATH=/opt/ros/rolling /usr/bin/cmake --build /ros/build/velodyne_laserscan -- -j4 -l4
[1.103s] DEBUG:colcon.colcon_core.event_handler.log_command:Invoking command in '/ros/build/velodyne_laserscan': CMAKE_PREFIX_PATH=/opt/ros/rolling /usr/bin/cmake --install /ros/build/velodyne_laserscan
[1.300s] Level 1:colcon.colcon_core.environment:create_environment_scripts_only(velodyne_laserscan)
[1.304s] Level 1:colcon.colcon_core.environment:checking '/ros/install/velodyne_laserscan' for CMake module files
[1.338s] Level 1:colcon.colcon_core.environment:checking '/ros/install/velodyne_laserscan' for CMake config files
[1.342s] Level 1:colcon.colcon_core.shell:create_environment_hook('velodyne_laserscan', 'cmake_prefix_path')
[1.344s] INFO:colcon.colcon_core.shell:Creating environment hook '/ros/install/velodyne_laserscan/share/velodyne_laserscan/hook/cmake_prefix_path.ps1'
[1.354s] INFO:colcon.colcon_core.shell:Creating environment descriptor '/ros/install/velodyne_laserscan/share/velodyne_laserscan/hook/cmake_prefix_path.dsv'
[1.365s] INFO:colcon.colcon_core.shell:Creating environment hook '/ros/install/velodyne_laserscan/share/velodyne_laserscan/hook/cmake_prefix_path.sh'
[1.371s] DEBUG:colcon.colcon_core.event_handler.log_command:Invoked command in '/ros/build/velodyne_laserscan' returned '0': CMAKE_PREFIX_PATH=/opt/ros/rolling /usr/bin/cmake --install /ros/build/velodyne_laserscan
[1.380s] Level 1:colcon.colcon_core.environment:checking '/ros/install/velodyne_laserscan/lib'
[1.383s] Level 1:colcon.colcon_core.shell:create_environment_hook('velodyne_laserscan', 'ld_library_path_lib')
[1.387s] INFO:colcon.colcon_core.shell:Creating environment hook '/ros/install/velodyne_laserscan/share/velodyne_laserscan/hook/ld_library_path_lib.ps1'
[1.400s] INFO:colcon.colcon_core.shell:Creating environment descriptor '/ros/install/velodyne_laserscan/share/velodyne_laserscan/hook/ld_library_path_lib.dsv'
[1.412s] INFO:colcon.colcon_core.shell:Creating environment hook '/ros/install/velodyne_laserscan/share/velodyne_laserscan/hook/ld_library_path_lib.sh'
[1.424s] Level 1:colcon.colcon_core.environment:checking '/ros/install/velodyne_laserscan/bin'
[1.431s] Level 1:colcon.colcon_core.environment:checking '/ros/install/velodyne_laserscan/lib/pkgconfig/velodyne_laserscan.pc'
[1.435s] Level 1:colcon.colcon_core.environment:checking '/ros/install/velodyne_laserscan/lib/python3.12/site-packages'
[1.438s] Level 1:colcon.colcon_core.environment:checking '/ros/install/velodyne_laserscan/bin'
[1.440s] INFO:colcon.colcon_core.shell:Creating package script '/ros/install/velodyne_laserscan/share/velodyne_laserscan/package.ps1'
[1.448s] INFO:colcon.colcon_core.shell:Creating package descriptor '/ros/install/velodyne_laserscan/share/velodyne_laserscan/package.dsv'
[1.461s] INFO:colcon.colcon_core.shell:Creating package script '/ros/install/velodyne_laserscan/share/velodyne_laserscan/package.sh'
[1.471s] INFO:colcon.colcon_core.shell:Creating package script '/ros/install/velodyne_laserscan/share/velodyne_laserscan/package.bash'
[1.481s] INFO:colcon.colcon_core.shell:Creating package script '/ros/install/velodyne_laserscan/share/velodyne_laserscan/package.zsh'
[1.496s] Level 1:colcon.colcon_core.environment:create_file_with_runtime_dependencies(/ros/install/velodyne_laserscan/share/colcon-core/packages/velodyne_laserscan)
[1.556s] DEBUG:colcon.colcon_core.event_handler.log_command:Invoking command in '/ros/debug_tools': PYTHONPATH=/ros/build/debug_tools/prefix_override:/usr/lib/python3/dist-packages/colcon_core/task/python/colcon_distutils_commands:/ros/install/debug_tools/lib/python3.12/site-packages:${PYTHONPATH} /usr/bin/python3 -W ignore:setup.py install is deprecated setup.py egg_info --egg-base ../build/debug_tools build --build-base /ros/build/debug_tools/build install --record /ros/build/debug_tools/install.log --single-version-externally-managed install_data
[1.579s] Level 1:colcon.colcon_core.environment:create_environment_scripts_only(velodyne_laserscan)
[1.582s] Level 1:colcon.colcon_core.environment:checking '/ros/install/velodyne_laserscan' for CMake module files
[1.618s] Level 1:colcon.colcon_core.environment:checking '/ros/install/velodyne_laserscan' for CMake config files
[1.620s] Level 1:colcon.colcon_core.shell:create_environment_hook('velodyne_laserscan', 'cmake_prefix_path')
[1.623s] INFO:colcon.colcon_core.shell:Creating environment hook '/ros/install/velodyne_laserscan/share/velodyne_laserscan/hook/cmake_prefix_path.ps1'
[1.631s] INFO:colcon.colcon_core.shell:Creating environment descriptor '/ros/install/velodyne_laserscan/share/velodyne_laserscan/hook/cmake_prefix_path.dsv'
[1.639s] INFO:colcon.colcon_core.shell:Creating environment hook '/ros/install/velodyne_laserscan/share/velodyne_laserscan/hook/cmake_prefix_path.sh'
[1.651s] Level 1:colcon.colcon_core.environment:checking '/ros/install/velodyne_laserscan/lib'
[1.652s] Level 1:colcon.colcon_core.shell:create_environment_hook('velodyne_laserscan', 'ld_library_path_lib')
[1.655s] INFO:colcon.colcon_core.shell:Creating environment hook '/ros/install/velodyne_laserscan/share/velodyne_laserscan/hook/ld_library_path_lib.ps1'
[1.663s] INFO:colcon.colcon_core.shell:Creating environment descriptor '/ros/install/velodyne_laserscan/share/velodyne_laserscan/hook/ld_library_path_lib.dsv'
[1.673s] INFO:colcon.colcon_core.shell:Creating environment hook '/ros/install/velodyne_laserscan/share/velodyne_laserscan/hook/ld_library_path_lib.sh'
[1.680s] Level 1:colcon.colcon_core.environment:checking '/ros/install/velodyne_laserscan/bin'
[1.684s] Level 1:colcon.colcon_core.environment:checking '/ros/install/velodyne_laserscan/lib/pkgconfig/velodyne_laserscan.pc'
[1.686s] Level 1:colcon.colcon_core.environment:checking '/ros/install/velodyne_laserscan/lib/python3.12/site-packages'
[1.688s] Level 1:colcon.colcon_core.environment:checking '/ros/install/velodyne_laserscan/bin'
[1.691s] INFO:colcon.colcon_core.shell:Creating package script '/ros/install/velodyne_laserscan/share/velodyne_laserscan/package.ps1'
[1.700s] INFO:colcon.colcon_core.shell:Creating package descriptor '/ros/install/velodyne_laserscan/share/velodyne_laserscan/package.dsv'
[1.709s] INFO:colcon.colcon_core.shell:Creating package script '/ros/install/velodyne_laserscan/share/velodyne_laserscan/package.sh'
[1.716s] INFO:colcon.colcon_core.shell:Creating package script '/ros/install/velodyne_laserscan/share/velodyne_laserscan/package.bash'
[1.723s] INFO:colcon.colcon_core.shell:Creating package script '/ros/install/velodyne_laserscan/share/velodyne_laserscan/package.zsh'
[1.728s] Level 1:colcon.colcon_core.environment:create_file_with_runtime_dependencies(/ros/install/velodyne_laserscan/share/colcon-core/packages/velodyne_laserscan)
[1.762s] DEBUG:colcon.colcon_core.event_handler.log_command:Invoked command in '/ros/build/velodyne_msgs' returned '0': CMAKE_PREFIX_PATH=/opt/ros/rolling /usr/bin/cmake --build /ros/build/velodyne_msgs -- -j4 -l4
[1.940s] DEBUG:colcon.colcon_core.event_handler.log_command:Invoking command in '/ros/build/velodyne_msgs': CMAKE_PREFIX_PATH=/opt/ros/rolling /usr/bin/cmake --install /ros/build/velodyne_msgs
[2.267s] Level 1:colcon.colcon_core.environment:checking '/ros/install/debug_tools' for CMake module files
[2.298s] Level 1:colcon.colcon_core.environment:checking '/ros/install/debug_tools' for CMake config files
[2.301s] Level 1:colcon.colcon_core.environment:checking '/ros/install/debug_tools/lib'
[2.303s] Level 1:colcon.colcon_core.environment:checking '/ros/install/debug_tools/bin'
[2.305s] Level 1:colcon.colcon_core.environment:checking '/ros/install/debug_tools/lib/pkgconfig/debug_tools.pc'
[2.307s] Level 1:colcon.colcon_core.environment:checking '/ros/install/debug_tools/lib/python3.12/site-packages'
[2.308s] Level 1:colcon.colcon_core.shell:create_environment_hook('debug_tools', 'pythonpath')
[2.309s] INFO:colcon.colcon_core.shell:Creating environment hook '/ros/install/debug_tools/share/debug_tools/hook/pythonpath.ps1'
[2.319s] INFO:colcon.colcon_core.shell:Creating environment descriptor '/ros/install/debug_tools/share/debug_tools/hook/pythonpath.dsv'
[2.328s] INFO:colcon.colcon_core.shell:Creating environment hook '/ros/install/debug_tools/share/debug_tools/hook/pythonpath.sh'
[2.337s] Level 1:colcon.colcon_core.environment:checking '/ros/install/debug_tools/bin'
[2.340s] Level 1:colcon.colcon_core.environment:create_environment_scripts_only(debug_tools)
[2.341s] INFO:colcon.colcon_core.shell:Creating package script '/ros/install/debug_tools/share/debug_tools/package.ps1'
[2.348s] INFO:colcon.colcon_core.shell:Creating package descriptor '/ros/install/debug_tools/share/debug_tools/package.dsv'
[2.357s] INFO:colcon.colcon_core.shell:Creating package script '/ros/install/debug_tools/share/debug_tools/package.sh'
[2.363s] INFO:colcon.colcon_core.shell:Creating package script '/ros/install/debug_tools/share/debug_tools/package.bash'
[2.370s] INFO:colcon.colcon_core.shell:Creating package script '/ros/install/debug_tools/share/debug_tools/package.zsh'
[2.377s] Level 1:colcon.colcon_core.environment:create_file_with_runtime_dependencies(/ros/install/debug_tools/share/colcon-core/packages/debug_tools)
[2.378s] DEBUG:colcon.colcon_core.event_handler.log_command:Invoked command in '/ros/debug_tools' returned '0': PYTHONPATH=/ros/build/debug_tools/prefix_override:/usr/lib/python3/dist-packages/colcon_core/task/python/colcon_distutils_commands:/ros/install/debug_tools/lib/python3.12/site-packages:${PYTHONPATH} /usr/bin/python3 -W ignore:setup.py install is deprecated setup.py egg_info --egg-base ../build/debug_tools build --build-base /ros/build/debug_tools/build install --record /ros/build/debug_tools/install.log --single-version-externally-managed install_data
[2.647s] Level 1:colcon.colcon_core.environment:create_environment_scripts_only(velodyne_msgs)
[2.648s] Level 1:colcon.colcon_core.environment:checking '/ros/install/velodyne_msgs' for CMake module files
[2.673s] Level 1:colcon.colcon_core.environment:checking '/ros/install/velodyne_msgs' for CMake config files
[2.686s] Level 1:colcon.colcon_core.shell:create_environment_hook('velodyne_msgs', 'cmake_prefix_path')
[2.687s] INFO:colcon.colcon_core.shell:Creating environment hook '/ros/install/velodyne_msgs/share/velodyne_msgs/hook/cmake_prefix_path.ps1'
[2.693s] DEBUG:colcon.colcon_core.event_handler.log_command:Invoked command in '/ros/build/velodyne_msgs' returned '0': CMAKE_PREFIX_PATH=/opt/ros/rolling /usr/bin/cmake --install /ros/build/velodyne_msgs
[2.695s] INFO:colcon.colcon_core.shell:Creating environment descriptor '/ros/install/velodyne_msgs/share/velodyne_msgs/hook/cmake_prefix_path.dsv'
[2.702s] INFO:colcon.colcon_core.shell:Creating environment hook '/ros/install/velodyne_msgs/share/velodyne_msgs/hook/cmake_prefix_path.sh'
[2.709s] Level 1:colcon.colcon_core.environment:checking '/ros/install/velodyne_msgs/lib'
[2.710s] Level 1:colcon.colcon_core.shell:create_environment_hook('velodyne_msgs', 'ld_library_path_lib')
[2.711s] INFO:colcon.colcon_core.shell:Creating environment hook '/ros/install/velodyne_msgs/share/velodyne_msgs/hook/ld_library_path_lib.ps1'
[2.718s] INFO:colcon.colcon_core.shell:Creating environment descriptor '/ros/install/velodyne_msgs/share/velodyne_msgs/hook/ld_library_path_lib.dsv'
[2.725s] INFO:colcon.colcon_core.shell:Creating environment hook '/ros/install/velodyne_msgs/share/velodyne_msgs/hook/ld_library_path_lib.sh'
[2.730s] Level 1:colcon.colcon_core.environment:checking '/ros/install/velodyne_msgs/bin'
[2.732s] Level 1:colcon.colcon_core.environment:checking '/ros/install/velodyne_msgs/lib/pkgconfig/velodyne_msgs.pc'
[2.734s] Level 1:colcon.colcon_core.environment:checking '/ros/install/velodyne_msgs/lib/python3.12/site-packages'
[2.734s] Level 1:colcon.colcon_core.shell:create_environment_hook('velodyne_msgs', 'pythonpath')
[2.735s] INFO:colcon.colcon_core.shell:Creating environment hook '/ros/install/velodyne_msgs/share/velodyne_msgs/hook/pythonpath.ps1'
[2.743s] INFO:colcon.colcon_core.shell:Creating environment descriptor '/ros/install/velodyne_msgs/share/velodyne_msgs/hook/pythonpath.dsv'
[2.748s] INFO:colcon.colcon_core.shell:Creating environment hook '/ros/install/velodyne_msgs/share/velodyne_msgs/hook/pythonpath.sh'
[2.754s] Level 1:colcon.colcon_core.environment:checking '/ros/install/velodyne_msgs/bin'
[2.756s] INFO:colcon.colcon_core.shell:Creating package script '/ros/install/velodyne_msgs/share/velodyne_msgs/package.ps1'
[2.760s] INFO:colcon.colcon_core.shell:Creating package descriptor '/ros/install/velodyne_msgs/share/velodyne_msgs/package.dsv'
[2.766s] INFO:colcon.colcon_core.shell:Creating package script '/ros/install/velodyne_msgs/share/velodyne_msgs/package.sh'
[2.770s] INFO:colcon.colcon_core.shell:Creating package script '/ros/install/velodyne_msgs/share/velodyne_msgs/package.bash'
[2.776s] INFO:colcon.colcon_core.shell:Creating package script '/ros/install/velodyne_msgs/share/velodyne_msgs/package.zsh'
[2.782s] Level 1:colcon.colcon_core.environment:create_file_with_runtime_dependencies(/ros/install/velodyne_msgs/share/colcon-core/packages/velodyne_msgs)
[2.880s] Level 1:colcon.colcon_core.environment:create_environment_scripts_only(velodyne_msgs)
[2.881s] Level 1:colcon.colcon_core.environment:checking '/ros/install/velodyne_msgs' for CMake module files
[2.906s] Level 1:colcon.colcon_core.environment:checking '/ros/install/velodyne_msgs' for CMake config files
[2.913s] Level 1:colcon.colcon_core.shell:create_environment_hook('velodyne_msgs', 'cmake_prefix_path')
[2.914s] INFO:colcon.colcon_core.shell:Creating environment hook '/ros/install/velodyne_msgs/share/velodyne_msgs/hook/cmake_prefix_path.ps1'
[2.921s] INFO:colcon.colcon_core.shell:Creating environment descriptor '/ros/install/velodyne_msgs/share/velodyne_msgs/hook/cmake_prefix_path.dsv'
[2.927s] INFO:colcon.colcon_core.shell:Creating environment hook '/ros/install/velodyne_msgs/share/velodyne_msgs/hook/cmake_prefix_path.sh'
[2.935s] Level 1:colcon.colcon_core.environment:checking '/ros/install/velodyne_msgs/lib'
[2.937s] Level 1:colcon.colcon_core.shell:create_environment_hook('velodyne_msgs', 'ld_library_path_lib')
[2.938s] INFO:colcon.colcon_core.shell:Creating environment hook '/ros/install/velodyne_msgs/share/velodyne_msgs/hook/ld_library_path_lib.ps1'
[2.945s] INFO:colcon.colcon_core.shell:Creating environment descriptor '/ros/install/velodyne_msgs/share/velodyne_msgs/hook/ld_library_path_lib.dsv'
[2.952s] INFO:colcon.colcon_core.shell:Creating environment hook '/ros/install/velodyne_msgs/share/velodyne_msgs/hook/ld_library_path_lib.sh'
[2.958s] Level 1:colcon.colcon_core.environment:checking '/ros/install/velodyne_msgs/bin'
[2.960s] Level 1:colcon.colcon_core.environment:checking '/ros/install/velodyne_msgs/lib/pkgconfig/velodyne_msgs.pc'
[2.962s] Level 1:colcon.colcon_core.environment:checking '/ros/install/velodyne_msgs/lib/python3.12/site-packages'
[2.962s] Level 1:colcon.colcon_core.shell:create_environment_hook('velodyne_msgs', 'pythonpath')
[2.963s] INFO:colcon.colcon_core.shell:Creating environment hook '/ros/install/velodyne_msgs/share/velodyne_msgs/hook/pythonpath.ps1'
[2.970s] INFO:colcon.colcon_core.shell:Creating environment descriptor '/ros/install/velodyne_msgs/share/velodyne_msgs/hook/pythonpath.dsv'
[2.976s] INFO:colcon.colcon_core.shell:Creating environment hook '/ros/install/velodyne_msgs/share/velodyne_msgs/hook/pythonpath.sh'
[2.983s] Level 1:colcon.colcon_core.environment:checking '/ros/install/velodyne_msgs/bin'
[2.986s] INFO:colcon.colcon_core.shell:Creating package script '/ros/install/velodyne_msgs/share/velodyne_msgs/package.ps1'
[2.991s] INFO:colcon.colcon_core.shell:Creating package descriptor '/ros/install/velodyne_msgs/share/velodyne_msgs/package.dsv'
[2.996s] INFO:colcon.colcon_core.shell:Creating package script '/ros/install/velodyne_msgs/share/velodyne_msgs/package.sh'
[3.003s] INFO:colcon.colcon_core.shell:Creating package script '/ros/install/velodyne_msgs/share/velodyne_msgs/package.bash'
[3.008s] INFO:colcon.colcon_core.shell:Creating package script '/ros/install/velodyne_msgs/share/velodyne_msgs/package.zsh'
[3.013s] Level 1:colcon.colcon_core.environment:create_file_with_runtime_dependencies(/ros/install/velodyne_msgs/share/colcon-core/packages/velodyne_msgs)
[3.020s] INFO:colcon.colcon_ros.task.ament_cmake.build:Building ROS package in '/ros/velodyne/velodyne_driver' with build type 'ament_cmake'
[3.021s] INFO:colcon.colcon_cmake.task.cmake.build:Building CMake package in '/ros/velodyne/velodyne_driver'
[3.023s] INFO:colcon.colcon_core.shell:Skip shell extension 'powershell' for command environment: Not usable outside of PowerShell
[3.024s] DEBUG:colcon.colcon_core.shell:Skip shell extension 'dsv' for command environment
[3.034s] INFO:colcon.colcon_ros.task.ament_cmake.build:Building ROS package in '/ros/velodyne/velodyne_pointcloud' with build type 'ament_cmake'
[3.036s] INFO:colcon.colcon_cmake.task.cmake.build:Building CMake package in '/ros/velodyne/velodyne_pointcloud'
[3.037s] INFO:colcon.colcon_core.shell:Skip shell extension 'powershell' for command environment: Not usable outside of PowerShell
[3.039s] DEBUG:colcon.colcon_core.shell:Skip shell extension 'dsv' for command environment
[3.122s] DEBUG:colcon.colcon_core.event_handler.log_command:Invoking command in '/ros/build/velodyne_driver': AMENT_PREFIX_PATH=/ros/install/velodyne_msgs:${AMENT_PREFIX_PATH} CMAKE_PREFIX_PATH=/ros/install/velodyne_msgs:/opt/ros/rolling LD_LIBRARY_PATH=/ros/install/velodyne_msgs/lib:${LD_LIBRARY_PATH} PYTHONPATH=/ros/install/velodyne_msgs/lib/python3.12/site-packages:${PYTHONPATH} /usr/bin/cmake --build /ros/build/velodyne_driver -- -j4 -l4
[3.158s] DEBUG:colcon.colcon_core.event_handler.log_command:Invoking command in '/ros/build/velodyne_pointcloud': AMENT_PREFIX_PATH=/ros/install/velodyne_msgs:${AMENT_PREFIX_PATH} CMAKE_PREFIX_PATH=/ros/install/velodyne_msgs:/opt/ros/rolling LD_LIBRARY_PATH=/ros/install/velodyne_msgs/lib:${LD_LIBRARY_PATH} PYTHONPATH=/ros/install/velodyne_msgs/lib/python3.12/site-packages:${PYTHONPATH} /usr/bin/cmake /ros/velodyne/velodyne_pointcloud -DCMAKE_INSTALL_PREFIX=/ros/install/velodyne_pointcloud
[10.081s] DEBUG:colcon.colcon_core.event_handler.log_command:Invoked command in '/ros/build/velodyne_driver' returned '2': AMENT_PREFIX_PATH=/ros/install/velodyne_msgs:${AMENT_PREFIX_PATH} CMAKE_PREFIX_PATH=/ros/install/velodyne_msgs:/opt/ros/rolling LD_LIBRARY_PATH=/ros/install/velodyne_msgs/lib:${LD_LIBRARY_PATH} PYTHONPATH=/ros/install/velodyne_msgs/lib/python3.12/site-packages:${PYTHONPATH} /usr/bin/cmake --build /ros/build/velodyne_driver -- -j4 -l4
[10.163s] Level 1:colcon.colcon_core.environment:create_environment_scripts_only(velodyne_driver)
[10.165s] Level 1:colcon.colcon_core.environment:checking '/ros/install/velodyne_driver' for CMake module files
[10.192s] Level 1:colcon.colcon_core.environment:checking '/ros/install/velodyne_driver' for CMake config files
[10.207s] Level 1:colcon.colcon_core.environment:checking '/ros/install/velodyne_driver/bin'
[10.209s] Level 1:colcon.colcon_core.environment:checking '/ros/install/velodyne_driver/lib/pkgconfig/velodyne_driver.pc'
[10.213s] Level 1:colcon.colcon_core.environment:checking '/ros/install/velodyne_driver/lib/python3.12/site-packages'
[10.216s] Level 1:colcon.colcon_core.environment:checking '/ros/install/velodyne_driver/bin'
[10.219s] INFO:colcon.colcon_core.shell:Creating package script '/ros/install/velodyne_driver/share/velodyne_driver/package.ps1'
[10.229s] INFO:colcon.colcon_core.shell:Creating package descriptor '/ros/install/velodyne_driver/share/velodyne_driver/package.dsv'
[10.236s] INFO:colcon.colcon_core.shell:Creating package script '/ros/install/velodyne_driver/share/velodyne_driver/package.sh'
[10.244s] INFO:colcon.colcon_core.shell:Creating package script '/ros/install/velodyne_driver/share/velodyne_driver/package.bash'
[10.252s] INFO:colcon.colcon_core.shell:Creating package script '/ros/install/velodyne_driver/share/velodyne_driver/package.zsh'
[10.259s] Level 1:colcon.colcon_core.environment:create_file_with_runtime_dependencies(/ros/install/velodyne_driver/share/colcon-core/packages/velodyne_driver)
[11.745s] DEBUG:colcon.colcon_parallel_executor.executor.parallel:closing loop
[11.747s] DEBUG:colcon.colcon_parallel_executor.executor.parallel:loop closed
[11.748s] DEBUG:colcon.colcon_parallel_executor.executor.parallel:run_until_complete finished with '2'
[11.749s] DEBUG:colcon.colcon_core.event_reactor:joining thread
[11.768s] INFO:colcon.colcon_core.plugin_system:Skipping extension 'colcon_notification.desktop_notification.notify_send': Could not find 'notify-send'
[11.770s] INFO:colcon.colcon_core.plugin_system:Skipping extension 'colcon_notification.desktop_notification.terminal_notifier': Not used on non-Darwin systems
[11.770s] INFO:colcon.colcon_core.plugin_system:Skipping extension 'colcon_notification.desktop_notification.win32': Not used on non-Windows systems
[11.771s] INFO:colcon.colcon_notification.desktop_notification:Sending desktop notification using 'notify2'
[11.772s] DEBUG:colcon.colcon_notification.desktop_notification.notify2:Failed to initialize notify2: org.freedesktop.DBus.Error.NotSupported: Unable to autolaunch a dbus-daemon without a $DISPLAY for X11
[11.773s] DEBUG:colcon.colcon_core.event_reactor:joined thread
[11.774s] INFO:colcon.colcon_core.shell:Creating prefix script '/ros/install/local_setup.ps1'
[11.783s] INFO:colcon.colcon_core.shell:Creating prefix util module '/ros/install/_local_setup_util_ps1.py'
[11.790s] INFO:colcon.colcon_core.shell:Creating prefix chain script '/ros/install/setup.ps1'
[11.799s] INFO:colcon.colcon_core.shell:Creating prefix script '/ros/install/local_setup.sh'
[11.805s] INFO:colcon.colcon_core.shell:Creating prefix util module '/ros/install/_local_setup_util_sh.py'
[11.813s] INFO:colcon.colcon_core.shell:Creating prefix chain script '/ros/install/setup.sh'
[11.821s] INFO:colcon.colcon_core.shell:Creating prefix script '/ros/install/local_setup.bash'
[11.827s] INFO:colcon.colcon_core.shell:Creating prefix chain script '/ros/install/setup.bash'
[11.838s] INFO:colcon.colcon_core.shell:Creating prefix script '/ros/install/local_setup.zsh'
[11.844s] INFO:colcon.colcon_core.shell:Creating prefix chain script '/ros/install/setup.zsh'
