[0.112s] Invoking command in '/ros/build/velodyne_laserscan': CMAKE_PREFIX_PATH=/opt/ros/rolling /usr/bin/cmake --build /ros/build/velodyne_laserscan -- -j4 -l4
[0.293s] [ 50%] Built target velodyne_laserscan
[0.398s] [100%] Built target velodyne_laserscan_node
[0.466s] Invoked command in '/ros/build/velodyne_laserscan' returned '0': CMAKE_PREFIX_PATH=/opt/ros/rolling /usr/bin/cmake --build /ros/build/velodyne_laserscan -- -j4 -l4
[0.612s] Invoking command in '/ros/build/velodyne_laserscan': CMAKE_PREFIX_PATH=/opt/ros/rolling /usr/bin/cmake --install /ros/build/velodyne_laserscan
[0.650s] -- Install configuration: ""
[0.654s] -- Up-to-date: /ros/install/velodyne_laserscan/lib/libvelodyne_laserscan.so
[0.663s] -- Up-to-date: /ros/install/velodyne_laserscan/lib/velodyne_laserscan/velodyne_laserscan_node
[0.667s] -- Up-to-date: /ros/install/velodyne_laserscan/include/velodyne_laserscan
[0.670s] -- Up-to-date: /ros/install/velodyne_laserscan/include/velodyne_laserscan/velodyne_laserscan.hpp
[0.675s] -- Up-to-date: /ros/install/velodyne_laserscan/share/velodyne_laserscan/config
[0.681s] -- Up-to-date: /ros/install/velodyne_laserscan/share/velodyne_laserscan/config/default-velodyne_laserscan_node-params.yaml
[0.686s] -- Up-to-date: /ros/install/velodyne_laserscan/share/velodyne_laserscan/launch
[0.695s] -- Up-to-date: /ros/install/velodyne_laserscan/share/velodyne_laserscan/launch/velodyne_laserscan_node-composed-launch.py
[0.700s] -- Up-to-date: /ros/install/velodyne_laserscan/share/velodyne_laserscan/launch/velodyne_laserscan_node-launch.py
[0.705s] -- Up-to-date: /ros/install/velodyne_laserscan/share/ament_index/resource_index/package_run_dependencies/velodyne_laserscan
[0.710s] -- Up-to-date: /ros/install/velodyne_laserscan/share/ament_index/resource_index/parent_prefix_path/velodyne_laserscan
[0.718s] -- Up-to-date: /ros/install/velodyne_laserscan/share/velodyne_laserscan/environment/ament_prefix_path.sh
[0.722s] -- Up-to-date: /ros/install/velodyne_laserscan/share/velodyne_laserscan/environment/ament_prefix_path.dsv
[0.727s] -- Up-to-date: /ros/install/velodyne_laserscan/share/velodyne_laserscan/environment/path.sh
[0.734s] -- Up-to-date: /ros/install/velodyne_laserscan/share/velodyne_laserscan/environment/path.dsv
[0.740s] -- Up-to-date: /ros/install/velodyne_laserscan/share/velodyne_laserscan/local_setup.bash
[0.745s] -- Up-to-date: /ros/install/velodyne_laserscan/share/velodyne_laserscan/local_setup.sh
[0.750s] -- Up-to-date: /ros/install/velodyne_laserscan/share/velodyne_laserscan/local_setup.zsh
[0.756s] -- Up-to-date: /ros/install/velodyne_laserscan/share/velodyne_laserscan/local_setup.dsv
[0.762s] -- Installing: /ros/install/velodyne_laserscan/share/velodyne_laserscan/package.dsv
[0.773s] -- Up-to-date: /ros/install/velodyne_laserscan/share/ament_index/resource_index/packages/velodyne_laserscan
[0.781s] -- Up-to-date: /ros/install/velodyne_laserscan/share/ament_index/resource_index/rclcpp_components/velodyne_laserscan
[0.785s] -- Up-to-date: /ros/install/velodyne_laserscan/share/velodyne_laserscan/cmake/velodyne_laserscanExport.cmake
[0.790s] -- Up-to-date: /ros/install/velodyne_laserscan/share/velodyne_laserscan/cmake/velodyne_laserscanExport-noconfig.cmake
[0.796s] -- Up-to-date: /ros/install/velodyne_laserscan/share/velodyne_laserscan/cmake/ament_cmake_export_include_directories-extras.cmake
[0.803s] -- Up-to-date: /ros/install/velodyne_laserscan/share/velodyne_laserscan/cmake/ament_cmake_export_targets-extras.cmake
[0.812s] -- Up-to-date: /ros/install/velodyne_laserscan/share/velodyne_laserscan/cmake/ament_cmake_export_dependencies-extras.cmake
[0.817s] -- Up-to-date: /ros/install/velodyne_laserscan/share/velodyne_laserscan/cmake/velodyne_laserscanConfig.cmake
[0.822s] -- Up-to-date: /ros/install/velodyne_laserscan/share/velodyne_laserscan/cmake/velodyne_laserscanConfig-version.cmake
[0.826s] -- Up-to-date: /ros/install/velodyne_laserscan/share/velodyne_laserscan/package.xml
[0.829s] Invoked command in '/ros/build/velodyne_laserscan' returned '0': CMAKE_PREFIX_PATH=/opt/ros/rolling /usr/bin/cmake --install /ros/build/velodyne_laserscan
