[0.155s] Invoking command in '/ros/build/velodyne_msgs': CMAKE_PREFIX_PATH=/ros/install/debug_tools:/opt/ros/rolling /usr/bin/cmake --build /ros/build/velodyne_msgs -- -j4 -l4
[0.328s] [  2%] Built target velodyne_msgs__rosidl_generator_type_description
[0.444s] [  9%] Built target velodyne_msgs__cpp
[0.518s] [ 22%] Built target velodyne_msgs__rosidl_generator_c
[0.679s] [ 47%] Built target velodyne_msgs__rosidl_typesupport_fastrtps_c
[0.716s] [ 50%] Built target velodyne_msgs__rosidl_typesupport_cpp
[0.737s] [ 50%] Built target velodyne_msgs__rosidl_typesupport_fastrtps_cpp
[0.899s] [ 59%] Built target velodyne_msgs__rosidl_typesupport_introspection_c
[0.906s] [ 65%] Built target ament_cmake_python_copy_velodyne_msgs
[0.973s] [ 77%] Built target velodyne_msgs__rosidl_typesupport_c
[0.980s] [ 77%] Built target velodyne_msgs__rosidl_typesupport_introspection_cpp
[0.993s] [ 77%] Built target velodyne_msgs
[1.025s] [ 79%] Built target velodyne_msgs__py
[1.173s] [ 86%] Built target velodyne_msgs__rosidl_generator_py
[1.181s] running egg_info
[1.207s] writing velodyne_msgs.egg-info/PKG-INFO
[1.236s] writing dependency_links to velodyne_msgs.egg-info/dependency_links.txt
[1.263s] writing top-level names to velodyne_msgs.egg-info/top_level.txt
[1.288s] [ 93%] Built target velodyne_msgs_s__rosidl_typesupport_fastrtps_c
[1.297s] [ 95%] Built target velodyne_msgs_s__rosidl_typesupport_introspection_c
[1.319s] [100%] Built target velodyne_msgs_s__rosidl_typesupport_c
[1.371s] reading manifest file 'velodyne_msgs.egg-info/SOURCES.txt'
[1.382s] writing manifest file 'velodyne_msgs.egg-info/SOURCES.txt'
[1.431s] [100%] Built target ament_cmake_python_build_velodyne_msgs_egg
[1.568s] Invoked command in '/ros/build/velodyne_msgs' returned '0': CMAKE_PREFIX_PATH=/ros/install/debug_tools:/opt/ros/rolling /usr/bin/cmake --build /ros/build/velodyne_msgs -- -j4 -l4
[1.713s] Invoking command in '/ros/build/velodyne_msgs': CMAKE_PREFIX_PATH=/ros/install/debug_tools:/opt/ros/rolling /usr/bin/cmake --install /ros/build/velodyne_msgs
[1.723s] -- Install configuration: ""
[1.726s] -- Up-to-date: /ros/install/velodyne_msgs/share/ament_index/resource_index/rosidl_interfaces/velodyne_msgs
[1.732s] -- Up-to-date: /ros/install/velodyne_msgs/share/velodyne_msgs/msg/VelodynePacket.json
[1.735s] -- Up-to-date: /ros/install/velodyne_msgs/share/velodyne_msgs/msg/VelodyneScan.json
[1.739s] -- Up-to-date: /ros/install/velodyne_msgs/include/velodyne_msgs/velodyne_msgs
[1.743s] -- Up-to-date: /ros/install/velodyne_msgs/include/velodyne_msgs/velodyne_msgs/msg
[1.747s] -- Up-to-date: /ros/install/velodyne_msgs/include/velodyne_msgs/velodyne_msgs/msg/detail
[1.751s] -- Up-to-date: /ros/install/velodyne_msgs/include/velodyne_msgs/velodyne_msgs/msg/detail/velodyne_packet__description.c
[1.757s] -- Up-to-date: /ros/install/velodyne_msgs/include/velodyne_msgs/velodyne_msgs/msg/detail/velodyne_packet__functions.c
[1.762s] -- Up-to-date: /ros/install/velodyne_msgs/include/velodyne_msgs/velodyne_msgs/msg/detail/velodyne_packet__functions.h
[1.766s] -- Up-to-date: /ros/install/velodyne_msgs/include/velodyne_msgs/velodyne_msgs/msg/detail/velodyne_packet__struct.h
[1.773s] -- Installing: /ros/install/velodyne_msgs/include/velodyne_msgs/velodyne_msgs/msg/detail/velodyne_packet__type_support.c
[1.788s] -- Up-to-date: /ros/install/velodyne_msgs/include/velodyne_msgs/velodyne_msgs/msg/detail/velodyne_packet__type_support.h
[1.792s] -- Up-to-date: /ros/install/velodyne_msgs/include/velodyne_msgs/velodyne_msgs/msg/detail/velodyne_scan__description.c
[1.797s] -- Up-to-date: /ros/install/velodyne_msgs/include/velodyne_msgs/velodyne_msgs/msg/detail/velodyne_scan__functions.c
[1.803s] -- Up-to-date: /ros/install/velodyne_msgs/include/velodyne_msgs/velodyne_msgs/msg/detail/velodyne_scan__functions.h
[1.808s] -- Up-to-date: /ros/install/velodyne_msgs/include/velodyne_msgs/velodyne_msgs/msg/detail/velodyne_scan__struct.h
[1.812s] -- Up-to-date: /ros/install/velodyne_msgs/include/velodyne_msgs/velodyne_msgs/msg/detail/velodyne_scan__type_support.c
[1.817s] -- Up-to-date: /ros/install/velodyne_msgs/include/velodyne_msgs/velodyne_msgs/msg/detail/velodyne_scan__type_support.h
[1.822s] -- Up-to-date: /ros/install/velodyne_msgs/include/velodyne_msgs/velodyne_msgs/msg/rosidl_generator_c__visibility_control.h
[1.826s] -- Up-to-date: /ros/install/velodyne_msgs/include/velodyne_msgs/velodyne_msgs/msg/velodyne_packet.h
[1.831s] -- Up-to-date: /ros/install/velodyne_msgs/include/velodyne_msgs/velodyne_msgs/msg/velodyne_scan.h
[1.847s] -- Up-to-date: /ros/install/velodyne_msgs/share/velodyne_msgs/environment/library_path.sh
[1.851s] -- Up-to-date: /ros/install/velodyne_msgs/share/velodyne_msgs/environment/library_path.dsv
[1.855s] -- Up-to-date: /ros/install/velodyne_msgs/lib/libvelodyne_msgs__rosidl_generator_c.so
[1.860s] -- Up-to-date: /ros/install/velodyne_msgs/include/velodyne_msgs/velodyne_msgs
[1.863s] -- Up-to-date: /ros/install/velodyne_msgs/include/velodyne_msgs/velodyne_msgs/msg
[1.869s] -- Up-to-date: /ros/install/velodyne_msgs/include/velodyne_msgs/velodyne_msgs/msg/detail
[1.873s] -- Up-to-date: /ros/install/velodyne_msgs/include/velodyne_msgs/velodyne_msgs/msg/detail/velodyne_packet__rosidl_typesupport_fastrtps_c.h
[1.883s] -- Up-to-date: /ros/install/velodyne_msgs/include/velodyne_msgs/velodyne_msgs/msg/detail/velodyne_scan__rosidl_typesupport_fastrtps_c.h
[1.890s] -- Up-to-date: /ros/install/velodyne_msgs/include/velodyne_msgs/velodyne_msgs/msg/rosidl_typesupport_fastrtps_c__visibility_control.h
[1.895s] -- Up-to-date: /ros/install/velodyne_msgs/lib/libvelodyne_msgs__rosidl_typesupport_fastrtps_c.so
[1.900s] -- Up-to-date: /ros/install/velodyne_msgs/include/velodyne_msgs/velodyne_msgs
[1.904s] -- Up-to-date: /ros/install/velodyne_msgs/include/velodyne_msgs/velodyne_msgs/msg
[1.909s] -- Up-to-date: /ros/install/velodyne_msgs/include/velodyne_msgs/velodyne_msgs/msg/detail
[1.913s] -- Up-to-date: /ros/install/velodyne_msgs/include/velodyne_msgs/velodyne_msgs/msg/detail/velodyne_packet__builder.hpp
[1.917s] -- Up-to-date: /ros/install/velodyne_msgs/include/velodyne_msgs/velodyne_msgs/msg/detail/velodyne_packet__struct.hpp
[1.923s] -- Up-to-date: /ros/install/velodyne_msgs/include/velodyne_msgs/velodyne_msgs/msg/detail/velodyne_packet__traits.hpp
[1.927s] -- Up-to-date: /ros/install/velodyne_msgs/include/velodyne_msgs/velodyne_msgs/msg/detail/velodyne_packet__type_support.hpp
[1.931s] -- Up-to-date: /ros/install/velodyne_msgs/include/velodyne_msgs/velodyne_msgs/msg/detail/velodyne_scan__builder.hpp
[1.935s] -- Up-to-date: /ros/install/velodyne_msgs/include/velodyne_msgs/velodyne_msgs/msg/detail/velodyne_scan__struct.hpp
[1.938s] -- Up-to-date: /ros/install/velodyne_msgs/include/velodyne_msgs/velodyne_msgs/msg/detail/velodyne_scan__traits.hpp
[1.941s] -- Up-to-date: /ros/install/velodyne_msgs/include/velodyne_msgs/velodyne_msgs/msg/detail/velodyne_scan__type_support.hpp
[1.944s] -- Up-to-date: /ros/install/velodyne_msgs/include/velodyne_msgs/velodyne_msgs/msg/rosidl_generator_cpp__visibility_control.hpp
[1.947s] -- Up-to-date: /ros/install/velodyne_msgs/include/velodyne_msgs/velodyne_msgs/msg/velodyne_packet.hpp
[1.950s] -- Up-to-date: /ros/install/velodyne_msgs/include/velodyne_msgs/velodyne_msgs/msg/velodyne_scan.hpp
[1.955s] -- Up-to-date: /ros/install/velodyne_msgs/include/velodyne_msgs/velodyne_msgs
[1.958s] -- Up-to-date: /ros/install/velodyne_msgs/include/velodyne_msgs/velodyne_msgs/msg
[1.960s] -- Up-to-date: /ros/install/velodyne_msgs/include/velodyne_msgs/velodyne_msgs/msg/detail
[1.964s] -- Up-to-date: /ros/install/velodyne_msgs/include/velodyne_msgs/velodyne_msgs/msg/detail/dds_fastrtps
[1.967s] -- Up-to-date: /ros/install/velodyne_msgs/include/velodyne_msgs/velodyne_msgs/msg/detail/velodyne_packet__rosidl_typesupport_fastrtps_cpp.hpp
[1.971s] -- Up-to-date: /ros/install/velodyne_msgs/include/velodyne_msgs/velodyne_msgs/msg/detail/velodyne_scan__rosidl_typesupport_fastrtps_cpp.hpp
[1.976s] -- Up-to-date: /ros/install/velodyne_msgs/include/velodyne_msgs/velodyne_msgs/msg/rosidl_typesupport_fastrtps_cpp__visibility_control.h
[1.979s] -- Up-to-date: /ros/install/velodyne_msgs/lib/libvelodyne_msgs__rosidl_typesupport_fastrtps_cpp.so
[1.984s] -- Up-to-date: /ros/install/velodyne_msgs/include/velodyne_msgs/velodyne_msgs
[1.989s] -- Up-to-date: /ros/install/velodyne_msgs/include/velodyne_msgs/velodyne_msgs/msg
[1.993s] -- Up-to-date: /ros/install/velodyne_msgs/include/velodyne_msgs/velodyne_msgs/msg/detail
[1.996s] -- Up-to-date: /ros/install/velodyne_msgs/include/velodyne_msgs/velodyne_msgs/msg/detail/velodyne_packet__rosidl_typesupport_introspection_c.h
[2.000s] -- Installing: /ros/install/velodyne_msgs/include/velodyne_msgs/velodyne_msgs/msg/detail/velodyne_packet__type_support.c
[2.011s] -- Up-to-date: /ros/install/velodyne_msgs/include/velodyne_msgs/velodyne_msgs/msg/detail/velodyne_scan__rosidl_typesupport_introspection_c.h
[2.015s] -- Up-to-date: /ros/install/velodyne_msgs/include/velodyne_msgs/velodyne_msgs/msg/detail/velodyne_scan__type_support.c
[2.018s] -- Up-to-date: /ros/install/velodyne_msgs/include/velodyne_msgs/velodyne_msgs/msg/rosidl_typesupport_introspection_c__visibility_control.h
[2.020s] -- Up-to-date: /ros/install/velodyne_msgs/lib/libvelodyne_msgs__rosidl_typesupport_introspection_c.so
[2.025s] -- Up-to-date: /ros/install/velodyne_msgs/lib/libvelodyne_msgs__rosidl_typesupport_c.so
[2.028s] -- Up-to-date: /ros/install/velodyne_msgs/include/velodyne_msgs/velodyne_msgs
[2.034s] -- Up-to-date: /ros/install/velodyne_msgs/include/velodyne_msgs/velodyne_msgs/msg
[2.036s] -- Up-to-date: /ros/install/velodyne_msgs/include/velodyne_msgs/velodyne_msgs/msg/detail
[2.039s] -- Up-to-date: /ros/install/velodyne_msgs/include/velodyne_msgs/velodyne_msgs/msg/detail/velodyne_packet__rosidl_typesupport_introspection_cpp.hpp
[2.043s] -- Up-to-date: /ros/install/velodyne_msgs/include/velodyne_msgs/velodyne_msgs/msg/detail/velodyne_packet__type_support.cpp
[2.047s] -- Up-to-date: /ros/install/velodyne_msgs/include/velodyne_msgs/velodyne_msgs/msg/detail/velodyne_scan__rosidl_typesupport_introspection_cpp.hpp
[2.050s] -- Up-to-date: /ros/install/velodyne_msgs/include/velodyne_msgs/velodyne_msgs/msg/detail/velodyne_scan__type_support.cpp
[2.053s] -- Up-to-date: /ros/install/velodyne_msgs/lib/libvelodyne_msgs__rosidl_typesupport_introspection_cpp.so
[2.057s] -- Up-to-date: /ros/install/velodyne_msgs/lib/libvelodyne_msgs__rosidl_typesupport_cpp.so
[2.061s] -- Up-to-date: /ros/install/velodyne_msgs/share/velodyne_msgs/environment/pythonpath.sh
[2.067s] -- Up-to-date: /ros/install/velodyne_msgs/share/velodyne_msgs/environment/pythonpath.dsv
[2.072s] -- Up-to-date: /ros/install/velodyne_msgs/lib/python3.12/site-packages/velodyne_msgs-2.5.1-py3.12.egg-info
[2.076s] -- Installing: /ros/install/velodyne_msgs/lib/python3.12/site-packages/velodyne_msgs-2.5.1-py3.12.egg-info/PKG-INFO
[2.080s] -- Installing: /ros/install/velodyne_msgs/lib/python3.12/site-packages/velodyne_msgs-2.5.1-py3.12.egg-info/SOURCES.txt
[2.085s] -- Installing: /ros/install/velodyne_msgs/lib/python3.12/site-packages/velodyne_msgs-2.5.1-py3.12.egg-info/dependency_links.txt
[2.092s] -- Installing: /ros/install/velodyne_msgs/lib/python3.12/site-packages/velodyne_msgs-2.5.1-py3.12.egg-info/top_level.txt
[2.096s] -- Up-to-date: /ros/install/velodyne_msgs/lib/python3.12/site-packages/velodyne_msgs
[2.100s] -- Up-to-date: /ros/install/velodyne_msgs/lib/python3.12/site-packages/velodyne_msgs/__init__.py
[2.103s] -- Up-to-date: /ros/install/velodyne_msgs/lib/python3.12/site-packages/velodyne_msgs/_velodyne_msgs_s.ep.rosidl_typesupport_c.c
[2.108s] -- Up-to-date: /ros/install/velodyne_msgs/lib/python3.12/site-packages/velodyne_msgs/_velodyne_msgs_s.ep.rosidl_typesupport_fastrtps_c.c
[2.113s] -- Up-to-date: /ros/install/velodyne_msgs/lib/python3.12/site-packages/velodyne_msgs/_velodyne_msgs_s.ep.rosidl_typesupport_introspection_c.c
[2.116s] -- Up-to-date: /ros/install/velodyne_msgs/lib/python3.12/site-packages/velodyne_msgs/msg
[2.119s] -- Up-to-date: /ros/install/velodyne_msgs/lib/python3.12/site-packages/velodyne_msgs/msg/__init__.py
[2.122s] -- Up-to-date: /ros/install/velodyne_msgs/lib/python3.12/site-packages/velodyne_msgs/msg/_velodyne_packet.py
[2.126s] -- Up-to-date: /ros/install/velodyne_msgs/lib/python3.12/site-packages/velodyne_msgs/msg/_velodyne_packet_s.c
[2.130s] -- Up-to-date: /ros/install/velodyne_msgs/lib/python3.12/site-packages/velodyne_msgs/msg/_velodyne_scan.py
[2.133s] -- Up-to-date: /ros/install/velodyne_msgs/lib/python3.12/site-packages/velodyne_msgs/msg/_velodyne_scan_s.c
[2.136s] -- Up-to-date: /ros/install/velodyne_msgs/lib/python3.12/site-packages/velodyne_msgs/velodyne_msgs_s__rosidl_typesupport_c.so
[2.140s] -- Up-to-date: /ros/install/velodyne_msgs/lib/python3.12/site-packages/velodyne_msgs/velodyne_msgs_s__rosidl_typesupport_fastrtps_c.so
[2.144s] -- Up-to-date: /ros/install/velodyne_msgs/lib/python3.12/site-packages/velodyne_msgs/velodyne_msgs_s__rosidl_typesupport_introspection_c.so
[2.159s] Listing '/ros/install/velodyne_msgs/lib/python3.12/site-packages/velodyne_msgs'...
[2.164s] Listing '/ros/install/velodyne_msgs/lib/python3.12/site-packages/velodyne_msgs/msg'...
[2.169s] -- Up-to-date: /ros/install/velodyne_msgs/lib/python3.12/site-packages/velodyne_msgs/velodyne_msgs_s__rosidl_typesupport_fastrtps_c.so
[2.175s] -- Up-to-date: /ros/install/velodyne_msgs/lib/python3.12/site-packages/velodyne_msgs/velodyne_msgs_s__rosidl_typesupport_introspection_c.so
[2.182s] -- Up-to-date: /ros/install/velodyne_msgs/lib/python3.12/site-packages/velodyne_msgs/velodyne_msgs_s__rosidl_typesupport_c.so
[2.191s] -- Up-to-date: /ros/install/velodyne_msgs/lib/libvelodyne_msgs__rosidl_generator_py.so
[2.195s] -- Up-to-date: /ros/install/velodyne_msgs/share/velodyne_msgs/msg/VelodynePacket.idl
[2.202s] -- Up-to-date: /ros/install/velodyne_msgs/share/velodyne_msgs/msg/VelodyneScan.idl
[2.206s] -- Up-to-date: /ros/install/velodyne_msgs/share/velodyne_msgs/msg/VelodynePacket.msg
[2.210s] -- Up-to-date: /ros/install/velodyne_msgs/share/velodyne_msgs/msg/VelodyneScan.msg
[2.214s] -- Up-to-date: /ros/install/velodyne_msgs/share/ament_index/resource_index/package_run_dependencies/velodyne_msgs
[2.218s] -- Up-to-date: /ros/install/velodyne_msgs/share/ament_index/resource_index/parent_prefix_path/velodyne_msgs
[2.222s] -- Up-to-date: /ros/install/velodyne_msgs/share/velodyne_msgs/environment/ament_prefix_path.sh
[2.225s] -- Up-to-date: /ros/install/velodyne_msgs/share/velodyne_msgs/environment/ament_prefix_path.dsv
[2.230s] -- Up-to-date: /ros/install/velodyne_msgs/share/velodyne_msgs/environment/path.sh
[2.235s] -- Up-to-date: /ros/install/velodyne_msgs/share/velodyne_msgs/environment/path.dsv
[2.238s] -- Up-to-date: /ros/install/velodyne_msgs/share/velodyne_msgs/local_setup.bash
[2.243s] -- Up-to-date: /ros/install/velodyne_msgs/share/velodyne_msgs/local_setup.sh
[2.247s] -- Up-to-date: /ros/install/velodyne_msgs/share/velodyne_msgs/local_setup.zsh
[2.250s] -- Up-to-date: /ros/install/velodyne_msgs/share/velodyne_msgs/local_setup.dsv
[2.255s] -- Installing: /ros/install/velodyne_msgs/share/velodyne_msgs/package.dsv
[2.258s] -- Up-to-date: /ros/install/velodyne_msgs/share/ament_index/resource_index/packages/velodyne_msgs
[2.262s] -- Up-to-date: /ros/install/velodyne_msgs/share/velodyne_msgs/cmake/export_velodyne_msgs__rosidl_generator_cExport.cmake
[2.266s] -- Up-to-date: /ros/install/velodyne_msgs/share/velodyne_msgs/cmake/export_velodyne_msgs__rosidl_generator_cExport-noconfig.cmake
[2.271s] -- Up-to-date: /ros/install/velodyne_msgs/share/velodyne_msgs/cmake/export_velodyne_msgs__rosidl_typesupport_fastrtps_cExport.cmake
[2.274s] -- Up-to-date: /ros/install/velodyne_msgs/share/velodyne_msgs/cmake/export_velodyne_msgs__rosidl_typesupport_fastrtps_cExport-noconfig.cmake
[2.279s] -- Up-to-date: /ros/install/velodyne_msgs/share/velodyne_msgs/cmake/export_velodyne_msgs__rosidl_generator_cppExport.cmake
[2.283s] -- Up-to-date: /ros/install/velodyne_msgs/share/velodyne_msgs/cmake/export_velodyne_msgs__rosidl_typesupport_fastrtps_cppExport.cmake
[2.288s] -- Up-to-date: /ros/install/velodyne_msgs/share/velodyne_msgs/cmake/export_velodyne_msgs__rosidl_typesupport_fastrtps_cppExport-noconfig.cmake
[2.293s] -- Up-to-date: /ros/install/velodyne_msgs/share/velodyne_msgs/cmake/velodyne_msgs__rosidl_typesupport_introspection_cExport.cmake
[2.298s] -- Up-to-date: /ros/install/velodyne_msgs/share/velodyne_msgs/cmake/velodyne_msgs__rosidl_typesupport_introspection_cExport-noconfig.cmake
[2.302s] -- Up-to-date: /ros/install/velodyne_msgs/share/velodyne_msgs/cmake/velodyne_msgs__rosidl_typesupport_cExport.cmake
[2.306s] -- Up-to-date: /ros/install/velodyne_msgs/share/velodyne_msgs/cmake/velodyne_msgs__rosidl_typesupport_cExport-noconfig.cmake
[2.310s] -- Up-to-date: /ros/install/velodyne_msgs/share/velodyne_msgs/cmake/velodyne_msgs__rosidl_typesupport_introspection_cppExport.cmake
[2.313s] -- Up-to-date: /ros/install/velodyne_msgs/share/velodyne_msgs/cmake/velodyne_msgs__rosidl_typesupport_introspection_cppExport-noconfig.cmake
[2.316s] -- Up-to-date: /ros/install/velodyne_msgs/share/velodyne_msgs/cmake/velodyne_msgs__rosidl_typesupport_cppExport.cmake
[2.320s] -- Up-to-date: /ros/install/velodyne_msgs/share/velodyne_msgs/cmake/velodyne_msgs__rosidl_typesupport_cppExport-noconfig.cmake
[2.324s] -- Up-to-date: /ros/install/velodyne_msgs/share/velodyne_msgs/cmake/export_velodyne_msgs__rosidl_generator_pyExport.cmake
[2.327s] -- Up-to-date: /ros/install/velodyne_msgs/share/velodyne_msgs/cmake/export_velodyne_msgs__rosidl_generator_pyExport-noconfig.cmake
[2.333s] -- Up-to-date: /ros/install/velodyne_msgs/share/velodyne_msgs/cmake/rosidl_cmake-extras.cmake
[2.336s] -- Up-to-date: /ros/install/velodyne_msgs/share/velodyne_msgs/cmake/ament_cmake_export_dependencies-extras.cmake
[2.338s] -- Up-to-date: /ros/install/velodyne_msgs/share/velodyne_msgs/cmake/ament_cmake_export_include_directories-extras.cmake
[2.342s] -- Up-to-date: /ros/install/velodyne_msgs/share/velodyne_msgs/cmake/ament_cmake_export_libraries-extras.cmake
[2.346s] -- Up-to-date: /ros/install/velodyne_msgs/share/velodyne_msgs/cmake/ament_cmake_export_targets-extras.cmake
[2.352s] -- Up-to-date: /ros/install/velodyne_msgs/share/velodyne_msgs/cmake/rosidl_cmake_export_typesupport_targets-extras.cmake
[2.356s] -- Up-to-date: /ros/install/velodyne_msgs/share/velodyne_msgs/cmake/rosidl_cmake_export_typesupport_libraries-extras.cmake
[2.360s] -- Up-to-date: /ros/install/velodyne_msgs/share/velodyne_msgs/cmake/velodyne_msgsConfig.cmake
[2.363s] -- Up-to-date: /ros/install/velodyne_msgs/share/velodyne_msgs/cmake/velodyne_msgsConfig-version.cmake
[2.367s] -- Up-to-date: /ros/install/velodyne_msgs/share/velodyne_msgs/package.xml
[2.370s] Invoked command in '/ros/build/velodyne_msgs' returned '0': CMAKE_PREFIX_PATH=/ros/install/debug_tools:/opt/ros/rolling /usr/bin/cmake --install /ros/build/velodyne_msgs
