[0.109s] DEBUG:colcon:Command line arguments: ['/usr/bin/colcon', 'build']
[0.110s] DEBUG:colcon:Parsed command line arguments: Namespace(log_base=None, log_level=None, verb_name='build', build_base='build', install_base='install', merge_install=False, symlink_install=False, test_result_base=None, continue_on_error=False, executor='parallel', parallel_workers=4, event_handlers=None, ignore_user_meta=False, metas=['./colcon.meta'], base_paths=['.'], packages_ignore=None, packages_ignore_regex=None, paths=None, packages_up_to=None, packages_up_to_regex=None, packages_above=None, packages_above_and_dependencies=None, packages_above_depth=None, packages_select_by_dep=None, packages_skip_by_dep=None, packages_skip_up_to=None, packages_select_build_failed=False, packages_skip_build_finished=False, packages_select_test_failures=False, packages_skip_test_passed=False, packages_select=None, packages_skip=None, packages_select_regex=None, packages_skip_regex=None, packages_start=None, packages_end=None, cmake_args=None, cmake_target=None, cmake_target_skip_unavailable=False, cmake_clean_cache=False, cmake_clean_first=False, cmake_force_configure=False, ament_cmake_args=None, catkin_cmake_args=None, catkin_skip_building_tests=False, mixin_files=None, mixin=None, verb_parser=<colcon_mixin.mixin.mixin_argument.MixinArgumentDecorator object at 0xffffbab58080>, verb_extension=<colcon_core.verb.build.BuildVerb object at 0xffffbad1ee40>, main=<bound method BuildVerb.main of <colcon_core.verb.build.BuildVerb object at 0xffffbad1ee40>>, mixin_verb=('build',))
[0.142s] Level 1:colcon.colcon_core.package_discovery:discover_packages(colcon_meta) check parameters
[0.144s] INFO:colcon.colcon_metadata.package_discovery.colcon_meta:Using configuration from '/root/.colcon/metadata/default/Gazebo.meta'
[0.145s] INFO:colcon.colcon_metadata.package_discovery.colcon_meta:Using configuration from '/root/.colcon/metadata/default/fastrtps.meta'
[0.147s] Level 1:colcon.colcon_core.package_discovery:discover_packages(recursive) check parameters
[0.148s] Level 1:colcon.colcon_core.package_discovery:discover_packages(ignore) check parameters
[0.149s] Level 1:colcon.colcon_core.package_discovery:discover_packages(path) check parameters
[0.150s] Level 1:colcon.colcon_core.package_discovery:discover_packages(colcon_meta) discover
[0.151s] Level 1:colcon.colcon_core.package_discovery:discover_packages(recursive) discover
[0.152s] INFO:colcon.colcon_core.package_discovery:Crawling recursively for packages in '/ros'
[0.154s] Level 1:colcon.colcon_core.package_identification:_identify(.) by extensions ['ignore', 'ignore_ament_install']
[0.155s] Level 1:colcon.colcon_core.package_identification:_identify(.) by extension 'ignore'
[0.157s] Level 1:colcon.colcon_core.package_identification:_identify(.) by extension 'ignore_ament_install'
[0.160s] Level 1:colcon.colcon_core.package_identification:_identify(.) by extensions ['colcon_pkg']
[0.161s] Level 1:colcon.colcon_core.package_identification:_identify(.) by extension 'colcon_pkg'
[0.163s] Level 1:colcon.colcon_core.package_identification:_identify(.) by extensions ['colcon_meta']
[0.164s] Level 1:colcon.colcon_core.package_identification:_identify(.) by extension 'colcon_meta'
[0.165s] Level 1:colcon.colcon_core.package_identification:_identify(.) by extensions ['ros']
[0.165s] Level 1:colcon.colcon_core.package_identification:_identify(.) by extension 'ros'
[0.188s] Level 1:colcon.colcon_core.package_identification:_identify(.) by extensions ['cmake', 'python']
[0.190s] Level 1:colcon.colcon_core.package_identification:_identify(.) by extension 'cmake'
[0.192s] Level 1:colcon.colcon_core.package_identification:_identify(.) by extension 'python'
[0.194s] Level 1:colcon.colcon_core.package_identification:_identify(.) by extensions ['python_setup_py']
[0.195s] Level 1:colcon.colcon_core.package_identification:_identify(.) by extension 'python_setup_py'
[0.197s] Level 1:colcon.colcon_core.package_identification:_identify(build) by extensions ['ignore', 'ignore_ament_install']
[0.198s] Level 1:colcon.colcon_core.package_identification:_identify(build) by extension 'ignore'
[0.200s] Level 1:colcon.colcon_core.package_identification:_identify(build) ignored
[0.201s] Level 1:colcon.colcon_core.package_identification:_identify(data) by extensions ['ignore', 'ignore_ament_install']
[0.202s] Level 1:colcon.colcon_core.package_identification:_identify(data) by extension 'ignore'
[0.204s] Level 1:colcon.colcon_core.package_identification:_identify(data) by extension 'ignore_ament_install'
[0.207s] Level 1:colcon.colcon_core.package_identification:_identify(data) by extensions ['colcon_pkg']
[0.208s] Level 1:colcon.colcon_core.package_identification:_identify(data) by extension 'colcon_pkg'
[0.209s] Level 1:colcon.colcon_core.package_identification:_identify(data) by extensions ['colcon_meta']
[0.210s] Level 1:colcon.colcon_core.package_identification:_identify(data) by extension 'colcon_meta'
[0.211s] Level 1:colcon.colcon_core.package_identification:_identify(data) by extensions ['ros']
[0.212s] Level 1:colcon.colcon_core.package_identification:_identify(data) by extension 'ros'
[0.217s] Level 1:colcon.colcon_core.package_identification:_identify(data) by extensions ['cmake', 'python']
[0.218s] Level 1:colcon.colcon_core.package_identification:_identify(data) by extension 'cmake'
[0.220s] Level 1:colcon.colcon_core.package_identification:_identify(data) by extension 'python'
[0.222s] Level 1:colcon.colcon_core.package_identification:_identify(data) by extensions ['python_setup_py']
[0.222s] Level 1:colcon.colcon_core.package_identification:_identify(data) by extension 'python_setup_py'
[0.224s] Level 1:colcon.colcon_core.package_identification:_identify(data/bags) by extensions ['ignore', 'ignore_ament_install']
[0.225s] Level 1:colcon.colcon_core.package_identification:_identify(data/bags) by extension 'ignore'
[0.227s] Level 1:colcon.colcon_core.package_identification:_identify(data/bags) by extension 'ignore_ament_install'
[0.230s] Level 1:colcon.colcon_core.package_identification:_identify(data/bags) by extensions ['colcon_pkg']
[0.231s] Level 1:colcon.colcon_core.package_identification:_identify(data/bags) by extension 'colcon_pkg'
[0.234s] Level 1:colcon.colcon_core.package_identification:_identify(data/bags) by extensions ['colcon_meta']
[0.235s] Level 1:colcon.colcon_core.package_identification:_identify(data/bags) by extension 'colcon_meta'
[0.236s] Level 1:colcon.colcon_core.package_identification:_identify(data/bags) by extensions ['ros']
[0.237s] Level 1:colcon.colcon_core.package_identification:_identify(data/bags) by extension 'ros'
[0.241s] Level 1:colcon.colcon_core.package_identification:_identify(data/bags) by extensions ['cmake', 'python']
[0.241s] Level 1:colcon.colcon_core.package_identification:_identify(data/bags) by extension 'cmake'
[0.243s] Level 1:colcon.colcon_core.package_identification:_identify(data/bags) by extension 'python'
[0.244s] Level 1:colcon.colcon_core.package_identification:_identify(data/bags) by extensions ['python_setup_py']
[0.245s] Level 1:colcon.colcon_core.package_identification:_identify(data/bags) by extension 'python_setup_py'
[0.248s] Level 1:colcon.colcon_core.package_identification:_identify(data/bags/bonirob_2016-04-20-15-43-50_10.bag_ros2) by extensions ['ignore', 'ignore_ament_install']
[0.249s] Level 1:colcon.colcon_core.package_identification:_identify(data/bags/bonirob_2016-04-20-15-43-50_10.bag_ros2) by extension 'ignore'
[0.251s] Level 1:colcon.colcon_core.package_identification:_identify(data/bags/bonirob_2016-04-20-15-43-50_10.bag_ros2) by extension 'ignore_ament_install'
[0.253s] Level 1:colcon.colcon_core.package_identification:_identify(data/bags/bonirob_2016-04-20-15-43-50_10.bag_ros2) by extensions ['colcon_pkg']
[0.254s] Level 1:colcon.colcon_core.package_identification:_identify(data/bags/bonirob_2016-04-20-15-43-50_10.bag_ros2) by extension 'colcon_pkg'
[0.256s] Level 1:colcon.colcon_core.package_identification:_identify(data/bags/bonirob_2016-04-20-15-43-50_10.bag_ros2) by extensions ['colcon_meta']
[0.256s] Level 1:colcon.colcon_core.package_identification:_identify(data/bags/bonirob_2016-04-20-15-43-50_10.bag_ros2) by extension 'colcon_meta'
[0.258s] Level 1:colcon.colcon_core.package_identification:_identify(data/bags/bonirob_2016-04-20-15-43-50_10.bag_ros2) by extensions ['ros']
[0.259s] Level 1:colcon.colcon_core.package_identification:_identify(data/bags/bonirob_2016-04-20-15-43-50_10.bag_ros2) by extension 'ros'
[0.264s] Level 1:colcon.colcon_core.package_identification:_identify(data/bags/bonirob_2016-04-20-15-43-50_10.bag_ros2) by extensions ['cmake', 'python']
[0.265s] Level 1:colcon.colcon_core.package_identification:_identify(data/bags/bonirob_2016-04-20-15-43-50_10.bag_ros2) by extension 'cmake'
[0.267s] Level 1:colcon.colcon_core.package_identification:_identify(data/bags/bonirob_2016-04-20-15-43-50_10.bag_ros2) by extension 'python'
[0.269s] Level 1:colcon.colcon_core.package_identification:_identify(data/bags/bonirob_2016-04-20-15-43-50_10.bag_ros2) by extensions ['python_setup_py']
[0.270s] Level 1:colcon.colcon_core.package_identification:_identify(data/bags/bonirob_2016-04-20-15-43-50_10.bag_ros2) by extension 'python_setup_py'
[0.271s] Level 1:colcon.colcon_core.package_identification:_identify(debug_tools) by extensions ['ignore', 'ignore_ament_install']
[0.272s] Level 1:colcon.colcon_core.package_identification:_identify(debug_tools) by extension 'ignore'
[0.274s] Level 1:colcon.colcon_core.package_identification:_identify(debug_tools) by extension 'ignore_ament_install'
[0.278s] Level 1:colcon.colcon_core.package_identification:_identify(debug_tools) by extensions ['colcon_pkg']
[0.279s] Level 1:colcon.colcon_core.package_identification:_identify(debug_tools) by extension 'colcon_pkg'
[0.281s] Level 1:colcon.colcon_core.package_identification:_identify(debug_tools) by extensions ['colcon_meta']
[0.282s] Level 1:colcon.colcon_core.package_identification:_identify(debug_tools) by extension 'colcon_meta'
[0.282s] Level 1:colcon.colcon_core.package_identification:_identify(debug_tools) by extensions ['ros']
[0.283s] Level 1:colcon.colcon_core.package_identification:_identify(debug_tools) by extension 'ros'
[0.290s] DEBUG:colcon.colcon_core.package_identification:Package 'debug_tools' with type 'ros.ament_python' and name 'debug_tools'
[0.291s] Level 1:colcon.colcon_core.package_identification:_identify(install) by extensions ['ignore', 'ignore_ament_install']
[0.292s] Level 1:colcon.colcon_core.package_identification:_identify(install) by extension 'ignore'
[0.293s] Level 1:colcon.colcon_core.package_identification:_identify(install) ignored
[0.300s] Level 1:colcon.colcon_core.package_identification:_identify(log) by extensions ['ignore', 'ignore_ament_install']
[0.301s] Level 1:colcon.colcon_core.package_identification:_identify(log) by extension 'ignore'
[0.302s] Level 1:colcon.colcon_core.package_identification:_identify(log) ignored
[0.305s] Level 1:colcon.colcon_core.package_identification:_identify(velodyne) by extensions ['ignore', 'ignore_ament_install']
[0.306s] Level 1:colcon.colcon_core.package_identification:_identify(velodyne) by extension 'ignore'
[0.308s] Level 1:colcon.colcon_core.package_identification:_identify(velodyne) by extension 'ignore_ament_install'
[0.311s] Level 1:colcon.colcon_core.package_identification:_identify(velodyne) by extensions ['colcon_pkg']
[0.312s] Level 1:colcon.colcon_core.package_identification:_identify(velodyne) by extension 'colcon_pkg'
[0.313s] Level 1:colcon.colcon_core.package_identification:_identify(velodyne) by extensions ['colcon_meta']
[0.314s] Level 1:colcon.colcon_core.package_identification:_identify(velodyne) by extension 'colcon_meta'
[0.315s] Level 1:colcon.colcon_core.package_identification:_identify(velodyne) by extensions ['ros']
[0.315s] Level 1:colcon.colcon_core.package_identification:_identify(velodyne) by extension 'ros'
[0.320s] Level 1:colcon.colcon_core.package_identification:_identify(velodyne) by extensions ['cmake', 'python']
[0.321s] Level 1:colcon.colcon_core.package_identification:_identify(velodyne) by extension 'cmake'
[0.322s] Level 1:colcon.colcon_core.package_identification:_identify(velodyne) by extension 'python'
[0.325s] Level 1:colcon.colcon_core.package_identification:_identify(velodyne) by extensions ['python_setup_py']
[0.326s] Level 1:colcon.colcon_core.package_identification:_identify(velodyne) by extension 'python_setup_py'
[0.330s] Level 1:colcon.colcon_core.package_identification:_identify(velodyne/velodyne) by extensions ['ignore', 'ignore_ament_install']
[0.331s] Level 1:colcon.colcon_core.package_identification:_identify(velodyne/velodyne) by extension 'ignore'
[0.333s] Level 1:colcon.colcon_core.package_identification:_identify(velodyne/velodyne) by extension 'ignore_ament_install'
[0.336s] Level 1:colcon.colcon_core.package_identification:_identify(velodyne/velodyne) by extensions ['colcon_pkg']
[0.337s] Level 1:colcon.colcon_core.package_identification:_identify(velodyne/velodyne) by extension 'colcon_pkg'
[0.338s] Level 1:colcon.colcon_core.package_identification:_identify(velodyne/velodyne) by extensions ['colcon_meta']
[0.339s] Level 1:colcon.colcon_core.package_identification:_identify(velodyne/velodyne) by extension 'colcon_meta'
[0.340s] Level 1:colcon.colcon_core.package_identification:_identify(velodyne/velodyne) by extensions ['ros']
[0.341s] Level 1:colcon.colcon_core.package_identification:_identify(velodyne/velodyne) by extension 'ros'
[0.347s] DEBUG:colcon.colcon_core.package_identification:Package 'velodyne/velodyne' with type 'ros.ament_cmake' and name 'velodyne'
[0.350s] Level 1:colcon.colcon_core.package_identification:_identify(velodyne/velodyne_driver) by extensions ['ignore', 'ignore_ament_install']
[0.351s] Level 1:colcon.colcon_core.package_identification:_identify(velodyne/velodyne_driver) by extension 'ignore'
[0.352s] Level 1:colcon.colcon_core.package_identification:_identify(velodyne/velodyne_driver) by extension 'ignore_ament_install'
[0.354s] Level 1:colcon.colcon_core.package_identification:_identify(velodyne/velodyne_driver) by extensions ['colcon_pkg']
[0.355s] Level 1:colcon.colcon_core.package_identification:_identify(velodyne/velodyne_driver) by extension 'colcon_pkg'
[0.357s] Level 1:colcon.colcon_core.package_identification:_identify(velodyne/velodyne_driver) by extensions ['colcon_meta']
[0.358s] Level 1:colcon.colcon_core.package_identification:_identify(velodyne/velodyne_driver) by extension 'colcon_meta'
[0.359s] Level 1:colcon.colcon_core.package_identification:_identify(velodyne/velodyne_driver) by extensions ['ros']
[0.360s] Level 1:colcon.colcon_core.package_identification:_identify(velodyne/velodyne_driver) by extension 'ros'
[0.365s] DEBUG:colcon.colcon_core.package_identification:Package 'velodyne/velodyne_driver' with type 'ros.ament_cmake' and name 'velodyne_driver'
[0.368s] Level 1:colcon.colcon_core.package_identification:_identify(velodyne/velodyne_laserscan) by extensions ['ignore', 'ignore_ament_install']
[0.369s] Level 1:colcon.colcon_core.package_identification:_identify(velodyne/velodyne_laserscan) by extension 'ignore'
[0.371s] Level 1:colcon.colcon_core.package_identification:_identify(velodyne/velodyne_laserscan) by extension 'ignore_ament_install'
[0.373s] Level 1:colcon.colcon_core.package_identification:_identify(velodyne/velodyne_laserscan) by extensions ['colcon_pkg']
[0.374s] Level 1:colcon.colcon_core.package_identification:_identify(velodyne/velodyne_laserscan) by extension 'colcon_pkg'
[0.375s] Level 1:colcon.colcon_core.package_identification:_identify(velodyne/velodyne_laserscan) by extensions ['colcon_meta']
[0.376s] Level 1:colcon.colcon_core.package_identification:_identify(velodyne/velodyne_laserscan) by extension 'colcon_meta'
[0.377s] Level 1:colcon.colcon_core.package_identification:_identify(velodyne/velodyne_laserscan) by extensions ['ros']
[0.378s] Level 1:colcon.colcon_core.package_identification:_identify(velodyne/velodyne_laserscan) by extension 'ros'
[0.384s] DEBUG:colcon.colcon_core.package_identification:Package 'velodyne/velodyne_laserscan' with type 'ros.ament_cmake' and name 'velodyne_laserscan'
[0.387s] Level 1:colcon.colcon_core.package_identification:_identify(velodyne/velodyne_msgs) by extensions ['ignore', 'ignore_ament_install']
[0.388s] Level 1:colcon.colcon_core.package_identification:_identify(velodyne/velodyne_msgs) by extension 'ignore'
[0.390s] Level 1:colcon.colcon_core.package_identification:_identify(velodyne/velodyne_msgs) by extension 'ignore_ament_install'
[0.392s] Level 1:colcon.colcon_core.package_identification:_identify(velodyne/velodyne_msgs) by extensions ['colcon_pkg']
[0.392s] Level 1:colcon.colcon_core.package_identification:_identify(velodyne/velodyne_msgs) by extension 'colcon_pkg'
[0.394s] Level 1:colcon.colcon_core.package_identification:_identify(velodyne/velodyne_msgs) by extensions ['colcon_meta']
[0.396s] Level 1:colcon.colcon_core.package_identification:_identify(velodyne/velodyne_msgs) by extension 'colcon_meta'
[0.396s] Level 1:colcon.colcon_core.package_identification:_identify(velodyne/velodyne_msgs) by extensions ['ros']
[0.397s] Level 1:colcon.colcon_core.package_identification:_identify(velodyne/velodyne_msgs) by extension 'ros'
[0.402s] DEBUG:colcon.colcon_core.package_identification:Package 'velodyne/velodyne_msgs' with type 'ros.ament_cmake' and name 'velodyne_msgs'
[0.405s] Level 1:colcon.colcon_core.package_identification:_identify(velodyne/velodyne_pointcloud) by extensions ['ignore', 'ignore_ament_install']
[0.406s] Level 1:colcon.colcon_core.package_identification:_identify(velodyne/velodyne_pointcloud) by extension 'ignore'
[0.408s] Level 1:colcon.colcon_core.package_identification:_identify(velodyne/velodyne_pointcloud) by extension 'ignore_ament_install'
[0.410s] Level 1:colcon.colcon_core.package_identification:_identify(velodyne/velodyne_pointcloud) by extensions ['colcon_pkg']
[0.411s] Level 1:colcon.colcon_core.package_identification:_identify(velodyne/velodyne_pointcloud) by extension 'colcon_pkg'
[0.412s] Level 1:colcon.colcon_core.package_identification:_identify(velodyne/velodyne_pointcloud) by extensions ['colcon_meta']
[0.413s] Level 1:colcon.colcon_core.package_identification:_identify(velodyne/velodyne_pointcloud) by extension 'colcon_meta'
[0.414s] Level 1:colcon.colcon_core.package_identification:_identify(velodyne/velodyne_pointcloud) by extensions ['ros']
[0.415s] Level 1:colcon.colcon_core.package_identification:_identify(velodyne/velodyne_pointcloud) by extension 'ros'
[0.420s] DEBUG:colcon.colcon_core.package_identification:Package 'velodyne/velodyne_pointcloud' with type 'ros.ament_cmake' and name 'velodyne_pointcloud'
[0.421s] Level 1:colcon.colcon_core.package_discovery:discover_packages(recursive) using defaults
[0.422s] Level 1:colcon.colcon_core.package_discovery:discover_packages(ignore) discover
[0.422s] Level 1:colcon.colcon_core.package_discovery:discover_packages(ignore) using defaults
[0.423s] Level 1:colcon.colcon_core.package_discovery:discover_packages(path) discover
[0.424s] Level 1:colcon.colcon_core.package_discovery:discover_packages(path) using defaults
[0.444s] Level 5:colcon.colcon_core.verb:set package 'debug_tools' build argument 'cmake_args' from command line to 'None'
[0.445s] Level 5:colcon.colcon_core.verb:set package 'debug_tools' build argument 'cmake_target' from command line to 'None'
[0.446s] Level 5:colcon.colcon_core.verb:set package 'debug_tools' build argument 'cmake_target_skip_unavailable' from command line to 'False'
[0.447s] Level 5:colcon.colcon_core.verb:set package 'debug_tools' build argument 'cmake_clean_cache' from command line to 'False'
[0.448s] Level 5:colcon.colcon_core.verb:set package 'debug_tools' build argument 'cmake_clean_first' from command line to 'False'
[0.449s] Level 5:colcon.colcon_core.verb:set package 'debug_tools' build argument 'cmake_force_configure' from command line to 'False'
[0.449s] Level 5:colcon.colcon_core.verb:set package 'debug_tools' build argument 'ament_cmake_args' from command line to 'None'
[0.450s] Level 5:colcon.colcon_core.verb:set package 'debug_tools' build argument 'catkin_cmake_args' from command line to 'None'
[0.451s] Level 5:colcon.colcon_core.verb:set package 'debug_tools' build argument 'catkin_skip_building_tests' from command line to 'False'
[0.452s] DEBUG:colcon.colcon_core.verb:Building package 'debug_tools' with the following arguments: {'ament_cmake_args': None, 'build_base': '/ros/build/debug_tools', 'catkin_cmake_args': None, 'catkin_skip_building_tests': False, 'cmake_args': None, 'cmake_clean_cache': False, 'cmake_clean_first': False, 'cmake_force_configure': False, 'cmake_target': None, 'cmake_target_skip_unavailable': False, 'install_base': '/ros/install/debug_tools', 'merge_install': False, 'path': '/ros/debug_tools', 'symlink_install': False, 'test_result_base': None}
[0.454s] Level 5:colcon.colcon_core.verb:set package 'velodyne_laserscan' build argument 'cmake_args' from command line to 'None'
[0.454s] Level 5:colcon.colcon_core.verb:set package 'velodyne_laserscan' build argument 'cmake_target' from command line to 'None'
[0.456s] Level 5:colcon.colcon_core.verb:set package 'velodyne_laserscan' build argument 'cmake_target_skip_unavailable' from command line to 'False'
[0.456s] Level 5:colcon.colcon_core.verb:set package 'velodyne_laserscan' build argument 'cmake_clean_cache' from command line to 'False'
[0.457s] Level 5:colcon.colcon_core.verb:set package 'velodyne_laserscan' build argument 'cmake_clean_first' from command line to 'False'
[0.458s] Level 5:colcon.colcon_core.verb:set package 'velodyne_laserscan' build argument 'cmake_force_configure' from command line to 'False'
[0.460s] Level 5:colcon.colcon_core.verb:set package 'velodyne_laserscan' build argument 'ament_cmake_args' from command line to 'None'
[0.460s] Level 5:colcon.colcon_core.verb:set package 'velodyne_laserscan' build argument 'catkin_cmake_args' from command line to 'None'
[0.461s] Level 5:colcon.colcon_core.verb:set package 'velodyne_laserscan' build argument 'catkin_skip_building_tests' from command line to 'False'
[0.462s] DEBUG:colcon.colcon_core.verb:Building package 'velodyne_laserscan' with the following arguments: {'ament_cmake_args': None, 'build_base': '/ros/build/velodyne_laserscan', 'catkin_cmake_args': None, 'catkin_skip_building_tests': False, 'cmake_args': None, 'cmake_clean_cache': False, 'cmake_clean_first': False, 'cmake_force_configure': False, 'cmake_target': None, 'cmake_target_skip_unavailable': False, 'install_base': '/ros/install/velodyne_laserscan', 'merge_install': False, 'path': '/ros/velodyne/velodyne_laserscan', 'symlink_install': False, 'test_result_base': None}
[0.463s] Level 5:colcon.colcon_core.verb:set package 'velodyne_msgs' build argument 'cmake_args' from command line to 'None'
[0.463s] Level 5:colcon.colcon_core.verb:set package 'velodyne_msgs' build argument 'cmake_target' from command line to 'None'
[0.464s] Level 5:colcon.colcon_core.verb:set package 'velodyne_msgs' build argument 'cmake_target_skip_unavailable' from command line to 'False'
[0.465s] Level 5:colcon.colcon_core.verb:set package 'velodyne_msgs' build argument 'cmake_clean_cache' from command line to 'False'
[0.465s] Level 5:colcon.colcon_core.verb:set package 'velodyne_msgs' build argument 'cmake_clean_first' from command line to 'False'
[0.466s] Level 5:colcon.colcon_core.verb:set package 'velodyne_msgs' build argument 'cmake_force_configure' from command line to 'False'
[0.467s] Level 5:colcon.colcon_core.verb:set package 'velodyne_msgs' build argument 'ament_cmake_args' from command line to 'None'
[0.468s] Level 5:colcon.colcon_core.verb:set package 'velodyne_msgs' build argument 'catkin_cmake_args' from command line to 'None'
[0.468s] Level 5:colcon.colcon_core.verb:set package 'velodyne_msgs' build argument 'catkin_skip_building_tests' from command line to 'False'
[0.469s] DEBUG:colcon.colcon_core.verb:Building package 'velodyne_msgs' with the following arguments: {'ament_cmake_args': None, 'build_base': '/ros/build/velodyne_msgs', 'catkin_cmake_args': None, 'catkin_skip_building_tests': False, 'cmake_args': None, 'cmake_clean_cache': False, 'cmake_clean_first': False, 'cmake_force_configure': False, 'cmake_target': None, 'cmake_target_skip_unavailable': False, 'install_base': '/ros/install/velodyne_msgs', 'merge_install': False, 'path': '/ros/velodyne/velodyne_msgs', 'symlink_install': False, 'test_result_base': None}
[0.471s] Level 5:colcon.colcon_core.verb:set package 'velodyne_driver' build argument 'cmake_args' from command line to 'None'
[0.472s] Level 5:colcon.colcon_core.verb:set package 'velodyne_driver' build argument 'cmake_target' from command line to 'None'
[0.473s] Level 5:colcon.colcon_core.verb:set package 'velodyne_driver' build argument 'cmake_target_skip_unavailable' from command line to 'False'
[0.473s] Level 5:colcon.colcon_core.verb:set package 'velodyne_driver' build argument 'cmake_clean_cache' from command line to 'False'
[0.474s] Level 5:colcon.colcon_core.verb:set package 'velodyne_driver' build argument 'cmake_clean_first' from command line to 'False'
[0.474s] Level 5:colcon.colcon_core.verb:set package 'velodyne_driver' build argument 'cmake_force_configure' from command line to 'False'
[0.475s] Level 5:colcon.colcon_core.verb:set package 'velodyne_driver' build argument 'ament_cmake_args' from command line to 'None'
[0.476s] Level 5:colcon.colcon_core.verb:set package 'velodyne_driver' build argument 'catkin_cmake_args' from command line to 'None'
[0.476s] Level 5:colcon.colcon_core.verb:set package 'velodyne_driver' build argument 'catkin_skip_building_tests' from command line to 'False'
[0.477s] DEBUG:colcon.colcon_core.verb:Building package 'velodyne_driver' with the following arguments: {'ament_cmake_args': None, 'build_base': '/ros/build/velodyne_driver', 'catkin_cmake_args': None, 'catkin_skip_building_tests': False, 'cmake_args': None, 'cmake_clean_cache': False, 'cmake_clean_first': False, 'cmake_force_configure': False, 'cmake_target': None, 'cmake_target_skip_unavailable': False, 'install_base': '/ros/install/velodyne_driver', 'merge_install': False, 'path': '/ros/velodyne/velodyne_driver', 'symlink_install': False, 'test_result_base': None}
[0.477s] Level 5:colcon.colcon_core.verb:set package 'velodyne_pointcloud' build argument 'cmake_args' from command line to 'None'
[0.478s] Level 5:colcon.colcon_core.verb:set package 'velodyne_pointcloud' build argument 'cmake_target' from command line to 'None'
[0.479s] Level 5:colcon.colcon_core.verb:set package 'velodyne_pointcloud' build argument 'cmake_target_skip_unavailable' from command line to 'False'
[0.480s] Level 5:colcon.colcon_core.verb:set package 'velodyne_pointcloud' build argument 'cmake_clean_cache' from command line to 'False'
[0.481s] Level 5:colcon.colcon_core.verb:set package 'velodyne_pointcloud' build argument 'cmake_clean_first' from command line to 'False'
[0.482s] Level 5:colcon.colcon_core.verb:set package 'velodyne_pointcloud' build argument 'cmake_force_configure' from command line to 'False'
[0.483s] Level 5:colcon.colcon_core.verb:set package 'velodyne_pointcloud' build argument 'ament_cmake_args' from command line to 'None'
[0.484s] Level 5:colcon.colcon_core.verb:set package 'velodyne_pointcloud' build argument 'catkin_cmake_args' from command line to 'None'
[0.485s] Level 5:colcon.colcon_core.verb:set package 'velodyne_pointcloud' build argument 'catkin_skip_building_tests' from command line to 'False'
[0.485s] DEBUG:colcon.colcon_core.verb:Building package 'velodyne_pointcloud' with the following arguments: {'ament_cmake_args': None, 'build_base': '/ros/build/velodyne_pointcloud', 'catkin_cmake_args': None, 'catkin_skip_building_tests': False, 'cmake_args': None, 'cmake_clean_cache': False, 'cmake_clean_first': False, 'cmake_force_configure': False, 'cmake_target': None, 'cmake_target_skip_unavailable': False, 'install_base': '/ros/install/velodyne_pointcloud', 'merge_install': False, 'path': '/ros/velodyne/velodyne_pointcloud', 'symlink_install': False, 'test_result_base': None}
[0.486s] Level 5:colcon.colcon_core.verb:set package 'velodyne' build argument 'cmake_args' from command line to 'None'
[0.487s] Level 5:colcon.colcon_core.verb:set package 'velodyne' build argument 'cmake_target' from command line to 'None'
[0.487s] Level 5:colcon.colcon_core.verb:set package 'velodyne' build argument 'cmake_target_skip_unavailable' from command line to 'False'
[0.488s] Level 5:colcon.colcon_core.verb:set package 'velodyne' build argument 'cmake_clean_cache' from command line to 'False'
[0.489s] Level 5:colcon.colcon_core.verb:set package 'velodyne' build argument 'cmake_clean_first' from command line to 'False'
[0.490s] Level 5:colcon.colcon_core.verb:set package 'velodyne' build argument 'cmake_force_configure' from command line to 'False'
[0.491s] Level 5:colcon.colcon_core.verb:set package 'velodyne' build argument 'ament_cmake_args' from command line to 'None'
[0.492s] Level 5:colcon.colcon_core.verb:set package 'velodyne' build argument 'catkin_cmake_args' from command line to 'None'
[0.492s] Level 5:colcon.colcon_core.verb:set package 'velodyne' build argument 'catkin_skip_building_tests' from command line to 'False'
[0.494s] DEBUG:colcon.colcon_core.verb:Building package 'velodyne' with the following arguments: {'ament_cmake_args': None, 'build_base': '/ros/build/velodyne', 'catkin_cmake_args': None, 'catkin_skip_building_tests': False, 'cmake_args': None, 'cmake_clean_cache': False, 'cmake_clean_first': False, 'cmake_force_configure': False, 'cmake_target': None, 'cmake_target_skip_unavailable': False, 'install_base': '/ros/install/velodyne', 'merge_install': False, 'path': '/ros/velodyne/velodyne', 'symlink_install': False, 'test_result_base': None}
[0.495s] INFO:colcon.colcon_core.executor:Executing jobs using 'parallel' executor
[0.496s] DEBUG:colcon.colcon_parallel_executor.executor.parallel:run_until_complete
[0.497s] INFO:colcon.colcon_ros.task.ament_cmake.build:Building ROS package in '/ros/velodyne/velodyne_msgs' with build type 'ament_cmake'
[0.498s] INFO:colcon.colcon_cmake.task.cmake.build:Building CMake package in '/ros/velodyne/velodyne_msgs'
[0.501s] INFO:colcon.colcon_core.plugin_system:Skipping extension 'colcon_core.shell.bat': Not used on non-Windows systems
[0.502s] INFO:colcon.colcon_core.shell:Skip shell extension 'powershell' for command environment: Not usable outside of PowerShell
[0.503s] DEBUG:colcon.colcon_core.shell:Skip shell extension 'dsv' for command environment
[0.516s] INFO:colcon.colcon_ros.task.ament_cmake.build:Building ROS package in '/ros/velodyne/velodyne_laserscan' with build type 'ament_cmake'
[0.517s] INFO:colcon.colcon_cmake.task.cmake.build:Building CMake package in '/ros/velodyne/velodyne_laserscan'
[0.518s] INFO:colcon.colcon_core.shell:Skip shell extension 'powershell' for command environment: Not usable outside of PowerShell
[0.520s] DEBUG:colcon.colcon_core.shell:Skip shell extension 'dsv' for command environment
[0.531s] INFO:colcon.colcon_ros.task.ament_python.build:Building ROS package in '/ros/debug_tools' with build type 'ament_python'
[0.533s] Level 1:colcon.colcon_core.shell:create_environment_hook('debug_tools', 'ament_prefix_path')
[0.534s] INFO:colcon.colcon_core.shell:Creating environment hook '/ros/install/debug_tools/share/debug_tools/hook/ament_prefix_path.ps1'
[0.541s] INFO:colcon.colcon_core.shell:Creating environment descriptor '/ros/install/debug_tools/share/debug_tools/hook/ament_prefix_path.dsv'
[0.548s] INFO:colcon.colcon_core.shell:Creating environment hook '/ros/install/debug_tools/share/debug_tools/hook/ament_prefix_path.sh'
[0.554s] INFO:colcon.colcon_core.shell:Skip shell extension 'powershell' for command environment: Not usable outside of PowerShell
[0.555s] DEBUG:colcon.colcon_core.shell:Skip shell extension 'dsv' for command environment
[0.608s] DEBUG:colcon.colcon_core.event_handler.log_command:Invoking command in '/ros/build/velodyne_msgs': CMAKE_PREFIX_PATH=/opt/ros/rolling /usr/bin/cmake /ros/velodyne/velodyne_msgs -DCMAKE_INSTALL_PREFIX=/ros/install/velodyne_msgs
[0.634s] DEBUG:colcon.colcon_core.event_handler.log_command:Invoking command in '/ros/build/velodyne_laserscan': CMAKE_PREFIX_PATH=/opt/ros/rolling /usr/bin/cmake /ros/velodyne/velodyne_laserscan -DCMAKE_INSTALL_PREFIX=/ros/install/velodyne_laserscan
[0.843s] INFO:colcon.colcon_core.task.python.build:Building Python package in '/ros/debug_tools'
[0.845s] INFO:colcon.colcon_core.shell:Skip shell extension 'powershell' for command environment: Not usable outside of PowerShell
[0.847s] DEBUG:colcon.colcon_core.shell:Skip shell extension 'dsv' for command environment
[1.392s] DEBUG:colcon.colcon_core.event_handler.log_command:Invoking command in '/ros/debug_tools': PYTHONPATH=/ros/build/debug_tools/prefix_override:/usr/lib/python3/dist-packages/colcon_core/task/python/colcon_distutils_commands:/ros/install/debug_tools/lib/python3.12/site-packages:${PYTHONPATH} /usr/bin/python3 -W ignore:setup.py install is deprecated setup.py egg_info --egg-base ../build/debug_tools build --build-base /ros/build/debug_tools/build install --record /ros/build/debug_tools/install.log --single-version-externally-managed install_data
[2.112s] Level 1:colcon.colcon_core.environment:checking '/ros/install/debug_tools' for CMake module files
[2.116s] DEBUG:colcon.colcon_core.event_handler.log_command:Invoked command in '/ros/debug_tools' returned '0': PYTHONPATH=/ros/build/debug_tools/prefix_override:/usr/lib/python3/dist-packages/colcon_core/task/python/colcon_distutils_commands:/ros/install/debug_tools/lib/python3.12/site-packages:${PYTHONPATH} /usr/bin/python3 -W ignore:setup.py install is deprecated setup.py egg_info --egg-base ../build/debug_tools build --build-base /ros/build/debug_tools/build install --record /ros/build/debug_tools/install.log --single-version-externally-managed install_data
[2.145s] Level 1:colcon.colcon_core.environment:checking '/ros/install/debug_tools' for CMake config files
[2.158s] Level 1:colcon.colcon_core.environment:checking '/ros/install/debug_tools/lib'
[2.179s] Level 1:colcon.colcon_core.environment:checking '/ros/install/debug_tools/bin'
[2.182s] Level 1:colcon.colcon_core.environment:checking '/ros/install/debug_tools/lib/pkgconfig/debug_tools.pc'
[2.185s] Level 1:colcon.colcon_core.environment:checking '/ros/install/debug_tools/lib/python3.12/site-packages'
[2.186s] Level 1:colcon.colcon_core.shell:create_environment_hook('debug_tools', 'pythonpath')
[2.187s] INFO:colcon.colcon_core.shell:Creating environment hook '/ros/install/debug_tools/share/debug_tools/hook/pythonpath.ps1'
[2.195s] INFO:colcon.colcon_core.shell:Creating environment descriptor '/ros/install/debug_tools/share/debug_tools/hook/pythonpath.dsv'
[2.204s] INFO:colcon.colcon_core.shell:Creating environment hook '/ros/install/debug_tools/share/debug_tools/hook/pythonpath.sh'
[2.213s] Level 1:colcon.colcon_core.environment:checking '/ros/install/debug_tools/bin'
[2.215s] Level 1:colcon.colcon_core.environment:create_environment_scripts_only(debug_tools)
[2.217s] INFO:colcon.colcon_core.shell:Creating package script '/ros/install/debug_tools/share/debug_tools/package.ps1'
[2.225s] INFO:colcon.colcon_core.shell:Creating package descriptor '/ros/install/debug_tools/share/debug_tools/package.dsv'
[2.236s] INFO:colcon.colcon_core.shell:Creating package script '/ros/install/debug_tools/share/debug_tools/package.sh'
[2.244s] INFO:colcon.colcon_core.shell:Creating package script '/ros/install/debug_tools/share/debug_tools/package.bash'
[2.252s] INFO:colcon.colcon_core.shell:Creating package script '/ros/install/debug_tools/share/debug_tools/package.zsh'
[2.260s] Level 1:colcon.colcon_core.environment:create_file_with_runtime_dependencies(/ros/install/debug_tools/share/colcon-core/packages/debug_tools)
[8.043s] DEBUG:colcon.colcon_core.event_handler.log_command:Invoked command in '/ros/build/velodyne_laserscan' returned '0': CMAKE_PREFIX_PATH=/opt/ros/rolling /usr/bin/cmake /ros/velodyne/velodyne_laserscan -DCMAKE_INSTALL_PREFIX=/ros/install/velodyne_laserscan
[8.054s] DEBUG:colcon.colcon_core.event_handler.log_command:Invoking command in '/ros/build/velodyne_laserscan': CMAKE_PREFIX_PATH=/opt/ros/rolling /usr/bin/cmake --build /ros/build/velodyne_laserscan -- -j4 -l4
[15.441s] DEBUG:colcon.colcon_core.event_handler.log_command:Invoked command in '/ros/build/velodyne_msgs' returned '0': CMAKE_PREFIX_PATH=/opt/ros/rolling /usr/bin/cmake /ros/velodyne/velodyne_msgs -DCMAKE_INSTALL_PREFIX=/ros/install/velodyne_msgs
[15.450s] DEBUG:colcon.colcon_core.event_handler.log_command:Invoking command in '/ros/build/velodyne_msgs': CMAKE_PREFIX_PATH=/opt/ros/rolling /usr/bin/cmake --build /ros/build/velodyne_msgs -- -j4 -l4
[26.348s] DEBUG:colcon.colcon_core.event_handler.log_command:Invoked command in '/ros/build/velodyne_msgs' returned '0': CMAKE_PREFIX_PATH=/opt/ros/rolling /usr/bin/cmake --build /ros/build/velodyne_msgs -- -j4 -l4
[26.507s] DEBUG:colcon.colcon_core.event_handler.log_command:Invoking command in '/ros/build/velodyne_msgs': CMAKE_PREFIX_PATH=/opt/ros/rolling /usr/bin/cmake --install /ros/build/velodyne_msgs
[30.355s] Level 1:colcon.colcon_core.environment:create_environment_scripts_only(velodyne_msgs)
[30.357s] Level 1:colcon.colcon_core.environment:checking '/ros/install/velodyne_msgs' for CMake module files
[30.359s] DEBUG:colcon.colcon_core.event_handler.log_command:Invoked command in '/ros/build/velodyne_msgs' returned '0': CMAKE_PREFIX_PATH=/opt/ros/rolling /usr/bin/cmake --install /ros/build/velodyne_msgs
[30.416s] Level 1:colcon.colcon_core.environment:checking '/ros/install/velodyne_msgs' for CMake config files
[30.459s] Level 1:colcon.colcon_core.shell:create_environment_hook('velodyne_msgs', 'cmake_prefix_path')
[30.461s] INFO:colcon.colcon_core.shell:Creating environment hook '/ros/install/velodyne_msgs/share/velodyne_msgs/hook/cmake_prefix_path.ps1'
[30.472s] INFO:colcon.colcon_core.shell:Creating environment descriptor '/ros/install/velodyne_msgs/share/velodyne_msgs/hook/cmake_prefix_path.dsv'
[30.480s] INFO:colcon.colcon_core.shell:Creating environment hook '/ros/install/velodyne_msgs/share/velodyne_msgs/hook/cmake_prefix_path.sh'
[30.487s] Level 1:colcon.colcon_core.environment:checking '/ros/install/velodyne_msgs/lib'
[30.488s] Level 1:colcon.colcon_core.shell:create_environment_hook('velodyne_msgs', 'ld_library_path_lib')
[30.491s] INFO:colcon.colcon_core.shell:Creating environment hook '/ros/install/velodyne_msgs/share/velodyne_msgs/hook/ld_library_path_lib.ps1'
[30.496s] INFO:colcon.colcon_core.shell:Creating environment descriptor '/ros/install/velodyne_msgs/share/velodyne_msgs/hook/ld_library_path_lib.dsv'
[30.503s] INFO:colcon.colcon_core.shell:Creating environment hook '/ros/install/velodyne_msgs/share/velodyne_msgs/hook/ld_library_path_lib.sh'
[30.510s] Level 1:colcon.colcon_core.environment:checking '/ros/install/velodyne_msgs/bin'
[30.512s] Level 1:colcon.colcon_core.environment:checking '/ros/install/velodyne_msgs/lib/pkgconfig/velodyne_msgs.pc'
[30.514s] Level 1:colcon.colcon_core.environment:checking '/ros/install/velodyne_msgs/lib/python3.12/site-packages'
[30.515s] Level 1:colcon.colcon_core.shell:create_environment_hook('velodyne_msgs', 'pythonpath')
[30.517s] INFO:colcon.colcon_core.shell:Creating environment hook '/ros/install/velodyne_msgs/share/velodyne_msgs/hook/pythonpath.ps1'
[30.523s] INFO:colcon.colcon_core.shell:Creating environment descriptor '/ros/install/velodyne_msgs/share/velodyne_msgs/hook/pythonpath.dsv'
[30.529s] INFO:colcon.colcon_core.shell:Creating environment hook '/ros/install/velodyne_msgs/share/velodyne_msgs/hook/pythonpath.sh'
[30.536s] Level 1:colcon.colcon_core.environment:checking '/ros/install/velodyne_msgs/bin'
[30.537s] INFO:colcon.colcon_core.shell:Creating package script '/ros/install/velodyne_msgs/share/velodyne_msgs/package.ps1'
[30.545s] INFO:colcon.colcon_core.shell:Creating package descriptor '/ros/install/velodyne_msgs/share/velodyne_msgs/package.dsv'
[30.550s] INFO:colcon.colcon_core.shell:Creating package script '/ros/install/velodyne_msgs/share/velodyne_msgs/package.sh'
[30.557s] INFO:colcon.colcon_core.shell:Creating package script '/ros/install/velodyne_msgs/share/velodyne_msgs/package.bash'
[30.562s] INFO:colcon.colcon_core.shell:Creating package script '/ros/install/velodyne_msgs/share/velodyne_msgs/package.zsh'
[30.569s] Level 1:colcon.colcon_core.environment:create_file_with_runtime_dependencies(/ros/install/velodyne_msgs/share/colcon-core/packages/velodyne_msgs)
[30.672s] Level 1:colcon.colcon_core.environment:create_environment_scripts_only(velodyne_msgs)
[30.674s] Level 1:colcon.colcon_core.environment:checking '/ros/install/velodyne_msgs' for CMake module files
[30.702s] Level 1:colcon.colcon_core.environment:checking '/ros/install/velodyne_msgs' for CMake config files
[30.729s] Level 1:colcon.colcon_core.shell:create_environment_hook('velodyne_msgs', 'cmake_prefix_path')
[30.731s] INFO:colcon.colcon_core.shell:Creating environment hook '/ros/install/velodyne_msgs/share/velodyne_msgs/hook/cmake_prefix_path.ps1'
[30.737s] INFO:colcon.colcon_core.shell:Creating environment descriptor '/ros/install/velodyne_msgs/share/velodyne_msgs/hook/cmake_prefix_path.dsv'
[30.745s] INFO:colcon.colcon_core.shell:Creating environment hook '/ros/install/velodyne_msgs/share/velodyne_msgs/hook/cmake_prefix_path.sh'
[30.751s] Level 1:colcon.colcon_core.environment:checking '/ros/install/velodyne_msgs/lib'
[30.752s] Level 1:colcon.colcon_core.shell:create_environment_hook('velodyne_msgs', 'ld_library_path_lib')
[30.753s] INFO:colcon.colcon_core.shell:Creating environment hook '/ros/install/velodyne_msgs/share/velodyne_msgs/hook/ld_library_path_lib.ps1'
[30.760s] INFO:colcon.colcon_core.shell:Creating environment descriptor '/ros/install/velodyne_msgs/share/velodyne_msgs/hook/ld_library_path_lib.dsv'
[30.765s] INFO:colcon.colcon_core.shell:Creating environment hook '/ros/install/velodyne_msgs/share/velodyne_msgs/hook/ld_library_path_lib.sh'
[30.773s] Level 1:colcon.colcon_core.environment:checking '/ros/install/velodyne_msgs/bin'
[30.775s] Level 1:colcon.colcon_core.environment:checking '/ros/install/velodyne_msgs/lib/pkgconfig/velodyne_msgs.pc'
[30.777s] Level 1:colcon.colcon_core.environment:checking '/ros/install/velodyne_msgs/lib/python3.12/site-packages'
[30.778s] Level 1:colcon.colcon_core.shell:create_environment_hook('velodyne_msgs', 'pythonpath')
[30.778s] INFO:colcon.colcon_core.shell:Creating environment hook '/ros/install/velodyne_msgs/share/velodyne_msgs/hook/pythonpath.ps1'
[30.785s] INFO:colcon.colcon_core.shell:Creating environment descriptor '/ros/install/velodyne_msgs/share/velodyne_msgs/hook/pythonpath.dsv'
[30.791s] INFO:colcon.colcon_core.shell:Creating environment hook '/ros/install/velodyne_msgs/share/velodyne_msgs/hook/pythonpath.sh'
[30.798s] Level 1:colcon.colcon_core.environment:checking '/ros/install/velodyne_msgs/bin'
[30.800s] INFO:colcon.colcon_core.shell:Creating package script '/ros/install/velodyne_msgs/share/velodyne_msgs/package.ps1'
[30.806s] INFO:colcon.colcon_core.shell:Creating package descriptor '/ros/install/velodyne_msgs/share/velodyne_msgs/package.dsv'
[30.811s] INFO:colcon.colcon_core.shell:Creating package script '/ros/install/velodyne_msgs/share/velodyne_msgs/package.sh'
[30.816s] INFO:colcon.colcon_core.shell:Creating package script '/ros/install/velodyne_msgs/share/velodyne_msgs/package.bash'
[30.822s] INFO:colcon.colcon_core.shell:Creating package script '/ros/install/velodyne_msgs/share/velodyne_msgs/package.zsh'
[30.827s] Level 1:colcon.colcon_core.environment:create_file_with_runtime_dependencies(/ros/install/velodyne_msgs/share/colcon-core/packages/velodyne_msgs)
[30.832s] INFO:colcon.colcon_ros.task.ament_cmake.build:Building ROS package in '/ros/velodyne/velodyne_driver' with build type 'ament_cmake'
[30.835s] INFO:colcon.colcon_cmake.task.cmake.build:Building CMake package in '/ros/velodyne/velodyne_driver'
[30.837s] INFO:colcon.colcon_core.shell:Skip shell extension 'powershell' for command environment: Not usable outside of PowerShell
[30.838s] DEBUG:colcon.colcon_core.shell:Skip shell extension 'dsv' for command environment
[30.850s] INFO:colcon.colcon_ros.task.ament_cmake.build:Building ROS package in '/ros/velodyne/velodyne_pointcloud' with build type 'ament_cmake'
[30.852s] INFO:colcon.colcon_cmake.task.cmake.build:Building CMake package in '/ros/velodyne/velodyne_pointcloud'
[30.852s] INFO:colcon.colcon_core.shell:Skip shell extension 'powershell' for command environment: Not usable outside of PowerShell
[30.853s] DEBUG:colcon.colcon_core.shell:Skip shell extension 'dsv' for command environment
[30.939s] DEBUG:colcon.colcon_core.event_handler.log_command:Invoking command in '/ros/build/velodyne_driver': AMENT_PREFIX_PATH=/ros/install/velodyne_msgs:${AMENT_PREFIX_PATH} CMAKE_PREFIX_PATH=/ros/install/velodyne_msgs:/opt/ros/rolling LD_LIBRARY_PATH=/ros/install/velodyne_msgs/lib:${LD_LIBRARY_PATH} PYTHONPATH=/ros/install/velodyne_msgs/lib/python3.12/site-packages:${PYTHONPATH} /usr/bin/cmake /ros/velodyne/velodyne_driver -DCMAKE_INSTALL_PREFIX=/ros/install/velodyne_driver
[30.974s] DEBUG:colcon.colcon_core.event_handler.log_command:Invoking command in '/ros/build/velodyne_pointcloud': AMENT_PREFIX_PATH=/ros/install/velodyne_msgs:${AMENT_PREFIX_PATH} CMAKE_PREFIX_PATH=/ros/install/velodyne_msgs:/opt/ros/rolling LD_LIBRARY_PATH=/ros/install/velodyne_msgs/lib:${LD_LIBRARY_PATH} PYTHONPATH=/ros/install/velodyne_msgs/lib/python3.12/site-packages:${PYTHONPATH} /usr/bin/cmake /ros/velodyne/velodyne_pointcloud -DCMAKE_INSTALL_PREFIX=/ros/install/velodyne_pointcloud
[34.874s] DEBUG:colcon.colcon_core.event_handler.log_command:Invoked command in '/ros/build/velodyne_laserscan' returned '0': CMAKE_PREFIX_PATH=/opt/ros/rolling /usr/bin/cmake --build /ros/build/velodyne_laserscan -- -j4 -l4
[34.932s] DEBUG:colcon.colcon_core.event_handler.log_command:Invoking command in '/ros/build/velodyne_laserscan': CMAKE_PREFIX_PATH=/opt/ros/rolling /usr/bin/cmake --install /ros/build/velodyne_laserscan
[37.015s] Level 1:colcon.colcon_core.environment:create_environment_scripts_only(velodyne_pointcloud)
[37.016s] Level 1:colcon.colcon_core.environment:checking '/ros/install/velodyne_pointcloud' for CMake module files
[37.045s] Level 1:colcon.colcon_core.environment:checking '/ros/install/velodyne_pointcloud' for CMake config files
[37.048s] Level 1:colcon.colcon_core.environment:checking '/ros/install/velodyne_pointcloud/bin'
[37.051s] DEBUG:colcon.colcon_core.event_handler.log_command:Invoked command in '/ros/build/velodyne_pointcloud' returned '1': AMENT_PREFIX_PATH=/ros/install/velodyne_msgs:${AMENT_PREFIX_PATH} CMAKE_PREFIX_PATH=/ros/install/velodyne_msgs:/opt/ros/rolling LD_LIBRARY_PATH=/ros/install/velodyne_msgs/lib:${LD_LIBRARY_PATH} PYTHONPATH=/ros/install/velodyne_msgs/lib/python3.12/site-packages:${PYTHONPATH} /usr/bin/cmake /ros/velodyne/velodyne_pointcloud -DCMAKE_INSTALL_PREFIX=/ros/install/velodyne_pointcloud
[37.053s] Level 1:colcon.colcon_core.environment:checking '/ros/install/velodyne_pointcloud/lib/pkgconfig/velodyne_pointcloud.pc'
[37.058s] Level 1:colcon.colcon_core.environment:checking '/ros/install/velodyne_pointcloud/lib/python3.12/site-packages'
[37.061s] Level 1:colcon.colcon_core.environment:checking '/ros/install/velodyne_pointcloud/bin'
[37.064s] INFO:colcon.colcon_core.shell:Creating package script '/ros/install/velodyne_pointcloud/share/velodyne_pointcloud/package.ps1'
[37.097s] INFO:colcon.colcon_core.shell:Creating package descriptor '/ros/install/velodyne_pointcloud/share/velodyne_pointcloud/package.dsv'
[37.114s] INFO:colcon.colcon_core.shell:Creating package script '/ros/install/velodyne_pointcloud/share/velodyne_pointcloud/package.sh'
[37.134s] INFO:colcon.colcon_core.shell:Creating package script '/ros/install/velodyne_pointcloud/share/velodyne_pointcloud/package.bash'
[37.154s] INFO:colcon.colcon_core.shell:Creating package script '/ros/install/velodyne_pointcloud/share/velodyne_pointcloud/package.zsh'
[37.172s] Level 1:colcon.colcon_core.environment:create_file_with_runtime_dependencies(/ros/install/velodyne_pointcloud/share/colcon-core/packages/velodyne_pointcloud)
[37.274s] DEBUG:colcon.colcon_parallel_executor.executor.parallel:closing loop
[37.276s] DEBUG:colcon.colcon_parallel_executor.executor.parallel:loop closed
[37.276s] DEBUG:colcon.colcon_parallel_executor.executor.parallel:run_until_complete finished with '1'
[37.278s] DEBUG:colcon.colcon_core.event_reactor:joining thread
[37.294s] INFO:colcon.colcon_core.plugin_system:Skipping extension 'colcon_notification.desktop_notification.notify_send': Could not find 'notify-send'
[37.295s] INFO:colcon.colcon_core.plugin_system:Skipping extension 'colcon_notification.desktop_notification.terminal_notifier': Not used on non-Darwin systems
[37.296s] INFO:colcon.colcon_core.plugin_system:Skipping extension 'colcon_notification.desktop_notification.win32': Not used on non-Windows systems
[37.298s] INFO:colcon.colcon_notification.desktop_notification:Sending desktop notification using 'notify2'
[37.299s] DEBUG:colcon.colcon_notification.desktop_notification.notify2:Failed to initialize notify2: org.freedesktop.DBus.Error.NotSupported: Unable to autolaunch a dbus-daemon without a $DISPLAY for X11
[37.300s] DEBUG:colcon.colcon_core.event_reactor:joined thread
[37.301s] INFO:colcon.colcon_core.shell:Creating prefix script '/ros/install/local_setup.ps1'
[37.308s] INFO:colcon.colcon_core.shell:Creating prefix util module '/ros/install/_local_setup_util_ps1.py'
[37.314s] INFO:colcon.colcon_core.shell:Creating prefix chain script '/ros/install/setup.ps1'
[37.320s] INFO:colcon.colcon_core.shell:Creating prefix script '/ros/install/local_setup.sh'
[37.327s] INFO:colcon.colcon_core.shell:Creating prefix util module '/ros/install/_local_setup_util_sh.py'
[37.332s] INFO:colcon.colcon_core.shell:Creating prefix chain script '/ros/install/setup.sh'
[37.339s] INFO:colcon.colcon_core.shell:Creating prefix script '/ros/install/local_setup.bash'
[37.345s] INFO:colcon.colcon_core.shell:Creating prefix chain script '/ros/install/setup.bash'
[37.352s] INFO:colcon.colcon_core.shell:Creating prefix script '/ros/install/local_setup.zsh'
[37.357s] INFO:colcon.colcon_core.shell:Creating prefix chain script '/ros/install/setup.zsh'
