[0.085s] Invoking command in '/ros/build/velodyne_driver': AMENT_PREFIX_PATH=/ros/install/velodyne_msgs:${AMENT_PREFIX_PATH} CMAKE_PREFIX_PATH=/ros/install/velodyne_msgs:/opt/ros/rolling LD_LIBRARY_PATH=/ros/install/velodyne_msgs/lib:${LD_LIBRARY_PATH} PYTHONPATH=/ros/install/velodyne_msgs/lib/python3.12/site-packages:${PYTHONPATH} /usr/bin/cmake /ros/velodyne/velodyne_driver -DCMAKE_INSTALL_PREFIX=/ros/install/velodyne_driver
[0.196s] -- Found ament_cmake_ros: 0.13.0 (/opt/ros/rolling/share/ament_cmake_ros/cmake)
[0.563s] [31mCMake Error at CMakeLists.txt:14 (find_package):
[0.568s]   By not providing "Finddiagnostic_updater.cmake" in CMAKE_MODULE_PATH this
[0.571s]   project has asked CMake to find a package configuration file provided by
[0.576s]   "diagnostic_updater", but CMake did not find one.
[0.580s] 
[0.584s]   Could not find a package configuration file provided by
[0.589s]   "diagnostic_updater" with any of the following names:
[0.594s] 
[0.599s]     diagnostic_updaterConfig.cmake
[0.604s]     diagnostic_updater-config.cmake
[0.607s] 
[0.612s]   Add the installation prefix of "diagnostic_updater" to CMAKE_PREFIX_PATH or
[0.615s]   set "diagnostic_updater_DIR" to a directory containing one of the above
[0.619s]   files.  If "diagnostic_updater" provides a separate development package or
[0.624s]   SDK, be sure it has been installed.
[0.629s] 
[0.632s] [0m
[0.637s] -- Configuring incomplete, errors occurred!
[0.724s] Invoked command in '/ros/build/velodyne_driver' returned '1': AMENT_PREFIX_PATH=/ros/install/velodyne_msgs:${AMENT_PREFIX_PATH} CMAKE_PREFIX_PATH=/ros/install/velodyne_msgs:/opt/ros/rolling LD_LIBRARY_PATH=/ros/install/velodyne_msgs/lib:${LD_LIBRARY_PATH} PYTHONPATH=/ros/install/velodyne_msgs/lib/python3.12/site-packages:${PYTHONPATH} /usr/bin/cmake /ros/velodyne/velodyne_driver -DCMAKE_INSTALL_PREFIX=/ros/install/velodyne_driver
