[  2%] Built target velodyne_msgs__rosidl_generator_type_description
[  4%] Built target velodyne_msgs__cpp
[ 22%] Built target velodyne_msgs__rosidl_generator_c
[ 31%] Built target velodyne_msgs__rosidl_typesupport_fastrtps_cpp
[ 50%] Built target velodyne_msgs__rosidl_typesupport_fastrtps_c
[ 50%] Built target velodyne_msgs__rosidl_typesupport_cpp
[ 50%] Built target ament_cmake_python_copy_velodyne_msgs
[ 59%] Built target velodyne_msgs__rosidl_typesupport_introspection_c
[ 75%] Built target velodyne_msgs__rosidl_typesupport_c
[ 77%] Built target velodyne_msgs__rosidl_typesupport_introspection_cpp
[ 77%] Built target velodyne_msgs
[ 79%] Built target velodyne_msgs__py
running egg_info
writing velodyne_msgs.egg-info/PKG-INFO
writing dependency_links to velodyne_msgs.egg-info/dependency_links.txt
writing top-level names to velodyne_msgs.egg-info/top_level.txt
[ 86%] Built target velodyne_msgs__rosidl_generator_py
reading manifest file 'velodyne_msgs.egg-info/SOURCES.txt'
writing manifest file 'velodyne_msgs.egg-info/SOURCES.txt'
[ 93%] Built target velodyne_msgs_s__rosidl_typesupport_introspection_c
[ 95%] Built target ament_cmake_python_build_velodyne_msgs_egg
[ 95%] Built target velodyne_msgs_s__rosidl_typesupport_fastrtps_c
[100%] Built target velodyne_msgs_s__rosidl_typesupport_c
-- Install configuration: ""
-- Up-to-date: /ros/install/velodyne_msgs/share/ament_index/resource_index/rosidl_interfaces/velodyne_msgs
-- Up-to-date: /ros/install/velodyne_msgs/share/velodyne_msgs/msg/VelodynePacket.json
-- Up-to-date: /ros/install/velodyne_msgs/share/velodyne_msgs/msg/VelodyneScan.json
-- Up-to-date: /ros/install/velodyne_msgs/include/velodyne_msgs/velodyne_msgs
-- Up-to-date: /ros/install/velodyne_msgs/include/velodyne_msgs/velodyne_msgs/msg
-- Up-to-date: /ros/install/velodyne_msgs/include/velodyne_msgs/velodyne_msgs/msg/detail
-- Up-to-date: /ros/install/velodyne_msgs/include/velodyne_msgs/velodyne_msgs/msg/detail/velodyne_packet__description.c
-- Up-to-date: /ros/install/velodyne_msgs/include/velodyne_msgs/velodyne_msgs/msg/detail/velodyne_packet__functions.c
-- Up-to-date: /ros/install/velodyne_msgs/include/velodyne_msgs/velodyne_msgs/msg/detail/velodyne_packet__functions.h
-- Up-to-date: /ros/install/velodyne_msgs/include/velodyne_msgs/velodyne_msgs/msg/detail/velodyne_packet__struct.h
-- Installing: /ros/install/velodyne_msgs/include/velodyne_msgs/velodyne_msgs/msg/detail/velodyne_packet__type_support.c
-- Up-to-date: /ros/install/velodyne_msgs/include/velodyne_msgs/velodyne_msgs/msg/detail/velodyne_packet__type_support.h
-- Up-to-date: /ros/install/velodyne_msgs/include/velodyne_msgs/velodyne_msgs/msg/detail/velodyne_scan__description.c
-- Up-to-date: /ros/install/velodyne_msgs/include/velodyne_msgs/velodyne_msgs/msg/detail/velodyne_scan__functions.c
-- Up-to-date: /ros/install/velodyne_msgs/include/velodyne_msgs/velodyne_msgs/msg/detail/velodyne_scan__functions.h
-- Up-to-date: /ros/install/velodyne_msgs/include/velodyne_msgs/velodyne_msgs/msg/detail/velodyne_scan__struct.h
-- Up-to-date: /ros/install/velodyne_msgs/include/velodyne_msgs/velodyne_msgs/msg/detail/velodyne_scan__type_support.c
-- Up-to-date: /ros/install/velodyne_msgs/include/velodyne_msgs/velodyne_msgs/msg/detail/velodyne_scan__type_support.h
-- Up-to-date: /ros/install/velodyne_msgs/include/velodyne_msgs/velodyne_msgs/msg/rosidl_generator_c__visibility_control.h
-- Up-to-date: /ros/install/velodyne_msgs/include/velodyne_msgs/velodyne_msgs/msg/velodyne_packet.h
-- Up-to-date: /ros/install/velodyne_msgs/include/velodyne_msgs/velodyne_msgs/msg/velodyne_scan.h
-- Up-to-date: /ros/install/velodyne_msgs/share/velodyne_msgs/environment/library_path.sh
-- Up-to-date: /ros/install/velodyne_msgs/share/velodyne_msgs/environment/library_path.dsv
-- Up-to-date: /ros/install/velodyne_msgs/lib/libvelodyne_msgs__rosidl_generator_c.so
-- Up-to-date: /ros/install/velodyne_msgs/include/velodyne_msgs/velodyne_msgs
-- Up-to-date: /ros/install/velodyne_msgs/include/velodyne_msgs/velodyne_msgs/msg
-- Up-to-date: /ros/install/velodyne_msgs/include/velodyne_msgs/velodyne_msgs/msg/detail
-- Up-to-date: /ros/install/velodyne_msgs/include/velodyne_msgs/velodyne_msgs/msg/detail/velodyne_packet__rosidl_typesupport_fastrtps_c.h
-- Up-to-date: /ros/install/velodyne_msgs/include/velodyne_msgs/velodyne_msgs/msg/detail/velodyne_scan__rosidl_typesupport_fastrtps_c.h
-- Up-to-date: /ros/install/velodyne_msgs/include/velodyne_msgs/velodyne_msgs/msg/rosidl_typesupport_fastrtps_c__visibility_control.h
-- Up-to-date: /ros/install/velodyne_msgs/lib/libvelodyne_msgs__rosidl_typesupport_fastrtps_c.so
-- Up-to-date: /ros/install/velodyne_msgs/include/velodyne_msgs/velodyne_msgs
-- Up-to-date: /ros/install/velodyne_msgs/include/velodyne_msgs/velodyne_msgs/msg
-- Up-to-date: /ros/install/velodyne_msgs/include/velodyne_msgs/velodyne_msgs/msg/detail
-- Up-to-date: /ros/install/velodyne_msgs/include/velodyne_msgs/velodyne_msgs/msg/detail/velodyne_packet__builder.hpp
-- Up-to-date: /ros/install/velodyne_msgs/include/velodyne_msgs/velodyne_msgs/msg/detail/velodyne_packet__struct.hpp
-- Up-to-date: /ros/install/velodyne_msgs/include/velodyne_msgs/velodyne_msgs/msg/detail/velodyne_packet__traits.hpp
-- Up-to-date: /ros/install/velodyne_msgs/include/velodyne_msgs/velodyne_msgs/msg/detail/velodyne_packet__type_support.hpp
-- Up-to-date: /ros/install/velodyne_msgs/include/velodyne_msgs/velodyne_msgs/msg/detail/velodyne_scan__builder.hpp
-- Up-to-date: /ros/install/velodyne_msgs/include/velodyne_msgs/velodyne_msgs/msg/detail/velodyne_scan__struct.hpp
-- Up-to-date: /ros/install/velodyne_msgs/include/velodyne_msgs/velodyne_msgs/msg/detail/velodyne_scan__traits.hpp
-- Up-to-date: /ros/install/velodyne_msgs/include/velodyne_msgs/velodyne_msgs/msg/detail/velodyne_scan__type_support.hpp
-- Up-to-date: /ros/install/velodyne_msgs/include/velodyne_msgs/velodyne_msgs/msg/rosidl_generator_cpp__visibility_control.hpp
-- Up-to-date: /ros/install/velodyne_msgs/include/velodyne_msgs/velodyne_msgs/msg/velodyne_packet.hpp
-- Up-to-date: /ros/install/velodyne_msgs/include/velodyne_msgs/velodyne_msgs/msg/velodyne_scan.hpp
-- Up-to-date: /ros/install/velodyne_msgs/include/velodyne_msgs/velodyne_msgs
-- Up-to-date: /ros/install/velodyne_msgs/include/velodyne_msgs/velodyne_msgs/msg
-- Up-to-date: /ros/install/velodyne_msgs/include/velodyne_msgs/velodyne_msgs/msg/detail
-- Up-to-date: /ros/install/velodyne_msgs/include/velodyne_msgs/velodyne_msgs/msg/detail/dds_fastrtps
-- Up-to-date: /ros/install/velodyne_msgs/include/velodyne_msgs/velodyne_msgs/msg/detail/velodyne_packet__rosidl_typesupport_fastrtps_cpp.hpp
-- Up-to-date: /ros/install/velodyne_msgs/include/velodyne_msgs/velodyne_msgs/msg/detail/velodyne_scan__rosidl_typesupport_fastrtps_cpp.hpp
-- Up-to-date: /ros/install/velodyne_msgs/include/velodyne_msgs/velodyne_msgs/msg/rosidl_typesupport_fastrtps_cpp__visibility_control.h
-- Up-to-date: /ros/install/velodyne_msgs/lib/libvelodyne_msgs__rosidl_typesupport_fastrtps_cpp.so
-- Up-to-date: /ros/install/velodyne_msgs/include/velodyne_msgs/velodyne_msgs
-- Up-to-date: /ros/install/velodyne_msgs/include/velodyne_msgs/velodyne_msgs/msg
-- Up-to-date: /ros/install/velodyne_msgs/include/velodyne_msgs/velodyne_msgs/msg/detail
-- Up-to-date: /ros/install/velodyne_msgs/include/velodyne_msgs/velodyne_msgs/msg/detail/velodyne_packet__rosidl_typesupport_introspection_c.h
-- Installing: /ros/install/velodyne_msgs/include/velodyne_msgs/velodyne_msgs/msg/detail/velodyne_packet__type_support.c
-- Up-to-date: /ros/install/velodyne_msgs/include/velodyne_msgs/velodyne_msgs/msg/detail/velodyne_scan__rosidl_typesupport_introspection_c.h
-- Up-to-date: /ros/install/velodyne_msgs/include/velodyne_msgs/velodyne_msgs/msg/detail/velodyne_scan__type_support.c
-- Up-to-date: /ros/install/velodyne_msgs/include/velodyne_msgs/velodyne_msgs/msg/rosidl_typesupport_introspection_c__visibility_control.h
-- Up-to-date: /ros/install/velodyne_msgs/lib/libvelodyne_msgs__rosidl_typesupport_introspection_c.so
-- Up-to-date: /ros/install/velodyne_msgs/lib/libvelodyne_msgs__rosidl_typesupport_c.so
-- Up-to-date: /ros/install/velodyne_msgs/include/velodyne_msgs/velodyne_msgs
-- Up-to-date: /ros/install/velodyne_msgs/include/velodyne_msgs/velodyne_msgs/msg
-- Up-to-date: /ros/install/velodyne_msgs/include/velodyne_msgs/velodyne_msgs/msg/detail
-- Up-to-date: /ros/install/velodyne_msgs/include/velodyne_msgs/velodyne_msgs/msg/detail/velodyne_packet__rosidl_typesupport_introspection_cpp.hpp
-- Up-to-date: /ros/install/velodyne_msgs/include/velodyne_msgs/velodyne_msgs/msg/detail/velodyne_packet__type_support.cpp
-- Up-to-date: /ros/install/velodyne_msgs/include/velodyne_msgs/velodyne_msgs/msg/detail/velodyne_scan__rosidl_typesupport_introspection_cpp.hpp
-- Up-to-date: /ros/install/velodyne_msgs/include/velodyne_msgs/velodyne_msgs/msg/detail/velodyne_scan__type_support.cpp
-- Up-to-date: /ros/install/velodyne_msgs/lib/libvelodyne_msgs__rosidl_typesupport_introspection_cpp.so
-- Up-to-date: /ros/install/velodyne_msgs/lib/libvelodyne_msgs__rosidl_typesupport_cpp.so
-- Up-to-date: /ros/install/velodyne_msgs/share/velodyne_msgs/environment/pythonpath.sh
-- Up-to-date: /ros/install/velodyne_msgs/share/velodyne_msgs/environment/pythonpath.dsv
-- Up-to-date: /ros/install/velodyne_msgs/lib/python3.12/site-packages/velodyne_msgs-2.5.1-py3.12.egg-info
-- Installing: /ros/install/velodyne_msgs/lib/python3.12/site-packages/velodyne_msgs-2.5.1-py3.12.egg-info/PKG-INFO
-- Installing: /ros/install/velodyne_msgs/lib/python3.12/site-packages/velodyne_msgs-2.5.1-py3.12.egg-info/SOURCES.txt
-- Installing: /ros/install/velodyne_msgs/lib/python3.12/site-packages/velodyne_msgs-2.5.1-py3.12.egg-info/dependency_links.txt
-- Installing: /ros/install/velodyne_msgs/lib/python3.12/site-packages/velodyne_msgs-2.5.1-py3.12.egg-info/top_level.txt
-- Up-to-date: /ros/install/velodyne_msgs/lib/python3.12/site-packages/velodyne_msgs
-- Up-to-date: /ros/install/velodyne_msgs/lib/python3.12/site-packages/velodyne_msgs/__init__.py
-- Up-to-date: /ros/install/velodyne_msgs/lib/python3.12/site-packages/velodyne_msgs/_velodyne_msgs_s.ep.rosidl_typesupport_c.c
-- Up-to-date: /ros/install/velodyne_msgs/lib/python3.12/site-packages/velodyne_msgs/_velodyne_msgs_s.ep.rosidl_typesupport_fastrtps_c.c
-- Up-to-date: /ros/install/velodyne_msgs/lib/python3.12/site-packages/velodyne_msgs/_velodyne_msgs_s.ep.rosidl_typesupport_introspection_c.c
-- Up-to-date: /ros/install/velodyne_msgs/lib/python3.12/site-packages/velodyne_msgs/msg
-- Up-to-date: /ros/install/velodyne_msgs/lib/python3.12/site-packages/velodyne_msgs/msg/__init__.py
-- Up-to-date: /ros/install/velodyne_msgs/lib/python3.12/site-packages/velodyne_msgs/msg/_velodyne_packet.py
-- Up-to-date: /ros/install/velodyne_msgs/lib/python3.12/site-packages/velodyne_msgs/msg/_velodyne_packet_s.c
-- Up-to-date: /ros/install/velodyne_msgs/lib/python3.12/site-packages/velodyne_msgs/msg/_velodyne_scan.py
-- Up-to-date: /ros/install/velodyne_msgs/lib/python3.12/site-packages/velodyne_msgs/msg/_velodyne_scan_s.c
-- Up-to-date: /ros/install/velodyne_msgs/lib/python3.12/site-packages/velodyne_msgs/velodyne_msgs_s__rosidl_typesupport_c.so
-- Up-to-date: /ros/install/velodyne_msgs/lib/python3.12/site-packages/velodyne_msgs/velodyne_msgs_s__rosidl_typesupport_fastrtps_c.so
-- Up-to-date: /ros/install/velodyne_msgs/lib/python3.12/site-packages/velodyne_msgs/velodyne_msgs_s__rosidl_typesupport_introspection_c.so
Listing '/ros/install/velodyne_msgs/lib/python3.12/site-packages/velodyne_msgs'...
Listing '/ros/install/velodyne_msgs/lib/python3.12/site-packages/velodyne_msgs/msg'...
-- Up-to-date: /ros/install/velodyne_msgs/lib/python3.12/site-packages/velodyne_msgs/velodyne_msgs_s__rosidl_typesupport_fastrtps_c.so
-- Up-to-date: /ros/install/velodyne_msgs/lib/python3.12/site-packages/velodyne_msgs/velodyne_msgs_s__rosidl_typesupport_introspection_c.so
-- Up-to-date: /ros/install/velodyne_msgs/lib/python3.12/site-packages/velodyne_msgs/velodyne_msgs_s__rosidl_typesupport_c.so
-- Up-to-date: /ros/install/velodyne_msgs/lib/libvelodyne_msgs__rosidl_generator_py.so
-- Up-to-date: /ros/install/velodyne_msgs/share/velodyne_msgs/msg/VelodynePacket.idl
-- Up-to-date: /ros/install/velodyne_msgs/share/velodyne_msgs/msg/VelodyneScan.idl
-- Up-to-date: /ros/install/velodyne_msgs/share/velodyne_msgs/msg/VelodynePacket.msg
-- Up-to-date: /ros/install/velodyne_msgs/share/velodyne_msgs/msg/VelodyneScan.msg
-- Up-to-date: /ros/install/velodyne_msgs/share/ament_index/resource_index/package_run_dependencies/velodyne_msgs
-- Up-to-date: /ros/install/velodyne_msgs/share/ament_index/resource_index/parent_prefix_path/velodyne_msgs
-- Up-to-date: /ros/install/velodyne_msgs/share/velodyne_msgs/environment/ament_prefix_path.sh
-- Up-to-date: /ros/install/velodyne_msgs/share/velodyne_msgs/environment/ament_prefix_path.dsv
-- Up-to-date: /ros/install/velodyne_msgs/share/velodyne_msgs/environment/path.sh
-- Up-to-date: /ros/install/velodyne_msgs/share/velodyne_msgs/environment/path.dsv
-- Up-to-date: /ros/install/velodyne_msgs/share/velodyne_msgs/local_setup.bash
-- Up-to-date: /ros/install/velodyne_msgs/share/velodyne_msgs/local_setup.sh
-- Up-to-date: /ros/install/velodyne_msgs/share/velodyne_msgs/local_setup.zsh
-- Up-to-date: /ros/install/velodyne_msgs/share/velodyne_msgs/local_setup.dsv
-- Installing: /ros/install/velodyne_msgs/share/velodyne_msgs/package.dsv
-- Up-to-date: /ros/install/velodyne_msgs/share/ament_index/resource_index/packages/velodyne_msgs
-- Up-to-date: /ros/install/velodyne_msgs/share/velodyne_msgs/cmake/export_velodyne_msgs__rosidl_generator_cExport.cmake
-- Up-to-date: /ros/install/velodyne_msgs/share/velodyne_msgs/cmake/export_velodyne_msgs__rosidl_generator_cExport-noconfig.cmake
-- Up-to-date: /ros/install/velodyne_msgs/share/velodyne_msgs/cmake/export_velodyne_msgs__rosidl_typesupport_fastrtps_cExport.cmake
-- Up-to-date: /ros/install/velodyne_msgs/share/velodyne_msgs/cmake/export_velodyne_msgs__rosidl_typesupport_fastrtps_cExport-noconfig.cmake
-- Up-to-date: /ros/install/velodyne_msgs/share/velodyne_msgs/cmake/export_velodyne_msgs__rosidl_generator_cppExport.cmake
-- Up-to-date: /ros/install/velodyne_msgs/share/velodyne_msgs/cmake/export_velodyne_msgs__rosidl_typesupport_fastrtps_cppExport.cmake
-- Up-to-date: /ros/install/velodyne_msgs/share/velodyne_msgs/cmake/export_velodyne_msgs__rosidl_typesupport_fastrtps_cppExport-noconfig.cmake
-- Up-to-date: /ros/install/velodyne_msgs/share/velodyne_msgs/cmake/velodyne_msgs__rosidl_typesupport_introspection_cExport.cmake
-- Up-to-date: /ros/install/velodyne_msgs/share/velodyne_msgs/cmake/velodyne_msgs__rosidl_typesupport_introspection_cExport-noconfig.cmake
-- Up-to-date: /ros/install/velodyne_msgs/share/velodyne_msgs/cmake/velodyne_msgs__rosidl_typesupport_cExport.cmake
-- Up-to-date: /ros/install/velodyne_msgs/share/velodyne_msgs/cmake/velodyne_msgs__rosidl_typesupport_cExport-noconfig.cmake
-- Up-to-date: /ros/install/velodyne_msgs/share/velodyne_msgs/cmake/velodyne_msgs__rosidl_typesupport_introspection_cppExport.cmake
-- Up-to-date: /ros/install/velodyne_msgs/share/velodyne_msgs/cmake/velodyne_msgs__rosidl_typesupport_introspection_cppExport-noconfig.cmake
-- Up-to-date: /ros/install/velodyne_msgs/share/velodyne_msgs/cmake/velodyne_msgs__rosidl_typesupport_cppExport.cmake
-- Up-to-date: /ros/install/velodyne_msgs/share/velodyne_msgs/cmake/velodyne_msgs__rosidl_typesupport_cppExport-noconfig.cmake
-- Up-to-date: /ros/install/velodyne_msgs/share/velodyne_msgs/cmake/export_velodyne_msgs__rosidl_generator_pyExport.cmake
-- Up-to-date: /ros/install/velodyne_msgs/share/velodyne_msgs/cmake/export_velodyne_msgs__rosidl_generator_pyExport-noconfig.cmake
-- Up-to-date: /ros/install/velodyne_msgs/share/velodyne_msgs/cmake/rosidl_cmake-extras.cmake
-- Up-to-date: /ros/install/velodyne_msgs/share/velodyne_msgs/cmake/ament_cmake_export_dependencies-extras.cmake
-- Up-to-date: /ros/install/velodyne_msgs/share/velodyne_msgs/cmake/ament_cmake_export_include_directories-extras.cmake
-- Up-to-date: /ros/install/velodyne_msgs/share/velodyne_msgs/cmake/ament_cmake_export_libraries-extras.cmake
-- Up-to-date: /ros/install/velodyne_msgs/share/velodyne_msgs/cmake/ament_cmake_export_targets-extras.cmake
-- Up-to-date: /ros/install/velodyne_msgs/share/velodyne_msgs/cmake/rosidl_cmake_export_typesupport_targets-extras.cmake
-- Up-to-date: /ros/install/velodyne_msgs/share/velodyne_msgs/cmake/rosidl_cmake_export_typesupport_libraries-extras.cmake
-- Up-to-date: /ros/install/velodyne_msgs/share/velodyne_msgs/cmake/velodyne_msgsConfig.cmake
-- Up-to-date: /ros/install/velodyne_msgs/share/velodyne_msgs/cmake/velodyne_msgsConfig-version.cmake
-- Up-to-date: /ros/install/velodyne_msgs/share/velodyne_msgs/package.xml
