[0.087s] Invoking command in '/ros/build/velodyne_msgs': CMAKE_PREFIX_PATH=/opt/ros/rolling /usr/bin/cmake --build /ros/build/velodyne_msgs -- -j4 -l4
[0.225s] [  2%] Built target velodyne_msgs__rosidl_generator_type_description
[0.294s] [  4%] Built target velodyne_msgs__cpp
[0.357s] [ 22%] Built target velodyne_msgs__rosidl_generator_c
[0.485s] [ 31%] Built target velodyne_msgs__rosidl_typesupport_fastrtps_cpp
[0.521s] [ 50%] Built target velodyne_msgs__rosidl_typesupport_fastrtps_c
[0.524s] [ 50%] Built target velodyne_msgs__rosidl_typesupport_cpp
[0.567s] [ 50%] Built target ament_cmake_python_copy_velodyne_msgs
[0.604s] [ 59%] Built target velodyne_msgs__rosidl_typesupport_introspection_c
[0.651s] [ 75%] Built target velodyne_msgs__rosidl_typesupport_c
[0.665s] [ 77%] Built target velodyne_msgs__rosidl_typesupport_introspection_cpp
[0.774s] [ 77%] Built target velodyne_msgs
[0.845s] [ 79%] Built target velodyne_msgs__py
[0.848s] running egg_info
[0.860s] writing velodyne_msgs.egg-info/PKG-INFO
[0.868s] writing dependency_links to velodyne_msgs.egg-info/dependency_links.txt
[0.883s] writing top-level names to velodyne_msgs.egg-info/top_level.txt
[0.919s] [ 86%] Built target velodyne_msgs__rosidl_generator_py
[0.949s] reading manifest file 'velodyne_msgs.egg-info/SOURCES.txt'
[0.957s] writing manifest file 'velodyne_msgs.egg-info/SOURCES.txt'
[1.041s] [ 93%] Built target velodyne_msgs_s__rosidl_typesupport_introspection_c
[1.047s] [ 95%] Built target ament_cmake_python_build_velodyne_msgs_egg
[1.059s] [ 95%] Built target velodyne_msgs_s__rosidl_typesupport_fastrtps_c
[1.064s] [100%] Built target velodyne_msgs_s__rosidl_typesupport_c
[1.292s] Invoked command in '/ros/build/velodyne_msgs' returned '0': CMAKE_PREFIX_PATH=/opt/ros/rolling /usr/bin/cmake --build /ros/build/velodyne_msgs -- -j4 -l4
[1.411s] Invoking command in '/ros/build/velodyne_msgs': CMAKE_PREFIX_PATH=/opt/ros/rolling /usr/bin/cmake --install /ros/build/velodyne_msgs
[1.428s] -- Install configuration: ""
[1.432s] -- Up-to-date: /ros/install/velodyne_msgs/share/ament_index/resource_index/rosidl_interfaces/velodyne_msgs
[1.437s] -- Up-to-date: /ros/install/velodyne_msgs/share/velodyne_msgs/msg/VelodynePacket.json
[1.442s] -- Up-to-date: /ros/install/velodyne_msgs/share/velodyne_msgs/msg/VelodyneScan.json
[1.446s] -- Up-to-date: /ros/install/velodyne_msgs/include/velodyne_msgs/velodyne_msgs
[1.450s] -- Up-to-date: /ros/install/velodyne_msgs/include/velodyne_msgs/velodyne_msgs/msg
[1.454s] -- Up-to-date: /ros/install/velodyne_msgs/include/velodyne_msgs/velodyne_msgs/msg/detail
[1.466s] -- Up-to-date: /ros/install/velodyne_msgs/include/velodyne_msgs/velodyne_msgs/msg/detail/velodyne_packet__description.c
[1.470s] -- Up-to-date: /ros/install/velodyne_msgs/include/velodyne_msgs/velodyne_msgs/msg/detail/velodyne_packet__functions.c
[1.475s] -- Up-to-date: /ros/install/velodyne_msgs/include/velodyne_msgs/velodyne_msgs/msg/detail/velodyne_packet__functions.h
[1.479s] -- Up-to-date: /ros/install/velodyne_msgs/include/velodyne_msgs/velodyne_msgs/msg/detail/velodyne_packet__struct.h
[1.484s] -- Installing: /ros/install/velodyne_msgs/include/velodyne_msgs/velodyne_msgs/msg/detail/velodyne_packet__type_support.c
[1.489s] -- Up-to-date: /ros/install/velodyne_msgs/include/velodyne_msgs/velodyne_msgs/msg/detail/velodyne_packet__type_support.h
[1.493s] -- Up-to-date: /ros/install/velodyne_msgs/include/velodyne_msgs/velodyne_msgs/msg/detail/velodyne_scan__description.c
[1.497s] -- Up-to-date: /ros/install/velodyne_msgs/include/velodyne_msgs/velodyne_msgs/msg/detail/velodyne_scan__functions.c
[1.501s] -- Up-to-date: /ros/install/velodyne_msgs/include/velodyne_msgs/velodyne_msgs/msg/detail/velodyne_scan__functions.h
[1.507s] -- Up-to-date: /ros/install/velodyne_msgs/include/velodyne_msgs/velodyne_msgs/msg/detail/velodyne_scan__struct.h
[1.512s] -- Up-to-date: /ros/install/velodyne_msgs/include/velodyne_msgs/velodyne_msgs/msg/detail/velodyne_scan__type_support.c
[1.517s] -- Up-to-date: /ros/install/velodyne_msgs/include/velodyne_msgs/velodyne_msgs/msg/detail/velodyne_scan__type_support.h
[1.527s] -- Up-to-date: /ros/install/velodyne_msgs/include/velodyne_msgs/velodyne_msgs/msg/rosidl_generator_c__visibility_control.h
[1.531s] -- Up-to-date: /ros/install/velodyne_msgs/include/velodyne_msgs/velodyne_msgs/msg/velodyne_packet.h
[1.535s] -- Up-to-date: /ros/install/velodyne_msgs/include/velodyne_msgs/velodyne_msgs/msg/velodyne_scan.h
[1.540s] -- Up-to-date: /ros/install/velodyne_msgs/share/velodyne_msgs/environment/library_path.sh
[1.545s] -- Up-to-date: /ros/install/velodyne_msgs/share/velodyne_msgs/environment/library_path.dsv
[1.550s] -- Up-to-date: /ros/install/velodyne_msgs/lib/libvelodyne_msgs__rosidl_generator_c.so
[1.557s] -- Up-to-date: /ros/install/velodyne_msgs/include/velodyne_msgs/velodyne_msgs
[1.561s] -- Up-to-date: /ros/install/velodyne_msgs/include/velodyne_msgs/velodyne_msgs/msg
[1.567s] -- Up-to-date: /ros/install/velodyne_msgs/include/velodyne_msgs/velodyne_msgs/msg/detail
[1.571s] -- Up-to-date: /ros/install/velodyne_msgs/include/velodyne_msgs/velodyne_msgs/msg/detail/velodyne_packet__rosidl_typesupport_fastrtps_c.h
[1.576s] -- Up-to-date: /ros/install/velodyne_msgs/include/velodyne_msgs/velodyne_msgs/msg/detail/velodyne_scan__rosidl_typesupport_fastrtps_c.h
[1.584s] -- Up-to-date: /ros/install/velodyne_msgs/include/velodyne_msgs/velodyne_msgs/msg/rosidl_typesupport_fastrtps_c__visibility_control.h
[1.588s] -- Up-to-date: /ros/install/velodyne_msgs/lib/libvelodyne_msgs__rosidl_typesupport_fastrtps_c.so
[1.593s] -- Up-to-date: /ros/install/velodyne_msgs/include/velodyne_msgs/velodyne_msgs
[1.596s] -- Up-to-date: /ros/install/velodyne_msgs/include/velodyne_msgs/velodyne_msgs/msg
[1.602s] -- Up-to-date: /ros/install/velodyne_msgs/include/velodyne_msgs/velodyne_msgs/msg/detail
[1.607s] -- Up-to-date: /ros/install/velodyne_msgs/include/velodyne_msgs/velodyne_msgs/msg/detail/velodyne_packet__builder.hpp
[1.610s] -- Up-to-date: /ros/install/velodyne_msgs/include/velodyne_msgs/velodyne_msgs/msg/detail/velodyne_packet__struct.hpp
[1.616s] -- Up-to-date: /ros/install/velodyne_msgs/include/velodyne_msgs/velodyne_msgs/msg/detail/velodyne_packet__traits.hpp
[1.620s] -- Up-to-date: /ros/install/velodyne_msgs/include/velodyne_msgs/velodyne_msgs/msg/detail/velodyne_packet__type_support.hpp
[1.625s] -- Up-to-date: /ros/install/velodyne_msgs/include/velodyne_msgs/velodyne_msgs/msg/detail/velodyne_scan__builder.hpp
[1.630s] -- Up-to-date: /ros/install/velodyne_msgs/include/velodyne_msgs/velodyne_msgs/msg/detail/velodyne_scan__struct.hpp
[1.634s] -- Up-to-date: /ros/install/velodyne_msgs/include/velodyne_msgs/velodyne_msgs/msg/detail/velodyne_scan__traits.hpp
[1.639s] -- Up-to-date: /ros/install/velodyne_msgs/include/velodyne_msgs/velodyne_msgs/msg/detail/velodyne_scan__type_support.hpp
[1.646s] -- Up-to-date: /ros/install/velodyne_msgs/include/velodyne_msgs/velodyne_msgs/msg/rosidl_generator_cpp__visibility_control.hpp
[1.654s] -- Up-to-date: /ros/install/velodyne_msgs/include/velodyne_msgs/velodyne_msgs/msg/velodyne_packet.hpp
[1.660s] -- Up-to-date: /ros/install/velodyne_msgs/include/velodyne_msgs/velodyne_msgs/msg/velodyne_scan.hpp
[1.666s] -- Up-to-date: /ros/install/velodyne_msgs/include/velodyne_msgs/velodyne_msgs
[1.671s] -- Up-to-date: /ros/install/velodyne_msgs/include/velodyne_msgs/velodyne_msgs/msg
[1.674s] -- Up-to-date: /ros/install/velodyne_msgs/include/velodyne_msgs/velodyne_msgs/msg/detail
[1.678s] -- Up-to-date: /ros/install/velodyne_msgs/include/velodyne_msgs/velodyne_msgs/msg/detail/dds_fastrtps
[1.683s] -- Up-to-date: /ros/install/velodyne_msgs/include/velodyne_msgs/velodyne_msgs/msg/detail/velodyne_packet__rosidl_typesupport_fastrtps_cpp.hpp
[1.688s] -- Up-to-date: /ros/install/velodyne_msgs/include/velodyne_msgs/velodyne_msgs/msg/detail/velodyne_scan__rosidl_typesupport_fastrtps_cpp.hpp
[1.693s] -- Up-to-date: /ros/install/velodyne_msgs/include/velodyne_msgs/velodyne_msgs/msg/rosidl_typesupport_fastrtps_cpp__visibility_control.h
[1.697s] -- Up-to-date: /ros/install/velodyne_msgs/lib/libvelodyne_msgs__rosidl_typesupport_fastrtps_cpp.so
[1.706s] -- Up-to-date: /ros/install/velodyne_msgs/include/velodyne_msgs/velodyne_msgs
[1.713s] -- Up-to-date: /ros/install/velodyne_msgs/include/velodyne_msgs/velodyne_msgs/msg
[1.729s] -- Up-to-date: /ros/install/velodyne_msgs/include/velodyne_msgs/velodyne_msgs/msg/detail
[1.733s] -- Up-to-date: /ros/install/velodyne_msgs/include/velodyne_msgs/velodyne_msgs/msg/detail/velodyne_packet__rosidl_typesupport_introspection_c.h
[1.737s] -- Installing: /ros/install/velodyne_msgs/include/velodyne_msgs/velodyne_msgs/msg/detail/velodyne_packet__type_support.c
[1.799s] -- Up-to-date: /ros/install/velodyne_msgs/include/velodyne_msgs/velodyne_msgs/msg/detail/velodyne_scan__rosidl_typesupport_introspection_c.h
[1.824s] -- Up-to-date: /ros/install/velodyne_msgs/include/velodyne_msgs/velodyne_msgs/msg/detail/velodyne_scan__type_support.c
[1.836s] -- Up-to-date: /ros/install/velodyne_msgs/include/velodyne_msgs/velodyne_msgs/msg/rosidl_typesupport_introspection_c__visibility_control.h
[1.842s] -- Up-to-date: /ros/install/velodyne_msgs/lib/libvelodyne_msgs__rosidl_typesupport_introspection_c.so
[1.847s] -- Up-to-date: /ros/install/velodyne_msgs/lib/libvelodyne_msgs__rosidl_typesupport_c.so
[1.851s] -- Up-to-date: /ros/install/velodyne_msgs/include/velodyne_msgs/velodyne_msgs
[1.857s] -- Up-to-date: /ros/install/velodyne_msgs/include/velodyne_msgs/velodyne_msgs/msg
[1.860s] -- Up-to-date: /ros/install/velodyne_msgs/include/velodyne_msgs/velodyne_msgs/msg/detail
[1.867s] -- Up-to-date: /ros/install/velodyne_msgs/include/velodyne_msgs/velodyne_msgs/msg/detail/velodyne_packet__rosidl_typesupport_introspection_cpp.hpp
[1.870s] -- Up-to-date: /ros/install/velodyne_msgs/include/velodyne_msgs/velodyne_msgs/msg/detail/velodyne_packet__type_support.cpp
[1.875s] -- Up-to-date: /ros/install/velodyne_msgs/include/velodyne_msgs/velodyne_msgs/msg/detail/velodyne_scan__rosidl_typesupport_introspection_cpp.hpp
[1.880s] -- Up-to-date: /ros/install/velodyne_msgs/include/velodyne_msgs/velodyne_msgs/msg/detail/velodyne_scan__type_support.cpp
[1.884s] -- Up-to-date: /ros/install/velodyne_msgs/lib/libvelodyne_msgs__rosidl_typesupport_introspection_cpp.so
[1.889s] -- Up-to-date: /ros/install/velodyne_msgs/lib/libvelodyne_msgs__rosidl_typesupport_cpp.so
[1.894s] -- Up-to-date: /ros/install/velodyne_msgs/share/velodyne_msgs/environment/pythonpath.sh
[1.897s] -- Up-to-date: /ros/install/velodyne_msgs/share/velodyne_msgs/environment/pythonpath.dsv
[1.902s] -- Up-to-date: /ros/install/velodyne_msgs/lib/python3.12/site-packages/velodyne_msgs-2.5.1-py3.12.egg-info
[1.906s] -- Installing: /ros/install/velodyne_msgs/lib/python3.12/site-packages/velodyne_msgs-2.5.1-py3.12.egg-info/PKG-INFO
[1.911s] -- Installing: /ros/install/velodyne_msgs/lib/python3.12/site-packages/velodyne_msgs-2.5.1-py3.12.egg-info/SOURCES.txt
[1.915s] -- Installing: /ros/install/velodyne_msgs/lib/python3.12/site-packages/velodyne_msgs-2.5.1-py3.12.egg-info/dependency_links.txt
[1.926s] -- Installing: /ros/install/velodyne_msgs/lib/python3.12/site-packages/velodyne_msgs-2.5.1-py3.12.egg-info/top_level.txt
[1.929s] -- Up-to-date: /ros/install/velodyne_msgs/lib/python3.12/site-packages/velodyne_msgs
[1.935s] -- Up-to-date: /ros/install/velodyne_msgs/lib/python3.12/site-packages/velodyne_msgs/__init__.py
[1.939s] -- Up-to-date: /ros/install/velodyne_msgs/lib/python3.12/site-packages/velodyne_msgs/_velodyne_msgs_s.ep.rosidl_typesupport_c.c
[1.944s] -- Up-to-date: /ros/install/velodyne_msgs/lib/python3.12/site-packages/velodyne_msgs/_velodyne_msgs_s.ep.rosidl_typesupport_fastrtps_c.c
[1.948s] -- Up-to-date: /ros/install/velodyne_msgs/lib/python3.12/site-packages/velodyne_msgs/_velodyne_msgs_s.ep.rosidl_typesupport_introspection_c.c
[1.954s] -- Up-to-date: /ros/install/velodyne_msgs/lib/python3.12/site-packages/velodyne_msgs/msg
[1.958s] -- Up-to-date: /ros/install/velodyne_msgs/lib/python3.12/site-packages/velodyne_msgs/msg/__init__.py
[1.962s] -- Up-to-date: /ros/install/velodyne_msgs/lib/python3.12/site-packages/velodyne_msgs/msg/_velodyne_packet.py
[1.968s] -- Up-to-date: /ros/install/velodyne_msgs/lib/python3.12/site-packages/velodyne_msgs/msg/_velodyne_packet_s.c
[1.974s] -- Up-to-date: /ros/install/velodyne_msgs/lib/python3.12/site-packages/velodyne_msgs/msg/_velodyne_scan.py
[1.978s] -- Up-to-date: /ros/install/velodyne_msgs/lib/python3.12/site-packages/velodyne_msgs/msg/_velodyne_scan_s.c
[1.985s] -- Up-to-date: /ros/install/velodyne_msgs/lib/python3.12/site-packages/velodyne_msgs/velodyne_msgs_s__rosidl_typesupport_c.so
[1.988s] -- Up-to-date: /ros/install/velodyne_msgs/lib/python3.12/site-packages/velodyne_msgs/velodyne_msgs_s__rosidl_typesupport_fastrtps_c.so
[1.992s] -- Up-to-date: /ros/install/velodyne_msgs/lib/python3.12/site-packages/velodyne_msgs/velodyne_msgs_s__rosidl_typesupport_introspection_c.so
[1.998s] Listing '/ros/install/velodyne_msgs/lib/python3.12/site-packages/velodyne_msgs'...
[2.002s] Listing '/ros/install/velodyne_msgs/lib/python3.12/site-packages/velodyne_msgs/msg'...
[2.005s] -- Up-to-date: /ros/install/velodyne_msgs/lib/python3.12/site-packages/velodyne_msgs/velodyne_msgs_s__rosidl_typesupport_fastrtps_c.so
[2.010s] -- Up-to-date: /ros/install/velodyne_msgs/lib/python3.12/site-packages/velodyne_msgs/velodyne_msgs_s__rosidl_typesupport_introspection_c.so
[2.015s] -- Up-to-date: /ros/install/velodyne_msgs/lib/python3.12/site-packages/velodyne_msgs/velodyne_msgs_s__rosidl_typesupport_c.so
[2.020s] -- Up-to-date: /ros/install/velodyne_msgs/lib/libvelodyne_msgs__rosidl_generator_py.so
[2.023s] -- Up-to-date: /ros/install/velodyne_msgs/share/velodyne_msgs/msg/VelodynePacket.idl
[2.029s] -- Up-to-date: /ros/install/velodyne_msgs/share/velodyne_msgs/msg/VelodyneScan.idl
[2.035s] -- Up-to-date: /ros/install/velodyne_msgs/share/velodyne_msgs/msg/VelodynePacket.msg
[2.039s] -- Up-to-date: /ros/install/velodyne_msgs/share/velodyne_msgs/msg/VelodyneScan.msg
[2.043s] -- Up-to-date: /ros/install/velodyne_msgs/share/ament_index/resource_index/package_run_dependencies/velodyne_msgs
[2.048s] -- Up-to-date: /ros/install/velodyne_msgs/share/ament_index/resource_index/parent_prefix_path/velodyne_msgs
[2.051s] -- Up-to-date: /ros/install/velodyne_msgs/share/velodyne_msgs/environment/ament_prefix_path.sh
[2.055s] -- Up-to-date: /ros/install/velodyne_msgs/share/velodyne_msgs/environment/ament_prefix_path.dsv
[2.061s] -- Up-to-date: /ros/install/velodyne_msgs/share/velodyne_msgs/environment/path.sh
[2.065s] -- Up-to-date: /ros/install/velodyne_msgs/share/velodyne_msgs/environment/path.dsv
[2.069s] -- Up-to-date: /ros/install/velodyne_msgs/share/velodyne_msgs/local_setup.bash
[2.074s] -- Up-to-date: /ros/install/velodyne_msgs/share/velodyne_msgs/local_setup.sh
[2.078s] -- Up-to-date: /ros/install/velodyne_msgs/share/velodyne_msgs/local_setup.zsh
[2.082s] -- Up-to-date: /ros/install/velodyne_msgs/share/velodyne_msgs/local_setup.dsv
[2.087s] -- Installing: /ros/install/velodyne_msgs/share/velodyne_msgs/package.dsv
[2.090s] -- Up-to-date: /ros/install/velodyne_msgs/share/ament_index/resource_index/packages/velodyne_msgs
[2.094s] -- Up-to-date: /ros/install/velodyne_msgs/share/velodyne_msgs/cmake/export_velodyne_msgs__rosidl_generator_cExport.cmake
[2.100s] -- Up-to-date: /ros/install/velodyne_msgs/share/velodyne_msgs/cmake/export_velodyne_msgs__rosidl_generator_cExport-noconfig.cmake
[2.104s] -- Up-to-date: /ros/install/velodyne_msgs/share/velodyne_msgs/cmake/export_velodyne_msgs__rosidl_typesupport_fastrtps_cExport.cmake
[2.109s] -- Up-to-date: /ros/install/velodyne_msgs/share/velodyne_msgs/cmake/export_velodyne_msgs__rosidl_typesupport_fastrtps_cExport-noconfig.cmake
[2.113s] -- Up-to-date: /ros/install/velodyne_msgs/share/velodyne_msgs/cmake/export_velodyne_msgs__rosidl_generator_cppExport.cmake
[2.120s] -- Up-to-date: /ros/install/velodyne_msgs/share/velodyne_msgs/cmake/export_velodyne_msgs__rosidl_typesupport_fastrtps_cppExport.cmake
[2.123s] -- Up-to-date: /ros/install/velodyne_msgs/share/velodyne_msgs/cmake/export_velodyne_msgs__rosidl_typesupport_fastrtps_cppExport-noconfig.cmake
[2.127s] -- Up-to-date: /ros/install/velodyne_msgs/share/velodyne_msgs/cmake/velodyne_msgs__rosidl_typesupport_introspection_cExport.cmake
[2.131s] -- Up-to-date: /ros/install/velodyne_msgs/share/velodyne_msgs/cmake/velodyne_msgs__rosidl_typesupport_introspection_cExport-noconfig.cmake
[2.136s] -- Up-to-date: /ros/install/velodyne_msgs/share/velodyne_msgs/cmake/velodyne_msgs__rosidl_typesupport_cExport.cmake
[2.139s] -- Up-to-date: /ros/install/velodyne_msgs/share/velodyne_msgs/cmake/velodyne_msgs__rosidl_typesupport_cExport-noconfig.cmake
[2.147s] -- Up-to-date: /ros/install/velodyne_msgs/share/velodyne_msgs/cmake/velodyne_msgs__rosidl_typesupport_introspection_cppExport.cmake
[2.164s] -- Up-to-date: /ros/install/velodyne_msgs/share/velodyne_msgs/cmake/velodyne_msgs__rosidl_typesupport_introspection_cppExport-noconfig.cmake
[2.170s] -- Up-to-date: /ros/install/velodyne_msgs/share/velodyne_msgs/cmake/velodyne_msgs__rosidl_typesupport_cppExport.cmake
[2.186s] -- Up-to-date: /ros/install/velodyne_msgs/share/velodyne_msgs/cmake/velodyne_msgs__rosidl_typesupport_cppExport-noconfig.cmake
[2.192s] -- Up-to-date: /ros/install/velodyne_msgs/share/velodyne_msgs/cmake/export_velodyne_msgs__rosidl_generator_pyExport.cmake
[2.203s] -- Up-to-date: /ros/install/velodyne_msgs/share/velodyne_msgs/cmake/export_velodyne_msgs__rosidl_generator_pyExport-noconfig.cmake
[2.206s] -- Up-to-date: /ros/install/velodyne_msgs/share/velodyne_msgs/cmake/rosidl_cmake-extras.cmake
[2.218s] -- Up-to-date: /ros/install/velodyne_msgs/share/velodyne_msgs/cmake/ament_cmake_export_dependencies-extras.cmake
[2.224s] -- Up-to-date: /ros/install/velodyne_msgs/share/velodyne_msgs/cmake/ament_cmake_export_include_directories-extras.cmake
[2.230s] -- Up-to-date: /ros/install/velodyne_msgs/share/velodyne_msgs/cmake/ament_cmake_export_libraries-extras.cmake
[2.237s] -- Up-to-date: /ros/install/velodyne_msgs/share/velodyne_msgs/cmake/ament_cmake_export_targets-extras.cmake
[2.242s] -- Up-to-date: /ros/install/velodyne_msgs/share/velodyne_msgs/cmake/rosidl_cmake_export_typesupport_targets-extras.cmake
[2.247s] -- Up-to-date: /ros/install/velodyne_msgs/share/velodyne_msgs/cmake/rosidl_cmake_export_typesupport_libraries-extras.cmake
[2.256s] -- Up-to-date: /ros/install/velodyne_msgs/share/velodyne_msgs/cmake/velodyne_msgsConfig.cmake
[2.260s] -- Up-to-date: /ros/install/velodyne_msgs/share/velodyne_msgs/cmake/velodyne_msgsConfig-version.cmake
[2.264s] -- Up-to-date: /ros/install/velodyne_msgs/share/velodyne_msgs/package.xml
[2.267s] Invoked command in '/ros/build/velodyne_msgs' returned '0': CMAKE_PREFIX_PATH=/opt/ros/rolling /usr/bin/cmake --install /ros/build/velodyne_msgs
