[0.128s] Invoking command in '/ros/build/velodyne': AMENT_PREFIX_PATH=/ros/install/velodyne_pointcloud:/ros/install/velodyne_driver:/ros/install/velodyne_msgs:/ros/install/velodyne_laserscan:${AMENT_PREFIX_PATH} CMAKE_PREFIX_PATH=/ros/install/velodyne_pointcloud:/ros/install/velodyne_driver:/ros/install/velodyne_msgs:/ros/install/velodyne_laserscan:/opt/ros/rolling LD_LIBRARY_PATH=/ros/install/velodyne_pointcloud/lib:/ros/install/velodyne_driver/lib:/ros/install/velodyne_msgs/lib:/ros/install/velodyne_laserscan/lib:${LD_LIBRARY_PATH} PYTHONPATH=/ros/install/velodyne_msgs/lib/python3.12/site-packages:${PYTHONPATH} /usr/bin/cmake /ros/velodyne/velodyne -DCMAKE_INSTALL_PREFIX=/ros/install/velodyne
[0.812s] -- The C compiler identification is GNU 13.2.0
[1.199s] -- The CXX compiler identification is GNU 13.2.0
[1.306s] -- Detecting C compiler ABI info
[2.802s] -- Detecting C compiler ABI info - done
[2.929s] -- Check for working C compiler: /usr/bin/cc - skipped
[2.932s] -- Detecting C compile features
[2.936s] -- Detecting C compile features - done
[3.003s] -- Detecting CXX compiler ABI info
[4.502s] -- Detecting CXX compiler ABI info - done
[4.640s] -- Check for working CXX compiler: /usr/bin/c++ - skipped
[4.644s] -- Detecting CXX compile features
[4.648s] -- Detecting CXX compile features - done
[4.719s] -- Found ament_cmake: 2.7.0 (/opt/ros/rolling/share/ament_cmake/cmake)
[7.018s] -- Found Python3: /usr/bin/python3 (found version "3.12.3") found components: Interpreter 
[8.125s] -- Configuring done (7.8s)
[8.428s] -- Generating done (0.3s)
[8.496s] -- Build files have been written to: /ros/build/velodyne
[8.503s] Invoked command in '/ros/build/velodyne' returned '0': AMENT_PREFIX_PATH=/ros/install/velodyne_pointcloud:/ros/install/velodyne_driver:/ros/install/velodyne_msgs:/ros/install/velodyne_laserscan:${AMENT_PREFIX_PATH} CMAKE_PREFIX_PATH=/ros/install/velodyne_pointcloud:/ros/install/velodyne_driver:/ros/install/velodyne_msgs:/ros/install/velodyne_laserscan:/opt/ros/rolling LD_LIBRARY_PATH=/ros/install/velodyne_pointcloud/lib:/ros/install/velodyne_driver/lib:/ros/install/velodyne_msgs/lib:/ros/install/velodyne_laserscan/lib:${LD_LIBRARY_PATH} PYTHONPATH=/ros/install/velodyne_msgs/lib/python3.12/site-packages:${PYTHONPATH} /usr/bin/cmake /ros/velodyne/velodyne -DCMAKE_INSTALL_PREFIX=/ros/install/velodyne
[8.509s] Invoking command in '/ros/build/velodyne': AMENT_PREFIX_PATH=/ros/install/velodyne_pointcloud:/ros/install/velodyne_driver:/ros/install/velodyne_msgs:/ros/install/velodyne_laserscan:${AMENT_PREFIX_PATH} CMAKE_PREFIX_PATH=/ros/install/velodyne_pointcloud:/ros/install/velodyne_driver:/ros/install/velodyne_msgs:/ros/install/velodyne_laserscan:/opt/ros/rolling LD_LIBRARY_PATH=/ros/install/velodyne_pointcloud/lib:/ros/install/velodyne_driver/lib:/ros/install/velodyne_msgs/lib:/ros/install/velodyne_laserscan/lib:${LD_LIBRARY_PATH} PYTHONPATH=/ros/install/velodyne_msgs/lib/python3.12/site-packages:${PYTHONPATH} /usr/bin/cmake --build /ros/build/velodyne -- -j4 -l4
[9.380s] Invoked command in '/ros/build/velodyne' returned '0': AMENT_PREFIX_PATH=/ros/install/velodyne_pointcloud:/ros/install/velodyne_driver:/ros/install/velodyne_msgs:/ros/install/velodyne_laserscan:${AMENT_PREFIX_PATH} CMAKE_PREFIX_PATH=/ros/install/velodyne_pointcloud:/ros/install/velodyne_driver:/ros/install/velodyne_msgs:/ros/install/velodyne_laserscan:/opt/ros/rolling LD_LIBRARY_PATH=/ros/install/velodyne_pointcloud/lib:/ros/install/velodyne_driver/lib:/ros/install/velodyne_msgs/lib:/ros/install/velodyne_laserscan/lib:${LD_LIBRARY_PATH} PYTHONPATH=/ros/install/velodyne_msgs/lib/python3.12/site-packages:${PYTHONPATH} /usr/bin/cmake --build /ros/build/velodyne -- -j4 -l4
[9.414s] Invoking command in '/ros/build/velodyne': AMENT_PREFIX_PATH=/ros/install/velodyne_pointcloud:/ros/install/velodyne_driver:/ros/install/velodyne_msgs:/ros/install/velodyne_laserscan:${AMENT_PREFIX_PATH} CMAKE_PREFIX_PATH=/ros/install/velodyne_pointcloud:/ros/install/velodyne_driver:/ros/install/velodyne_msgs:/ros/install/velodyne_laserscan:/opt/ros/rolling LD_LIBRARY_PATH=/ros/install/velodyne_pointcloud/lib:/ros/install/velodyne_driver/lib:/ros/install/velodyne_msgs/lib:/ros/install/velodyne_laserscan/lib:${LD_LIBRARY_PATH} PYTHONPATH=/ros/install/velodyne_msgs/lib/python3.12/site-packages:${PYTHONPATH} /usr/bin/cmake --install /ros/build/velodyne
[9.584s] -- Install configuration: ""
[9.591s] -- Installing: /ros/install/velodyne/share/velodyne/launch
[9.608s] -- Installing: /ros/install/velodyne/share/velodyne/launch/velodyne-all-nodes-VLP16-composed-launch.py
[9.632s] -- Installing: /ros/install/velodyne/share/velodyne/launch/velodyne-all-nodes-VLP16-launch.py
[9.656s] -- Installing: /ros/install/velodyne/share/velodyne/launch/velodyne-all-nodes-VLP32C-composed-launch.py
[9.678s] -- Installing: /ros/install/velodyne/share/velodyne/launch/velodyne-all-nodes-VLP32C-launch.py
[9.700s] -- Installing: /ros/install/velodyne/share/velodyne/launch/velodyne-all-nodes-VLS128-composed-launch.py
[9.722s] -- Installing: /ros/install/velodyne/share/velodyne/launch/velodyne-all-nodes-VLS128-launch.py
[9.757s] -- Installing: /ros/install/velodyne/share/ament_index/resource_index/package_run_dependencies/velodyne
[9.791s] -- Installing: /ros/install/velodyne/share/ament_index/resource_index/parent_prefix_path/velodyne
[9.821s] -- Installing: /ros/install/velodyne/share/velodyne/environment/ament_prefix_path.sh
[9.840s] -- Installing: /ros/install/velodyne/share/velodyne/environment/ament_prefix_path.dsv
[9.863s] -- Installing: /ros/install/velodyne/share/velodyne/environment/path.sh
[9.882s] -- Installing: /ros/install/velodyne/share/velodyne/environment/path.dsv
[9.903s] -- Installing: /ros/install/velodyne/share/velodyne/local_setup.bash
[9.926s] -- Installing: /ros/install/velodyne/share/velodyne/local_setup.sh
[9.948s] -- Installing: /ros/install/velodyne/share/velodyne/local_setup.zsh
[9.971s] -- Installing: /ros/install/velodyne/share/velodyne/local_setup.dsv
[9.995s] -- Installing: /ros/install/velodyne/share/velodyne/package.dsv
[10.025s] -- Installing: /ros/install/velodyne/share/ament_index/resource_index/packages/velodyne
[10.053s] -- Installing: /ros/install/velodyne/share/velodyne/cmake/velodyneConfig.cmake
[10.076s] -- Installing: /ros/install/velodyne/share/velodyne/cmake/velodyneConfig-version.cmake
[10.100s] -- Installing: /ros/install/velodyne/share/velodyne/package.xml
[10.126s] Invoked command in '/ros/build/velodyne' returned '0': AMENT_PREFIX_PATH=/ros/install/velodyne_pointcloud:/ros/install/velodyne_driver:/ros/install/velodyne_msgs:/ros/install/velodyne_laserscan:${AMENT_PREFIX_PATH} CMAKE_PREFIX_PATH=/ros/install/velodyne_pointcloud:/ros/install/velodyne_driver:/ros/install/velodyne_msgs:/ros/install/velodyne_laserscan:/opt/ros/rolling LD_LIBRARY_PATH=/ros/install/velodyne_pointcloud/lib:/ros/install/velodyne_driver/lib:/ros/install/velodyne_msgs/lib:/ros/install/velodyne_laserscan/lib:${LD_LIBRARY_PATH} PYTHONPATH=/ros/install/velodyne_msgs/lib/python3.12/site-packages:${PYTHONPATH} /usr/bin/cmake --install /ros/build/velodyne
