running egg_info
creating ../build/debug_tools/debug_tools.egg-info
writing ../build/debug_tools/debug_tools.egg-info/PKG-INFO
writing dependency_links to ../build/debug_tools/debug_tools.egg-info/dependency_links.txt
writing entry points to ../build/debug_tools/debug_tools.egg-info/entry_points.txt
writing requirements to ../build/debug_tools/debug_tools.egg-info/requires.txt
writing top-level names to ../build/debug_tools/debug_tools.egg-info/top_level.txt
writing manifest file '../build/debug_tools/debug_tools.egg-info/SOURCES.txt'
reading manifest file '../build/debug_tools/debug_tools.egg-info/SOURCES.txt'
writing manifest file '../build/debug_tools/debug_tools.egg-info/SOURCES.txt'
running build
running build_py
creating /ros/build/debug_tools/build
creating /ros/build/debug_tools/build/lib
creating /ros/build/debug_tools/build/lib/debug_tools
copying debug_tools/__init__.py -> /ros/build/debug_tools/build/lib/debug_tools
copying debug_tools/bag_printer.py -> /ros/build/debug_tools/build/lib/debug_tools
running install
running install_lib
creating /ros/install/debug_tools/lib/python3.12/site-packages/debug_tools
copying /ros/build/debug_tools/build/lib/debug_tools/__init__.py -> /ros/install/debug_tools/lib/python3.12/site-packages/debug_tools
copying /ros/build/debug_tools/build/lib/debug_tools/bag_printer.py -> /ros/install/debug_tools/lib/python3.12/site-packages/debug_tools
byte-compiling /ros/install/debug_tools/lib/python3.12/site-packages/debug_tools/__init__.py to __init__.cpython-312.pyc
byte-compiling /ros/install/debug_tools/lib/python3.12/site-packages/debug_tools/bag_printer.py to bag_printer.cpython-312.pyc
running install_data
creating /ros/install/debug_tools/share/ament_index
creating /ros/install/debug_tools/share/ament_index/resource_index
creating /ros/install/debug_tools/share/ament_index/resource_index/packages
copying resource/debug_tools -> /ros/install/debug_tools/share/ament_index/resource_index/packages
copying package.xml -> /ros/install/debug_tools/share/debug_tools
running install_egg_info
Copying ../build/debug_tools/debug_tools.egg-info to /ros/install/debug_tools/lib/python3.12/site-packages/debug_tools-0.0.0-py3.12.egg-info
running install_scripts
Installing bag_printer script to /ros/install/debug_tools/lib/debug_tools
writing list of installed files to '/ros/build/debug_tools/install.log'
