[0.646s] Invoking command in '/ros/debug_tools': PYTHONPATH=/ros/build/debug_tools/prefix_override:/usr/lib/python3/dist-packages/colcon_core/task/python/colcon_distutils_commands:/ros/install/debug_tools/lib/python3.12/site-packages:${PYTHONPATH} /usr/bin/python3 -W ignore:setup.py install is deprecated setup.py egg_info --egg-base ../build/debug_tools build --build-base /ros/build/debug_tools/build install --record /ros/build/debug_tools/install.log --single-version-externally-managed install_data
[0.763s] running egg_info
[0.767s] creating ../build/debug_tools/debug_tools.egg-info
[0.777s] writing ../build/debug_tools/debug_tools.egg-info/PKG-INFO
[0.792s] writing dependency_links to ../build/debug_tools/debug_tools.egg-info/dependency_links.txt
[0.802s] writing entry points to ../build/debug_tools/debug_tools.egg-info/entry_points.txt
[0.817s] writing requirements to ../build/debug_tools/debug_tools.egg-info/requires.txt
[0.826s] writing top-level names to ../build/debug_tools/debug_tools.egg-info/top_level.txt
[0.836s] writing manifest file '../build/debug_tools/debug_tools.egg-info/SOURCES.txt'
[0.883s] reading manifest file '../build/debug_tools/debug_tools.egg-info/SOURCES.txt'
[0.913s] writing manifest file '../build/debug_tools/debug_tools.egg-info/SOURCES.txt'
[0.918s] running build
[0.922s] running build_py
[0.929s] creating /ros/build/debug_tools/build
[0.935s] creating /ros/build/debug_tools/build/lib
[0.941s] creating /ros/build/debug_tools/build/lib/debug_tools
[0.945s] copying debug_tools/__init__.py -> /ros/build/debug_tools/build/lib/debug_tools
[0.950s] copying debug_tools/bag_printer.py -> /ros/build/debug_tools/build/lib/debug_tools
[0.966s] running install
[0.972s] running install_lib
[0.986s] creating /ros/install/debug_tools/lib/python3.12/site-packages/debug_tools
[0.990s] copying /ros/build/debug_tools/build/lib/debug_tools/__init__.py -> /ros/install/debug_tools/lib/python3.12/site-packages/debug_tools
[1.008s] copying /ros/build/debug_tools/build/lib/debug_tools/bag_printer.py -> /ros/install/debug_tools/lib/python3.12/site-packages/debug_tools
[1.025s] byte-compiling /ros/install/debug_tools/lib/python3.12/site-packages/debug_tools/__init__.py to __init__.cpython-312.pyc
[1.044s] byte-compiling /ros/install/debug_tools/lib/python3.12/site-packages/debug_tools/bag_printer.py to bag_printer.cpython-312.pyc
[1.058s] running install_data
[1.065s] creating /ros/install/debug_tools/share/ament_index
[1.068s] creating /ros/install/debug_tools/share/ament_index/resource_index
[1.071s] creating /ros/install/debug_tools/share/ament_index/resource_index/packages
[1.076s] copying resource/debug_tools -> /ros/install/debug_tools/share/ament_index/resource_index/packages
[1.090s] copying package.xml -> /ros/install/debug_tools/share/debug_tools
[1.097s] running install_egg_info
[1.112s] Copying ../build/debug_tools/debug_tools.egg-info to /ros/install/debug_tools/lib/python3.12/site-packages/debug_tools-0.0.0-py3.12.egg-info
[1.219s] running install_scripts
[1.295s] Installing bag_printer script to /ros/install/debug_tools/lib/debug_tools
[1.306s] writing list of installed files to '/ros/build/debug_tools/install.log'
[1.331s] Invoked command in '/ros/debug_tools' returned '0': PYTHONPATH=/ros/build/debug_tools/prefix_override:/usr/lib/python3/dist-packages/colcon_core/task/python/colcon_distutils_commands:/ros/install/debug_tools/lib/python3.12/site-packages:${PYTHONPATH} /usr/bin/python3 -W ignore:setup.py install is deprecated setup.py egg_info --egg-base ../build/debug_tools build --build-base /ros/build/debug_tools/build install --record /ros/build/debug_tools/install.log --single-version-externally-managed install_data
