[0.109s] Invoking command in '/ros/build/velodyne_pointcloud': AMENT_PREFIX_PATH=/ros/install/velodyne_msgs:${AMENT_PREFIX_PATH} CMAKE_PREFIX_PATH=/ros/install/velodyne_msgs:/opt/ros/rolling LD_LIBRARY_PATH=/ros/install/velodyne_msgs/lib:${LD_LIBRARY_PATH} PYTHONPATH=/ros/install/velodyne_msgs/lib/python3.12/site-packages:${PYTHONPATH} /usr/bin/cmake /ros/velodyne/velodyne_pointcloud -DCMAKE_INSTALL_PREFIX=/ros/install/velodyne_pointcloud
[0.204s] -- Found ament_cmake: 2.7.0 (/opt/ros/rolling/share/ament_cmake/cmake)
[0.535s] -- Found angles: 1.16.0 (/opt/ros/rolling/share/angles/cmake)
[0.635s] [31mCMake Error at CMakeLists.txt:15 (find_package):
[0.641s]   By not providing "Finddiagnostic_updater.cmake" in CMAKE_MODULE_PATH this
[0.645s]   project has asked CMake to find a package configuration file provided by
[0.649s]   "diagnostic_updater", but CMake did not find one.
[0.654s] 
[0.658s]   Could not find a package configuration file provided by
[0.661s]   "diagnostic_updater" with any of the following names:
[0.666s] 
[0.669s]     diagnostic_updaterConfig.cmake
[0.672s]     diagnostic_updater-config.cmake
[0.676s] 
[0.679s]   Add the installation prefix of "diagnostic_updater" to CMAKE_PREFIX_PATH or
[0.695s]   set "diagnostic_updater_DIR" to a directory containing one of the above
[0.699s]   files.  If "diagnostic_updater" provides a separate development package or
[0.704s]   SDK, be sure it has been installed.
[0.708s] 
[0.712s] [0m
[0.715s] -- Configuring incomplete, errors occurred!
[0.723s] Invoked command in '/ros/build/velodyne_pointcloud' returned '1': AMENT_PREFIX_PATH=/ros/install/velodyne_msgs:${AMENT_PREFIX_PATH} CMAKE_PREFIX_PATH=/ros/install/velodyne_msgs:/opt/ros/rolling LD_LIBRARY_PATH=/ros/install/velodyne_msgs/lib:${LD_LIBRARY_PATH} PYTHONPATH=/ros/install/velodyne_msgs/lib/python3.12/site-packages:${PYTHONPATH} /usr/bin/cmake /ros/velodyne/velodyne_pointcloud -DCMAKE_INSTALL_PREFIX=/ros/install/velodyne_pointcloud
