[0.102s] DEBUG:colcon:Command line arguments: ['/usr/bin/colcon', 'build']
[0.103s] DEBUG:colcon:Parsed command line arguments: Namespace(log_base=None, log_level=None, verb_name='build', build_base='build', install_base='install', merge_install=False, symlink_install=False, test_result_base=None, continue_on_error=False, executor='parallel', parallel_workers=4, event_handlers=None, ignore_user_meta=False, metas=['./colcon.meta'], base_paths=['.'], packages_ignore=None, packages_ignore_regex=None, paths=None, packages_up_to=None, packages_up_to_regex=None, packages_above=None, packages_above_and_dependencies=None, packages_above_depth=None, packages_select_by_dep=None, packages_skip_by_dep=None, packages_skip_up_to=None, packages_select_build_failed=False, packages_skip_build_finished=False, packages_select_test_failures=False, packages_skip_test_passed=False, packages_select=None, packages_skip=None, packages_select_regex=None, packages_skip_regex=None, packages_start=None, packages_end=None, cmake_args=None, cmake_target=None, cmake_target_skip_unavailable=False, cmake_clean_cache=False, cmake_clean_first=False, cmake_force_configure=False, ament_cmake_args=None, catkin_cmake_args=None, catkin_skip_building_tests=False, mixin_files=None, mixin=None, verb_parser=<colcon_mixin.mixin.mixin_argument.MixinArgumentDecorator object at 0xffff98e895b0>, verb_extension=<colcon_core.verb.build.BuildVerb object at 0xffff9a066c90>, main=<bound method BuildVerb.main of <colcon_core.verb.build.BuildVerb object at 0xffff9a066c90>>, mixin_verb=('build',))
[0.138s] Level 1:colcon.colcon_core.package_discovery:discover_packages(colcon_meta) check parameters
[0.139s] INFO:colcon.colcon_metadata.package_discovery.colcon_meta:Using configuration from '/root/.colcon/metadata/default/Gazebo.meta'
[0.140s] INFO:colcon.colcon_metadata.package_discovery.colcon_meta:Using configuration from '/root/.colcon/metadata/default/fastrtps.meta'
[0.143s] Level 1:colcon.colcon_core.package_discovery:discover_packages(recursive) check parameters
[0.144s] Level 1:colcon.colcon_core.package_discovery:discover_packages(ignore) check parameters
[0.145s] Level 1:colcon.colcon_core.package_discovery:discover_packages(path) check parameters
[0.146s] Level 1:colcon.colcon_core.package_discovery:discover_packages(colcon_meta) discover
[0.147s] Level 1:colcon.colcon_core.package_discovery:discover_packages(recursive) discover
[0.150s] INFO:colcon.colcon_core.package_discovery:Crawling recursively for packages in '/ros'
[0.151s] Level 1:colcon.colcon_core.package_identification:_identify(.) by extensions ['ignore', 'ignore_ament_install']
[0.152s] Level 1:colcon.colcon_core.package_identification:_identify(.) by extension 'ignore'
[0.154s] Level 1:colcon.colcon_core.package_identification:_identify(.) by extension 'ignore_ament_install'
[0.157s] Level 1:colcon.colcon_core.package_identification:_identify(.) by extensions ['colcon_pkg']
[0.158s] Level 1:colcon.colcon_core.package_identification:_identify(.) by extension 'colcon_pkg'
[0.160s] Level 1:colcon.colcon_core.package_identification:_identify(.) by extensions ['colcon_meta']
[0.161s] Level 1:colcon.colcon_core.package_identification:_identify(.) by extension 'colcon_meta'
[0.162s] Level 1:colcon.colcon_core.package_identification:_identify(.) by extensions ['ros']
[0.162s] Level 1:colcon.colcon_core.package_identification:_identify(.) by extension 'ros'
[0.186s] Level 1:colcon.colcon_core.package_identification:_identify(.) by extensions ['cmake', 'python']
[0.187s] Level 1:colcon.colcon_core.package_identification:_identify(.) by extension 'cmake'
[0.189s] Level 1:colcon.colcon_core.package_identification:_identify(.) by extension 'python'
[0.191s] Level 1:colcon.colcon_core.package_identification:_identify(.) by extensions ['python_setup_py']
[0.191s] Level 1:colcon.colcon_core.package_identification:_identify(.) by extension 'python_setup_py'
[0.194s] Level 1:colcon.colcon_core.package_identification:_identify(build) by extensions ['ignore', 'ignore_ament_install']
[0.195s] Level 1:colcon.colcon_core.package_identification:_identify(build) by extension 'ignore'
[0.196s] Level 1:colcon.colcon_core.package_identification:_identify(build) ignored
[0.198s] Level 1:colcon.colcon_core.package_identification:_identify(data) by extensions ['ignore', 'ignore_ament_install']
[0.199s] Level 1:colcon.colcon_core.package_identification:_identify(data) by extension 'ignore'
[0.201s] Level 1:colcon.colcon_core.package_identification:_identify(data) by extension 'ignore_ament_install'
[0.203s] Level 1:colcon.colcon_core.package_identification:_identify(data) by extensions ['colcon_pkg']
[0.206s] Level 1:colcon.colcon_core.package_identification:_identify(data) by extension 'colcon_pkg'
[0.208s] Level 1:colcon.colcon_core.package_identification:_identify(data) by extensions ['colcon_meta']
[0.210s] Level 1:colcon.colcon_core.package_identification:_identify(data) by extension 'colcon_meta'
[0.211s] Level 1:colcon.colcon_core.package_identification:_identify(data) by extensions ['ros']
[0.212s] Level 1:colcon.colcon_core.package_identification:_identify(data) by extension 'ros'
[0.217s] Level 1:colcon.colcon_core.package_identification:_identify(data) by extensions ['cmake', 'python']
[0.218s] Level 1:colcon.colcon_core.package_identification:_identify(data) by extension 'cmake'
[0.219s] Level 1:colcon.colcon_core.package_identification:_identify(data) by extension 'python'
[0.221s] Level 1:colcon.colcon_core.package_identification:_identify(data) by extensions ['python_setup_py']
[0.222s] Level 1:colcon.colcon_core.package_identification:_identify(data) by extension 'python_setup_py'
[0.226s] Level 1:colcon.colcon_core.package_identification:_identify(data/bags) by extensions ['ignore', 'ignore_ament_install']
[0.227s] Level 1:colcon.colcon_core.package_identification:_identify(data/bags) by extension 'ignore'
[0.230s] Level 1:colcon.colcon_core.package_identification:_identify(data/bags) by extension 'ignore_ament_install'
[0.232s] Level 1:colcon.colcon_core.package_identification:_identify(data/bags) by extensions ['colcon_pkg']
[0.233s] Level 1:colcon.colcon_core.package_identification:_identify(data/bags) by extension 'colcon_pkg'
[0.235s] Level 1:colcon.colcon_core.package_identification:_identify(data/bags) by extensions ['colcon_meta']
[0.236s] Level 1:colcon.colcon_core.package_identification:_identify(data/bags) by extension 'colcon_meta'
[0.236s] Level 1:colcon.colcon_core.package_identification:_identify(data/bags) by extensions ['ros']
[0.237s] Level 1:colcon.colcon_core.package_identification:_identify(data/bags) by extension 'ros'
[0.243s] Level 1:colcon.colcon_core.package_identification:_identify(data/bags) by extensions ['cmake', 'python']
[0.244s] Level 1:colcon.colcon_core.package_identification:_identify(data/bags) by extension 'cmake'
[0.247s] Level 1:colcon.colcon_core.package_identification:_identify(data/bags) by extension 'python'
[0.249s] Level 1:colcon.colcon_core.package_identification:_identify(data/bags) by extensions ['python_setup_py']
[0.250s] Level 1:colcon.colcon_core.package_identification:_identify(data/bags) by extension 'python_setup_py'
[0.252s] Level 1:colcon.colcon_core.package_identification:_identify(data/bags/bonirob_2016-04-20-15-43-50_10.bag_ros2) by extensions ['ignore', 'ignore_ament_install']
[0.253s] Level 1:colcon.colcon_core.package_identification:_identify(data/bags/bonirob_2016-04-20-15-43-50_10.bag_ros2) by extension 'ignore'
[0.255s] Level 1:colcon.colcon_core.package_identification:_identify(data/bags/bonirob_2016-04-20-15-43-50_10.bag_ros2) by extension 'ignore_ament_install'
[0.257s] Level 1:colcon.colcon_core.package_identification:_identify(data/bags/bonirob_2016-04-20-15-43-50_10.bag_ros2) by extensions ['colcon_pkg']
[0.258s] Level 1:colcon.colcon_core.package_identification:_identify(data/bags/bonirob_2016-04-20-15-43-50_10.bag_ros2) by extension 'colcon_pkg'
[0.260s] Level 1:colcon.colcon_core.package_identification:_identify(data/bags/bonirob_2016-04-20-15-43-50_10.bag_ros2) by extensions ['colcon_meta']
[0.261s] Level 1:colcon.colcon_core.package_identification:_identify(data/bags/bonirob_2016-04-20-15-43-50_10.bag_ros2) by extension 'colcon_meta'
[0.264s] Level 1:colcon.colcon_core.package_identification:_identify(data/bags/bonirob_2016-04-20-15-43-50_10.bag_ros2) by extensions ['ros']
[0.265s] Level 1:colcon.colcon_core.package_identification:_identify(data/bags/bonirob_2016-04-20-15-43-50_10.bag_ros2) by extension 'ros'
[0.271s] Level 1:colcon.colcon_core.package_identification:_identify(data/bags/bonirob_2016-04-20-15-43-50_10.bag_ros2) by extensions ['cmake', 'python']
[0.271s] Level 1:colcon.colcon_core.package_identification:_identify(data/bags/bonirob_2016-04-20-15-43-50_10.bag_ros2) by extension 'cmake'
[0.273s] Level 1:colcon.colcon_core.package_identification:_identify(data/bags/bonirob_2016-04-20-15-43-50_10.bag_ros2) by extension 'python'
[0.275s] Level 1:colcon.colcon_core.package_identification:_identify(data/bags/bonirob_2016-04-20-15-43-50_10.bag_ros2) by extensions ['python_setup_py']
[0.276s] Level 1:colcon.colcon_core.package_identification:_identify(data/bags/bonirob_2016-04-20-15-43-50_10.bag_ros2) by extension 'python_setup_py'
[0.278s] Level 1:colcon.colcon_core.package_identification:_identify(debug_tools) by extensions ['ignore', 'ignore_ament_install']
[0.279s] Level 1:colcon.colcon_core.package_identification:_identify(debug_tools) by extension 'ignore'
[0.282s] Level 1:colcon.colcon_core.package_identification:_identify(debug_tools) by extension 'ignore_ament_install'
[0.287s] Level 1:colcon.colcon_core.package_identification:_identify(debug_tools) by extensions ['colcon_pkg']
[0.287s] Level 1:colcon.colcon_core.package_identification:_identify(debug_tools) by extension 'colcon_pkg'
[0.289s] Level 1:colcon.colcon_core.package_identification:_identify(debug_tools) by extensions ['colcon_meta']
[0.290s] Level 1:colcon.colcon_core.package_identification:_identify(debug_tools) by extension 'colcon_meta'
[0.291s] Level 1:colcon.colcon_core.package_identification:_identify(debug_tools) by extensions ['ros']
[0.292s] Level 1:colcon.colcon_core.package_identification:_identify(debug_tools) by extension 'ros'
[0.299s] DEBUG:colcon.colcon_core.package_identification:Package 'debug_tools' with type 'ros.ament_python' and name 'debug_tools'
[0.300s] Level 1:colcon.colcon_core.package_identification:_identify(install) by extensions ['ignore', 'ignore_ament_install']
[0.301s] Level 1:colcon.colcon_core.package_identification:_identify(install) by extension 'ignore'
[0.304s] Level 1:colcon.colcon_core.package_identification:_identify(install) ignored
[0.311s] Level 1:colcon.colcon_core.package_identification:_identify(log) by extensions ['ignore', 'ignore_ament_install']
[0.312s] Level 1:colcon.colcon_core.package_identification:_identify(log) by extension 'ignore'
[0.313s] Level 1:colcon.colcon_core.package_identification:_identify(log) ignored
[0.314s] Level 1:colcon.colcon_core.package_identification:_identify(velodyne) by extensions ['ignore', 'ignore_ament_install']
[0.314s] Level 1:colcon.colcon_core.package_identification:_identify(velodyne) by extension 'ignore'
[0.316s] Level 1:colcon.colcon_core.package_identification:_identify(velodyne) by extension 'ignore_ament_install'
[0.319s] Level 1:colcon.colcon_core.package_identification:_identify(velodyne) by extensions ['colcon_pkg']
[0.320s] Level 1:colcon.colcon_core.package_identification:_identify(velodyne) by extension 'colcon_pkg'
[0.324s] Level 1:colcon.colcon_core.package_identification:_identify(velodyne) by extensions ['colcon_meta']
[0.325s] Level 1:colcon.colcon_core.package_identification:_identify(velodyne) by extension 'colcon_meta'
[0.326s] Level 1:colcon.colcon_core.package_identification:_identify(velodyne) by extensions ['ros']
[0.327s] Level 1:colcon.colcon_core.package_identification:_identify(velodyne) by extension 'ros'
[0.332s] Level 1:colcon.colcon_core.package_identification:_identify(velodyne) by extensions ['cmake', 'python']
[0.333s] Level 1:colcon.colcon_core.package_identification:_identify(velodyne) by extension 'cmake'
[0.335s] Level 1:colcon.colcon_core.package_identification:_identify(velodyne) by extension 'python'
[0.338s] Level 1:colcon.colcon_core.package_identification:_identify(velodyne) by extensions ['python_setup_py']
[0.339s] Level 1:colcon.colcon_core.package_identification:_identify(velodyne) by extension 'python_setup_py'
[0.342s] Level 1:colcon.colcon_core.package_identification:_identify(velodyne/velodyne) by extensions ['ignore', 'ignore_ament_install']
[0.343s] Level 1:colcon.colcon_core.package_identification:_identify(velodyne/velodyne) by extension 'ignore'
[0.346s] Level 1:colcon.colcon_core.package_identification:_identify(velodyne/velodyne) by extension 'ignore_ament_install'
[0.349s] Level 1:colcon.colcon_core.package_identification:_identify(velodyne/velodyne) by extensions ['colcon_pkg']
[0.350s] Level 1:colcon.colcon_core.package_identification:_identify(velodyne/velodyne) by extension 'colcon_pkg'
[0.352s] Level 1:colcon.colcon_core.package_identification:_identify(velodyne/velodyne) by extensions ['colcon_meta']
[0.353s] Level 1:colcon.colcon_core.package_identification:_identify(velodyne/velodyne) by extension 'colcon_meta'
[0.353s] Level 1:colcon.colcon_core.package_identification:_identify(velodyne/velodyne) by extensions ['ros']
[0.354s] Level 1:colcon.colcon_core.package_identification:_identify(velodyne/velodyne) by extension 'ros'
[0.359s] DEBUG:colcon.colcon_core.package_identification:Package 'velodyne/velodyne' with type 'ros.ament_cmake' and name 'velodyne'
[0.362s] Level 1:colcon.colcon_core.package_identification:_identify(velodyne/velodyne_driver) by extensions ['ignore', 'ignore_ament_install']
[0.363s] Level 1:colcon.colcon_core.package_identification:_identify(velodyne/velodyne_driver) by extension 'ignore'
[0.366s] Level 1:colcon.colcon_core.package_identification:_identify(velodyne/velodyne_driver) by extension 'ignore_ament_install'
[0.370s] Level 1:colcon.colcon_core.package_identification:_identify(velodyne/velodyne_driver) by extensions ['colcon_pkg']
[0.371s] Level 1:colcon.colcon_core.package_identification:_identify(velodyne/velodyne_driver) by extension 'colcon_pkg'
[0.373s] Level 1:colcon.colcon_core.package_identification:_identify(velodyne/velodyne_driver) by extensions ['colcon_meta']
[0.373s] Level 1:colcon.colcon_core.package_identification:_identify(velodyne/velodyne_driver) by extension 'colcon_meta'
[0.374s] Level 1:colcon.colcon_core.package_identification:_identify(velodyne/velodyne_driver) by extensions ['ros']
[0.375s] Level 1:colcon.colcon_core.package_identification:_identify(velodyne/velodyne_driver) by extension 'ros'
[0.382s] DEBUG:colcon.colcon_core.package_identification:Package 'velodyne/velodyne_driver' with type 'ros.ament_cmake' and name 'velodyne_driver'
[0.384s] Level 1:colcon.colcon_core.package_identification:_identify(velodyne/velodyne_laserscan) by extensions ['ignore', 'ignore_ament_install']
[0.384s] Level 1:colcon.colcon_core.package_identification:_identify(velodyne/velodyne_laserscan) by extension 'ignore'
[0.388s] Level 1:colcon.colcon_core.package_identification:_identify(velodyne/velodyne_laserscan) by extension 'ignore_ament_install'
[0.391s] Level 1:colcon.colcon_core.package_identification:_identify(velodyne/velodyne_laserscan) by extensions ['colcon_pkg']
[0.392s] Level 1:colcon.colcon_core.package_identification:_identify(velodyne/velodyne_laserscan) by extension 'colcon_pkg'
[0.395s] Level 1:colcon.colcon_core.package_identification:_identify(velodyne/velodyne_laserscan) by extensions ['colcon_meta']
[0.395s] Level 1:colcon.colcon_core.package_identification:_identify(velodyne/velodyne_laserscan) by extension 'colcon_meta'
[0.396s] Level 1:colcon.colcon_core.package_identification:_identify(velodyne/velodyne_laserscan) by extensions ['ros']
[0.398s] Level 1:colcon.colcon_core.package_identification:_identify(velodyne/velodyne_laserscan) by extension 'ros'
[0.402s] DEBUG:colcon.colcon_core.package_identification:Package 'velodyne/velodyne_laserscan' with type 'ros.ament_cmake' and name 'velodyne_laserscan'
[0.404s] Level 1:colcon.colcon_core.package_identification:_identify(velodyne/velodyne_msgs) by extensions ['ignore', 'ignore_ament_install']
[0.407s] Level 1:colcon.colcon_core.package_identification:_identify(velodyne/velodyne_msgs) by extension 'ignore'
[0.410s] Level 1:colcon.colcon_core.package_identification:_identify(velodyne/velodyne_msgs) by extension 'ignore_ament_install'
[0.413s] Level 1:colcon.colcon_core.package_identification:_identify(velodyne/velodyne_msgs) by extensions ['colcon_pkg']
[0.414s] Level 1:colcon.colcon_core.package_identification:_identify(velodyne/velodyne_msgs) by extension 'colcon_pkg'
[0.416s] Level 1:colcon.colcon_core.package_identification:_identify(velodyne/velodyne_msgs) by extensions ['colcon_meta']
[0.416s] Level 1:colcon.colcon_core.package_identification:_identify(velodyne/velodyne_msgs) by extension 'colcon_meta'
[0.417s] Level 1:colcon.colcon_core.package_identification:_identify(velodyne/velodyne_msgs) by extensions ['ros']
[0.418s] Level 1:colcon.colcon_core.package_identification:_identify(velodyne/velodyne_msgs) by extension 'ros'
[0.422s] DEBUG:colcon.colcon_core.package_identification:Package 'velodyne/velodyne_msgs' with type 'ros.ament_cmake' and name 'velodyne_msgs'
[0.425s] Level 1:colcon.colcon_core.package_identification:_identify(velodyne/velodyne_pointcloud) by extensions ['ignore', 'ignore_ament_install']
[0.426s] Level 1:colcon.colcon_core.package_identification:_identify(velodyne/velodyne_pointcloud) by extension 'ignore'
[0.432s] Level 1:colcon.colcon_core.package_identification:_identify(velodyne/velodyne_pointcloud) by extension 'ignore_ament_install'
[0.435s] Level 1:colcon.colcon_core.package_identification:_identify(velodyne/velodyne_pointcloud) by extensions ['colcon_pkg']
[0.437s] Level 1:colcon.colcon_core.package_identification:_identify(velodyne/velodyne_pointcloud) by extension 'colcon_pkg'
[0.439s] Level 1:colcon.colcon_core.package_identification:_identify(velodyne/velodyne_pointcloud) by extensions ['colcon_meta']
[0.440s] Level 1:colcon.colcon_core.package_identification:_identify(velodyne/velodyne_pointcloud) by extension 'colcon_meta'
[0.442s] Level 1:colcon.colcon_core.package_identification:_identify(velodyne/velodyne_pointcloud) by extensions ['ros']
[0.443s] Level 1:colcon.colcon_core.package_identification:_identify(velodyne/velodyne_pointcloud) by extension 'ros'
[0.450s] DEBUG:colcon.colcon_core.package_identification:Package 'velodyne/velodyne_pointcloud' with type 'ros.ament_cmake' and name 'velodyne_pointcloud'
[0.451s] Level 1:colcon.colcon_core.package_discovery:discover_packages(recursive) using defaults
[0.453s] Level 1:colcon.colcon_core.package_discovery:discover_packages(ignore) discover
[0.454s] Level 1:colcon.colcon_core.package_discovery:discover_packages(ignore) using defaults
[0.456s] Level 1:colcon.colcon_core.package_discovery:discover_packages(path) discover
[0.457s] Level 1:colcon.colcon_core.package_discovery:discover_packages(path) using defaults
[0.481s] Level 5:colcon.colcon_core.verb:set package 'debug_tools' build argument 'cmake_args' from command line to 'None'
[0.482s] Level 5:colcon.colcon_core.verb:set package 'debug_tools' build argument 'cmake_target' from command line to 'None'
[0.484s] Level 5:colcon.colcon_core.verb:set package 'debug_tools' build argument 'cmake_target_skip_unavailable' from command line to 'False'
[0.485s] Level 5:colcon.colcon_core.verb:set package 'debug_tools' build argument 'cmake_clean_cache' from command line to 'False'
[0.485s] Level 5:colcon.colcon_core.verb:set package 'debug_tools' build argument 'cmake_clean_first' from command line to 'False'
[0.486s] Level 5:colcon.colcon_core.verb:set package 'debug_tools' build argument 'cmake_force_configure' from command line to 'False'
[0.487s] Level 5:colcon.colcon_core.verb:set package 'debug_tools' build argument 'ament_cmake_args' from command line to 'None'
[0.490s] Level 5:colcon.colcon_core.verb:set package 'debug_tools' build argument 'catkin_cmake_args' from command line to 'None'
[0.491s] Level 5:colcon.colcon_core.verb:set package 'debug_tools' build argument 'catkin_skip_building_tests' from command line to 'False'
[0.492s] DEBUG:colcon.colcon_core.verb:Building package 'debug_tools' with the following arguments: {'ament_cmake_args': None, 'build_base': '/ros/build/debug_tools', 'catkin_cmake_args': None, 'catkin_skip_building_tests': False, 'cmake_args': None, 'cmake_clean_cache': False, 'cmake_clean_first': False, 'cmake_force_configure': False, 'cmake_target': None, 'cmake_target_skip_unavailable': False, 'install_base': '/ros/install/debug_tools', 'merge_install': False, 'path': '/ros/debug_tools', 'symlink_install': False, 'test_result_base': None}
[0.496s] Level 5:colcon.colcon_core.verb:set package 'velodyne_laserscan' build argument 'cmake_args' from command line to 'None'
[0.497s] Level 5:colcon.colcon_core.verb:set package 'velodyne_laserscan' build argument 'cmake_target' from command line to 'None'
[0.498s] Level 5:colcon.colcon_core.verb:set package 'velodyne_laserscan' build argument 'cmake_target_skip_unavailable' from command line to 'False'
[0.499s] Level 5:colcon.colcon_core.verb:set package 'velodyne_laserscan' build argument 'cmake_clean_cache' from command line to 'False'
[0.500s] Level 5:colcon.colcon_core.verb:set package 'velodyne_laserscan' build argument 'cmake_clean_first' from command line to 'False'
[0.501s] Level 5:colcon.colcon_core.verb:set package 'velodyne_laserscan' build argument 'cmake_force_configure' from command line to 'False'
[0.502s] Level 5:colcon.colcon_core.verb:set package 'velodyne_laserscan' build argument 'ament_cmake_args' from command line to 'None'
[0.503s] Level 5:colcon.colcon_core.verb:set package 'velodyne_laserscan' build argument 'catkin_cmake_args' from command line to 'None'
[0.503s] Level 5:colcon.colcon_core.verb:set package 'velodyne_laserscan' build argument 'catkin_skip_building_tests' from command line to 'False'
[0.504s] DEBUG:colcon.colcon_core.verb:Building package 'velodyne_laserscan' with the following arguments: {'ament_cmake_args': None, 'build_base': '/ros/build/velodyne_laserscan', 'catkin_cmake_args': None, 'catkin_skip_building_tests': False, 'cmake_args': None, 'cmake_clean_cache': False, 'cmake_clean_first': False, 'cmake_force_configure': False, 'cmake_target': None, 'cmake_target_skip_unavailable': False, 'install_base': '/ros/install/velodyne_laserscan', 'merge_install': False, 'path': '/ros/velodyne/velodyne_laserscan', 'symlink_install': False, 'test_result_base': None}
[0.506s] Level 5:colcon.colcon_core.verb:set package 'velodyne_msgs' build argument 'cmake_args' from command line to 'None'
[0.507s] Level 5:colcon.colcon_core.verb:set package 'velodyne_msgs' build argument 'cmake_target' from command line to 'None'
[0.509s] Level 5:colcon.colcon_core.verb:set package 'velodyne_msgs' build argument 'cmake_target_skip_unavailable' from command line to 'False'
[0.510s] Level 5:colcon.colcon_core.verb:set package 'velodyne_msgs' build argument 'cmake_clean_cache' from command line to 'False'
[0.510s] Level 5:colcon.colcon_core.verb:set package 'velodyne_msgs' build argument 'cmake_clean_first' from command line to 'False'
[0.511s] Level 5:colcon.colcon_core.verb:set package 'velodyne_msgs' build argument 'cmake_force_configure' from command line to 'False'
[0.512s] Level 5:colcon.colcon_core.verb:set package 'velodyne_msgs' build argument 'ament_cmake_args' from command line to 'None'
[0.513s] Level 5:colcon.colcon_core.verb:set package 'velodyne_msgs' build argument 'catkin_cmake_args' from command line to 'None'
[0.514s] Level 5:colcon.colcon_core.verb:set package 'velodyne_msgs' build argument 'catkin_skip_building_tests' from command line to 'False'
[0.515s] DEBUG:colcon.colcon_core.verb:Building package 'velodyne_msgs' with the following arguments: {'ament_cmake_args': None, 'build_base': '/ros/build/velodyne_msgs', 'catkin_cmake_args': None, 'catkin_skip_building_tests': False, 'cmake_args': None, 'cmake_clean_cache': False, 'cmake_clean_first': False, 'cmake_force_configure': False, 'cmake_target': None, 'cmake_target_skip_unavailable': False, 'install_base': '/ros/install/velodyne_msgs', 'merge_install': False, 'path': '/ros/velodyne/velodyne_msgs', 'symlink_install': False, 'test_result_base': None}
[0.517s] Level 5:colcon.colcon_core.verb:set package 'velodyne_driver' build argument 'cmake_args' from command line to 'None'
[0.517s] Level 5:colcon.colcon_core.verb:set package 'velodyne_driver' build argument 'cmake_target' from command line to 'None'
[0.518s] Level 5:colcon.colcon_core.verb:set package 'velodyne_driver' build argument 'cmake_target_skip_unavailable' from command line to 'False'
[0.518s] Level 5:colcon.colcon_core.verb:set package 'velodyne_driver' build argument 'cmake_clean_cache' from command line to 'False'
[0.519s] Level 5:colcon.colcon_core.verb:set package 'velodyne_driver' build argument 'cmake_clean_first' from command line to 'False'
[0.520s] Level 5:colcon.colcon_core.verb:set package 'velodyne_driver' build argument 'cmake_force_configure' from command line to 'False'
[0.520s] Level 5:colcon.colcon_core.verb:set package 'velodyne_driver' build argument 'ament_cmake_args' from command line to 'None'
[0.521s] Level 5:colcon.colcon_core.verb:set package 'velodyne_driver' build argument 'catkin_cmake_args' from command line to 'None'
[0.521s] Level 5:colcon.colcon_core.verb:set package 'velodyne_driver' build argument 'catkin_skip_building_tests' from command line to 'False'
[0.524s] DEBUG:colcon.colcon_core.verb:Building package 'velodyne_driver' with the following arguments: {'ament_cmake_args': None, 'build_base': '/ros/build/velodyne_driver', 'catkin_cmake_args': None, 'catkin_skip_building_tests': False, 'cmake_args': None, 'cmake_clean_cache': False, 'cmake_clean_first': False, 'cmake_force_configure': False, 'cmake_target': None, 'cmake_target_skip_unavailable': False, 'install_base': '/ros/install/velodyne_driver', 'merge_install': False, 'path': '/ros/velodyne/velodyne_driver', 'symlink_install': False, 'test_result_base': None}
[0.525s] Level 5:colcon.colcon_core.verb:set package 'velodyne_pointcloud' build argument 'cmake_args' from command line to 'None'
[0.525s] Level 5:colcon.colcon_core.verb:set package 'velodyne_pointcloud' build argument 'cmake_target' from command line to 'None'
[0.526s] Level 5:colcon.colcon_core.verb:set package 'velodyne_pointcloud' build argument 'cmake_target_skip_unavailable' from command line to 'False'
[0.527s] Level 5:colcon.colcon_core.verb:set package 'velodyne_pointcloud' build argument 'cmake_clean_cache' from command line to 'False'
[0.528s] Level 5:colcon.colcon_core.verb:set package 'velodyne_pointcloud' build argument 'cmake_clean_first' from command line to 'False'
[0.529s] Level 5:colcon.colcon_core.verb:set package 'velodyne_pointcloud' build argument 'cmake_force_configure' from command line to 'False'
[0.530s] Level 5:colcon.colcon_core.verb:set package 'velodyne_pointcloud' build argument 'ament_cmake_args' from command line to 'None'
[0.530s] Level 5:colcon.colcon_core.verb:set package 'velodyne_pointcloud' build argument 'catkin_cmake_args' from command line to 'None'
[0.531s] Level 5:colcon.colcon_core.verb:set package 'velodyne_pointcloud' build argument 'catkin_skip_building_tests' from command line to 'False'
[0.532s] DEBUG:colcon.colcon_core.verb:Building package 'velodyne_pointcloud' with the following arguments: {'ament_cmake_args': None, 'build_base': '/ros/build/velodyne_pointcloud', 'catkin_cmake_args': None, 'catkin_skip_building_tests': False, 'cmake_args': None, 'cmake_clean_cache': False, 'cmake_clean_first': False, 'cmake_force_configure': False, 'cmake_target': None, 'cmake_target_skip_unavailable': False, 'install_base': '/ros/install/velodyne_pointcloud', 'merge_install': False, 'path': '/ros/velodyne/velodyne_pointcloud', 'symlink_install': False, 'test_result_base': None}
[0.533s] Level 5:colcon.colcon_core.verb:set package 'velodyne' build argument 'cmake_args' from command line to 'None'
[0.534s] Level 5:colcon.colcon_core.verb:set package 'velodyne' build argument 'cmake_target' from command line to 'None'
[0.534s] Level 5:colcon.colcon_core.verb:set package 'velodyne' build argument 'cmake_target_skip_unavailable' from command line to 'False'
[0.535s] Level 5:colcon.colcon_core.verb:set package 'velodyne' build argument 'cmake_clean_cache' from command line to 'False'
[0.537s] Level 5:colcon.colcon_core.verb:set package 'velodyne' build argument 'cmake_clean_first' from command line to 'False'
[0.537s] Level 5:colcon.colcon_core.verb:set package 'velodyne' build argument 'cmake_force_configure' from command line to 'False'
[0.538s] Level 5:colcon.colcon_core.verb:set package 'velodyne' build argument 'ament_cmake_args' from command line to 'None'
[0.540s] Level 5:colcon.colcon_core.verb:set package 'velodyne' build argument 'catkin_cmake_args' from command line to 'None'
[0.541s] Level 5:colcon.colcon_core.verb:set package 'velodyne' build argument 'catkin_skip_building_tests' from command line to 'False'
[0.541s] DEBUG:colcon.colcon_core.verb:Building package 'velodyne' with the following arguments: {'ament_cmake_args': None, 'build_base': '/ros/build/velodyne', 'catkin_cmake_args': None, 'catkin_skip_building_tests': False, 'cmake_args': None, 'cmake_clean_cache': False, 'cmake_clean_first': False, 'cmake_force_configure': False, 'cmake_target': None, 'cmake_target_skip_unavailable': False, 'install_base': '/ros/install/velodyne', 'merge_install': False, 'path': '/ros/velodyne/velodyne', 'symlink_install': False, 'test_result_base': None}
[0.542s] INFO:colcon.colcon_core.executor:Executing jobs using 'parallel' executor
[0.545s] DEBUG:colcon.colcon_parallel_executor.executor.parallel:run_until_complete
[0.546s] INFO:colcon.colcon_ros.task.ament_cmake.build:Building ROS package in '/ros/velodyne/velodyne_msgs' with build type 'ament_cmake'
[0.548s] INFO:colcon.colcon_cmake.task.cmake.build:Building CMake package in '/ros/velodyne/velodyne_msgs'
[0.551s] INFO:colcon.colcon_core.plugin_system:Skipping extension 'colcon_core.shell.bat': Not used on non-Windows systems
[0.552s] INFO:colcon.colcon_core.shell:Skip shell extension 'powershell' for command environment: Not usable outside of PowerShell
[0.554s] DEBUG:colcon.colcon_core.shell:Skip shell extension 'dsv' for command environment
[0.569s] INFO:colcon.colcon_ros.task.ament_cmake.build:Building ROS package in '/ros/velodyne/velodyne_laserscan' with build type 'ament_cmake'
[0.571s] INFO:colcon.colcon_cmake.task.cmake.build:Building CMake package in '/ros/velodyne/velodyne_laserscan'
[0.573s] INFO:colcon.colcon_core.shell:Skip shell extension 'powershell' for command environment: Not usable outside of PowerShell
[0.576s] DEBUG:colcon.colcon_core.shell:Skip shell extension 'dsv' for command environment
[0.586s] INFO:colcon.colcon_ros.task.ament_python.build:Building ROS package in '/ros/debug_tools' with build type 'ament_python'
[0.587s] Level 1:colcon.colcon_core.shell:create_environment_hook('debug_tools', 'ament_prefix_path')
[0.590s] INFO:colcon.colcon_core.shell:Creating environment hook '/ros/install/debug_tools/share/debug_tools/hook/ament_prefix_path.ps1'
[0.598s] INFO:colcon.colcon_core.shell:Creating environment descriptor '/ros/install/debug_tools/share/debug_tools/hook/ament_prefix_path.dsv'
[0.606s] INFO:colcon.colcon_core.shell:Creating environment hook '/ros/install/debug_tools/share/debug_tools/hook/ament_prefix_path.sh'
[0.614s] INFO:colcon.colcon_core.shell:Skip shell extension 'powershell' for command environment: Not usable outside of PowerShell
[0.616s] DEBUG:colcon.colcon_core.shell:Skip shell extension 'dsv' for command environment
[0.683s] DEBUG:colcon.colcon_core.event_handler.log_command:Invoking command in '/ros/build/velodyne_msgs': CMAKE_PREFIX_PATH=/opt/ros/rolling /usr/bin/cmake --build /ros/build/velodyne_msgs -- -j4 -l4
[0.740s] DEBUG:colcon.colcon_core.event_handler.log_command:Invoking command in '/ros/build/velodyne_laserscan': CMAKE_PREFIX_PATH=/opt/ros/rolling /usr/bin/cmake --build /ros/build/velodyne_laserscan -- -j4 -l4
[0.912s] INFO:colcon.colcon_core.task.python.build:Building Python package in '/ros/debug_tools'
[0.913s] INFO:colcon.colcon_core.shell:Skip shell extension 'powershell' for command environment: Not usable outside of PowerShell
[0.915s] DEBUG:colcon.colcon_core.shell:Skip shell extension 'dsv' for command environment
[1.033s] DEBUG:colcon.colcon_core.event_handler.log_command:Invoked command in '/ros/build/velodyne_laserscan' returned '0': CMAKE_PREFIX_PATH=/opt/ros/rolling /usr/bin/cmake --build /ros/build/velodyne_laserscan -- -j4 -l4
[1.216s] DEBUG:colcon.colcon_core.event_handler.log_command:Invoking command in '/ros/build/velodyne_laserscan': CMAKE_PREFIX_PATH=/opt/ros/rolling /usr/bin/cmake --install /ros/build/velodyne_laserscan
[1.383s] Level 1:colcon.colcon_core.environment:create_environment_scripts_only(velodyne_laserscan)
[1.386s] Level 1:colcon.colcon_core.environment:checking '/ros/install/velodyne_laserscan' for CMake module files
[1.421s] Level 1:colcon.colcon_core.environment:checking '/ros/install/velodyne_laserscan' for CMake config files
[1.426s] Level 1:colcon.colcon_core.shell:create_environment_hook('velodyne_laserscan', 'cmake_prefix_path')
[1.430s] INFO:colcon.colcon_core.shell:Creating environment hook '/ros/install/velodyne_laserscan/share/velodyne_laserscan/hook/cmake_prefix_path.ps1'
[1.441s] INFO:colcon.colcon_core.shell:Creating environment descriptor '/ros/install/velodyne_laserscan/share/velodyne_laserscan/hook/cmake_prefix_path.dsv'
[1.452s] INFO:colcon.colcon_core.shell:Creating environment hook '/ros/install/velodyne_laserscan/share/velodyne_laserscan/hook/cmake_prefix_path.sh'
[1.462s] Level 1:colcon.colcon_core.environment:checking '/ros/install/velodyne_laserscan/lib'
[1.463s] Level 1:colcon.colcon_core.shell:create_environment_hook('velodyne_laserscan', 'ld_library_path_lib')
[1.465s] DEBUG:colcon.colcon_core.event_handler.log_command:Invoked command in '/ros/build/velodyne_laserscan' returned '0': CMAKE_PREFIX_PATH=/opt/ros/rolling /usr/bin/cmake --install /ros/build/velodyne_laserscan
[1.466s] INFO:colcon.colcon_core.shell:Creating environment hook '/ros/install/velodyne_laserscan/share/velodyne_laserscan/hook/ld_library_path_lib.ps1'
[1.475s] INFO:colcon.colcon_core.shell:Creating environment descriptor '/ros/install/velodyne_laserscan/share/velodyne_laserscan/hook/ld_library_path_lib.dsv'
[1.489s] INFO:colcon.colcon_core.shell:Creating environment hook '/ros/install/velodyne_laserscan/share/velodyne_laserscan/hook/ld_library_path_lib.sh'
[1.504s] Level 1:colcon.colcon_core.environment:checking '/ros/install/velodyne_laserscan/bin'
[1.507s] Level 1:colcon.colcon_core.environment:checking '/ros/install/velodyne_laserscan/lib/pkgconfig/velodyne_laserscan.pc'
[1.510s] Level 1:colcon.colcon_core.environment:checking '/ros/install/velodyne_laserscan/lib/python3.12/site-packages'
[1.516s] Level 1:colcon.colcon_core.environment:checking '/ros/install/velodyne_laserscan/bin'
[1.521s] INFO:colcon.colcon_core.shell:Creating package script '/ros/install/velodyne_laserscan/share/velodyne_laserscan/package.ps1'
[1.536s] INFO:colcon.colcon_core.shell:Creating package descriptor '/ros/install/velodyne_laserscan/share/velodyne_laserscan/package.dsv'
[1.547s] INFO:colcon.colcon_core.shell:Creating package script '/ros/install/velodyne_laserscan/share/velodyne_laserscan/package.sh'
[1.562s] INFO:colcon.colcon_core.shell:Creating package script '/ros/install/velodyne_laserscan/share/velodyne_laserscan/package.bash'
[1.571s] INFO:colcon.colcon_core.shell:Creating package script '/ros/install/velodyne_laserscan/share/velodyne_laserscan/package.zsh'
[1.583s] Level 1:colcon.colcon_core.environment:create_file_with_runtime_dependencies(/ros/install/velodyne_laserscan/share/colcon-core/packages/velodyne_laserscan)
[1.638s] DEBUG:colcon.colcon_core.event_handler.log_command:Invoking command in '/ros/debug_tools': PYTHONPATH=/ros/build/debug_tools/prefix_override:/usr/lib/python3/dist-packages/colcon_core/task/python/colcon_distutils_commands:/ros/install/debug_tools/lib/python3.12/site-packages:${PYTHONPATH} /usr/bin/python3 -W ignore:setup.py install is deprecated setup.py egg_info --egg-base ../build/debug_tools build --build-base /ros/build/debug_tools/build install --record /ros/build/debug_tools/install.log --single-version-externally-managed install_data
[1.672s] Level 1:colcon.colcon_core.environment:create_environment_scripts_only(velodyne_laserscan)
[1.673s] Level 1:colcon.colcon_core.environment:checking '/ros/install/velodyne_laserscan' for CMake module files
[1.705s] Level 1:colcon.colcon_core.environment:checking '/ros/install/velodyne_laserscan' for CMake config files
[1.708s] Level 1:colcon.colcon_core.shell:create_environment_hook('velodyne_laserscan', 'cmake_prefix_path')
[1.710s] INFO:colcon.colcon_core.shell:Creating environment hook '/ros/install/velodyne_laserscan/share/velodyne_laserscan/hook/cmake_prefix_path.ps1'
[1.720s] INFO:colcon.colcon_core.shell:Creating environment descriptor '/ros/install/velodyne_laserscan/share/velodyne_laserscan/hook/cmake_prefix_path.dsv'
[1.730s] INFO:colcon.colcon_core.shell:Creating environment hook '/ros/install/velodyne_laserscan/share/velodyne_laserscan/hook/cmake_prefix_path.sh'
[1.739s] Level 1:colcon.colcon_core.environment:checking '/ros/install/velodyne_laserscan/lib'
[1.740s] Level 1:colcon.colcon_core.shell:create_environment_hook('velodyne_laserscan', 'ld_library_path_lib')
[1.741s] INFO:colcon.colcon_core.shell:Creating environment hook '/ros/install/velodyne_laserscan/share/velodyne_laserscan/hook/ld_library_path_lib.ps1'
[1.749s] INFO:colcon.colcon_core.shell:Creating environment descriptor '/ros/install/velodyne_laserscan/share/velodyne_laserscan/hook/ld_library_path_lib.dsv'
[1.756s] INFO:colcon.colcon_core.shell:Creating environment hook '/ros/install/velodyne_laserscan/share/velodyne_laserscan/hook/ld_library_path_lib.sh'
[1.764s] Level 1:colcon.colcon_core.environment:checking '/ros/install/velodyne_laserscan/bin'
[1.766s] Level 1:colcon.colcon_core.environment:checking '/ros/install/velodyne_laserscan/lib/pkgconfig/velodyne_laserscan.pc'
[1.767s] Level 1:colcon.colcon_core.environment:checking '/ros/install/velodyne_laserscan/lib/python3.12/site-packages'
[1.769s] Level 1:colcon.colcon_core.environment:checking '/ros/install/velodyne_laserscan/bin'
[1.771s] INFO:colcon.colcon_core.shell:Creating package script '/ros/install/velodyne_laserscan/share/velodyne_laserscan/package.ps1'
[1.780s] INFO:colcon.colcon_core.shell:Creating package descriptor '/ros/install/velodyne_laserscan/share/velodyne_laserscan/package.dsv'
[1.785s] INFO:colcon.colcon_core.shell:Creating package script '/ros/install/velodyne_laserscan/share/velodyne_laserscan/package.sh'
[1.793s] INFO:colcon.colcon_core.shell:Creating package script '/ros/install/velodyne_laserscan/share/velodyne_laserscan/package.bash'
[1.799s] INFO:colcon.colcon_core.shell:Creating package script '/ros/install/velodyne_laserscan/share/velodyne_laserscan/package.zsh'
[1.804s] Level 1:colcon.colcon_core.environment:create_file_with_runtime_dependencies(/ros/install/velodyne_laserscan/share/colcon-core/packages/velodyne_laserscan)
[1.827s] DEBUG:colcon.colcon_core.event_handler.log_command:Invoked command in '/ros/build/velodyne_msgs' returned '0': CMAKE_PREFIX_PATH=/opt/ros/rolling /usr/bin/cmake --build /ros/build/velodyne_msgs -- -j4 -l4
[1.973s] DEBUG:colcon.colcon_core.event_handler.log_command:Invoking command in '/ros/build/velodyne_msgs': CMAKE_PREFIX_PATH=/opt/ros/rolling /usr/bin/cmake --install /ros/build/velodyne_msgs
[2.284s] Level 1:colcon.colcon_core.environment:checking '/ros/install/debug_tools' for CMake module files
[2.314s] Level 1:colcon.colcon_core.environment:checking '/ros/install/debug_tools' for CMake config files
[2.320s] Level 1:colcon.colcon_core.environment:checking '/ros/install/debug_tools/lib'
[2.322s] Level 1:colcon.colcon_core.environment:checking '/ros/install/debug_tools/bin'
[2.333s] Level 1:colcon.colcon_core.environment:checking '/ros/install/debug_tools/lib/pkgconfig/debug_tools.pc'
[2.337s] Level 1:colcon.colcon_core.environment:checking '/ros/install/debug_tools/lib/python3.12/site-packages'
[2.338s] Level 1:colcon.colcon_core.shell:create_environment_hook('debug_tools', 'pythonpath')
[2.340s] INFO:colcon.colcon_core.shell:Creating environment hook '/ros/install/debug_tools/share/debug_tools/hook/pythonpath.ps1'
[2.347s] INFO:colcon.colcon_core.shell:Creating environment descriptor '/ros/install/debug_tools/share/debug_tools/hook/pythonpath.dsv'
[2.359s] INFO:colcon.colcon_core.shell:Creating environment hook '/ros/install/debug_tools/share/debug_tools/hook/pythonpath.sh'
[2.369s] Level 1:colcon.colcon_core.environment:checking '/ros/install/debug_tools/bin'
[2.371s] Level 1:colcon.colcon_core.environment:create_environment_scripts_only(debug_tools)
[2.372s] INFO:colcon.colcon_core.shell:Creating package script '/ros/install/debug_tools/share/debug_tools/package.ps1'
[2.381s] INFO:colcon.colcon_core.shell:Creating package descriptor '/ros/install/debug_tools/share/debug_tools/package.dsv'
[2.388s] INFO:colcon.colcon_core.shell:Creating package script '/ros/install/debug_tools/share/debug_tools/package.sh'
[2.397s] INFO:colcon.colcon_core.shell:Creating package script '/ros/install/debug_tools/share/debug_tools/package.bash'
[2.407s] INFO:colcon.colcon_core.shell:Creating package script '/ros/install/debug_tools/share/debug_tools/package.zsh'
[2.412s] DEBUG:colcon.colcon_core.event_handler.log_command:Invoked command in '/ros/debug_tools' returned '0': PYTHONPATH=/ros/build/debug_tools/prefix_override:/usr/lib/python3/dist-packages/colcon_core/task/python/colcon_distutils_commands:/ros/install/debug_tools/lib/python3.12/site-packages:${PYTHONPATH} /usr/bin/python3 -W ignore:setup.py install is deprecated setup.py egg_info --egg-base ../build/debug_tools build --build-base /ros/build/debug_tools/build install --record /ros/build/debug_tools/install.log --single-version-externally-managed install_data
[2.416s] Level 1:colcon.colcon_core.environment:create_file_with_runtime_dependencies(/ros/install/debug_tools/share/colcon-core/packages/debug_tools)
[2.685s] Level 1:colcon.colcon_core.environment:create_environment_scripts_only(velodyne_msgs)
[2.686s] Level 1:colcon.colcon_core.environment:checking '/ros/install/velodyne_msgs' for CMake module files
[2.714s] Level 1:colcon.colcon_core.environment:checking '/ros/install/velodyne_msgs' for CMake config files
[2.726s] Level 1:colcon.colcon_core.shell:create_environment_hook('velodyne_msgs', 'cmake_prefix_path')
[2.728s] INFO:colcon.colcon_core.shell:Creating environment hook '/ros/install/velodyne_msgs/share/velodyne_msgs/hook/cmake_prefix_path.ps1'
[2.736s] INFO:colcon.colcon_core.shell:Creating environment descriptor '/ros/install/velodyne_msgs/share/velodyne_msgs/hook/cmake_prefix_path.dsv'
[2.743s] DEBUG:colcon.colcon_core.event_handler.log_command:Invoked command in '/ros/build/velodyne_msgs' returned '0': CMAKE_PREFIX_PATH=/opt/ros/rolling /usr/bin/cmake --install /ros/build/velodyne_msgs
[2.744s] INFO:colcon.colcon_core.shell:Creating environment hook '/ros/install/velodyne_msgs/share/velodyne_msgs/hook/cmake_prefix_path.sh'
[2.749s] Level 1:colcon.colcon_core.environment:checking '/ros/install/velodyne_msgs/lib'
[2.751s] Level 1:colcon.colcon_core.shell:create_environment_hook('velodyne_msgs', 'ld_library_path_lib')
[2.751s] INFO:colcon.colcon_core.shell:Creating environment hook '/ros/install/velodyne_msgs/share/velodyne_msgs/hook/ld_library_path_lib.ps1'
[2.758s] INFO:colcon.colcon_core.shell:Creating environment descriptor '/ros/install/velodyne_msgs/share/velodyne_msgs/hook/ld_library_path_lib.dsv'
[2.764s] INFO:colcon.colcon_core.shell:Creating environment hook '/ros/install/velodyne_msgs/share/velodyne_msgs/hook/ld_library_path_lib.sh'
[2.769s] Level 1:colcon.colcon_core.environment:checking '/ros/install/velodyne_msgs/bin'
[2.771s] Level 1:colcon.colcon_core.environment:checking '/ros/install/velodyne_msgs/lib/pkgconfig/velodyne_msgs.pc'
[2.774s] Level 1:colcon.colcon_core.environment:checking '/ros/install/velodyne_msgs/lib/python3.12/site-packages'
[2.775s] Level 1:colcon.colcon_core.shell:create_environment_hook('velodyne_msgs', 'pythonpath')
[2.776s] INFO:colcon.colcon_core.shell:Creating environment hook '/ros/install/velodyne_msgs/share/velodyne_msgs/hook/pythonpath.ps1'
[2.781s] INFO:colcon.colcon_core.shell:Creating environment descriptor '/ros/install/velodyne_msgs/share/velodyne_msgs/hook/pythonpath.dsv'
[2.789s] INFO:colcon.colcon_core.shell:Creating environment hook '/ros/install/velodyne_msgs/share/velodyne_msgs/hook/pythonpath.sh'
[2.794s] Level 1:colcon.colcon_core.environment:checking '/ros/install/velodyne_msgs/bin'
[2.796s] INFO:colcon.colcon_core.shell:Creating package script '/ros/install/velodyne_msgs/share/velodyne_msgs/package.ps1'
[2.801s] INFO:colcon.colcon_core.shell:Creating package descriptor '/ros/install/velodyne_msgs/share/velodyne_msgs/package.dsv'
[2.807s] INFO:colcon.colcon_core.shell:Creating package script '/ros/install/velodyne_msgs/share/velodyne_msgs/package.sh'
[2.812s] INFO:colcon.colcon_core.shell:Creating package script '/ros/install/velodyne_msgs/share/velodyne_msgs/package.bash'
[2.816s] INFO:colcon.colcon_core.shell:Creating package script '/ros/install/velodyne_msgs/share/velodyne_msgs/package.zsh'
[2.823s] Level 1:colcon.colcon_core.environment:create_file_with_runtime_dependencies(/ros/install/velodyne_msgs/share/colcon-core/packages/velodyne_msgs)
[2.920s] Level 1:colcon.colcon_core.environment:create_environment_scripts_only(velodyne_msgs)
[2.922s] Level 1:colcon.colcon_core.environment:checking '/ros/install/velodyne_msgs' for CMake module files
[2.945s] Level 1:colcon.colcon_core.environment:checking '/ros/install/velodyne_msgs' for CMake config files
[2.950s] Level 1:colcon.colcon_core.shell:create_environment_hook('velodyne_msgs', 'cmake_prefix_path')
[2.951s] INFO:colcon.colcon_core.shell:Creating environment hook '/ros/install/velodyne_msgs/share/velodyne_msgs/hook/cmake_prefix_path.ps1'
[2.956s] INFO:colcon.colcon_core.shell:Creating environment descriptor '/ros/install/velodyne_msgs/share/velodyne_msgs/hook/cmake_prefix_path.dsv'
[2.964s] INFO:colcon.colcon_core.shell:Creating environment hook '/ros/install/velodyne_msgs/share/velodyne_msgs/hook/cmake_prefix_path.sh'
[2.970s] Level 1:colcon.colcon_core.environment:checking '/ros/install/velodyne_msgs/lib'
[2.971s] Level 1:colcon.colcon_core.shell:create_environment_hook('velodyne_msgs', 'ld_library_path_lib')
[2.973s] INFO:colcon.colcon_core.shell:Creating environment hook '/ros/install/velodyne_msgs/share/velodyne_msgs/hook/ld_library_path_lib.ps1'
[2.979s] INFO:colcon.colcon_core.shell:Creating environment descriptor '/ros/install/velodyne_msgs/share/velodyne_msgs/hook/ld_library_path_lib.dsv'
[2.984s] INFO:colcon.colcon_core.shell:Creating environment hook '/ros/install/velodyne_msgs/share/velodyne_msgs/hook/ld_library_path_lib.sh'
[2.991s] Level 1:colcon.colcon_core.environment:checking '/ros/install/velodyne_msgs/bin'
[2.992s] Level 1:colcon.colcon_core.environment:checking '/ros/install/velodyne_msgs/lib/pkgconfig/velodyne_msgs.pc'
[2.994s] Level 1:colcon.colcon_core.environment:checking '/ros/install/velodyne_msgs/lib/python3.12/site-packages'
[2.995s] Level 1:colcon.colcon_core.shell:create_environment_hook('velodyne_msgs', 'pythonpath')
[2.995s] INFO:colcon.colcon_core.shell:Creating environment hook '/ros/install/velodyne_msgs/share/velodyne_msgs/hook/pythonpath.ps1'
[3.001s] INFO:colcon.colcon_core.shell:Creating environment descriptor '/ros/install/velodyne_msgs/share/velodyne_msgs/hook/pythonpath.dsv'
[3.007s] INFO:colcon.colcon_core.shell:Creating environment hook '/ros/install/velodyne_msgs/share/velodyne_msgs/hook/pythonpath.sh'
[3.012s] Level 1:colcon.colcon_core.environment:checking '/ros/install/velodyne_msgs/bin'
[3.015s] INFO:colcon.colcon_core.shell:Creating package script '/ros/install/velodyne_msgs/share/velodyne_msgs/package.ps1'
[3.020s] INFO:colcon.colcon_core.shell:Creating package descriptor '/ros/install/velodyne_msgs/share/velodyne_msgs/package.dsv'
[3.025s] INFO:colcon.colcon_core.shell:Creating package script '/ros/install/velodyne_msgs/share/velodyne_msgs/package.sh'
[3.032s] INFO:colcon.colcon_core.shell:Creating package script '/ros/install/velodyne_msgs/share/velodyne_msgs/package.bash'
[3.037s] INFO:colcon.colcon_core.shell:Creating package script '/ros/install/velodyne_msgs/share/velodyne_msgs/package.zsh'
[3.043s] Level 1:colcon.colcon_core.environment:create_file_with_runtime_dependencies(/ros/install/velodyne_msgs/share/colcon-core/packages/velodyne_msgs)
[3.048s] INFO:colcon.colcon_ros.task.ament_cmake.build:Building ROS package in '/ros/velodyne/velodyne_driver' with build type 'ament_cmake'
[3.050s] INFO:colcon.colcon_cmake.task.cmake.build:Building CMake package in '/ros/velodyne/velodyne_driver'
[3.051s] INFO:colcon.colcon_core.shell:Skip shell extension 'powershell' for command environment: Not usable outside of PowerShell
[3.053s] DEBUG:colcon.colcon_core.shell:Skip shell extension 'dsv' for command environment
[3.063s] INFO:colcon.colcon_ros.task.ament_cmake.build:Building ROS package in '/ros/velodyne/velodyne_pointcloud' with build type 'ament_cmake'
[3.064s] INFO:colcon.colcon_cmake.task.cmake.build:Building CMake package in '/ros/velodyne/velodyne_pointcloud'
[3.066s] INFO:colcon.colcon_core.shell:Skip shell extension 'powershell' for command environment: Not usable outside of PowerShell
[3.067s] DEBUG:colcon.colcon_core.shell:Skip shell extension 'dsv' for command environment
[3.141s] DEBUG:colcon.colcon_core.event_handler.log_command:Invoking command in '/ros/build/velodyne_driver': AMENT_PREFIX_PATH=/ros/install/velodyne_msgs:${AMENT_PREFIX_PATH} CMAKE_PREFIX_PATH=/ros/install/velodyne_msgs:/opt/ros/rolling LD_LIBRARY_PATH=/ros/install/velodyne_msgs/lib:${LD_LIBRARY_PATH} PYTHONPATH=/ros/install/velodyne_msgs/lib/python3.12/site-packages:${PYTHONPATH} /usr/bin/cmake --build /ros/build/velodyne_driver -- -j4 -l4
[3.188s] DEBUG:colcon.colcon_core.event_handler.log_command:Invoking command in '/ros/build/velodyne_pointcloud': AMENT_PREFIX_PATH=/ros/install/velodyne_msgs:${AMENT_PREFIX_PATH} CMAKE_PREFIX_PATH=/ros/install/velodyne_msgs:/opt/ros/rolling LD_LIBRARY_PATH=/ros/install/velodyne_msgs/lib:${LD_LIBRARY_PATH} PYTHONPATH=/ros/install/velodyne_msgs/lib/python3.12/site-packages:${PYTHONPATH} /usr/bin/cmake --build /ros/build/velodyne_pointcloud -- -j4 -l4
[44.527s] DEBUG:colcon.colcon_core.event_handler.log_command:Invoked command in '/ros/build/velodyne_driver' returned '0': AMENT_PREFIX_PATH=/ros/install/velodyne_msgs:${AMENT_PREFIX_PATH} CMAKE_PREFIX_PATH=/ros/install/velodyne_msgs:/opt/ros/rolling LD_LIBRARY_PATH=/ros/install/velodyne_msgs/lib:${LD_LIBRARY_PATH} PYTHONPATH=/ros/install/velodyne_msgs/lib/python3.12/site-packages:${PYTHONPATH} /usr/bin/cmake --build /ros/build/velodyne_driver -- -j4 -l4
[44.593s] DEBUG:colcon.colcon_core.event_handler.log_command:Invoking command in '/ros/build/velodyne_driver': AMENT_PREFIX_PATH=/ros/install/velodyne_msgs:${AMENT_PREFIX_PATH} CMAKE_PREFIX_PATH=/ros/install/velodyne_msgs:/opt/ros/rolling LD_LIBRARY_PATH=/ros/install/velodyne_msgs/lib:${LD_LIBRARY_PATH} PYTHONPATH=/ros/install/velodyne_msgs/lib/python3.12/site-packages:${PYTHONPATH} /usr/bin/cmake --install /ros/build/velodyne_driver
[47.611s] Level 1:colcon.colcon_core.environment:create_environment_scripts_only(velodyne_driver)
[47.612s] Level 1:colcon.colcon_core.environment:checking '/ros/install/velodyne_driver' for CMake module files
[47.616s] DEBUG:colcon.colcon_core.event_handler.log_command:Invoked command in '/ros/build/velodyne_driver' returned '0': AMENT_PREFIX_PATH=/ros/install/velodyne_msgs:${AMENT_PREFIX_PATH} CMAKE_PREFIX_PATH=/ros/install/velodyne_msgs:/opt/ros/rolling LD_LIBRARY_PATH=/ros/install/velodyne_msgs/lib:${LD_LIBRARY_PATH} PYTHONPATH=/ros/install/velodyne_msgs/lib/python3.12/site-packages:${PYTHONPATH} /usr/bin/cmake --install /ros/build/velodyne_driver
[47.666s] Level 1:colcon.colcon_core.environment:checking '/ros/install/velodyne_driver' for CMake config files
[47.699s] Level 1:colcon.colcon_core.shell:create_environment_hook('velodyne_driver', 'cmake_prefix_path')
[47.700s] INFO:colcon.colcon_core.shell:Creating environment hook '/ros/install/velodyne_driver/share/velodyne_driver/hook/cmake_prefix_path.ps1'
[47.712s] INFO:colcon.colcon_core.shell:Creating environment descriptor '/ros/install/velodyne_driver/share/velodyne_driver/hook/cmake_prefix_path.dsv'
[47.722s] INFO:colcon.colcon_core.shell:Creating environment hook '/ros/install/velodyne_driver/share/velodyne_driver/hook/cmake_prefix_path.sh'
[47.734s] Level 1:colcon.colcon_core.environment:checking '/ros/install/velodyne_driver/lib'
[47.736s] Level 1:colcon.colcon_core.shell:create_environment_hook('velodyne_driver', 'ld_library_path_lib')
[47.737s] INFO:colcon.colcon_core.shell:Creating environment hook '/ros/install/velodyne_driver/share/velodyne_driver/hook/ld_library_path_lib.ps1'
[47.744s] INFO:colcon.colcon_core.shell:Creating environment descriptor '/ros/install/velodyne_driver/share/velodyne_driver/hook/ld_library_path_lib.dsv'
[47.751s] INFO:colcon.colcon_core.shell:Creating environment hook '/ros/install/velodyne_driver/share/velodyne_driver/hook/ld_library_path_lib.sh'
[47.762s] Level 1:colcon.colcon_core.environment:checking '/ros/install/velodyne_driver/bin'
[47.764s] Level 1:colcon.colcon_core.environment:checking '/ros/install/velodyne_driver/lib/pkgconfig/velodyne_driver.pc'
[47.766s] Level 1:colcon.colcon_core.environment:checking '/ros/install/velodyne_driver/lib/python3.12/site-packages'
[47.768s] Level 1:colcon.colcon_core.environment:checking '/ros/install/velodyne_driver/bin'
[47.770s] INFO:colcon.colcon_core.shell:Creating package script '/ros/install/velodyne_driver/share/velodyne_driver/package.ps1'
[47.777s] INFO:colcon.colcon_core.shell:Creating package descriptor '/ros/install/velodyne_driver/share/velodyne_driver/package.dsv'
[47.782s] INFO:colcon.colcon_core.shell:Creating package script '/ros/install/velodyne_driver/share/velodyne_driver/package.sh'
[47.789s] INFO:colcon.colcon_core.shell:Creating package script '/ros/install/velodyne_driver/share/velodyne_driver/package.bash'
[47.794s] INFO:colcon.colcon_core.shell:Creating package script '/ros/install/velodyne_driver/share/velodyne_driver/package.zsh'
[47.802s] Level 1:colcon.colcon_core.environment:create_file_with_runtime_dependencies(/ros/install/velodyne_driver/share/colcon-core/packages/velodyne_driver)
[47.882s] Level 1:colcon.colcon_core.environment:create_environment_scripts_only(velodyne_driver)
[47.883s] Level 1:colcon.colcon_core.environment:checking '/ros/install/velodyne_driver' for CMake module files
[47.913s] Level 1:colcon.colcon_core.environment:checking '/ros/install/velodyne_driver' for CMake config files
[47.928s] Level 1:colcon.colcon_core.shell:create_environment_hook('velodyne_driver', 'cmake_prefix_path')
[47.929s] INFO:colcon.colcon_core.shell:Creating environment hook '/ros/install/velodyne_driver/share/velodyne_driver/hook/cmake_prefix_path.ps1'
[47.937s] INFO:colcon.colcon_core.shell:Creating environment descriptor '/ros/install/velodyne_driver/share/velodyne_driver/hook/cmake_prefix_path.dsv'
[47.943s] INFO:colcon.colcon_core.shell:Creating environment hook '/ros/install/velodyne_driver/share/velodyne_driver/hook/cmake_prefix_path.sh'
[47.952s] Level 1:colcon.colcon_core.environment:checking '/ros/install/velodyne_driver/lib'
[47.953s] Level 1:colcon.colcon_core.shell:create_environment_hook('velodyne_driver', 'ld_library_path_lib')
[47.954s] INFO:colcon.colcon_core.shell:Creating environment hook '/ros/install/velodyne_driver/share/velodyne_driver/hook/ld_library_path_lib.ps1'
[47.962s] INFO:colcon.colcon_core.shell:Creating environment descriptor '/ros/install/velodyne_driver/share/velodyne_driver/hook/ld_library_path_lib.dsv'
[47.969s] INFO:colcon.colcon_core.shell:Creating environment hook '/ros/install/velodyne_driver/share/velodyne_driver/hook/ld_library_path_lib.sh'
[47.977s] Level 1:colcon.colcon_core.environment:checking '/ros/install/velodyne_driver/bin'
[47.979s] Level 1:colcon.colcon_core.environment:checking '/ros/install/velodyne_driver/lib/pkgconfig/velodyne_driver.pc'
[47.981s] Level 1:colcon.colcon_core.environment:checking '/ros/install/velodyne_driver/lib/python3.12/site-packages'
[47.983s] Level 1:colcon.colcon_core.environment:checking '/ros/install/velodyne_driver/bin'
[47.984s] INFO:colcon.colcon_core.shell:Creating package script '/ros/install/velodyne_driver/share/velodyne_driver/package.ps1'
[47.990s] INFO:colcon.colcon_core.shell:Creating package descriptor '/ros/install/velodyne_driver/share/velodyne_driver/package.dsv'
[47.998s] INFO:colcon.colcon_core.shell:Creating package script '/ros/install/velodyne_driver/share/velodyne_driver/package.sh'
[48.007s] INFO:colcon.colcon_core.shell:Creating package script '/ros/install/velodyne_driver/share/velodyne_driver/package.bash'
[48.014s] INFO:colcon.colcon_core.shell:Creating package script '/ros/install/velodyne_driver/share/velodyne_driver/package.zsh'
[48.020s] Level 1:colcon.colcon_core.environment:create_file_with_runtime_dependencies(/ros/install/velodyne_driver/share/colcon-core/packages/velodyne_driver)
[58.440s] DEBUG:colcon.colcon_core.event_handler.log_command:Invoked command in '/ros/build/velodyne_pointcloud' returned '0': AMENT_PREFIX_PATH=/ros/install/velodyne_msgs:${AMENT_PREFIX_PATH} CMAKE_PREFIX_PATH=/ros/install/velodyne_msgs:/opt/ros/rolling LD_LIBRARY_PATH=/ros/install/velodyne_msgs/lib:${LD_LIBRARY_PATH} PYTHONPATH=/ros/install/velodyne_msgs/lib/python3.12/site-packages:${PYTHONPATH} /usr/bin/cmake --build /ros/build/velodyne_pointcloud -- -j4 -l4
[58.490s] DEBUG:colcon.colcon_core.event_handler.log_command:Invoking command in '/ros/build/velodyne_pointcloud': AMENT_PREFIX_PATH=/ros/install/velodyne_msgs:${AMENT_PREFIX_PATH} CMAKE_PREFIX_PATH=/ros/install/velodyne_msgs:/opt/ros/rolling LD_LIBRARY_PATH=/ros/install/velodyne_msgs/lib:${LD_LIBRARY_PATH} PYTHONPATH=/ros/install/velodyne_msgs/lib/python3.12/site-packages:${PYTHONPATH} /usr/bin/cmake --install /ros/build/velodyne_pointcloud
[61.524s] Level 1:colcon.colcon_core.environment:create_environment_scripts_only(velodyne_pointcloud)
[61.525s] Level 1:colcon.colcon_core.environment:checking '/ros/install/velodyne_pointcloud' for CMake module files
[61.526s] DEBUG:colcon.colcon_core.event_handler.log_command:Invoked command in '/ros/build/velodyne_pointcloud' returned '0': AMENT_PREFIX_PATH=/ros/install/velodyne_msgs:${AMENT_PREFIX_PATH} CMAKE_PREFIX_PATH=/ros/install/velodyne_msgs:/opt/ros/rolling LD_LIBRARY_PATH=/ros/install/velodyne_msgs/lib:${LD_LIBRARY_PATH} PYTHONPATH=/ros/install/velodyne_msgs/lib/python3.12/site-packages:${PYTHONPATH} /usr/bin/cmake --install /ros/build/velodyne_pointcloud
[61.565s] Level 1:colcon.colcon_core.environment:checking '/ros/install/velodyne_pointcloud' for CMake config files
[61.593s] Level 1:colcon.colcon_core.shell:create_environment_hook('velodyne_pointcloud', 'cmake_prefix_path')
[61.594s] INFO:colcon.colcon_core.shell:Creating environment hook '/ros/install/velodyne_pointcloud/share/velodyne_pointcloud/hook/cmake_prefix_path.ps1'
[61.604s] INFO:colcon.colcon_core.shell:Creating environment descriptor '/ros/install/velodyne_pointcloud/share/velodyne_pointcloud/hook/cmake_prefix_path.dsv'
[61.610s] INFO:colcon.colcon_core.shell:Creating environment hook '/ros/install/velodyne_pointcloud/share/velodyne_pointcloud/hook/cmake_prefix_path.sh'
[61.619s] Level 1:colcon.colcon_core.environment:checking '/ros/install/velodyne_pointcloud/lib'
[61.620s] Level 1:colcon.colcon_core.shell:create_environment_hook('velodyne_pointcloud', 'ld_library_path_lib')
[61.622s] INFO:colcon.colcon_core.shell:Creating environment hook '/ros/install/velodyne_pointcloud/share/velodyne_pointcloud/hook/ld_library_path_lib.ps1'
[61.627s] INFO:colcon.colcon_core.shell:Creating environment descriptor '/ros/install/velodyne_pointcloud/share/velodyne_pointcloud/hook/ld_library_path_lib.dsv'
[61.634s] INFO:colcon.colcon_core.shell:Creating environment hook '/ros/install/velodyne_pointcloud/share/velodyne_pointcloud/hook/ld_library_path_lib.sh'
[61.641s] Level 1:colcon.colcon_core.environment:checking '/ros/install/velodyne_pointcloud/bin'
[61.643s] Level 1:colcon.colcon_core.environment:checking '/ros/install/velodyne_pointcloud/lib/pkgconfig/velodyne_pointcloud.pc'
[61.647s] Level 1:colcon.colcon_core.environment:checking '/ros/install/velodyne_pointcloud/lib/python3.12/site-packages'
[61.649s] Level 1:colcon.colcon_core.environment:checking '/ros/install/velodyne_pointcloud/bin'
[61.650s] INFO:colcon.colcon_core.shell:Creating package script '/ros/install/velodyne_pointcloud/share/velodyne_pointcloud/package.ps1'
[61.657s] INFO:colcon.colcon_core.shell:Creating package descriptor '/ros/install/velodyne_pointcloud/share/velodyne_pointcloud/package.dsv'
[61.663s] INFO:colcon.colcon_core.shell:Creating package script '/ros/install/velodyne_pointcloud/share/velodyne_pointcloud/package.sh'
[61.667s] INFO:colcon.colcon_core.shell:Creating package script '/ros/install/velodyne_pointcloud/share/velodyne_pointcloud/package.bash'
[61.674s] INFO:colcon.colcon_core.shell:Creating package script '/ros/install/velodyne_pointcloud/share/velodyne_pointcloud/package.zsh'
[61.679s] Level 1:colcon.colcon_core.environment:create_file_with_runtime_dependencies(/ros/install/velodyne_pointcloud/share/colcon-core/packages/velodyne_pointcloud)
[61.737s] Level 1:colcon.colcon_core.environment:create_environment_scripts_only(velodyne_pointcloud)
[61.738s] Level 1:colcon.colcon_core.environment:checking '/ros/install/velodyne_pointcloud' for CMake module files
[61.764s] Level 1:colcon.colcon_core.environment:checking '/ros/install/velodyne_pointcloud' for CMake config files
[61.777s] Level 1:colcon.colcon_core.shell:create_environment_hook('velodyne_pointcloud', 'cmake_prefix_path')
[61.778s] INFO:colcon.colcon_core.shell:Creating environment hook '/ros/install/velodyne_pointcloud/share/velodyne_pointcloud/hook/cmake_prefix_path.ps1'
[61.785s] INFO:colcon.colcon_core.shell:Creating environment descriptor '/ros/install/velodyne_pointcloud/share/velodyne_pointcloud/hook/cmake_prefix_path.dsv'
[61.791s] INFO:colcon.colcon_core.shell:Creating environment hook '/ros/install/velodyne_pointcloud/share/velodyne_pointcloud/hook/cmake_prefix_path.sh'
[61.796s] Level 1:colcon.colcon_core.environment:checking '/ros/install/velodyne_pointcloud/lib'
[61.799s] Level 1:colcon.colcon_core.shell:create_environment_hook('velodyne_pointcloud', 'ld_library_path_lib')
[61.799s] INFO:colcon.colcon_core.shell:Creating environment hook '/ros/install/velodyne_pointcloud/share/velodyne_pointcloud/hook/ld_library_path_lib.ps1'
[61.804s] INFO:colcon.colcon_core.shell:Creating environment descriptor '/ros/install/velodyne_pointcloud/share/velodyne_pointcloud/hook/ld_library_path_lib.dsv'
[61.809s] INFO:colcon.colcon_core.shell:Creating environment hook '/ros/install/velodyne_pointcloud/share/velodyne_pointcloud/hook/ld_library_path_lib.sh'
[61.816s] Level 1:colcon.colcon_core.environment:checking '/ros/install/velodyne_pointcloud/bin'
[61.818s] Level 1:colcon.colcon_core.environment:checking '/ros/install/velodyne_pointcloud/lib/pkgconfig/velodyne_pointcloud.pc'
[61.820s] Level 1:colcon.colcon_core.environment:checking '/ros/install/velodyne_pointcloud/lib/python3.12/site-packages'
[61.821s] Level 1:colcon.colcon_core.environment:checking '/ros/install/velodyne_pointcloud/bin'
[61.823s] INFO:colcon.colcon_core.shell:Creating package script '/ros/install/velodyne_pointcloud/share/velodyne_pointcloud/package.ps1'
[61.829s] INFO:colcon.colcon_core.shell:Creating package descriptor '/ros/install/velodyne_pointcloud/share/velodyne_pointcloud/package.dsv'
[61.834s] INFO:colcon.colcon_core.shell:Creating package script '/ros/install/velodyne_pointcloud/share/velodyne_pointcloud/package.sh'
[61.839s] INFO:colcon.colcon_core.shell:Creating package script '/ros/install/velodyne_pointcloud/share/velodyne_pointcloud/package.bash'
[61.845s] INFO:colcon.colcon_core.shell:Creating package script '/ros/install/velodyne_pointcloud/share/velodyne_pointcloud/package.zsh'
[61.850s] Level 1:colcon.colcon_core.environment:create_file_with_runtime_dependencies(/ros/install/velodyne_pointcloud/share/colcon-core/packages/velodyne_pointcloud)
[61.856s] INFO:colcon.colcon_ros.task.ament_cmake.build:Building ROS package in '/ros/velodyne/velodyne' with build type 'ament_cmake'
[61.857s] INFO:colcon.colcon_cmake.task.cmake.build:Building CMake package in '/ros/velodyne/velodyne'
[61.859s] INFO:colcon.colcon_core.shell:Skip shell extension 'powershell' for command environment: Not usable outside of PowerShell
[61.861s] DEBUG:colcon.colcon_core.shell:Skip shell extension 'dsv' for command environment
[61.994s] DEBUG:colcon.colcon_core.event_handler.log_command:Invoking command in '/ros/build/velodyne': AMENT_PREFIX_PATH=/ros/install/velodyne_pointcloud:/ros/install/velodyne_driver:/ros/install/velodyne_msgs:/ros/install/velodyne_laserscan:${AMENT_PREFIX_PATH} CMAKE_PREFIX_PATH=/ros/install/velodyne_pointcloud:/ros/install/velodyne_driver:/ros/install/velodyne_msgs:/ros/install/velodyne_laserscan:/opt/ros/rolling LD_LIBRARY_PATH=/ros/install/velodyne_pointcloud/lib:/ros/install/velodyne_driver/lib:/ros/install/velodyne_msgs/lib:/ros/install/velodyne_laserscan/lib:${LD_LIBRARY_PATH} PYTHONPATH=/ros/install/velodyne_msgs/lib/python3.12/site-packages:${PYTHONPATH} /usr/bin/cmake /ros/velodyne/velodyne -DCMAKE_INSTALL_PREFIX=/ros/install/velodyne
[70.369s] DEBUG:colcon.colcon_core.event_handler.log_command:Invoked command in '/ros/build/velodyne' returned '0': AMENT_PREFIX_PATH=/ros/install/velodyne_pointcloud:/ros/install/velodyne_driver:/ros/install/velodyne_msgs:/ros/install/velodyne_laserscan:${AMENT_PREFIX_PATH} CMAKE_PREFIX_PATH=/ros/install/velodyne_pointcloud:/ros/install/velodyne_driver:/ros/install/velodyne_msgs:/ros/install/velodyne_laserscan:/opt/ros/rolling LD_LIBRARY_PATH=/ros/install/velodyne_pointcloud/lib:/ros/install/velodyne_driver/lib:/ros/install/velodyne_msgs/lib:/ros/install/velodyne_laserscan/lib:${LD_LIBRARY_PATH} PYTHONPATH=/ros/install/velodyne_msgs/lib/python3.12/site-packages:${PYTHONPATH} /usr/bin/cmake /ros/velodyne/velodyne -DCMAKE_INSTALL_PREFIX=/ros/install/velodyne
[70.374s] DEBUG:colcon.colcon_core.event_handler.log_command:Invoking command in '/ros/build/velodyne': AMENT_PREFIX_PATH=/ros/install/velodyne_pointcloud:/ros/install/velodyne_driver:/ros/install/velodyne_msgs:/ros/install/velodyne_laserscan:${AMENT_PREFIX_PATH} CMAKE_PREFIX_PATH=/ros/install/velodyne_pointcloud:/ros/install/velodyne_driver:/ros/install/velodyne_msgs:/ros/install/velodyne_laserscan:/opt/ros/rolling LD_LIBRARY_PATH=/ros/install/velodyne_pointcloud/lib:/ros/install/velodyne_driver/lib:/ros/install/velodyne_msgs/lib:/ros/install/velodyne_laserscan/lib:${LD_LIBRARY_PATH} PYTHONPATH=/ros/install/velodyne_msgs/lib/python3.12/site-packages:${PYTHONPATH} /usr/bin/cmake --build /ros/build/velodyne -- -j4 -l4
[71.246s] DEBUG:colcon.colcon_core.event_handler.log_command:Invoked command in '/ros/build/velodyne' returned '0': AMENT_PREFIX_PATH=/ros/install/velodyne_pointcloud:/ros/install/velodyne_driver:/ros/install/velodyne_msgs:/ros/install/velodyne_laserscan:${AMENT_PREFIX_PATH} CMAKE_PREFIX_PATH=/ros/install/velodyne_pointcloud:/ros/install/velodyne_driver:/ros/install/velodyne_msgs:/ros/install/velodyne_laserscan:/opt/ros/rolling LD_LIBRARY_PATH=/ros/install/velodyne_pointcloud/lib:/ros/install/velodyne_driver/lib:/ros/install/velodyne_msgs/lib:/ros/install/velodyne_laserscan/lib:${LD_LIBRARY_PATH} PYTHONPATH=/ros/install/velodyne_msgs/lib/python3.12/site-packages:${PYTHONPATH} /usr/bin/cmake --build /ros/build/velodyne -- -j4 -l4
[71.281s] DEBUG:colcon.colcon_core.event_handler.log_command:Invoking command in '/ros/build/velodyne': AMENT_PREFIX_PATH=/ros/install/velodyne_pointcloud:/ros/install/velodyne_driver:/ros/install/velodyne_msgs:/ros/install/velodyne_laserscan:${AMENT_PREFIX_PATH} CMAKE_PREFIX_PATH=/ros/install/velodyne_pointcloud:/ros/install/velodyne_driver:/ros/install/velodyne_msgs:/ros/install/velodyne_laserscan:/opt/ros/rolling LD_LIBRARY_PATH=/ros/install/velodyne_pointcloud/lib:/ros/install/velodyne_driver/lib:/ros/install/velodyne_msgs/lib:/ros/install/velodyne_laserscan/lib:${LD_LIBRARY_PATH} PYTHONPATH=/ros/install/velodyne_msgs/lib/python3.12/site-packages:${PYTHONPATH} /usr/bin/cmake --install /ros/build/velodyne
[71.988s] Level 1:colcon.colcon_core.environment:create_environment_scripts_only(velodyne)
[71.989s] Level 1:colcon.colcon_core.environment:checking '/ros/install/velodyne' for CMake module files
[71.991s] DEBUG:colcon.colcon_core.event_handler.log_command:Invoked command in '/ros/build/velodyne' returned '0': AMENT_PREFIX_PATH=/ros/install/velodyne_pointcloud:/ros/install/velodyne_driver:/ros/install/velodyne_msgs:/ros/install/velodyne_laserscan:${AMENT_PREFIX_PATH} CMAKE_PREFIX_PATH=/ros/install/velodyne_pointcloud:/ros/install/velodyne_driver:/ros/install/velodyne_msgs:/ros/install/velodyne_laserscan:/opt/ros/rolling LD_LIBRARY_PATH=/ros/install/velodyne_pointcloud/lib:/ros/install/velodyne_driver/lib:/ros/install/velodyne_msgs/lib:/ros/install/velodyne_laserscan/lib:${LD_LIBRARY_PATH} PYTHONPATH=/ros/install/velodyne_msgs/lib/python3.12/site-packages:${PYTHONPATH} /usr/bin/cmake --install /ros/build/velodyne
[72.018s] Level 1:colcon.colcon_core.environment:checking '/ros/install/velodyne' for CMake config files
[72.033s] Level 1:colcon.colcon_core.shell:create_environment_hook('velodyne', 'cmake_prefix_path')
[72.034s] INFO:colcon.colcon_core.shell:Creating environment hook '/ros/install/velodyne/share/velodyne/hook/cmake_prefix_path.ps1'
[72.043s] INFO:colcon.colcon_core.shell:Creating environment descriptor '/ros/install/velodyne/share/velodyne/hook/cmake_prefix_path.dsv'
[72.051s] INFO:colcon.colcon_core.shell:Creating environment hook '/ros/install/velodyne/share/velodyne/hook/cmake_prefix_path.sh'
[72.059s] Level 1:colcon.colcon_core.environment:checking '/ros/install/velodyne/bin'
[72.061s] Level 1:colcon.colcon_core.environment:checking '/ros/install/velodyne/lib/pkgconfig/velodyne.pc'
[72.062s] Level 1:colcon.colcon_core.environment:checking '/ros/install/velodyne/lib/python3.12/site-packages'
[72.064s] Level 1:colcon.colcon_core.environment:checking '/ros/install/velodyne/bin'
[72.066s] INFO:colcon.colcon_core.shell:Creating package script '/ros/install/velodyne/share/velodyne/package.ps1'
[72.073s] INFO:colcon.colcon_core.shell:Creating package descriptor '/ros/install/velodyne/share/velodyne/package.dsv'
[72.078s] INFO:colcon.colcon_core.shell:Creating package script '/ros/install/velodyne/share/velodyne/package.sh'
[72.085s] INFO:colcon.colcon_core.shell:Creating package script '/ros/install/velodyne/share/velodyne/package.bash'
[72.091s] INFO:colcon.colcon_core.shell:Creating package script '/ros/install/velodyne/share/velodyne/package.zsh'
[72.098s] Level 1:colcon.colcon_core.environment:create_file_with_runtime_dependencies(/ros/install/velodyne/share/colcon-core/packages/velodyne)
[72.137s] Level 1:colcon.colcon_core.environment:create_environment_scripts_only(velodyne)
[72.139s] Level 1:colcon.colcon_core.environment:checking '/ros/install/velodyne' for CMake module files
[72.167s] Level 1:colcon.colcon_core.environment:checking '/ros/install/velodyne' for CMake config files
[72.181s] Level 1:colcon.colcon_core.shell:create_environment_hook('velodyne', 'cmake_prefix_path')
[72.181s] INFO:colcon.colcon_core.shell:Creating environment hook '/ros/install/velodyne/share/velodyne/hook/cmake_prefix_path.ps1'
[72.187s] INFO:colcon.colcon_core.shell:Creating environment descriptor '/ros/install/velodyne/share/velodyne/hook/cmake_prefix_path.dsv'
[72.195s] INFO:colcon.colcon_core.shell:Creating environment hook '/ros/install/velodyne/share/velodyne/hook/cmake_prefix_path.sh'
[72.201s] Level 1:colcon.colcon_core.environment:checking '/ros/install/velodyne/bin'
[72.203s] Level 1:colcon.colcon_core.environment:checking '/ros/install/velodyne/lib/pkgconfig/velodyne.pc'
[72.204s] Level 1:colcon.colcon_core.environment:checking '/ros/install/velodyne/lib/python3.12/site-packages'
[72.207s] Level 1:colcon.colcon_core.environment:checking '/ros/install/velodyne/bin'
[72.209s] INFO:colcon.colcon_core.shell:Creating package script '/ros/install/velodyne/share/velodyne/package.ps1'
[72.214s] INFO:colcon.colcon_core.shell:Creating package descriptor '/ros/install/velodyne/share/velodyne/package.dsv'
[72.220s] INFO:colcon.colcon_core.shell:Creating package script '/ros/install/velodyne/share/velodyne/package.sh'
[72.225s] INFO:colcon.colcon_core.shell:Creating package script '/ros/install/velodyne/share/velodyne/package.bash'
[72.230s] INFO:colcon.colcon_core.shell:Creating package script '/ros/install/velodyne/share/velodyne/package.zsh'
[72.237s] Level 1:colcon.colcon_core.environment:create_file_with_runtime_dependencies(/ros/install/velodyne/share/colcon-core/packages/velodyne)
[72.242s] DEBUG:colcon.colcon_parallel_executor.executor.parallel:closing loop
[72.244s] DEBUG:colcon.colcon_parallel_executor.executor.parallel:loop closed
[72.245s] DEBUG:colcon.colcon_parallel_executor.executor.parallel:run_until_complete finished with '0'
[72.246s] DEBUG:colcon.colcon_core.event_reactor:joining thread
[72.262s] INFO:colcon.colcon_core.plugin_system:Skipping extension 'colcon_notification.desktop_notification.notify_send': Could not find 'notify-send'
[72.262s] INFO:colcon.colcon_core.plugin_system:Skipping extension 'colcon_notification.desktop_notification.terminal_notifier': Not used on non-Darwin systems
[72.263s] INFO:colcon.colcon_core.plugin_system:Skipping extension 'colcon_notification.desktop_notification.win32': Not used on non-Windows systems
[72.264s] INFO:colcon.colcon_notification.desktop_notification:Sending desktop notification using 'notify2'
[72.266s] DEBUG:colcon.colcon_notification.desktop_notification.notify2:Failed to initialize notify2: org.freedesktop.DBus.Error.NotSupported: Unable to autolaunch a dbus-daemon without a $DISPLAY for X11
[72.266s] DEBUG:colcon.colcon_core.event_reactor:joined thread
[72.268s] INFO:colcon.colcon_core.shell:Creating prefix script '/ros/install/local_setup.ps1'
[72.275s] INFO:colcon.colcon_core.shell:Creating prefix util module '/ros/install/_local_setup_util_ps1.py'
[72.282s] INFO:colcon.colcon_core.shell:Creating prefix chain script '/ros/install/setup.ps1'
[72.289s] INFO:colcon.colcon_core.shell:Creating prefix script '/ros/install/local_setup.sh'
[72.295s] INFO:colcon.colcon_core.shell:Creating prefix util module '/ros/install/_local_setup_util_sh.py'
[72.303s] INFO:colcon.colcon_core.shell:Creating prefix chain script '/ros/install/setup.sh'
[72.310s] INFO:colcon.colcon_core.shell:Creating prefix script '/ros/install/local_setup.bash'
[72.317s] INFO:colcon.colcon_core.shell:Creating prefix chain script '/ros/install/setup.bash'
[72.323s] INFO:colcon.colcon_core.shell:Creating prefix script '/ros/install/local_setup.zsh'
[72.331s] INFO:colcon.colcon_core.shell:Creating prefix chain script '/ros/install/setup.zsh'
