[0.128s] Invoking command in '/ros/build/velodyne': AMENT_PREFIX_PATH=/ros/install/velodyne_pointcloud:/ros/install/velodyne_driver:/ros/install/velodyne_msgs:/ros/install/velodyne_laserscan:${AMENT_PREFIX_PATH} CMAKE_PREFIX_PATH=/ros/install/velodyne_pointcloud:/ros/install/velodyne_driver:/ros/install/velodyne_msgs:/ros/install/velodyne_laserscan:/ros/install/debug_tools:/opt/ros/rolling LD_LIBRARY_PATH=/ros/install/velodyne_pointcloud/lib:/ros/install/velodyne_driver/lib:/ros/install/velodyne_msgs/lib:/ros/install/velodyne_laserscan/lib:${LD_LIBRARY_PATH} PYTHONPATH=/ros/install/velodyne_msgs/lib/python3.12/site-packages:${PYTHONPATH} /usr/bin/cmake --build /ros/build/velodyne -- -j4 -l4
[0.879s] Invoked command in '/ros/build/velodyne' returned '0': AMENT_PREFIX_PATH=/ros/install/velodyne_pointcloud:/ros/install/velodyne_driver:/ros/install/velodyne_msgs:/ros/install/velodyne_laserscan:${AMENT_PREFIX_PATH} CMAKE_PREFIX_PATH=/ros/install/velodyne_pointcloud:/ros/install/velodyne_driver:/ros/install/velodyne_msgs:/ros/install/velodyne_laserscan:/ros/install/debug_tools:/opt/ros/rolling LD_LIBRARY_PATH=/ros/install/velodyne_pointcloud/lib:/ros/install/velodyne_driver/lib:/ros/install/velodyne_msgs/lib:/ros/install/velodyne_laserscan/lib:${LD_LIBRARY_PATH} PYTHONPATH=/ros/install/velodyne_msgs/lib/python3.12/site-packages:${PYTHONPATH} /usr/bin/cmake --build /ros/build/velodyne -- -j4 -l4
[0.912s] Invoking command in '/ros/build/velodyne': AMENT_PREFIX_PATH=/ros/install/velodyne_pointcloud:/ros/install/velodyne_driver:/ros/install/velodyne_msgs:/ros/install/velodyne_laserscan:${AMENT_PREFIX_PATH} CMAKE_PREFIX_PATH=/ros/install/velodyne_pointcloud:/ros/install/velodyne_driver:/ros/install/velodyne_msgs:/ros/install/velodyne_laserscan:/ros/install/debug_tools:/opt/ros/rolling LD_LIBRARY_PATH=/ros/install/velodyne_pointcloud/lib:/ros/install/velodyne_driver/lib:/ros/install/velodyne_msgs/lib:/ros/install/velodyne_laserscan/lib:${LD_LIBRARY_PATH} PYTHONPATH=/ros/install/velodyne_msgs/lib/python3.12/site-packages:${PYTHONPATH} /usr/bin/cmake --install /ros/build/velodyne
[1.082s] -- Install configuration: ""
[1.087s] -- Up-to-date: /ros/install/velodyne/share/velodyne/launch
[1.092s] -- Up-to-date: /ros/install/velodyne/share/velodyne/launch/velodyne-all-nodes-VLP16-composed-launch.py
[1.096s] -- Up-to-date: /ros/install/velodyne/share/velodyne/launch/velodyne-all-nodes-VLP16-launch.py
[1.100s] -- Up-to-date: /ros/install/velodyne/share/velodyne/launch/velodyne-all-nodes-VLP32C-composed-launch.py
[1.104s] -- Up-to-date: /ros/install/velodyne/share/velodyne/launch/velodyne-all-nodes-VLP32C-launch.py
[1.107s] -- Up-to-date: /ros/install/velodyne/share/velodyne/launch/velodyne-all-nodes-VLS128-composed-launch.py
[1.111s] -- Up-to-date: /ros/install/velodyne/share/velodyne/launch/velodyne-all-nodes-VLS128-launch.py
[1.116s] -- Up-to-date: /ros/install/velodyne/share/ament_index/resource_index/package_run_dependencies/velodyne
[1.119s] -- Up-to-date: /ros/install/velodyne/share/ament_index/resource_index/parent_prefix_path/velodyne
[1.122s] -- Up-to-date: /ros/install/velodyne/share/velodyne/environment/ament_prefix_path.sh
[1.128s] -- Up-to-date: /ros/install/velodyne/share/velodyne/environment/ament_prefix_path.dsv
[1.132s] -- Up-to-date: /ros/install/velodyne/share/velodyne/environment/path.sh
[1.137s] -- Up-to-date: /ros/install/velodyne/share/velodyne/environment/path.dsv
[1.142s] -- Up-to-date: /ros/install/velodyne/share/velodyne/local_setup.bash
[1.146s] -- Up-to-date: /ros/install/velodyne/share/velodyne/local_setup.sh
[1.152s] -- Up-to-date: /ros/install/velodyne/share/velodyne/local_setup.zsh
[1.158s] -- Up-to-date: /ros/install/velodyne/share/velodyne/local_setup.dsv
[1.161s] -- Installing: /ros/install/velodyne/share/velodyne/package.dsv
[1.165s] -- Up-to-date: /ros/install/velodyne/share/ament_index/resource_index/packages/velodyne
[1.171s] -- Up-to-date: /ros/install/velodyne/share/velodyne/cmake/velodyneConfig.cmake
[1.175s] -- Up-to-date: /ros/install/velodyne/share/velodyne/cmake/velodyneConfig-version.cmake
[1.178s] -- Up-to-date: /ros/install/velodyne/share/velodyne/package.xml
[1.181s] Invoked command in '/ros/build/velodyne' returned '0': AMENT_PREFIX_PATH=/ros/install/velodyne_pointcloud:/ros/install/velodyne_driver:/ros/install/velodyne_msgs:/ros/install/velodyne_laserscan:${AMENT_PREFIX_PATH} CMAKE_PREFIX_PATH=/ros/install/velodyne_pointcloud:/ros/install/velodyne_driver:/ros/install/velodyne_msgs:/ros/install/velodyne_laserscan:/ros/install/debug_tools:/opt/ros/rolling LD_LIBRARY_PATH=/ros/install/velodyne_pointcloud/lib:/ros/install/velodyne_driver/lib:/ros/install/velodyne_msgs/lib:/ros/install/velodyne_laserscan/lib:${LD_LIBRARY_PATH} PYTHONPATH=/ros/install/velodyne_msgs/lib/python3.12/site-packages:${PYTHONPATH} /usr/bin/cmake --install /ros/build/velodyne
