[0.181s] Invoking command in '/ros/build/velodyne_laserscan': CMAKE_PREFIX_PATH=/ros/install/debug_tools:/opt/ros/rolling /usr/bin/cmake --build /ros/build/velodyne_laserscan -- -j4 -l4
[0.373s] [ 50%] Built target velodyne_laserscan
[0.467s] [100%] Built target velodyne_laserscan_node
[0.556s] Invoked command in '/ros/build/velodyne_laserscan' returned '0': CMAKE_PREFIX_PATH=/ros/install/debug_tools:/opt/ros/rolling /usr/bin/cmake --build /ros/build/velodyne_laserscan -- -j4 -l4
[0.656s] Invoking command in '/ros/build/velodyne_laserscan': CMAKE_PREFIX_PATH=/ros/install/debug_tools:/opt/ros/rolling /usr/bin/cmake --install /ros/build/velodyne_laserscan
[0.708s] -- Install configuration: ""
[0.722s] -- Up-to-date: /ros/install/velodyne_laserscan/lib/libvelodyne_laserscan.so
[0.727s] -- Up-to-date: /ros/install/velodyne_laserscan/lib/velodyne_laserscan/velodyne_laserscan_node
[0.732s] -- Up-to-date: /ros/install/velodyne_laserscan/include/velodyne_laserscan
[0.738s] -- Up-to-date: /ros/install/velodyne_laserscan/include/velodyne_laserscan/velodyne_laserscan.hpp
[0.746s] -- Up-to-date: /ros/install/velodyne_laserscan/share/velodyne_laserscan/config
[0.753s] -- Up-to-date: /ros/install/velodyne_laserscan/share/velodyne_laserscan/config/default-velodyne_laserscan_node-params.yaml
[0.762s] -- Up-to-date: /ros/install/velodyne_laserscan/share/velodyne_laserscan/launch
[0.771s] -- Up-to-date: /ros/install/velodyne_laserscan/share/velodyne_laserscan/launch/velodyne_laserscan_node-composed-launch.py
[0.776s] -- Up-to-date: /ros/install/velodyne_laserscan/share/velodyne_laserscan/launch/velodyne_laserscan_node-launch.py
[0.780s] -- Up-to-date: /ros/install/velodyne_laserscan/share/ament_index/resource_index/package_run_dependencies/velodyne_laserscan
[0.787s] -- Up-to-date: /ros/install/velodyne_laserscan/share/ament_index/resource_index/parent_prefix_path/velodyne_laserscan
[0.802s] -- Up-to-date: /ros/install/velodyne_laserscan/share/velodyne_laserscan/environment/ament_prefix_path.sh
[0.811s] -- Up-to-date: /ros/install/velodyne_laserscan/share/velodyne_laserscan/environment/ament_prefix_path.dsv
[0.816s] -- Up-to-date: /ros/install/velodyne_laserscan/share/velodyne_laserscan/environment/path.sh
[0.821s] -- Up-to-date: /ros/install/velodyne_laserscan/share/velodyne_laserscan/environment/path.dsv
[0.828s] -- Up-to-date: /ros/install/velodyne_laserscan/share/velodyne_laserscan/local_setup.bash
[0.835s] -- Up-to-date: /ros/install/velodyne_laserscan/share/velodyne_laserscan/local_setup.sh
[0.840s] -- Up-to-date: /ros/install/velodyne_laserscan/share/velodyne_laserscan/local_setup.zsh
[0.846s] -- Up-to-date: /ros/install/velodyne_laserscan/share/velodyne_laserscan/local_setup.dsv
[0.852s] -- Installing: /ros/install/velodyne_laserscan/share/velodyne_laserscan/package.dsv
[0.877s] -- Up-to-date: /ros/install/velodyne_laserscan/share/ament_index/resource_index/packages/velodyne_laserscan
[0.882s] -- Up-to-date: /ros/install/velodyne_laserscan/share/ament_index/resource_index/rclcpp_components/velodyne_laserscan
[0.886s] -- Up-to-date: /ros/install/velodyne_laserscan/share/velodyne_laserscan/cmake/velodyne_laserscanExport.cmake
[0.897s] -- Up-to-date: /ros/install/velodyne_laserscan/share/velodyne_laserscan/cmake/velodyne_laserscanExport-noconfig.cmake
[0.901s] -- Up-to-date: /ros/install/velodyne_laserscan/share/velodyne_laserscan/cmake/ament_cmake_export_include_directories-extras.cmake
[0.904s] -- Up-to-date: /ros/install/velodyne_laserscan/share/velodyne_laserscan/cmake/ament_cmake_export_targets-extras.cmake
[0.917s] -- Up-to-date: /ros/install/velodyne_laserscan/share/velodyne_laserscan/cmake/ament_cmake_export_dependencies-extras.cmake
[0.922s] -- Up-to-date: /ros/install/velodyne_laserscan/share/velodyne_laserscan/cmake/velodyne_laserscanConfig.cmake
[0.928s] -- Up-to-date: /ros/install/velodyne_laserscan/share/velodyne_laserscan/cmake/velodyne_laserscanConfig-version.cmake
[0.935s] -- Up-to-date: /ros/install/velodyne_laserscan/share/velodyne_laserscan/package.xml
[0.951s] Invoked command in '/ros/build/velodyne_laserscan' returned '0': CMAKE_PREFIX_PATH=/ros/install/debug_tools:/opt/ros/rolling /usr/bin/cmake --install /ros/build/velodyne_laserscan
