[0.150s] Invoking command in '/ros/build/velodyne_laserscan': CMAKE_PREFIX_PATH=/opt/ros/rolling /usr/bin/cmake --build /ros/build/velodyne_laserscan -- -j4 -l4
[3.477s] [ 50%] Built target velodyne_laserscan
[5.951s] [100%] Built target velodyne_laserscan_node
[5.992s] Invoked command in '/ros/build/velodyne_laserscan' returned '0': CMAKE_PREFIX_PATH=/opt/ros/rolling /usr/bin/cmake --build /ros/build/velodyne_laserscan -- -j4 -l4
[6.075s] Invoking command in '/ros/build/velodyne_laserscan': CMAKE_PREFIX_PATH=/opt/ros/rolling /usr/bin/cmake --install /ros/build/velodyne_laserscan
[6.090s] -- Install configuration: ""
[6.096s] -- Up-to-date: /ros/install/velodyne_laserscan/lib/libvelodyne_laserscan.so
[6.103s] -- Up-to-date: /ros/install/velodyne_laserscan/lib/velodyne_laserscan/velodyne_laserscan_node
[6.115s] -- Up-to-date: /ros/install/velodyne_laserscan/include/velodyne_laserscan
[6.119s] -- Up-to-date: /ros/install/velodyne_laserscan/include/velodyne_laserscan/velodyne_laserscan.hpp
[6.125s] -- Up-to-date: /ros/install/velodyne_laserscan/share/velodyne_laserscan/config
[6.129s] -- Up-to-date: /ros/install/velodyne_laserscan/share/velodyne_laserscan/config/default-velodyne_laserscan_node-params.yaml
[6.136s] -- Up-to-date: /ros/install/velodyne_laserscan/share/velodyne_laserscan/launch
[6.143s] -- Up-to-date: /ros/install/velodyne_laserscan/share/velodyne_laserscan/launch/velodyne_laserscan_node-composed-launch.py
[6.158s] -- Up-to-date: /ros/install/velodyne_laserscan/share/velodyne_laserscan/launch/velodyne_laserscan_node-launch.py
[6.165s] -- Up-to-date: /ros/install/velodyne_laserscan/share/ament_index/resource_index/package_run_dependencies/velodyne_laserscan
[6.184s] -- Up-to-date: /ros/install/velodyne_laserscan/share/ament_index/resource_index/parent_prefix_path/velodyne_laserscan
[6.190s] -- Up-to-date: /ros/install/velodyne_laserscan/share/velodyne_laserscan/environment/ament_prefix_path.sh
[6.195s] -- Up-to-date: /ros/install/velodyne_laserscan/share/velodyne_laserscan/environment/ament_prefix_path.dsv
[6.201s] -- Up-to-date: /ros/install/velodyne_laserscan/share/velodyne_laserscan/environment/path.sh
[6.209s] -- Up-to-date: /ros/install/velodyne_laserscan/share/velodyne_laserscan/environment/path.dsv
[6.214s] -- Up-to-date: /ros/install/velodyne_laserscan/share/velodyne_laserscan/local_setup.bash
[6.219s] -- Up-to-date: /ros/install/velodyne_laserscan/share/velodyne_laserscan/local_setup.sh
[6.225s] -- Up-to-date: /ros/install/velodyne_laserscan/share/velodyne_laserscan/local_setup.zsh
[6.230s] -- Up-to-date: /ros/install/velodyne_laserscan/share/velodyne_laserscan/local_setup.dsv
[6.234s] -- Up-to-date: /ros/install/velodyne_laserscan/share/velodyne_laserscan/package.dsv
[6.241s] -- Up-to-date: /ros/install/velodyne_laserscan/share/ament_index/resource_index/packages/velodyne_laserscan
[6.246s] -- Up-to-date: /ros/install/velodyne_laserscan/share/ament_index/resource_index/rclcpp_components/velodyne_laserscan
[6.250s] -- Up-to-date: /ros/install/velodyne_laserscan/share/velodyne_laserscan/cmake/velodyne_laserscanExport.cmake
[6.255s] -- Up-to-date: /ros/install/velodyne_laserscan/share/velodyne_laserscan/cmake/velodyne_laserscanExport-noconfig.cmake
[6.259s] -- Up-to-date: /ros/install/velodyne_laserscan/share/velodyne_laserscan/cmake/ament_cmake_export_include_directories-extras.cmake
[6.262s] -- Up-to-date: /ros/install/velodyne_laserscan/share/velodyne_laserscan/cmake/ament_cmake_export_targets-extras.cmake
[6.267s] -- Up-to-date: /ros/install/velodyne_laserscan/share/velodyne_laserscan/cmake/ament_cmake_export_dependencies-extras.cmake
[6.278s] -- Up-to-date: /ros/install/velodyne_laserscan/share/velodyne_laserscan/cmake/velodyne_laserscanConfig.cmake
[6.288s] -- Up-to-date: /ros/install/velodyne_laserscan/share/velodyne_laserscan/cmake/velodyne_laserscanConfig-version.cmake
[6.293s] -- Up-to-date: /ros/install/velodyne_laserscan/share/velodyne_laserscan/package.xml
[6.296s] Invoked command in '/ros/build/velodyne_laserscan' returned '0': CMAKE_PREFIX_PATH=/opt/ros/rolling /usr/bin/cmake --install /ros/build/velodyne_laserscan
