[0.121s] Invoking command in '/ros/build/velodyne_pointcloud': AMENT_PREFIX_PATH=/ros/install/velodyne_msgs:${AMENT_PREFIX_PATH} CMAKE_PREFIX_PATH=/ros/install/velodyne_msgs:/opt/ros/rolling LD_LIBRARY_PATH=/ros/install/velodyne_msgs/lib:${LD_LIBRARY_PATH} PYTHONPATH=/ros/install/velodyne_msgs/lib/python3.12/site-packages:${PYTHONPATH} /usr/bin/cmake /ros/velodyne/velodyne_pointcloud -DCMAKE_INSTALL_PREFIX=/ros/install/velodyne_pointcloud
[0.611s] -- The C compiler identification is GNU 13.2.0
[1.057s] -- The CXX compiler identification is GNU 13.2.0
[1.126s] -- Detecting C compiler ABI info
[2.239s] -- Detecting C compiler ABI info - done
[2.395s] -- Check for working C compiler: /usr/bin/cc - skipped
[2.401s] -- Detecting C compile features
[2.405s] -- Detecting C compile features - done
[2.449s] -- Detecting CXX compiler ABI info
[3.859s] -- Detecting CXX compiler ABI info - done
[4.090s] -- Check for working CXX compiler: /usr/bin/c++ - skipped
[4.096s] -- Detecting CXX compile features
[4.101s] -- Detecting CXX compile features - done
[4.185s] -- Found ament_cmake: 2.7.0 (/opt/ros/rolling/share/ament_cmake/cmake)
[5.464s] -- Found Python3: /usr/bin/python3 (found version "3.12.3") found components: Interpreter 
[6.094s] [31mCMake Error at CMakeLists.txt:14 (find_package):
[6.098s]   By not providing "Findangles.cmake" in CMAKE_MODULE_PATH this project has
[6.103s]   asked CMake to find a package configuration file provided by "angles", but
[6.108s]   CMake did not find one.
[6.114s] 
[6.119s]   Could not find a package configuration file provided by "angles" with any
[6.123s]   of the following names:
[6.128s] 
[6.133s]     anglesConfig.cmake
[6.140s]     angles-config.cmake
[6.145s] 
[6.150s]   Add the installation prefix of "angles" to CMAKE_PREFIX_PATH or set
[6.156s]   "angles_DIR" to a directory containing one of the above files.  If "angles"
[6.161s]   provides a separate development package or SDK, be sure it has been
[6.167s]   installed.
[6.171s] 
[6.177s] [0m
[6.185s] -- Configuring incomplete, errors occurred!
[6.197s] Invoked command in '/ros/build/velodyne_pointcloud' returned '1': AMENT_PREFIX_PATH=/ros/install/velodyne_msgs:${AMENT_PREFIX_PATH} CMAKE_PREFIX_PATH=/ros/install/velodyne_msgs:/opt/ros/rolling LD_LIBRARY_PATH=/ros/install/velodyne_msgs/lib:${LD_LIBRARY_PATH} PYTHONPATH=/ros/install/velodyne_msgs/lib/python3.12/site-packages:${PYTHONPATH} /usr/bin/cmake /ros/velodyne/velodyne_pointcloud -DCMAKE_INSTALL_PREFIX=/ros/install/velodyne_pointcloud
