[0.125s] Invoking command in '/ros/build/velodyne_msgs': CMAKE_PREFIX_PATH=/ros/install/debug_tools:/opt/ros/rolling /usr/bin/cmake --build /ros/build/velodyne_msgs -- -j4 -l4
[0.236s] [  2%] Built target velodyne_msgs__rosidl_generator_type_description
[0.307s] [  4%] Built target velodyne_msgs__cpp
[0.395s] [ 22%] Built target velodyne_msgs__rosidl_generator_c
[0.534s] [ 43%] Built target velodyne_msgs__rosidl_typesupport_cpp
[0.556s] [ 50%] Built target velodyne_msgs__rosidl_typesupport_fastrtps_cpp
[0.562s] [ 50%] Built target velodyne_msgs__rosidl_typesupport_fastrtps_c
[0.587s] [ 50%] Built target ament_cmake_python_copy_velodyne_msgs
[0.656s] [ 70%] Built target velodyne_msgs__rosidl_typesupport_introspection_c
[0.669s] [ 75%] Built target velodyne_msgs__rosidl_typesupport_introspection_cpp
[0.677s] [ 77%] Built target velodyne_msgs__rosidl_typesupport_c
[0.812s] [ 77%] Built target velodyne_msgs
[0.881s] [ 79%] Built target velodyne_msgs__py
[0.888s] running egg_info
[0.894s] writing velodyne_msgs.egg-info/PKG-INFO
[0.901s] writing dependency_links to velodyne_msgs.egg-info/dependency_links.txt
[0.907s] writing top-level names to velodyne_msgs.egg-info/top_level.txt
[0.934s] [ 86%] Built target velodyne_msgs__rosidl_generator_py
[0.965s] reading manifest file 'velodyne_msgs.egg-info/SOURCES.txt'
[0.977s] writing manifest file 'velodyne_msgs.egg-info/SOURCES.txt'
[1.102s] [ 88%] Built target ament_cmake_python_build_velodyne_msgs_egg
[1.109s] [ 93%] Built target velodyne_msgs_s__rosidl_typesupport_fastrtps_c
[1.120s] [100%] Built target velodyne_msgs_s__rosidl_typesupport_introspection_c
[1.135s] [100%] Built target velodyne_msgs_s__rosidl_typesupport_c
[1.331s] Invoked command in '/ros/build/velodyne_msgs' returned '0': CMAKE_PREFIX_PATH=/ros/install/debug_tools:/opt/ros/rolling /usr/bin/cmake --build /ros/build/velodyne_msgs -- -j4 -l4
[1.463s] Invoking command in '/ros/build/velodyne_msgs': CMAKE_PREFIX_PATH=/ros/install/debug_tools:/opt/ros/rolling /usr/bin/cmake --install /ros/build/velodyne_msgs
[1.473s] -- Install configuration: ""
[1.478s] -- Up-to-date: /ros/install/velodyne_msgs/share/ament_index/resource_index/rosidl_interfaces/velodyne_msgs
[1.482s] -- Up-to-date: /ros/install/velodyne_msgs/share/velodyne_msgs/msg/VelodynePacket.json
[1.489s] -- Up-to-date: /ros/install/velodyne_msgs/share/velodyne_msgs/msg/VelodyneScan.json
[1.493s] -- Up-to-date: /ros/install/velodyne_msgs/include/velodyne_msgs/velodyne_msgs
[1.498s] -- Up-to-date: /ros/install/velodyne_msgs/include/velodyne_msgs/velodyne_msgs/msg
[1.503s] -- Up-to-date: /ros/install/velodyne_msgs/include/velodyne_msgs/velodyne_msgs/msg/detail
[1.516s] -- Up-to-date: /ros/install/velodyne_msgs/include/velodyne_msgs/velodyne_msgs/msg/detail/velodyne_packet__description.c
[1.523s] -- Up-to-date: /ros/install/velodyne_msgs/include/velodyne_msgs/velodyne_msgs/msg/detail/velodyne_packet__functions.c
[1.528s] -- Up-to-date: /ros/install/velodyne_msgs/include/velodyne_msgs/velodyne_msgs/msg/detail/velodyne_packet__functions.h
[1.532s] -- Up-to-date: /ros/install/velodyne_msgs/include/velodyne_msgs/velodyne_msgs/msg/detail/velodyne_packet__struct.h
[1.536s] -- Installing: /ros/install/velodyne_msgs/include/velodyne_msgs/velodyne_msgs/msg/detail/velodyne_packet__type_support.c
[1.549s] -- Up-to-date: /ros/install/velodyne_msgs/include/velodyne_msgs/velodyne_msgs/msg/detail/velodyne_packet__type_support.h
[1.554s] -- Up-to-date: /ros/install/velodyne_msgs/include/velodyne_msgs/velodyne_msgs/msg/detail/velodyne_scan__description.c
[1.558s] -- Up-to-date: /ros/install/velodyne_msgs/include/velodyne_msgs/velodyne_msgs/msg/detail/velodyne_scan__functions.c
[1.564s] -- Up-to-date: /ros/install/velodyne_msgs/include/velodyne_msgs/velodyne_msgs/msg/detail/velodyne_scan__functions.h
[1.568s] -- Up-to-date: /ros/install/velodyne_msgs/include/velodyne_msgs/velodyne_msgs/msg/detail/velodyne_scan__struct.h
[1.573s] -- Up-to-date: /ros/install/velodyne_msgs/include/velodyne_msgs/velodyne_msgs/msg/detail/velodyne_scan__type_support.c
[1.578s] -- Up-to-date: /ros/install/velodyne_msgs/include/velodyne_msgs/velodyne_msgs/msg/detail/velodyne_scan__type_support.h
[1.582s] -- Up-to-date: /ros/install/velodyne_msgs/include/velodyne_msgs/velodyne_msgs/msg/rosidl_generator_c__visibility_control.h
[1.588s] -- Up-to-date: /ros/install/velodyne_msgs/include/velodyne_msgs/velodyne_msgs/msg/velodyne_packet.h
[1.592s] -- Up-to-date: /ros/install/velodyne_msgs/include/velodyne_msgs/velodyne_msgs/msg/velodyne_scan.h
[1.595s] -- Up-to-date: /ros/install/velodyne_msgs/share/velodyne_msgs/environment/library_path.sh
[1.599s] -- Up-to-date: /ros/install/velodyne_msgs/share/velodyne_msgs/environment/library_path.dsv
[1.605s] -- Up-to-date: /ros/install/velodyne_msgs/lib/libvelodyne_msgs__rosidl_generator_c.so
[1.611s] -- Up-to-date: /ros/install/velodyne_msgs/include/velodyne_msgs/velodyne_msgs
[1.615s] -- Up-to-date: /ros/install/velodyne_msgs/include/velodyne_msgs/velodyne_msgs/msg
[1.622s] -- Up-to-date: /ros/install/velodyne_msgs/include/velodyne_msgs/velodyne_msgs/msg/detail
[1.628s] -- Up-to-date: /ros/install/velodyne_msgs/include/velodyne_msgs/velodyne_msgs/msg/detail/velodyne_packet__rosidl_typesupport_fastrtps_c.h
[1.633s] -- Up-to-date: /ros/install/velodyne_msgs/include/velodyne_msgs/velodyne_msgs/msg/detail/velodyne_scan__rosidl_typesupport_fastrtps_c.h
[1.637s] -- Up-to-date: /ros/install/velodyne_msgs/include/velodyne_msgs/velodyne_msgs/msg/rosidl_typesupport_fastrtps_c__visibility_control.h
[1.640s] -- Up-to-date: /ros/install/velodyne_msgs/lib/libvelodyne_msgs__rosidl_typesupport_fastrtps_c.so
[1.646s] -- Up-to-date: /ros/install/velodyne_msgs/include/velodyne_msgs/velodyne_msgs
[1.649s] -- Up-to-date: /ros/install/velodyne_msgs/include/velodyne_msgs/velodyne_msgs/msg
[1.653s] -- Up-to-date: /ros/install/velodyne_msgs/include/velodyne_msgs/velodyne_msgs/msg/detail
[1.659s] -- Up-to-date: /ros/install/velodyne_msgs/include/velodyne_msgs/velodyne_msgs/msg/detail/velodyne_packet__builder.hpp
[1.664s] -- Up-to-date: /ros/install/velodyne_msgs/include/velodyne_msgs/velodyne_msgs/msg/detail/velodyne_packet__struct.hpp
[1.669s] -- Up-to-date: /ros/install/velodyne_msgs/include/velodyne_msgs/velodyne_msgs/msg/detail/velodyne_packet__traits.hpp
[1.673s] -- Up-to-date: /ros/install/velodyne_msgs/include/velodyne_msgs/velodyne_msgs/msg/detail/velodyne_packet__type_support.hpp
[1.678s] -- Up-to-date: /ros/install/velodyne_msgs/include/velodyne_msgs/velodyne_msgs/msg/detail/velodyne_scan__builder.hpp
[1.682s] -- Up-to-date: /ros/install/velodyne_msgs/include/velodyne_msgs/velodyne_msgs/msg/detail/velodyne_scan__struct.hpp
[1.686s] -- Up-to-date: /ros/install/velodyne_msgs/include/velodyne_msgs/velodyne_msgs/msg/detail/velodyne_scan__traits.hpp
[1.689s] -- Up-to-date: /ros/install/velodyne_msgs/include/velodyne_msgs/velodyne_msgs/msg/detail/velodyne_scan__type_support.hpp
[1.694s] -- Up-to-date: /ros/install/velodyne_msgs/include/velodyne_msgs/velodyne_msgs/msg/rosidl_generator_cpp__visibility_control.hpp
[1.699s] -- Up-to-date: /ros/install/velodyne_msgs/include/velodyne_msgs/velodyne_msgs/msg/velodyne_packet.hpp
[1.702s] -- Up-to-date: /ros/install/velodyne_msgs/include/velodyne_msgs/velodyne_msgs/msg/velodyne_scan.hpp
[1.706s] -- Up-to-date: /ros/install/velodyne_msgs/include/velodyne_msgs/velodyne_msgs
[1.710s] -- Up-to-date: /ros/install/velodyne_msgs/include/velodyne_msgs/velodyne_msgs/msg
[1.714s] -- Up-to-date: /ros/install/velodyne_msgs/include/velodyne_msgs/velodyne_msgs/msg/detail
[1.721s] -- Up-to-date: /ros/install/velodyne_msgs/include/velodyne_msgs/velodyne_msgs/msg/detail/dds_fastrtps
[1.727s] -- Up-to-date: /ros/install/velodyne_msgs/include/velodyne_msgs/velodyne_msgs/msg/detail/velodyne_packet__rosidl_typesupport_fastrtps_cpp.hpp
[1.734s] -- Up-to-date: /ros/install/velodyne_msgs/include/velodyne_msgs/velodyne_msgs/msg/detail/velodyne_scan__rosidl_typesupport_fastrtps_cpp.hpp
[1.737s] -- Up-to-date: /ros/install/velodyne_msgs/include/velodyne_msgs/velodyne_msgs/msg/rosidl_typesupport_fastrtps_cpp__visibility_control.h
[1.741s] -- Up-to-date: /ros/install/velodyne_msgs/lib/libvelodyne_msgs__rosidl_typesupport_fastrtps_cpp.so
[1.751s] -- Up-to-date: /ros/install/velodyne_msgs/include/velodyne_msgs/velodyne_msgs
[1.754s] -- Up-to-date: /ros/install/velodyne_msgs/include/velodyne_msgs/velodyne_msgs/msg
[1.759s] -- Up-to-date: /ros/install/velodyne_msgs/include/velodyne_msgs/velodyne_msgs/msg/detail
[1.763s] -- Up-to-date: /ros/install/velodyne_msgs/include/velodyne_msgs/velodyne_msgs/msg/detail/velodyne_packet__rosidl_typesupport_introspection_c.h
[1.767s] -- Installing: /ros/install/velodyne_msgs/include/velodyne_msgs/velodyne_msgs/msg/detail/velodyne_packet__type_support.c
[1.772s] -- Up-to-date: /ros/install/velodyne_msgs/include/velodyne_msgs/velodyne_msgs/msg/detail/velodyne_scan__rosidl_typesupport_introspection_c.h
[1.775s] -- Up-to-date: /ros/install/velodyne_msgs/include/velodyne_msgs/velodyne_msgs/msg/detail/velodyne_scan__type_support.c
[1.781s] -- Up-to-date: /ros/install/velodyne_msgs/include/velodyne_msgs/velodyne_msgs/msg/rosidl_typesupport_introspection_c__visibility_control.h
[1.786s] -- Up-to-date: /ros/install/velodyne_msgs/lib/libvelodyne_msgs__rosidl_typesupport_introspection_c.so
[1.790s] -- Up-to-date: /ros/install/velodyne_msgs/lib/libvelodyne_msgs__rosidl_typesupport_c.so
[1.798s] -- Up-to-date: /ros/install/velodyne_msgs/include/velodyne_msgs/velodyne_msgs
[1.811s] -- Up-to-date: /ros/install/velodyne_msgs/include/velodyne_msgs/velodyne_msgs/msg
[1.815s] -- Up-to-date: /ros/install/velodyne_msgs/include/velodyne_msgs/velodyne_msgs/msg/detail
[1.820s] -- Up-to-date: /ros/install/velodyne_msgs/include/velodyne_msgs/velodyne_msgs/msg/detail/velodyne_packet__rosidl_typesupport_introspection_cpp.hpp
[1.824s] -- Up-to-date: /ros/install/velodyne_msgs/include/velodyne_msgs/velodyne_msgs/msg/detail/velodyne_packet__type_support.cpp
[1.829s] -- Up-to-date: /ros/install/velodyne_msgs/include/velodyne_msgs/velodyne_msgs/msg/detail/velodyne_scan__rosidl_typesupport_introspection_cpp.hpp
[1.835s] -- Up-to-date: /ros/install/velodyne_msgs/include/velodyne_msgs/velodyne_msgs/msg/detail/velodyne_scan__type_support.cpp
[1.840s] -- Up-to-date: /ros/install/velodyne_msgs/lib/libvelodyne_msgs__rosidl_typesupport_introspection_cpp.so
[1.847s] -- Up-to-date: /ros/install/velodyne_msgs/lib/libvelodyne_msgs__rosidl_typesupport_cpp.so
[1.857s] -- Up-to-date: /ros/install/velodyne_msgs/share/velodyne_msgs/environment/pythonpath.sh
[1.862s] -- Up-to-date: /ros/install/velodyne_msgs/share/velodyne_msgs/environment/pythonpath.dsv
[1.868s] -- Up-to-date: /ros/install/velodyne_msgs/lib/python3.12/site-packages/velodyne_msgs-2.5.1-py3.12.egg-info
[1.876s] -- Installing: /ros/install/velodyne_msgs/lib/python3.12/site-packages/velodyne_msgs-2.5.1-py3.12.egg-info/PKG-INFO
[1.879s] -- Installing: /ros/install/velodyne_msgs/lib/python3.12/site-packages/velodyne_msgs-2.5.1-py3.12.egg-info/SOURCES.txt
[1.888s] -- Installing: /ros/install/velodyne_msgs/lib/python3.12/site-packages/velodyne_msgs-2.5.1-py3.12.egg-info/dependency_links.txt
[1.892s] -- Installing: /ros/install/velodyne_msgs/lib/python3.12/site-packages/velodyne_msgs-2.5.1-py3.12.egg-info/top_level.txt
[1.895s] -- Up-to-date: /ros/install/velodyne_msgs/lib/python3.12/site-packages/velodyne_msgs
[1.900s] -- Up-to-date: /ros/install/velodyne_msgs/lib/python3.12/site-packages/velodyne_msgs/__init__.py
[1.903s] -- Up-to-date: /ros/install/velodyne_msgs/lib/python3.12/site-packages/velodyne_msgs/_velodyne_msgs_s.ep.rosidl_typesupport_c.c
[1.907s] -- Up-to-date: /ros/install/velodyne_msgs/lib/python3.12/site-packages/velodyne_msgs/_velodyne_msgs_s.ep.rosidl_typesupport_fastrtps_c.c
[1.913s] -- Up-to-date: /ros/install/velodyne_msgs/lib/python3.12/site-packages/velodyne_msgs/_velodyne_msgs_s.ep.rosidl_typesupport_introspection_c.c
[1.917s] -- Up-to-date: /ros/install/velodyne_msgs/lib/python3.12/site-packages/velodyne_msgs/msg
[1.920s] -- Up-to-date: /ros/install/velodyne_msgs/lib/python3.12/site-packages/velodyne_msgs/msg/__init__.py
[1.923s] -- Up-to-date: /ros/install/velodyne_msgs/lib/python3.12/site-packages/velodyne_msgs/msg/_velodyne_packet.py
[1.928s] -- Up-to-date: /ros/install/velodyne_msgs/lib/python3.12/site-packages/velodyne_msgs/msg/_velodyne_packet_s.c
[1.931s] -- Up-to-date: /ros/install/velodyne_msgs/lib/python3.12/site-packages/velodyne_msgs/msg/_velodyne_scan.py
[1.936s] -- Up-to-date: /ros/install/velodyne_msgs/lib/python3.12/site-packages/velodyne_msgs/msg/_velodyne_scan_s.c
[1.941s] -- Up-to-date: /ros/install/velodyne_msgs/lib/python3.12/site-packages/velodyne_msgs/velodyne_msgs_s__rosidl_typesupport_c.so
[1.945s] -- Up-to-date: /ros/install/velodyne_msgs/lib/python3.12/site-packages/velodyne_msgs/velodyne_msgs_s__rosidl_typesupport_fastrtps_c.so
[1.949s] -- Up-to-date: /ros/install/velodyne_msgs/lib/python3.12/site-packages/velodyne_msgs/velodyne_msgs_s__rosidl_typesupport_introspection_c.so
[1.959s] Listing '/ros/install/velodyne_msgs/lib/python3.12/site-packages/velodyne_msgs'...
[1.963s] Listing '/ros/install/velodyne_msgs/lib/python3.12/site-packages/velodyne_msgs/msg'...
[1.967s] -- Up-to-date: /ros/install/velodyne_msgs/lib/python3.12/site-packages/velodyne_msgs/velodyne_msgs_s__rosidl_typesupport_fastrtps_c.so
[1.970s] -- Up-to-date: /ros/install/velodyne_msgs/lib/python3.12/site-packages/velodyne_msgs/velodyne_msgs_s__rosidl_typesupport_introspection_c.so
[1.973s] -- Up-to-date: /ros/install/velodyne_msgs/lib/python3.12/site-packages/velodyne_msgs/velodyne_msgs_s__rosidl_typesupport_c.so
[1.978s] -- Up-to-date: /ros/install/velodyne_msgs/lib/libvelodyne_msgs__rosidl_generator_py.so
[1.982s] -- Up-to-date: /ros/install/velodyne_msgs/share/velodyne_msgs/msg/VelodynePacket.idl
[1.987s] -- Up-to-date: /ros/install/velodyne_msgs/share/velodyne_msgs/msg/VelodyneScan.idl
[1.991s] -- Up-to-date: /ros/install/velodyne_msgs/share/velodyne_msgs/msg/VelodynePacket.msg
[1.994s] -- Up-to-date: /ros/install/velodyne_msgs/share/velodyne_msgs/msg/VelodyneScan.msg
[2.000s] -- Up-to-date: /ros/install/velodyne_msgs/share/ament_index/resource_index/package_run_dependencies/velodyne_msgs
[2.004s] -- Up-to-date: /ros/install/velodyne_msgs/share/ament_index/resource_index/parent_prefix_path/velodyne_msgs
[2.008s] -- Up-to-date: /ros/install/velodyne_msgs/share/velodyne_msgs/environment/ament_prefix_path.sh
[2.012s] -- Up-to-date: /ros/install/velodyne_msgs/share/velodyne_msgs/environment/ament_prefix_path.dsv
[2.015s] -- Up-to-date: /ros/install/velodyne_msgs/share/velodyne_msgs/environment/path.sh
[2.020s] -- Up-to-date: /ros/install/velodyne_msgs/share/velodyne_msgs/environment/path.dsv
[2.025s] -- Up-to-date: /ros/install/velodyne_msgs/share/velodyne_msgs/local_setup.bash
[2.031s] -- Up-to-date: /ros/install/velodyne_msgs/share/velodyne_msgs/local_setup.sh
[2.035s] -- Up-to-date: /ros/install/velodyne_msgs/share/velodyne_msgs/local_setup.zsh
[2.042s] -- Up-to-date: /ros/install/velodyne_msgs/share/velodyne_msgs/local_setup.dsv
[2.047s] -- Installing: /ros/install/velodyne_msgs/share/velodyne_msgs/package.dsv
[2.051s] -- Up-to-date: /ros/install/velodyne_msgs/share/ament_index/resource_index/packages/velodyne_msgs
[2.056s] -- Up-to-date: /ros/install/velodyne_msgs/share/velodyne_msgs/cmake/export_velodyne_msgs__rosidl_generator_cExport.cmake
[2.059s] -- Up-to-date: /ros/install/velodyne_msgs/share/velodyne_msgs/cmake/export_velodyne_msgs__rosidl_generator_cExport-noconfig.cmake
[2.062s] -- Up-to-date: /ros/install/velodyne_msgs/share/velodyne_msgs/cmake/export_velodyne_msgs__rosidl_typesupport_fastrtps_cExport.cmake
[2.066s] -- Up-to-date: /ros/install/velodyne_msgs/share/velodyne_msgs/cmake/export_velodyne_msgs__rosidl_typesupport_fastrtps_cExport-noconfig.cmake
[2.070s] -- Up-to-date: /ros/install/velodyne_msgs/share/velodyne_msgs/cmake/export_velodyne_msgs__rosidl_generator_cppExport.cmake
[2.073s] -- Up-to-date: /ros/install/velodyne_msgs/share/velodyne_msgs/cmake/export_velodyne_msgs__rosidl_typesupport_fastrtps_cppExport.cmake
[2.078s] -- Up-to-date: /ros/install/velodyne_msgs/share/velodyne_msgs/cmake/export_velodyne_msgs__rosidl_typesupport_fastrtps_cppExport-noconfig.cmake
[2.081s] -- Up-to-date: /ros/install/velodyne_msgs/share/velodyne_msgs/cmake/velodyne_msgs__rosidl_typesupport_introspection_cExport.cmake
[2.086s] -- Up-to-date: /ros/install/velodyne_msgs/share/velodyne_msgs/cmake/velodyne_msgs__rosidl_typesupport_introspection_cExport-noconfig.cmake
[2.089s] -- Up-to-date: /ros/install/velodyne_msgs/share/velodyne_msgs/cmake/velodyne_msgs__rosidl_typesupport_cExport.cmake
[2.094s] -- Up-to-date: /ros/install/velodyne_msgs/share/velodyne_msgs/cmake/velodyne_msgs__rosidl_typesupport_cExport-noconfig.cmake
[2.098s] -- Up-to-date: /ros/install/velodyne_msgs/share/velodyne_msgs/cmake/velodyne_msgs__rosidl_typesupport_introspection_cppExport.cmake
[2.101s] -- Up-to-date: /ros/install/velodyne_msgs/share/velodyne_msgs/cmake/velodyne_msgs__rosidl_typesupport_introspection_cppExport-noconfig.cmake
[2.106s] -- Up-to-date: /ros/install/velodyne_msgs/share/velodyne_msgs/cmake/velodyne_msgs__rosidl_typesupport_cppExport.cmake
[2.110s] -- Up-to-date: /ros/install/velodyne_msgs/share/velodyne_msgs/cmake/velodyne_msgs__rosidl_typesupport_cppExport-noconfig.cmake
[2.114s] -- Up-to-date: /ros/install/velodyne_msgs/share/velodyne_msgs/cmake/export_velodyne_msgs__rosidl_generator_pyExport.cmake
[2.119s] -- Up-to-date: /ros/install/velodyne_msgs/share/velodyne_msgs/cmake/export_velodyne_msgs__rosidl_generator_pyExport-noconfig.cmake
[2.124s] -- Up-to-date: /ros/install/velodyne_msgs/share/velodyne_msgs/cmake/rosidl_cmake-extras.cmake
[2.127s] -- Up-to-date: /ros/install/velodyne_msgs/share/velodyne_msgs/cmake/ament_cmake_export_dependencies-extras.cmake
[2.131s] -- Up-to-date: /ros/install/velodyne_msgs/share/velodyne_msgs/cmake/ament_cmake_export_include_directories-extras.cmake
[2.135s] -- Up-to-date: /ros/install/velodyne_msgs/share/velodyne_msgs/cmake/ament_cmake_export_libraries-extras.cmake
[2.138s] -- Up-to-date: /ros/install/velodyne_msgs/share/velodyne_msgs/cmake/ament_cmake_export_targets-extras.cmake
[2.146s] -- Up-to-date: /ros/install/velodyne_msgs/share/velodyne_msgs/cmake/rosidl_cmake_export_typesupport_targets-extras.cmake
[2.149s] -- Up-to-date: /ros/install/velodyne_msgs/share/velodyne_msgs/cmake/rosidl_cmake_export_typesupport_libraries-extras.cmake
[2.153s] -- Up-to-date: /ros/install/velodyne_msgs/share/velodyne_msgs/cmake/velodyne_msgsConfig.cmake
[2.159s] -- Up-to-date: /ros/install/velodyne_msgs/share/velodyne_msgs/cmake/velodyne_msgsConfig-version.cmake
[2.163s] -- Up-to-date: /ros/install/velodyne_msgs/share/velodyne_msgs/package.xml
[2.166s] Invoked command in '/ros/build/velodyne_msgs' returned '0': CMAKE_PREFIX_PATH=/ros/install/debug_tools:/opt/ros/rolling /usr/bin/cmake --install /ros/build/velodyne_msgs
