[0.094s] Invoking command in '/ros/build/velodyne_driver': AMENT_PREFIX_PATH=/ros/install/velodyne_msgs:${AMENT_PREFIX_PATH} CMAKE_PREFIX_PATH=/ros/install/velodyne_msgs:/ros/install/debug_tools:/opt/ros/rolling LD_LIBRARY_PATH=/ros/install/velodyne_msgs/lib:${LD_LIBRARY_PATH} PYTHONPATH=/ros/install/velodyne_msgs/lib/python3.12/site-packages:${PYTHONPATH} /usr/bin/cmake --build /ros/build/velodyne_driver -- -j4 -l4
[0.584s] [ 25%] Built target gtest
[0.595s] [ 33%] Built target gtest_main
[3.426s] [ 50%] Built target velodyne_input
[6.501s] [ 66%] Built target time_test
[6.744s] [ 83%] Built target velodyne_driver
[9.238s] [100%] Built target velodyne_driver_node
[9.329s] Invoked command in '/ros/build/velodyne_driver' returned '0': AMENT_PREFIX_PATH=/ros/install/velodyne_msgs:${AMENT_PREFIX_PATH} CMAKE_PREFIX_PATH=/ros/install/velodyne_msgs:/ros/install/debug_tools:/opt/ros/rolling LD_LIBRARY_PATH=/ros/install/velodyne_msgs/lib:${LD_LIBRARY_PATH} PYTHONPATH=/ros/install/velodyne_msgs/lib/python3.12/site-packages:${PYTHONPATH} /usr/bin/cmake --build /ros/build/velodyne_driver -- -j4 -l4
[9.382s] Invoking command in '/ros/build/velodyne_driver': AMENT_PREFIX_PATH=/ros/install/velodyne_msgs:${AMENT_PREFIX_PATH} CMAKE_PREFIX_PATH=/ros/install/velodyne_msgs:/ros/install/debug_tools:/opt/ros/rolling LD_LIBRARY_PATH=/ros/install/velodyne_msgs/lib:${LD_LIBRARY_PATH} PYTHONPATH=/ros/install/velodyne_msgs/lib/python3.12/site-packages:${PYTHONPATH} /usr/bin/cmake --install /ros/build/velodyne_driver
[9.446s] -- Install configuration: ""
[9.449s] -- Up-to-date: /ros/install/velodyne_driver/lib/libvelodyne_input.so
[9.456s] -- Up-to-date: /ros/install/velodyne_driver/lib/libvelodyne_driver.so
[9.461s] -- Up-to-date: /ros/install/velodyne_driver/lib/velodyne_driver/velodyne_driver_node
[9.469s] -- Up-to-date: /ros/install/velodyne_driver/include/velodyne_driver
[9.474s] -- Up-to-date: /ros/install/velodyne_driver/include/velodyne_driver/driver.hpp
[9.477s] -- Up-to-date: /ros/install/velodyne_driver/include/velodyne_driver/input.hpp
[9.483s] -- Up-to-date: /ros/install/velodyne_driver/include/velodyne_driver/time_conversion.hpp
[9.487s] -- Up-to-date: /ros/install/velodyne_driver/share/velodyne_driver/config
[9.494s] -- Up-to-date: /ros/install/velodyne_driver/share/velodyne_driver/config/VLP16-velodyne_driver_node-params.yaml
[9.498s] -- Up-to-date: /ros/install/velodyne_driver/share/velodyne_driver/config/VLP32C-velodyne_driver_node-params.yaml
[9.501s] -- Up-to-date: /ros/install/velodyne_driver/share/velodyne_driver/config/VLS128-velodyne_driver_node-params.yaml
[9.506s] -- Up-to-date: /ros/install/velodyne_driver/share/velodyne_driver/launch
[9.511s] -- Up-to-date: /ros/install/velodyne_driver/share/velodyne_driver/launch/velodyne_driver_node-VLP16-composed-launch.py
[9.514s] -- Up-to-date: /ros/install/velodyne_driver/share/velodyne_driver/launch/velodyne_driver_node-VLP16-launch.py
[9.519s] -- Up-to-date: /ros/install/velodyne_driver/share/velodyne_driver/launch/velodyne_driver_node-VLP32C-composed-launch.py
[9.523s] -- Up-to-date: /ros/install/velodyne_driver/share/velodyne_driver/launch/velodyne_driver_node-VLP32C-launch.py
[9.527s] -- Up-to-date: /ros/install/velodyne_driver/share/velodyne_driver/launch/velodyne_driver_node-VLS128-composed-launch.py
[9.532s] -- Up-to-date: /ros/install/velodyne_driver/share/velodyne_driver/launch/velodyne_driver_node-VLS128-launch.py
[9.535s] -- Up-to-date: /ros/install/velodyne_driver/lib/velodyne_driver/vdump
[9.549s] -- Up-to-date: /ros/install/velodyne_driver/share/ament_index/resource_index/package_run_dependencies/velodyne_driver
[9.554s] -- Up-to-date: /ros/install/velodyne_driver/share/ament_index/resource_index/parent_prefix_path/velodyne_driver
[9.558s] -- Up-to-date: /ros/install/velodyne_driver/share/velodyne_driver/environment/ament_prefix_path.sh
[9.562s] -- Up-to-date: /ros/install/velodyne_driver/share/velodyne_driver/environment/ament_prefix_path.dsv
[9.566s] -- Up-to-date: /ros/install/velodyne_driver/share/velodyne_driver/environment/path.sh
[9.570s] -- Up-to-date: /ros/install/velodyne_driver/share/velodyne_driver/environment/path.dsv
[9.575s] -- Up-to-date: /ros/install/velodyne_driver/share/velodyne_driver/local_setup.bash
[9.580s] -- Up-to-date: /ros/install/velodyne_driver/share/velodyne_driver/local_setup.sh
[9.584s] -- Up-to-date: /ros/install/velodyne_driver/share/velodyne_driver/local_setup.zsh
[9.588s] -- Up-to-date: /ros/install/velodyne_driver/share/velodyne_driver/local_setup.dsv
[9.593s] -- Installing: /ros/install/velodyne_driver/share/velodyne_driver/package.dsv
[9.599s] -- Up-to-date: /ros/install/velodyne_driver/share/ament_index/resource_index/packages/velodyne_driver
[9.602s] -- Up-to-date: /ros/install/velodyne_driver/share/ament_index/resource_index/rclcpp_components/velodyne_driver
[9.605s] -- Up-to-date: /ros/install/velodyne_driver/share/velodyne_driver/cmake/velodyne_driverExport.cmake
[9.612s] -- Up-to-date: /ros/install/velodyne_driver/share/velodyne_driver/cmake/velodyne_driverExport-noconfig.cmake
[9.616s] -- Up-to-date: /ros/install/velodyne_driver/share/velodyne_driver/cmake/ament_cmake_export_include_directories-extras.cmake
[9.620s] -- Up-to-date: /ros/install/velodyne_driver/share/velodyne_driver/cmake/ament_cmake_export_targets-extras.cmake
[9.624s] -- Up-to-date: /ros/install/velodyne_driver/share/velodyne_driver/cmake/ament_cmake_export_dependencies-extras.cmake
[9.628s] -- Up-to-date: /ros/install/velodyne_driver/share/velodyne_driver/cmake/velodyne_driverConfig.cmake
[9.633s] -- Up-to-date: /ros/install/velodyne_driver/share/velodyne_driver/cmake/velodyne_driverConfig-version.cmake
[9.640s] -- Up-to-date: /ros/install/velodyne_driver/share/velodyne_driver/package.xml
[9.644s] Invoked command in '/ros/build/velodyne_driver' returned '0': AMENT_PREFIX_PATH=/ros/install/velodyne_msgs:${AMENT_PREFIX_PATH} CMAKE_PREFIX_PATH=/ros/install/velodyne_msgs:/ros/install/debug_tools:/opt/ros/rolling LD_LIBRARY_PATH=/ros/install/velodyne_msgs/lib:${LD_LIBRARY_PATH} PYTHONPATH=/ros/install/velodyne_msgs/lib/python3.12/site-packages:${PYTHONPATH} /usr/bin/cmake --install /ros/build/velodyne_driver
