[0.112s] Invoking command in '/ros/build/velodyne_pointcloud': AMENT_PREFIX_PATH=/ros/install/velodyne_msgs:${AMENT_PREFIX_PATH} CMAKE_PREFIX_PATH=/ros/install/velodyne_msgs:/ros/install/debug_tools:/opt/ros/rolling LD_LIBRARY_PATH=/ros/install/velodyne_msgs/lib:${LD_LIBRARY_PATH} PYTHONPATH=/ros/install/velodyne_msgs/lib/python3.12/site-packages:${PYTHONPATH} /usr/bin/cmake --build /ros/build/velodyne_pointcloud -- -j4 -l4
[1.787s] [ 11%] Built target gtest_main
[2.062s] [ 22%] Built target gtest
[5.547s] [ 38%] Built target velodyne_cloud_types
[6.027s] [ 50%] Built target test_row_step
[6.163s] [ 66%] Built target velodyne_rawdata
[7.513s] [ 77%] Built target test_calibration
[10.134s] [ 88%] Built target transform
[13.304s] [100%] Built target velodyne_transform_node
[13.397s] Invoked command in '/ros/build/velodyne_pointcloud' returned '0': AMENT_PREFIX_PATH=/ros/install/velodyne_msgs:${AMENT_PREFIX_PATH} CMAKE_PREFIX_PATH=/ros/install/velodyne_msgs:/ros/install/debug_tools:/opt/ros/rolling LD_LIBRARY_PATH=/ros/install/velodyne_msgs/lib:${LD_LIBRARY_PATH} PYTHONPATH=/ros/install/velodyne_msgs/lib/python3.12/site-packages:${PYTHONPATH} /usr/bin/cmake --build /ros/build/velodyne_pointcloud -- -j4 -l4
[13.449s] Invoking command in '/ros/build/velodyne_pointcloud': AMENT_PREFIX_PATH=/ros/install/velodyne_msgs:${AMENT_PREFIX_PATH} CMAKE_PREFIX_PATH=/ros/install/velodyne_msgs:/ros/install/debug_tools:/opt/ros/rolling LD_LIBRARY_PATH=/ros/install/velodyne_msgs/lib:${LD_LIBRARY_PATH} PYTHONPATH=/ros/install/velodyne_msgs/lib/python3.12/site-packages:${PYTHONPATH} /usr/bin/cmake --install /ros/build/velodyne_pointcloud
[13.501s] -- Install configuration: ""
[13.504s] -- Up-to-date: /ros/install/velodyne_pointcloud/lib/libvelodyne_cloud_types.so
[13.508s] -- Up-to-date: /ros/install/velodyne_pointcloud/lib/libvelodyne_rawdata.so
[13.513s] -- Up-to-date: /ros/install/velodyne_pointcloud/lib/libtransform.so
[13.519s] -- Up-to-date: /ros/install/velodyne_pointcloud/lib/velodyne_pointcloud/velodyne_transform_node
[13.528s] -- Up-to-date: /ros/install/velodyne_pointcloud/include/velodyne_pointcloud
[13.532s] -- Up-to-date: /ros/install/velodyne_pointcloud/include/velodyne_pointcloud/calibration.hpp
[13.537s] -- Up-to-date: /ros/install/velodyne_pointcloud/include/velodyne_pointcloud/datacontainerbase.hpp
[13.541s] -- Up-to-date: /ros/install/velodyne_pointcloud/include/velodyne_pointcloud/organized_cloudXYZIRT.hpp
[13.545s] -- Up-to-date: /ros/install/velodyne_pointcloud/include/velodyne_pointcloud/pointcloudXYZIRT.hpp
[13.550s] -- Up-to-date: /ros/install/velodyne_pointcloud/include/velodyne_pointcloud/rawdata.hpp
[13.553s] -- Up-to-date: /ros/install/velodyne_pointcloud/include/velodyne_pointcloud/transform.hpp
[13.557s] -- Up-to-date: /ros/install/velodyne_pointcloud/share/velodyne_pointcloud/config
[13.561s] -- Up-to-date: /ros/install/velodyne_pointcloud/share/velodyne_pointcloud/config/VLP16-velodyne_transform_node-params.yaml
[13.566s] -- Up-to-date: /ros/install/velodyne_pointcloud/share/velodyne_pointcloud/config/VLP32C-velodyne_transform_node-params.yaml
[13.570s] -- Up-to-date: /ros/install/velodyne_pointcloud/share/velodyne_pointcloud/config/VLS128-velodyne_transform_node-params.yaml
[13.574s] -- Up-to-date: /ros/install/velodyne_pointcloud/share/velodyne_pointcloud/launch
[13.578s] -- Up-to-date: /ros/install/velodyne_pointcloud/share/velodyne_pointcloud/launch/velodyne_transform_node-VLP16-composed-launch.py
[13.581s] -- Up-to-date: /ros/install/velodyne_pointcloud/share/velodyne_pointcloud/launch/velodyne_transform_node-VLP16-launch.py
[13.584s] -- Up-to-date: /ros/install/velodyne_pointcloud/share/velodyne_pointcloud/launch/velodyne_transform_node-VLP32C-composed-launch.py
[13.589s] -- Up-to-date: /ros/install/velodyne_pointcloud/share/velodyne_pointcloud/launch/velodyne_transform_node-VLP32C-launch.py
[13.592s] -- Up-to-date: /ros/install/velodyne_pointcloud/share/velodyne_pointcloud/launch/velodyne_transform_node-VLS128-composed-launch.py
[13.595s] -- Up-to-date: /ros/install/velodyne_pointcloud/share/velodyne_pointcloud/launch/velodyne_transform_node-VLS128-launch.py
[13.599s] -- Up-to-date: /ros/install/velodyne_pointcloud/share/velodyne_pointcloud/params
[13.603s] -- Up-to-date: /ros/install/velodyne_pointcloud/share/velodyne_pointcloud/params/32db.yaml
[13.607s] -- Up-to-date: /ros/install/velodyne_pointcloud/share/velodyne_pointcloud/params/64e_s2.1-sztaki.yaml
[13.610s] -- Up-to-date: /ros/install/velodyne_pointcloud/share/velodyne_pointcloud/params/64e_s3-xiesc.yaml
[13.615s] -- Up-to-date: /ros/install/velodyne_pointcloud/share/velodyne_pointcloud/params/64e_utexas.yaml
[13.619s] -- Up-to-date: /ros/install/velodyne_pointcloud/share/velodyne_pointcloud/params/VLP16_hires_db.yaml
[13.640s] -- Up-to-date: /ros/install/velodyne_pointcloud/share/velodyne_pointcloud/params/VLP16db.yaml
[13.644s] -- Up-to-date: /ros/install/velodyne_pointcloud/share/velodyne_pointcloud/params/VLS128.yaml
[13.647s] -- Up-to-date: /ros/install/velodyne_pointcloud/share/velodyne_pointcloud/params/VeloView-VLP-32C.yaml
[13.652s] -- Up-to-date: /ros/install/velodyne_pointcloud/share/velodyne_pointcloud/params/issue_84_float_intensities.yaml
[13.654s] -- Up-to-date: /ros/install/velodyne_pointcloud/share/velodyne_pointcloud/params/rviz_points.vcg
[13.659s] -- Up-to-date: /ros/install/velodyne_pointcloud/share/velodyne_pointcloud/environment/library_path.sh
[13.662s] -- Up-to-date: /ros/install/velodyne_pointcloud/share/velodyne_pointcloud/environment/library_path.dsv
[13.665s] -- Up-to-date: /ros/install/velodyne_pointcloud/share/ament_index/resource_index/package_run_dependencies/velodyne_pointcloud
[13.669s] -- Up-to-date: /ros/install/velodyne_pointcloud/share/ament_index/resource_index/parent_prefix_path/velodyne_pointcloud
[13.674s] -- Up-to-date: /ros/install/velodyne_pointcloud/share/velodyne_pointcloud/environment/ament_prefix_path.sh
[13.680s] -- Up-to-date: /ros/install/velodyne_pointcloud/share/velodyne_pointcloud/environment/ament_prefix_path.dsv
[13.684s] -- Up-to-date: /ros/install/velodyne_pointcloud/share/velodyne_pointcloud/environment/path.sh
[13.687s] -- Up-to-date: /ros/install/velodyne_pointcloud/share/velodyne_pointcloud/environment/path.dsv
[13.693s] -- Up-to-date: /ros/install/velodyne_pointcloud/share/velodyne_pointcloud/local_setup.bash
[13.697s] -- Up-to-date: /ros/install/velodyne_pointcloud/share/velodyne_pointcloud/local_setup.sh
[13.702s] -- Up-to-date: /ros/install/velodyne_pointcloud/share/velodyne_pointcloud/local_setup.zsh
[13.707s] -- Up-to-date: /ros/install/velodyne_pointcloud/share/velodyne_pointcloud/local_setup.dsv
[13.710s] -- Installing: /ros/install/velodyne_pointcloud/share/velodyne_pointcloud/package.dsv
[13.714s] -- Up-to-date: /ros/install/velodyne_pointcloud/share/ament_index/resource_index/packages/velodyne_pointcloud
[13.718s] -- Up-to-date: /ros/install/velodyne_pointcloud/share/ament_index/resource_index/rclcpp_components/velodyne_pointcloud
[13.723s] -- Up-to-date: /ros/install/velodyne_pointcloud/share/velodyne_pointcloud/cmake/velodyne_pointcloudExport.cmake
[13.728s] -- Up-to-date: /ros/install/velodyne_pointcloud/share/velodyne_pointcloud/cmake/velodyne_pointcloudExport-noconfig.cmake
[13.732s] -- Up-to-date: /ros/install/velodyne_pointcloud/share/velodyne_pointcloud/cmake/ament_cmake_export_include_directories-extras.cmake
[13.736s] -- Up-to-date: /ros/install/velodyne_pointcloud/share/velodyne_pointcloud/cmake/ament_cmake_export_dependencies-extras.cmake
[13.740s] -- Up-to-date: /ros/install/velodyne_pointcloud/share/velodyne_pointcloud/cmake/ament_cmake_export_libraries-extras.cmake
[13.745s] -- Up-to-date: /ros/install/velodyne_pointcloud/share/velodyne_pointcloud/cmake/ament_cmake_export_targets-extras.cmake
[13.748s] -- Up-to-date: /ros/install/velodyne_pointcloud/share/velodyne_pointcloud/cmake/velodyne_pointcloudConfig.cmake
[13.752s] -- Up-to-date: /ros/install/velodyne_pointcloud/share/velodyne_pointcloud/cmake/velodyne_pointcloudConfig-version.cmake
[13.755s] -- Up-to-date: /ros/install/velodyne_pointcloud/share/velodyne_pointcloud/package.xml
[13.758s] Invoked command in '/ros/build/velodyne_pointcloud' returned '0': AMENT_PREFIX_PATH=/ros/install/velodyne_msgs:${AMENT_PREFIX_PATH} CMAKE_PREFIX_PATH=/ros/install/velodyne_msgs:/ros/install/debug_tools:/opt/ros/rolling LD_LIBRARY_PATH=/ros/install/velodyne_msgs/lib:${LD_LIBRARY_PATH} PYTHONPATH=/ros/install/velodyne_msgs/lib/python3.12/site-packages:${PYTHONPATH} /usr/bin/cmake --install /ros/build/velodyne_pointcloud
