[0.120s] Invoking command in '/ros/build/velodyne_pointcloud': AMENT_PREFIX_PATH=/ros/install/velodyne_msgs:${AMENT_PREFIX_PATH} CMAKE_PREFIX_PATH=/ros/install/velodyne_msgs:/opt/ros/rolling LD_LIBRARY_PATH=/ros/install/velodyne_msgs/lib:${LD_LIBRARY_PATH} PYTHONPATH=/ros/install/velodyne_msgs/lib/python3.12/site-packages:${PYTHONPATH} /usr/bin/cmake /ros/velodyne/velodyne_pointcloud -DCMAKE_INSTALL_PREFIX=/ros/install/velodyne_pointcloud
[0.202s] -- Found ament_cmake: 2.7.0 (/opt/ros/rolling/share/ament_cmake/cmake)
[0.567s] -- Found angles: 1.16.0 (/opt/ros/rolling/share/angles/cmake)
[0.580s] -- Found diagnostic_updater: 4.3.1 (/opt/ros/rolling/share/diagnostic_updater/cmake)
[0.702s] -- Found rosidl_generator_c: 4.8.1 (/opt/ros/rolling/share/rosidl_generator_c/cmake)
[0.749s] -- Found rosidl_generator_cpp: 4.8.1 (/opt/ros/rolling/share/rosidl_generator_cpp/cmake)
[0.801s] -- Using all available rosidl_typesupport_c: rosidl_typesupport_fastrtps_c;rosidl_typesupport_introspection_c
[0.902s] -- Using all available rosidl_typesupport_cpp: rosidl_typesupport_fastrtps_cpp;rosidl_typesupport_introspection_cpp
[1.133s] -- Found rmw_implementation_cmake: 7.4.3 (/opt/ros/rolling/share/rmw_implementation_cmake/cmake)
[1.152s] -- Found rmw_fastrtps_cpp: 9.0.1 (/opt/ros/rolling/share/rmw_fastrtps_cpp/cmake)
[1.401s] -- Using RMW implementation 'rmw_fastrtps_cpp' as default
[1.535s] -- Found geometry_msgs: 5.4.1 (/opt/ros/rolling/share/geometry_msgs/cmake)
[1.565s] -- Found message_filters: 6.0.4 (/opt/ros/rolling/share/message_filters/cmake)
[1.826s] -- Found Boost: /usr/lib/aarch64-linux-gnu/cmake/Boost-1.83.0/BoostConfig.cmake (found suitable version "1.83.0", minimum required is "1.65.0") found components: system filesystem iostreams serialization 
[1.829s] -- looking for PCL_COMMON
[1.835s] -- Found PCL_COMMON: /usr/lib/aarch64-linux-gnu/libpcl_common.so  
[1.841s] -- Found PCL: pcl_common;Boost::system;Boost::filesystem;Boost::iostreams;Boost::serialization  
[1.858s] -- Found rclcpp_components: 28.3.3 (/opt/ros/rolling/share/rclcpp_components/cmake)
[1.992s] -- Found sensor_msgs: 5.4.1 (/opt/ros/rolling/share/sensor_msgs/cmake)
[2.044s] -- Found tf2: 0.38.2 (/opt/ros/rolling/share/tf2/cmake)
[2.076s] -- Found tf2_ros: 0.38.2 (/opt/ros/rolling/share/tf2_ros/cmake)
[2.331s] -- Found velodyne_msgs: 2.5.1 (/ros/install/velodyne_msgs/share/velodyne_msgs/cmake)
[2.465s] -- Found ament_lint_auto: 0.18.1 (/opt/ros/rolling/share/ament_lint_auto/cmake)
[2.941s] -- Found gtest sources under '/opt/ros/rolling/src/gtest_vendor': C++ tests using 'Google Test' will be built
[2.961s] -- Performing Test CMAKE_HAVE_LIBC_PTHREAD
[3.992s] -- Performing Test CMAKE_HAVE_LIBC_PTHREAD - Success
[3.996s] -- Found Threads: TRUE  
[4.211s] -- Added test 'copyright' to check source files copyright and LICENSE
[4.254s] -- Added test 'cppcheck' to perform static code analysis on C / C++ code
[4.258s] -- Configured cppcheck include dirs: $<BUILD_INTERFACE:/ros/velodyne/velodyne_pointcloud/include>
[4.263s] -- Configured cppcheck exclude dirs and/or files: 
[4.291s] -- Added test 'cpplint' to check C / C++ code against the Google style
[4.295s] -- Configured cpplint exclude dirs and/or files: 
[4.311s] -- Added test 'flake8' to check Python code syntax and style conventions
[4.318s] -- Configured 'flake8' exclude dirs and/or files: 
[4.342s] -- Added test 'lint_cmake' to check CMake code style
[4.361s] -- Added test 'pep257' to check Python code against some of the docstring style conventions in PEP 257
[4.390s] -- Added test 'uncrustify' to check C / C++ code style
[4.396s] -- Configured uncrustify additional arguments: 
[4.835s] -- Configuring done (4.7s)
[8.468s] -- Generating done (3.5s)
[8.688s] -- Build files have been written to: /ros/build/velodyne_pointcloud
