[  8%] [32mBuilding CXX object CMakeFiles/velodyne_input.dir/src/lib/input.cpp.o[0m
[ 25%] Built target gtest_main
[ 41%] Built target gtest
[ 50%] [32m[1mLinking CXX shared library libvelodyne_input.so[0m
[ 50%] Built target velodyne_input
[ 66%] [32mBuilding CXX object CMakeFiles/velodyne_driver.dir/src/driver/driver.cpp.o[0m
[ 66%] [32mBuilding CXX object CMakeFiles/time_test.dir/tests/timeconversiontest.cpp.o[0m
[ 75%] [32m[1mLinking CXX executable time_test[0m
[ 75%] Built target time_test
[ 83%] [32m[1mLinking CXX shared library libvelodyne_driver.so[0m
[ 83%] Built target velodyne_driver
[ 91%] [32mBuilding CXX object CMakeFiles/velodyne_driver_node.dir/src/driver/velodyne_node.cpp.o[0m
[100%] [32m[1mLinking CXX executable velodyne_driver_node[0m
[100%] Built target velodyne_driver_node
-- Install configuration: ""
-- Installing: /ros/install/velodyne_driver/lib/libvelodyne_input.so
-- Set non-toolchain portion of runtime path of "/ros/install/velodyne_driver/lib/libvelodyne_input.so" to ""
-- Installing: /ros/install/velodyne_driver/lib/libvelodyne_driver.so
-- Set non-toolchain portion of runtime path of "/ros/install/velodyne_driver/lib/libvelodyne_driver.so" to ""
-- Installing: /ros/install/velodyne_driver/lib/velodyne_driver/velodyne_driver_node
-- Set non-toolchain portion of runtime path of "/ros/install/velodyne_driver/lib/velodyne_driver/velodyne_driver_node" to ""
-- Installing: /ros/install/velodyne_driver/include/velodyne_driver
-- Installing: /ros/install/velodyne_driver/include/velodyne_driver/driver.hpp
-- Installing: /ros/install/velodyne_driver/include/velodyne_driver/input.hpp
-- Installing: /ros/install/velodyne_driver/include/velodyne_driver/time_conversion.hpp
-- Installing: /ros/install/velodyne_driver/share/velodyne_driver/config
-- Installing: /ros/install/velodyne_driver/share/velodyne_driver/config/VLP16-velodyne_driver_node-params.yaml
-- Installing: /ros/install/velodyne_driver/share/velodyne_driver/config/VLP32C-velodyne_driver_node-params.yaml
-- Installing: /ros/install/velodyne_driver/share/velodyne_driver/config/VLS128-velodyne_driver_node-params.yaml
-- Installing: /ros/install/velodyne_driver/share/velodyne_driver/launch
-- Installing: /ros/install/velodyne_driver/share/velodyne_driver/launch/velodyne_driver_node-VLP16-composed-launch.py
-- Installing: /ros/install/velodyne_driver/share/velodyne_driver/launch/velodyne_driver_node-VLP16-launch.py
-- Installing: /ros/install/velodyne_driver/share/velodyne_driver/launch/velodyne_driver_node-VLP32C-composed-launch.py
-- Installing: /ros/install/velodyne_driver/share/velodyne_driver/launch/velodyne_driver_node-VLP32C-launch.py
-- Installing: /ros/install/velodyne_driver/share/velodyne_driver/launch/velodyne_driver_node-VLS128-composed-launch.py
-- Installing: /ros/install/velodyne_driver/share/velodyne_driver/launch/velodyne_driver_node-VLS128-launch.py
-- Installing: /ros/install/velodyne_driver/lib/velodyne_driver/vdump
-- Installing: /ros/install/velodyne_driver/share/ament_index/resource_index/package_run_dependencies/velodyne_driver
-- Installing: /ros/install/velodyne_driver/share/ament_index/resource_index/parent_prefix_path/velodyne_driver
-- Installing: /ros/install/velodyne_driver/share/velodyne_driver/environment/ament_prefix_path.sh
-- Installing: /ros/install/velodyne_driver/share/velodyne_driver/environment/ament_prefix_path.dsv
-- Installing: /ros/install/velodyne_driver/share/velodyne_driver/environment/path.sh
-- Installing: /ros/install/velodyne_driver/share/velodyne_driver/environment/path.dsv
-- Installing: /ros/install/velodyne_driver/share/velodyne_driver/local_setup.bash
-- Installing: /ros/install/velodyne_driver/share/velodyne_driver/local_setup.sh
-- Installing: /ros/install/velodyne_driver/share/velodyne_driver/local_setup.zsh
-- Installing: /ros/install/velodyne_driver/share/velodyne_driver/local_setup.dsv
-- Installing: /ros/install/velodyne_driver/share/velodyne_driver/package.dsv
-- Installing: /ros/install/velodyne_driver/share/ament_index/resource_index/packages/velodyne_driver
-- Installing: /ros/install/velodyne_driver/share/ament_index/resource_index/rclcpp_components/velodyne_driver
-- Installing: /ros/install/velodyne_driver/share/velodyne_driver/cmake/velodyne_driverExport.cmake
-- Installing: /ros/install/velodyne_driver/share/velodyne_driver/cmake/velodyne_driverExport-noconfig.cmake
-- Installing: /ros/install/velodyne_driver/share/velodyne_driver/cmake/ament_cmake_export_include_directories-extras.cmake
-- Installing: /ros/install/velodyne_driver/share/velodyne_driver/cmake/ament_cmake_export_targets-extras.cmake
-- Installing: /ros/install/velodyne_driver/share/velodyne_driver/cmake/ament_cmake_export_dependencies-extras.cmake
-- Installing: /ros/install/velodyne_driver/share/velodyne_driver/cmake/velodyne_driverConfig.cmake
-- Installing: /ros/install/velodyne_driver/share/velodyne_driver/cmake/velodyne_driverConfig-version.cmake
-- Installing: /ros/install/velodyne_driver/share/velodyne_driver/package.xml
