[0.081s] Invoking command in '/ros/build/velodyne_driver': AMENT_PREFIX_PATH=/ros/install/velodyne_msgs:${AMENT_PREFIX_PATH} CMAKE_PREFIX_PATH=/ros/install/velodyne_msgs:/opt/ros/rolling LD_LIBRARY_PATH=/ros/install/velodyne_msgs/lib:${LD_LIBRARY_PATH} PYTHONPATH=/ros/install/velodyne_msgs/lib/python3.12/site-packages:${PYTHONPATH} /usr/bin/cmake --build /ros/build/velodyne_driver -- -j4 -l4
[0.587s] [  8%] [32mBuilding CXX object CMakeFiles/velodyne_input.dir/src/lib/input.cpp.o[0m
[2.336s] [ 25%] Built target gtest_main
[2.775s] [ 41%] Built target gtest
[8.565s] [ 50%] [32m[1mLinking CXX shared library libvelodyne_input.so[0m
[9.649s] [ 50%] Built target velodyne_input
[9.940s] [ 66%] [32mBuilding CXX object CMakeFiles/velodyne_driver.dir/src/driver/driver.cpp.o[0m
[9.947s] [ 66%] [32mBuilding CXX object CMakeFiles/time_test.dir/tests/timeconversiontest.cpp.o[0m
[18.205s] [ 75%] [32m[1mLinking CXX executable time_test[0m
[20.797s] [ 75%] Built target time_test
[30.223s] [ 83%] [32m[1mLinking CXX shared library libvelodyne_driver.so[0m
[35.708s] [ 83%] Built target velodyne_driver
[35.863s] [ 91%] [32mBuilding CXX object CMakeFiles/velodyne_driver_node.dir/src/driver/velodyne_node.cpp.o[0m
[40.279s] [100%] [32m[1mLinking CXX executable velodyne_driver_node[0m
[41.360s] [100%] Built target velodyne_driver_node
[41.468s] Invoked command in '/ros/build/velodyne_driver' returned '0': AMENT_PREFIX_PATH=/ros/install/velodyne_msgs:${AMENT_PREFIX_PATH} CMAKE_PREFIX_PATH=/ros/install/velodyne_msgs:/opt/ros/rolling LD_LIBRARY_PATH=/ros/install/velodyne_msgs/lib:${LD_LIBRARY_PATH} PYTHONPATH=/ros/install/velodyne_msgs/lib/python3.12/site-packages:${PYTHONPATH} /usr/bin/cmake --build /ros/build/velodyne_driver -- -j4 -l4
[41.535s] Invoking command in '/ros/build/velodyne_driver': AMENT_PREFIX_PATH=/ros/install/velodyne_msgs:${AMENT_PREFIX_PATH} CMAKE_PREFIX_PATH=/ros/install/velodyne_msgs:/opt/ros/rolling LD_LIBRARY_PATH=/ros/install/velodyne_msgs/lib:${LD_LIBRARY_PATH} PYTHONPATH=/ros/install/velodyne_msgs/lib/python3.12/site-packages:${PYTHONPATH} /usr/bin/cmake --install /ros/build/velodyne_driver
[41.608s] -- Install configuration: ""
[41.619s] -- Installing: /ros/install/velodyne_driver/lib/libvelodyne_input.so
[41.676s] -- Set non-toolchain portion of runtime path of "/ros/install/velodyne_driver/lib/libvelodyne_input.so" to ""
[41.683s] -- Installing: /ros/install/velodyne_driver/lib/libvelodyne_driver.so
[43.305s] -- Set non-toolchain portion of runtime path of "/ros/install/velodyne_driver/lib/libvelodyne_driver.so" to ""
[43.320s] -- Installing: /ros/install/velodyne_driver/lib/velodyne_driver/velodyne_driver_node
[43.376s] -- Set non-toolchain portion of runtime path of "/ros/install/velodyne_driver/lib/velodyne_driver/velodyne_driver_node" to ""
[43.400s] -- Installing: /ros/install/velodyne_driver/include/velodyne_driver
[43.417s] -- Installing: /ros/install/velodyne_driver/include/velodyne_driver/driver.hpp
[43.442s] -- Installing: /ros/install/velodyne_driver/include/velodyne_driver/input.hpp
[43.466s] -- Installing: /ros/install/velodyne_driver/include/velodyne_driver/time_conversion.hpp
[43.495s] -- Installing: /ros/install/velodyne_driver/share/velodyne_driver/config
[43.509s] -- Installing: /ros/install/velodyne_driver/share/velodyne_driver/config/VLP16-velodyne_driver_node-params.yaml
[43.535s] -- Installing: /ros/install/velodyne_driver/share/velodyne_driver/config/VLP32C-velodyne_driver_node-params.yaml
[43.560s] -- Installing: /ros/install/velodyne_driver/share/velodyne_driver/config/VLS128-velodyne_driver_node-params.yaml
[43.592s] -- Installing: /ros/install/velodyne_driver/share/velodyne_driver/launch
[43.608s] -- Installing: /ros/install/velodyne_driver/share/velodyne_driver/launch/velodyne_driver_node-VLP16-composed-launch.py
[43.637s] -- Installing: /ros/install/velodyne_driver/share/velodyne_driver/launch/velodyne_driver_node-VLP16-launch.py
[43.665s] -- Installing: /ros/install/velodyne_driver/share/velodyne_driver/launch/velodyne_driver_node-VLP32C-composed-launch.py
[43.692s] -- Installing: /ros/install/velodyne_driver/share/velodyne_driver/launch/velodyne_driver_node-VLP32C-launch.py
[43.723s] -- Installing: /ros/install/velodyne_driver/share/velodyne_driver/launch/velodyne_driver_node-VLS128-composed-launch.py
[43.749s] -- Installing: /ros/install/velodyne_driver/share/velodyne_driver/launch/velodyne_driver_node-VLS128-launch.py
[43.775s] -- Installing: /ros/install/velodyne_driver/lib/velodyne_driver/vdump
[43.817s] -- Installing: /ros/install/velodyne_driver/share/ament_index/resource_index/package_run_dependencies/velodyne_driver
[43.854s] -- Installing: /ros/install/velodyne_driver/share/ament_index/resource_index/parent_prefix_path/velodyne_driver
[43.901s] -- Installing: /ros/install/velodyne_driver/share/velodyne_driver/environment/ament_prefix_path.sh
[43.924s] -- Installing: /ros/install/velodyne_driver/share/velodyne_driver/environment/ament_prefix_path.dsv
[43.951s] -- Installing: /ros/install/velodyne_driver/share/velodyne_driver/environment/path.sh
[43.976s] -- Installing: /ros/install/velodyne_driver/share/velodyne_driver/environment/path.dsv
[44.000s] -- Installing: /ros/install/velodyne_driver/share/velodyne_driver/local_setup.bash
[44.029s] -- Installing: /ros/install/velodyne_driver/share/velodyne_driver/local_setup.sh
[44.057s] -- Installing: /ros/install/velodyne_driver/share/velodyne_driver/local_setup.zsh
[44.084s] -- Installing: /ros/install/velodyne_driver/share/velodyne_driver/local_setup.dsv
[44.112s] -- Installing: /ros/install/velodyne_driver/share/velodyne_driver/package.dsv
[44.149s] -- Installing: /ros/install/velodyne_driver/share/ament_index/resource_index/packages/velodyne_driver
[44.191s] -- Installing: /ros/install/velodyne_driver/share/ament_index/resource_index/rclcpp_components/velodyne_driver
[44.239s] -- Installing: /ros/install/velodyne_driver/share/velodyne_driver/cmake/velodyne_driverExport.cmake
[44.272s] -- Installing: /ros/install/velodyne_driver/share/velodyne_driver/cmake/velodyne_driverExport-noconfig.cmake
[44.318s] -- Installing: /ros/install/velodyne_driver/share/velodyne_driver/cmake/ament_cmake_export_include_directories-extras.cmake
[44.366s] -- Installing: /ros/install/velodyne_driver/share/velodyne_driver/cmake/ament_cmake_export_targets-extras.cmake
[44.435s] -- Installing: /ros/install/velodyne_driver/share/velodyne_driver/cmake/ament_cmake_export_dependencies-extras.cmake
[44.467s] -- Installing: /ros/install/velodyne_driver/share/velodyne_driver/cmake/velodyne_driverConfig.cmake
[44.494s] -- Installing: /ros/install/velodyne_driver/share/velodyne_driver/cmake/velodyne_driverConfig-version.cmake
[44.524s] -- Installing: /ros/install/velodyne_driver/share/velodyne_driver/package.xml
[44.558s] Invoked command in '/ros/build/velodyne_driver' returned '0': AMENT_PREFIX_PATH=/ros/install/velodyne_msgs:${AMENT_PREFIX_PATH} CMAKE_PREFIX_PATH=/ros/install/velodyne_msgs:/opt/ros/rolling LD_LIBRARY_PATH=/ros/install/velodyne_msgs/lib:${LD_LIBRARY_PATH} PYTHONPATH=/ros/install/velodyne_msgs/lib/python3.12/site-packages:${PYTHONPATH} /usr/bin/cmake --install /ros/build/velodyne_driver
