[0.575s] Invoking command in '/ros/debug_tools': PYTHONPATH=/ros/build/debug_tools/prefix_override:/usr/lib/python3/dist-packages/colcon_core/task/python/colcon_distutils_commands:/ros/install/debug_tools/lib/python3.12/site-packages:${PYTHONPATH} /usr/bin/python3 -W ignore:setup.py install is deprecated setup.py egg_info --egg-base ../build/debug_tools build --build-base /ros/build/debug_tools/build install --record /ros/build/debug_tools/install.log --single-version-externally-managed install_data
[0.695s] running egg_info
[0.707s] writing ../build/debug_tools/debug_tools.egg-info/PKG-INFO
[0.715s] writing dependency_links to ../build/debug_tools/debug_tools.egg-info/dependency_links.txt
[0.719s] writing entry points to ../build/debug_tools/debug_tools.egg-info/entry_points.txt
[0.724s] writing requirements to ../build/debug_tools/debug_tools.egg-info/requires.txt
[0.731s] writing top-level names to ../build/debug_tools/debug_tools.egg-info/top_level.txt
[0.762s] reading manifest file '../build/debug_tools/debug_tools.egg-info/SOURCES.txt'
[0.773s] writing manifest file '../build/debug_tools/debug_tools.egg-info/SOURCES.txt'
[0.779s] running build
[0.782s] running build_py
[0.785s] copying debug_tools/bag_printer.py -> /ros/build/debug_tools/build/lib/debug_tools
[0.791s] running install
[0.796s] running install_lib
[0.805s] copying /ros/build/debug_tools/build/lib/debug_tools/bag_printer.py -> /ros/install/debug_tools/lib/python3.12/site-packages/debug_tools
[0.827s] byte-compiling /ros/install/debug_tools/lib/python3.12/site-packages/debug_tools/bag_printer.py to bag_printer.cpython-312.pyc
[0.839s] running install_data
[0.841s] running install_egg_info
[0.853s] removing '/ros/install/debug_tools/lib/python3.12/site-packages/debug_tools-0.0.0-py3.12.egg-info' (and everything under it)
[0.864s] Copying ../build/debug_tools/debug_tools.egg-info to /ros/install/debug_tools/lib/python3.12/site-packages/debug_tools-0.0.0-py3.12.egg-info
[0.974s] running install_scripts
[1.048s] Installing bag_printer script to /ros/install/debug_tools/lib/debug_tools
[1.056s] writing list of installed files to '/ros/build/debug_tools/install.log'
[1.078s] Invoked command in '/ros/debug_tools' returned '0': PYTHONPATH=/ros/build/debug_tools/prefix_override:/usr/lib/python3/dist-packages/colcon_core/task/python/colcon_distutils_commands:/ros/install/debug_tools/lib/python3.12/site-packages:${PYTHONPATH} /usr/bin/python3 -W ignore:setup.py install is deprecated setup.py egg_info --egg-base ../build/debug_tools build --build-base /ros/build/debug_tools/build install --record /ros/build/debug_tools/install.log --single-version-externally-managed install_data
