[0.129s] Invoking command in '/ros/build/velodyne_laserscan': CMAKE_PREFIX_PATH=/opt/ros/rolling /usr/bin/cmake --build /ros/build/velodyne_laserscan -- -j4 -l4
[0.288s] [ 50%] Built target velodyne_laserscan
[0.386s] [100%] Built target velodyne_laserscan_node
[0.435s] Invoked command in '/ros/build/velodyne_laserscan' returned '0': CMAKE_PREFIX_PATH=/opt/ros/rolling /usr/bin/cmake --build /ros/build/velodyne_laserscan -- -j4 -l4
[0.572s] Invoking command in '/ros/build/velodyne_laserscan': CMAKE_PREFIX_PATH=/opt/ros/rolling /usr/bin/cmake --install /ros/build/velodyne_laserscan
[0.584s] -- Install configuration: ""
[0.595s] -- Up-to-date: /ros/install/velodyne_laserscan/lib/libvelodyne_laserscan.so
[0.603s] -- Up-to-date: /ros/install/velodyne_laserscan/lib/velodyne_laserscan/velodyne_laserscan_node
[0.633s] -- Up-to-date: /ros/install/velodyne_laserscan/include/velodyne_laserscan
[0.639s] -- Up-to-date: /ros/install/velodyne_laserscan/include/velodyne_laserscan/velodyne_laserscan.hpp
[0.646s] -- Up-to-date: /ros/install/velodyne_laserscan/share/velodyne_laserscan/config
[0.655s] -- Up-to-date: /ros/install/velodyne_laserscan/share/velodyne_laserscan/config/default-velodyne_laserscan_node-params.yaml
[0.660s] -- Up-to-date: /ros/install/velodyne_laserscan/share/velodyne_laserscan/launch
[0.669s] -- Up-to-date: /ros/install/velodyne_laserscan/share/velodyne_laserscan/launch/velodyne_laserscan_node-composed-launch.py
[0.677s] -- Up-to-date: /ros/install/velodyne_laserscan/share/velodyne_laserscan/launch/velodyne_laserscan_node-launch.py
[0.686s] -- Up-to-date: /ros/install/velodyne_laserscan/share/ament_index/resource_index/package_run_dependencies/velodyne_laserscan
[0.692s] -- Up-to-date: /ros/install/velodyne_laserscan/share/ament_index/resource_index/parent_prefix_path/velodyne_laserscan
[0.698s] -- Up-to-date: /ros/install/velodyne_laserscan/share/velodyne_laserscan/environment/ament_prefix_path.sh
[0.706s] -- Up-to-date: /ros/install/velodyne_laserscan/share/velodyne_laserscan/environment/ament_prefix_path.dsv
[0.715s] -- Up-to-date: /ros/install/velodyne_laserscan/share/velodyne_laserscan/environment/path.sh
[0.730s] -- Up-to-date: /ros/install/velodyne_laserscan/share/velodyne_laserscan/environment/path.dsv
[0.738s] -- Up-to-date: /ros/install/velodyne_laserscan/share/velodyne_laserscan/local_setup.bash
[0.743s] -- Up-to-date: /ros/install/velodyne_laserscan/share/velodyne_laserscan/local_setup.sh
[0.749s] -- Up-to-date: /ros/install/velodyne_laserscan/share/velodyne_laserscan/local_setup.zsh
[0.755s] -- Up-to-date: /ros/install/velodyne_laserscan/share/velodyne_laserscan/local_setup.dsv
[0.766s] -- Installing: /ros/install/velodyne_laserscan/share/velodyne_laserscan/package.dsv
[0.779s] -- Up-to-date: /ros/install/velodyne_laserscan/share/ament_index/resource_index/packages/velodyne_laserscan
[0.786s] -- Up-to-date: /ros/install/velodyne_laserscan/share/ament_index/resource_index/rclcpp_components/velodyne_laserscan
[0.792s] -- Up-to-date: /ros/install/velodyne_laserscan/share/velodyne_laserscan/cmake/velodyne_laserscanExport.cmake
[0.796s] -- Up-to-date: /ros/install/velodyne_laserscan/share/velodyne_laserscan/cmake/velodyne_laserscanExport-noconfig.cmake
[0.801s] -- Up-to-date: /ros/install/velodyne_laserscan/share/velodyne_laserscan/cmake/ament_cmake_export_include_directories-extras.cmake
[0.809s] -- Up-to-date: /ros/install/velodyne_laserscan/share/velodyne_laserscan/cmake/ament_cmake_export_targets-extras.cmake
[0.816s] -- Up-to-date: /ros/install/velodyne_laserscan/share/velodyne_laserscan/cmake/ament_cmake_export_dependencies-extras.cmake
[0.820s] -- Up-to-date: /ros/install/velodyne_laserscan/share/velodyne_laserscan/cmake/velodyne_laserscanConfig.cmake
[0.827s] -- Up-to-date: /ros/install/velodyne_laserscan/share/velodyne_laserscan/cmake/velodyne_laserscanConfig-version.cmake
[0.831s] -- Up-to-date: /ros/install/velodyne_laserscan/share/velodyne_laserscan/package.xml
[0.838s] Invoked command in '/ros/build/velodyne_laserscan' returned '0': CMAKE_PREFIX_PATH=/opt/ros/rolling /usr/bin/cmake --install /ros/build/velodyne_laserscan
