[0.116s] Invoking command in '/ros/build/velodyne_laserscan': CMAKE_PREFIX_PATH=/opt/ros/rolling /usr/bin/cmake /ros/velodyne/velodyne_laserscan -DCMAKE_INSTALL_PREFIX=/ros/install/velodyne_laserscan
[0.776s] -- The C compiler identification is GNU 13.2.0
[1.311s] -- The CXX compiler identification is GNU 13.2.0
[1.389s] -- Detecting C compiler ABI info
[2.291s] -- Detecting C compiler ABI info - done
[2.427s] -- Check for working C compiler: /usr/bin/cc - skipped
[2.477s] -- Detecting C compile features
[2.492s] -- Detecting C compile features - done
[2.550s] -- Detecting CXX compiler ABI info
[3.480s] -- Detecting CXX compiler ABI info - done
[3.637s] -- Check for working CXX compiler: /usr/bin/c++ - skipped
[3.641s] -- Detecting CXX compile features
[3.647s] -- Detecting CXX compile features - done
[3.687s] -- Found ament_cmake_ros: 0.13.0 (/opt/ros/rolling/share/ament_cmake_ros/cmake)
[3.902s] -- Found Python3: /usr/bin/python3 (found version "3.12.3") found components: Interpreter 
[4.325s] -- Found rclcpp: 28.3.3 (/opt/ros/rolling/share/rclcpp/cmake)
[4.525s] -- Found rosidl_generator_c: 4.8.1 (/opt/ros/rolling/share/rosidl_generator_c/cmake)
[4.597s] -- Found rosidl_generator_cpp: 4.8.1 (/opt/ros/rolling/share/rosidl_generator_cpp/cmake)
[4.679s] -- Using all available rosidl_typesupport_c: rosidl_typesupport_fastrtps_c;rosidl_typesupport_introspection_c
[4.771s] -- Using all available rosidl_typesupport_cpp: rosidl_typesupport_fastrtps_cpp;rosidl_typesupport_introspection_cpp
[5.076s] -- Found rmw_implementation_cmake: 7.4.3 (/opt/ros/rolling/share/rmw_implementation_cmake/cmake)
[5.101s] -- Found rmw_fastrtps_cpp: 9.0.1 (/opt/ros/rolling/share/rmw_fastrtps_cpp/cmake)
[5.263s] -- Found OpenSSL: /usr/lib/aarch64-linux-gnu/libcrypto.so (found version "3.0.13")  
[5.306s] -- Found FastRTPS: /opt/ros/rolling/include (Required is at least version "2.13") 
[5.363s] -- Using RMW implementation 'rmw_fastrtps_cpp' as default
[5.556s] -- Found rclcpp_components: 28.3.3 (/opt/ros/rolling/share/rclcpp_components/cmake)
[5.669s] -- Found sensor_msgs: 5.4.1 (/opt/ros/rolling/share/sensor_msgs/cmake)
[5.809s] -- Found ament_lint_auto: 0.18.1 (/opt/ros/rolling/share/ament_lint_auto/cmake)
[6.236s] -- Added test 'copyright' to check source files copyright and LICENSE
[6.270s] -- Added test 'cppcheck' to perform static code analysis on C / C++ code
[6.276s] -- Configured cppcheck include dirs: $<BUILD_INTERFACE:/ros/velodyne/velodyne_laserscan/include>
[6.279s] -- Configured cppcheck exclude dirs and/or files: 
[6.288s] -- Added test 'cpplint' to check C / C++ code against the Google style
[6.291s] -- Configured cpplint exclude dirs and/or files: 
[6.305s] -- Added test 'flake8' to check Python code syntax and style conventions
[6.309s] -- Configured 'flake8' exclude dirs and/or files: 
[6.314s] -- Added test 'lint_cmake' to check CMake code style
[6.324s] -- Added test 'pep257' to check Python code against some of the docstring style conventions in PEP 257
[6.338s] -- Added test 'uncrustify' to check C / C++ code style
[6.344s] -- Configured uncrustify additional arguments: 
[6.353s] -- Added test 'xmllint' to check XML markup files
[6.645s] -- Configuring done (6.5s)
[7.384s] -- Generating done (0.7s)
[7.514s] -- Build files have been written to: /ros/build/velodyne_laserscan
[7.523s] Invoked command in '/ros/build/velodyne_laserscan' returned '0': CMAKE_PREFIX_PATH=/opt/ros/rolling /usr/bin/cmake /ros/velodyne/velodyne_laserscan -DCMAKE_INSTALL_PREFIX=/ros/install/velodyne_laserscan
[7.534s] Invoking command in '/ros/build/velodyne_laserscan': CMAKE_PREFIX_PATH=/opt/ros/rolling /usr/bin/cmake --build /ros/build/velodyne_laserscan -- -j4 -l4
[7.683s] [ 25%] [32mBuilding CXX object CMakeFiles/velodyne_laserscan.dir/src/velodyne_laserscan.cpp.o[0m
[21.520s] [ 50%] [32m[1mLinking CXX shared library libvelodyne_laserscan.so[0m
[27.000s] [ 50%] Built target velodyne_laserscan
[27.074s] [ 75%] [32mBuilding CXX object CMakeFiles/velodyne_laserscan_node.dir/src/node.cpp.o[0m
[33.424s] [100%] [32m[1mLinking CXX executable velodyne_laserscan_node[0m
[34.317s] [100%] Built target velodyne_laserscan_node
[34.353s] Invoked command in '/ros/build/velodyne_laserscan' returned '0': CMAKE_PREFIX_PATH=/opt/ros/rolling /usr/bin/cmake --build /ros/build/velodyne_laserscan -- -j4 -l4
[34.411s] Invoking command in '/ros/build/velodyne_laserscan': CMAKE_PREFIX_PATH=/opt/ros/rolling /usr/bin/cmake --install /ros/build/velodyne_laserscan
[34.457s] -- Install configuration: ""
[34.462s] -- Installing: /ros/install/velodyne_laserscan/lib/libvelodyne_laserscan.so
[35.667s] -- Set non-toolchain portion of runtime path of "/ros/install/velodyne_laserscan/lib/libvelodyne_laserscan.so" to ""
[35.687s] -- Installing: /ros/install/velodyne_laserscan/lib/velodyne_laserscan/velodyne_laserscan_node
[35.750s] -- Set non-toolchain portion of runtime path of "/ros/install/velodyne_laserscan/lib/velodyne_laserscan/velodyne_laserscan_node" to ""
[35.757s] -- Installing: /ros/install/velodyne_laserscan/include/velodyne_laserscan
[35.770s] -- Installing: /ros/install/velodyne_laserscan/include/velodyne_laserscan/velodyne_laserscan.hpp
[35.807s] -- Installing: /ros/install/velodyne_laserscan/share/velodyne_laserscan/config
[35.830s] -- Installing: /ros/install/velodyne_laserscan/share/velodyne_laserscan/config/default-velodyne_laserscan_node-params.yaml
[35.857s] -- Installing: /ros/install/velodyne_laserscan/share/velodyne_laserscan/launch
[35.874s] -- Installing: /ros/install/velodyne_laserscan/share/velodyne_laserscan/launch/velodyne_laserscan_node-composed-launch.py
[35.898s] -- Installing: /ros/install/velodyne_laserscan/share/velodyne_laserscan/launch/velodyne_laserscan_node-launch.py
[35.955s] -- Installing: /ros/install/velodyne_laserscan/share/ament_index/resource_index/package_run_dependencies/velodyne_laserscan
[35.993s] -- Installing: /ros/install/velodyne_laserscan/share/ament_index/resource_index/parent_prefix_path/velodyne_laserscan
[36.030s] -- Installing: /ros/install/velodyne_laserscan/share/velodyne_laserscan/environment/ament_prefix_path.sh
[36.061s] -- Installing: /ros/install/velodyne_laserscan/share/velodyne_laserscan/environment/ament_prefix_path.dsv
[36.094s] -- Installing: /ros/install/velodyne_laserscan/share/velodyne_laserscan/environment/path.sh
[36.121s] -- Installing: /ros/install/velodyne_laserscan/share/velodyne_laserscan/environment/path.dsv
[36.166s] -- Installing: /ros/install/velodyne_laserscan/share/velodyne_laserscan/local_setup.bash
[36.200s] -- Installing: /ros/install/velodyne_laserscan/share/velodyne_laserscan/local_setup.sh
[36.231s] -- Installing: /ros/install/velodyne_laserscan/share/velodyne_laserscan/local_setup.zsh
[36.263s] -- Installing: /ros/install/velodyne_laserscan/share/velodyne_laserscan/local_setup.dsv
[36.294s] -- Installing: /ros/install/velodyne_laserscan/share/velodyne_laserscan/package.dsv
[36.335s] -- Installing: /ros/install/velodyne_laserscan/share/ament_index/resource_index/packages/velodyne_laserscan
[36.383s] -- Installing: /ros/install/velodyne_laserscan/share/ament_index/resource_index/rclcpp_components/velodyne_laserscan
[36.525s] -- Installing: /ros/install/velodyne_laserscan/share/velodyne_laserscan/cmake/velodyne_laserscanExport.cmake
[36.541s] -- Installing: /ros/install/velodyne_laserscan/share/velodyne_laserscan/cmake/velodyne_laserscanExport-noconfig.cmake
[36.548s] -- Installing: /ros/install/velodyne_laserscan/share/velodyne_laserscan/cmake/ament_cmake_export_include_directories-extras.cmake
[36.553s] -- Installing: /ros/install/velodyne_laserscan/share/velodyne_laserscan/cmake/ament_cmake_export_targets-extras.cmake
[36.582s] -- Installing: /ros/install/velodyne_laserscan/share/velodyne_laserscan/cmake/ament_cmake_export_dependencies-extras.cmake
[36.723s] -- Installing: /ros/install/velodyne_laserscan/share/velodyne_laserscan/cmake/velodyne_laserscanConfig.cmake
[36.742s] -- Installing: /ros/install/velodyne_laserscan/share/velodyne_laserscan/cmake/velodyne_laserscanConfig-version.cmake
[36.745s] -- Installing: /ros/install/velodyne_laserscan/share/velodyne_laserscan/package.xml
