-- Found ament_cmake: 2.7.0 (/opt/ros/rolling/share/ament_cmake/cmake)
-- Found angles: 1.16.0 (/opt/ros/rolling/share/angles/cmake)
-- Found diagnostic_updater: 4.3.1 (/opt/ros/rolling/share/diagnostic_updater/cmake)
-- Found rosidl_generator_c: 4.8.1 (/opt/ros/rolling/share/rosidl_generator_c/cmake)
-- Found rosidl_generator_cpp: 4.8.1 (/opt/ros/rolling/share/rosidl_generator_cpp/cmake)
-- Using all available rosidl_typesupport_c: rosidl_typesupport_fastrtps_c;rosidl_typesupport_introspection_c
-- Using all available rosidl_typesupport_cpp: rosidl_typesupport_fastrtps_cpp;rosidl_typesupport_introspection_cpp
-- Found rmw_implementation_cmake: 7.4.3 (/opt/ros/rolling/share/rmw_implementation_cmake/cmake)
-- Found rmw_fastrtps_cpp: 9.0.1 (/opt/ros/rolling/share/rmw_fastrtps_cpp/cmake)
-- Found OpenSSL: /usr/lib/aarch64-linux-gnu/libcrypto.so (found version "3.0.13")  
-- Found FastRTPS: /opt/ros/rolling/include (Required is at least version "2.13") 
-- Using RMW implementation 'rmw_fastrtps_cpp' as default
-- Found geometry_msgs: 5.4.1 (/opt/ros/rolling/share/geometry_msgs/cmake)
-- Found message_filters: 6.0.4 (/opt/ros/rolling/share/message_filters/cmake)
[31mCMake Error at CMakeLists.txt:19 (find_package):
  By not providing "FindPCL.cmake" in CMAKE_MODULE_PATH this project has
  asked CMake to find a package configuration file provided by "PCL", but
  CMake did not find one.

  Could not find a package configuration file provided by "PCL" with any of
  the following names:

    PCLConfig.cmake
    pcl-config.cmake

  Add the installation prefix of "PCL" to CMAKE_PREFIX_PATH or set "PCL_DIR"
  to a directory containing one of the above files.  If "PCL" provides a
  separate development package or SDK, be sure it has been installed.

[0m
-- Configuring incomplete, errors occurred!
