[0.098s] Invoking command in '/ros/build/velodyne_pointcloud': AMENT_PREFIX_PATH=/ros/install/velodyne_msgs:${AMENT_PREFIX_PATH} CMAKE_PREFIX_PATH=/ros/install/velodyne_msgs:/opt/ros/rolling LD_LIBRARY_PATH=/ros/install/velodyne_msgs/lib:${LD_LIBRARY_PATH} PYTHONPATH=/ros/install/velodyne_msgs/lib/python3.12/site-packages:${PYTHONPATH} /usr/bin/cmake /ros/velodyne/velodyne_pointcloud -DCMAKE_INSTALL_PREFIX=/ros/install/velodyne_pointcloud
[0.178s] -- Found ament_cmake: 2.7.0 (/opt/ros/rolling/share/ament_cmake/cmake)
[0.497s] -- Found angles: 1.16.0 (/opt/ros/rolling/share/angles/cmake)
[0.531s] -- Found diagnostic_updater: 4.3.1 (/opt/ros/rolling/share/diagnostic_updater/cmake)
[0.858s] -- Found rosidl_generator_c: 4.8.1 (/opt/ros/rolling/share/rosidl_generator_c/cmake)
[0.959s] -- Found rosidl_generator_cpp: 4.8.1 (/opt/ros/rolling/share/rosidl_generator_cpp/cmake)
[1.071s] -- Using all available rosidl_typesupport_c: rosidl_typesupport_fastrtps_c;rosidl_typesupport_introspection_c
[1.190s] -- Using all available rosidl_typesupport_cpp: rosidl_typesupport_fastrtps_cpp;rosidl_typesupport_introspection_cpp
[1.644s] -- Found rmw_implementation_cmake: 7.4.3 (/opt/ros/rolling/share/rmw_implementation_cmake/cmake)
[1.676s] -- Found rmw_fastrtps_cpp: 9.0.1 (/opt/ros/rolling/share/rmw_fastrtps_cpp/cmake)
[2.018s] -- Found OpenSSL: /usr/lib/aarch64-linux-gnu/libcrypto.so (found version "3.0.13")  
[2.074s] -- Found FastRTPS: /opt/ros/rolling/include (Required is at least version "2.13") 
[2.144s] -- Using RMW implementation 'rmw_fastrtps_cpp' as default
[2.418s] -- Found geometry_msgs: 5.4.1 (/opt/ros/rolling/share/geometry_msgs/cmake)
[2.467s] -- Found message_filters: 6.0.4 (/opt/ros/rolling/share/message_filters/cmake)
[2.510s] [31mCMake Error at CMakeLists.txt:19 (find_package):
[2.516s]   By not providing "FindPCL.cmake" in CMAKE_MODULE_PATH this project has
[2.521s]   asked CMake to find a package configuration file provided by "PCL", but
[2.526s]   CMake did not find one.
[2.530s] 
[2.534s]   Could not find a package configuration file provided by "PCL" with any of
[2.538s]   the following names:
[2.542s] 
[2.546s]     PCLConfig.cmake
[2.551s]     pcl-config.cmake
[2.554s] 
[2.559s]   Add the installation prefix of "PCL" to CMAKE_PREFIX_PATH or set "PCL_DIR"
[2.562s]   to a directory containing one of the above files.  If "PCL" provides a
[2.566s]   separate development package or SDK, be sure it has been installed.
[2.572s] 
[2.576s] [0m
[2.580s] -- Configuring incomplete, errors occurred!
[2.583s] Invoked command in '/ros/build/velodyne_pointcloud' returned '1': AMENT_PREFIX_PATH=/ros/install/velodyne_msgs:${AMENT_PREFIX_PATH} CMAKE_PREFIX_PATH=/ros/install/velodyne_msgs:/opt/ros/rolling LD_LIBRARY_PATH=/ros/install/velodyne_msgs/lib:${LD_LIBRARY_PATH} PYTHONPATH=/ros/install/velodyne_msgs/lib/python3.12/site-packages:${PYTHONPATH} /usr/bin/cmake /ros/velodyne/velodyne_pointcloud -DCMAKE_INSTALL_PREFIX=/ros/install/velodyne_pointcloud
