[0.077s] Invoking command in '/ros/build/velodyne_driver': AMENT_PREFIX_PATH=/ros/install/velodyne_msgs:${AMENT_PREFIX_PATH} CMAKE_PREFIX_PATH=/ros/install/velodyne_msgs:/opt/ros/rolling LD_LIBRARY_PATH=/ros/install/velodyne_msgs/lib:${LD_LIBRARY_PATH} PYTHONPATH=/ros/install/velodyne_msgs/lib/python3.12/site-packages:${PYTHONPATH} /usr/bin/cmake /ros/velodyne/velodyne_driver -DCMAKE_INSTALL_PREFIX=/ros/install/velodyne_driver
[0.181s] -- Found ament_cmake_ros: 0.13.0 (/opt/ros/rolling/share/ament_cmake_ros/cmake)
[0.551s] -- Found diagnostic_updater: 4.3.1 (/opt/ros/rolling/share/diagnostic_updater/cmake)
[0.890s] -- Found rosidl_generator_c: 4.8.1 (/opt/ros/rolling/share/rosidl_generator_c/cmake)
[0.988s] -- Found rosidl_generator_cpp: 4.8.1 (/opt/ros/rolling/share/rosidl_generator_cpp/cmake)
[1.089s] -- Using all available rosidl_typesupport_c: rosidl_typesupport_fastrtps_c;rosidl_typesupport_introspection_c
[1.203s] -- Using all available rosidl_typesupport_cpp: rosidl_typesupport_fastrtps_cpp;rosidl_typesupport_introspection_cpp
[1.663s] -- Found rmw_implementation_cmake: 7.4.3 (/opt/ros/rolling/share/rmw_implementation_cmake/cmake)
[1.717s] -- Found rmw_fastrtps_cpp: 9.0.1 (/opt/ros/rolling/share/rmw_fastrtps_cpp/cmake)
[2.036s] -- Found OpenSSL: /usr/lib/aarch64-linux-gnu/libcrypto.so (found version "3.0.13")  
[2.090s] -- Found FastRTPS: /opt/ros/rolling/include (Required is at least version "2.13") 
[2.157s] -- Using RMW implementation 'rmw_fastrtps_cpp' as default
[2.405s] -- Found rclcpp_components: 28.3.3 (/opt/ros/rolling/share/rclcpp_components/cmake)
[2.597s] -- Found tf2_ros: 0.38.2 (/opt/ros/rolling/share/tf2_ros/cmake)
[2.910s] -- Found velodyne_msgs: 2.5.1 (/ros/install/velodyne_msgs/share/velodyne_msgs/cmake)
[3.003s] -- Found ament_lint_auto: 0.18.1 (/opt/ros/rolling/share/ament_lint_auto/cmake)
[3.352s] -- Found gtest sources under '/opt/ros/rolling/src/gtest_vendor': C++ tests using 'Google Test' will be built
[3.372s] -- Performing Test CMAKE_HAVE_LIBC_PTHREAD
[4.219s] -- Performing Test CMAKE_HAVE_LIBC_PTHREAD - Success
[4.224s] -- Found Threads: TRUE  
[4.357s] -- Added test 'copyright' to check source files copyright and LICENSE
[4.400s] -- Added test 'cppcheck' to perform static code analysis on C / C++ code
[4.405s] -- Configured cppcheck include dirs: $<BUILD_INTERFACE:/ros/velodyne/velodyne_driver/include>
[4.410s] -- Configured cppcheck exclude dirs and/or files: 
[4.423s] -- Added test 'cpplint' to check C / C++ code against the Google style
[4.427s] -- Configured cpplint exclude dirs and/or files: 
[4.438s] -- Added test 'flake8' to check Python code syntax and style conventions
[4.442s] -- Configured 'flake8' exclude dirs and/or files: 
[4.455s] -- Added test 'lint_cmake' to check CMake code style
[4.470s] -- Added test 'pep257' to check Python code against some of the docstring style conventions in PEP 257
[4.492s] -- Added test 'uncrustify' to check C / C++ code style
[4.496s] -- Configured uncrustify additional arguments: 
[4.510s] -- Added test 'xmllint' to check XML markup files
[4.758s] -- Configuring done (4.6s)
[6.354s] -- Generating done (1.6s)
[6.502s] -- Build files have been written to: /ros/build/velodyne_driver
