[0.095s] Invoking command in '/ros/build/velodyne_driver': AMENT_PREFIX_PATH=/ros/install/velodyne_msgs:${AMENT_PREFIX_PATH} CMAKE_PREFIX_PATH=/ros/install/velodyne_msgs:/opt/ros/rolling LD_LIBRARY_PATH=/ros/install/velodyne_msgs/lib:${LD_LIBRARY_PATH} PYTHONPATH=/ros/install/velodyne_msgs/lib/python3.12/site-packages:${PYTHONPATH} /usr/bin/cmake /ros/velodyne/velodyne_driver -DCMAKE_INSTALL_PREFIX=/ros/install/velodyne_driver
[0.606s] -- The C compiler identification is GNU 13.2.0
[0.998s] -- The CXX compiler identification is GNU 13.2.0
[1.079s] -- Detecting C compiler ABI info
[2.186s] -- Detecting C compiler ABI info - done
[2.339s] -- Check for working C compiler: /usr/bin/cc - skipped
[2.345s] -- Detecting C compile features
[2.348s] -- Detecting C compile features - done
[2.391s] -- Detecting CXX compiler ABI info
[3.784s] -- Detecting CXX compiler ABI info - done
[4.025s] -- Check for working CXX compiler: /usr/bin/c++ - skipped
[4.036s] -- Detecting CXX compile features
[4.043s] -- Detecting CXX compile features - done
[4.115s] -- Found ament_cmake_ros: 0.13.0 (/opt/ros/rolling/share/ament_cmake_ros/cmake)
[5.570s] -- Found Python3: /usr/bin/python3 (found version "3.12.3") found components: Interpreter 
[6.266s] [31mCMake Error at CMakeLists.txt:14 (find_package):
[6.277s]   By not providing "Finddiagnostic_updater.cmake" in CMAKE_MODULE_PATH this
[6.287s]   project has asked CMake to find a package configuration file provided by
[6.297s]   "diagnostic_updater", but CMake did not find one.
[6.309s] 
[6.319s]   Could not find a package configuration file provided by
[6.326s]   "diagnostic_updater" with any of the following names:
[6.332s] 
[6.346s]     diagnostic_updaterConfig.cmake
[6.356s]     diagnostic_updater-config.cmake
[6.362s] 
[6.366s]   Add the installation prefix of "diagnostic_updater" to CMAKE_PREFIX_PATH or
[6.370s]   set "diagnostic_updater_DIR" to a directory containing one of the above
[6.376s]   files.  If "diagnostic_updater" provides a separate development package or
[6.380s]   SDK, be sure it has been installed.
[6.384s] 
[6.389s] [0m
[6.395s] -- Configuring incomplete, errors occurred!
